*** Statistics for net list ALU ***
Number of cells      = 623
Number of nets       = 702
Number of tri-nets   = 0
Number of degen nets = 0
Number of pins       = 2424
Number of i/os       = 41

Number of nets with    2 terms = 402 (57.3%)
Number of nets with    3 terms = 152 (21.7%)
Number of nets with    4 terms = 60 (8.5%)
Number of nets with    5 terms = 19 (2.7%)
Number of nets with    6 terms = 13 (1.9%)
Number of nets with    7 terms = 14 (2.0%)
Number of nets with    8 terms = 7 (1.0%)
Number of nets with    9 terms = 7 (1.0%)
Number of nets with >=10 terms = 28 (4.0%)

*** 49 Primitives used:
Primitive MXI2XL (10 insts)
Primitive NAND4XL (2 insts)
Primitive AOI221XL (1 insts)
Primitive OAI2BB1XL (10 insts)
Primitive AO22XL (1 insts)
Primitive AOI32X1 (2 insts)
Primitive AOI21XL (2 insts)
Primitive NOR3XL (1 insts)
Primitive AOI22X1 (10 insts)
Primitive NOR2XL (66 insts)
Primitive INVX1 (19 insts)
Primitive NAND3XL (1 insts)
Primitive NOR4X1 (1 insts)
Primitive NOR4BX1 (2 insts)
Primitive NOR3X1 (2 insts)
Primitive AO21X1 (4 insts)
Primitive NAND3BX1 (3 insts)
Primitive AOI31X1 (1 insts)
Primitive ADDFXL (36 insts)
Primitive AOI221X1 (11 insts)
Primitive INVXL (13 insts)
Primitive AOI21X1 (40 insts)
Primitive OAI32X1 (2 insts)
Primitive OAI22X1 (13 insts)
Primitive NOR2BX1 (7 insts)
Primitive NAND2XL (86 insts)
Primitive NAND3X1 (4 insts)
Primitive SDFFHQX8 (16 insts)
Primitive ADDFX1 (19 insts)
Primitive SDFFQXL (4 insts)
Primitive OAI211XL (6 insts)
Primitive NAND2BX1 (15 insts)
Primitive AOI211X1 (12 insts)
Primitive CLKINVX1 (31 insts)
Primitive OAI221X1 (16 insts)
Primitive OAI21X1 (32 insts)
Primitive AOI222XL (10 insts)
Primitive XOR2XL (1 insts)
Primitive MX2X1 (1 insts)
Primitive XNOR2X1 (2 insts)
Primitive SDFFQX1 (16 insts)
Primitive OAI211X1 (7 insts)
Primitive AND2X1 (54 insts)
Primitive AOI2BB1X1 (5 insts)
Primitive OR2X1 (6 insts)
Primitive OAI222XL (6 insts)
Primitive CLKXOR2X1 (4 insts)
Primitive AOI2BB1XL (1 insts)
Primitive OAI2BB1X1 (9 insts)
************
*** Net length and connection length statistics (cell ALU) ***

Total net length = 1.254e+04 (6.468e+03 6.072e+03)

Avg net length = 1.786e+01 (sigma = 2.482e+01)
Sqrt of avg square net length = 3.058e+01

Avg connection length = 7.282e+00 (sigma = 5.307e+00)
Sqrt of avg square connection length = 9.011e+00

Net and connection length distribution:

[length   range   ]      #net #connection
[0.00e+00 5.80e+00]:      159      316
[5.80e+00 1.16e+01]:      244      256
[1.16e+01 1.74e+01]:      124       77
[1.74e+01 2.32e+01]:       52       29
[2.32e+01 2.90e+01]:       23        8
[2.90e+01 3.48e+01]:       19        4
[3.48e+01 4.06e+01]:       21        6
[4.06e+01 4.64e+01]:       16        2
[4.64e+01 5.22e+01]:        8        2
[5.22e+01 5.80e+01]:        4        1
[5.80e+01 6.38e+01]:        2        1
[6.38e+01 6.96e+01]:        1        0
[6.96e+01 7.54e+01]:        1        0
[8.12e+01 8.70e+01]:        1        0
[8.70e+01 9.28e+01]:        2        0
[9.28e+01 9.86e+01]:        2        0
[1.04e+02 1.10e+02]:        5        0
[1.10e+02 1.16e+02]:        1        0
[1.16e+02 1.22e+02]:        3        0
[1.22e+02 1.28e+02]:        1        0
[1.28e+02 1.33e+02]:        2        0
[1.33e+02 1.39e+02]:        6        0
[1.39e+02 1.45e+02]:        3        0
[1.86e+02 1.91e+02]:        2        0


Total number of long connections = 0
Io: nrCon=0


Total length: 1.522e+04um, number of vias: 6138
M1(H) length: 0.000e+00um, number of vias: 2424
M2(V) length: 7.218e+03um, number of vias: 3639
M3(H) length: 7.575e+03um, number of vias: 69
M4(V) length: 3.544e+02um, number of vias: 6
M5(H) length: 7.424e+01um, number of vias: 0
M6(V) length: 0.000e+00um, number of vias: 0
M7(H) length: 0.000e+00um, number of vias: 0
M8(V) length: 0.000e+00um, number of vias: 0
M9(H) length: 0.000e+00um

