*----------------------------------------------------------------------------------------
*	Innovus 20.10-p004_1 (64bit) 05/07/2020 20:02 (Linux 2.6.32-431.11.2.el6.x86_64)
*	
*
* 	Date & Time:	2026-Jun-30 00:36:04 (2026-Jun-29 19:06:04 GMT)
*
*----------------------------------------------------------------------------------------
*
*	Design: ALU
*
*	Liberty Libraries used: 
*	        view1: /home/arpit23132/Desktop/RTL_to_GDS_ALU/pd_snapshots/alu_floorplan_05.enc.dat/libs/mmmc/slow.lib
*
*	Power Domain used: 
*              Rail:        VDD      Voltage:        0.9 
*
*       Power View : view1
*
*       User-Defined Activity : N.A.
*
*       Activity File: N.A.
*
*       Hierarchical Global Activity: N.A.
*
*       Global Activity: N.A.
*
*       Sequential Element Activity: N.A.
*
*       Primary Input Activity: 0.200000
*
*       Default icg ratio: N.A.
*
*       Global Comb ClockGate Ratio: N.A.
*
*	Power Units = 1mW
*
*	Time Units = 1e-09 secs 
*
*       Temperature = 125 
*
*       report_power -outfile pd_reports/placement_reports/power_post_placement.rpt -rail_analysis_format VS
*
-----------------------------------------------------------------------------------------
Cell                            Internal   Switching       Total     Leakage   Cell
                                   Power       Power       Power       Power   Name
--------------------------------------------------------------------------------------
out1_reg[3]                      0.01079       0.051     0.06213   0.0003386  SDFFHQX8
out1_reg[5]                      0.01089     0.05087      0.0621   0.0003386  SDFFHQX8
out1_reg[2]                       0.0107     0.04978     0.06082   0.0003386  SDFFHQX8
out1_reg[4]                      0.01064     0.04951     0.06049   0.0003386  SDFFHQX8
out1_reg[7]                      0.01049     0.04916     0.05999   0.0003386  SDFFHQX8
out1_reg[1]                      0.01019     0.04791     0.05844   0.0003386  SDFFHQX8
out1_reg[6]                      0.01038     0.04764     0.05836   0.0003386  SDFFHQX8
out1_reg[0]                     0.008644     0.03948     0.04846   0.0003386  SDFFHQX8
out2_reg[2]                     0.006004     0.02003     0.02638   0.0003386  SDFFHQX8
out2_reg[3]                     0.005988     0.01996     0.02629   0.0003386  SDFFHQX8
out2_reg[1]                     0.005984     0.01989     0.02621   0.0003386  SDFFHQX8
out2_reg[4]                     0.005885     0.01965     0.02587   0.0003386  SDFFHQX8
out2_reg[0]                     0.005822     0.01918     0.02534   0.0003386  SDFFHQX8
out2_reg[5]                     0.005698     0.01856      0.0246   0.0003386  SDFFHQX8
out2_reg[6]                     0.005383       0.017     0.02272   0.0003386  SDFFHQX8
out2_reg[7]                     0.004786      0.0137     0.01883   0.0003386  SDFFHQX8
Y_reg[3]                        0.002864     0.00206     0.00506   0.0001363  SDFFQX1
Y_reg[4]                        0.002874    0.001845    0.004855   0.0001363  SDFFQX1
Y_reg[1]                        0.002851    0.001864    0.004851   0.0001363  SDFFQX1
Y_reg[2]                        0.002868    0.001748    0.004752   0.0001363  SDFFQX1
Y_reg[7]                        0.002859    0.001634    0.004629   0.0001363  SDFFQX1
Y_reg[6]                        0.002857    0.001584    0.004577   0.0001363  SDFFQX1
X_reg[7]                         0.00284    0.001568    0.004544   0.0001363  SDFFQX1
Y_reg[5]                        0.002867    0.001525    0.004529   0.0001363  SDFFQX1
X_reg[2]                        0.002848    0.001475     0.00446   0.0001363  SDFFQX1
Y_reg[0]                        0.002849    0.001459    0.004444   0.0001363  SDFFQX1
X_reg[4]                        0.002853    0.001371    0.004361   0.0001363  SDFFQX1
X_reg[5]                        0.002849     0.00137    0.004356   0.0001363  SDFFQX1
X_reg[0]                        0.002854    0.001361    0.004351   0.0001363  SDFFQX1
X_reg[1]                        0.002854     0.00131    0.004301   0.0001363  SDFFQX1
X_reg[3]                        0.002849    0.001309    0.004294   0.0001363  SDFFQX1
X_reg[6]                        0.002833    0.001294    0.004263   0.0001363  SDFFQX1
sel_ff_reg[2]                   0.003599    0.000507    0.004236   0.0001296  SDFFQXL
sel_ff_reg[3]                   0.003085   0.0006465    0.003861   0.0001296  SDFFQXL
rem_96_35_Y_div_84_31_g3696__9945  0.0008131    0.002571    0.003402   1.789e-05  AOI31X1
sel_ff_reg[0]                    0.00276   0.0003942    0.003284   0.0001296  SDFFQXL
sel_ff_reg[1]                    0.00273   0.0003858    0.003246   0.0001296  SDFFQXL
mul_78_39_cdnfadd_9__2346       0.002053   0.0007534    0.002891   8.448e-05  ADDFX1
mul_78_39_cdnfadd_10__2398      0.002095     0.00064    0.002819   8.448e-05  ADDFX1
rem_96_35_Y_div_84_31_g3701__1666  0.0008749    0.001902    0.002795   1.791e-05  OAI22X1
mul_78_39_cdnfadd_7__5122       0.001588    0.001047    0.002719   8.448e-05  ADDFX1
mul_78_39_cdnfadd_11__8428      0.001932   0.0006526    0.002669   8.448e-05  ADDFX1
mul_78_39_cdnfadd_8__7482       0.001845   0.0006691    0.002599   8.448e-05  ADDFX1
g7676__6260                     0.001529   0.0007539    0.002367   8.448e-05  ADDFX1
g7661__4733                     0.001516   0.0007435    0.002344   8.448e-05  ADDFX1
g7671__6417                     0.001528   0.0007271     0.00234   8.448e-05  ADDFX1
g7667__2346                     0.001495   0.0007466    0.002326   8.448e-05  ADDFX1
g7684__2802                      0.00146   0.0007066    0.002251   8.448e-05  ADDFX1
g7690__6131                     0.001316   0.0008229    0.002224   8.448e-05  ADDFX1
mul_78_39_cdnfadd_6__5526       0.001347   0.0006971    0.002129   8.448e-05  ADDFX1
mul_78_39_cdnfadd_12__3680      0.001556   0.0004789     0.00212   8.448e-05  ADDFX1
rem_96_35_Y_div_84_31_g3738__6260  0.0007104    0.001299    0.002081   7.254e-05  CLKXOR2X1
g7694__4733                     0.001101    0.000789    0.001974   8.448e-05  ADDFX1
rem_96_35_Y_div_84_31_g3713__6783   0.001117   0.0007964    0.001931   1.815e-05  AOI21X1
mul_78_39_cdnfadd_5__2398       0.001189   0.0005925    0.001866   8.448e-05  ADDFX1
rem_96_35_Y_div_84_31_g3681__3680    0.00157    0.000257    0.001846    1.95e-05  AOI221X1
rem_96_35_Y_div_84_31_g3715__1617   0.001254   0.0004794    0.001764   3.144e-05  AOI2BB1X1
rem_96_35_Y_div_84_31_g3719__8246   0.001487   0.0002303    0.001737   1.995e-05  AOI211X1
rem_96_35_Y_div_84_31_g3678__8428    0.00113   0.0005512      0.0017   1.815e-05  AOI21X1
rem_96_35_Y_div_84_31_g3744__5526  0.0006366   0.0009811     0.00169   7.254e-05  CLKXOR2X1
rem_96_35_Y_div_84_31_g3679__5526   0.001134    0.000519    0.001671   1.815e-05  AOI21X1
g45                             0.001236   0.0003322    0.001636   6.826e-05  XOR2XL
mul_78_39_cdnfadd_13__2802      0.001187   0.0003576    0.001629   8.448e-05  ADDFX1
mul_78_39_cdnfadd_008_4__5115  0.0008694   0.0006926    0.001629   6.704e-05  ADDFXL
rem_96_35_Y_div_84_31_g3680__6783   0.001097   0.0005081    0.001624   1.815e-05  AOI21X1
rem_96_35_Y_div_84_31_g3712__5526  0.0008749   0.0007175    0.001611   1.851e-05  AOI32X1
rem_96_35_Y_div_84_31_g3668__2883  0.0007518   0.0007664    0.001545   2.704e-05  MXI2XL
rem_96_35_Y_div_84_31_g3890__1617   0.000482    0.000966    0.001519   7.055e-05  XNOR2X1
mul_78_39_cdnfadd_007_4__1705  0.0007843   0.0006559    0.001507   6.704e-05  ADDFXL
rem_96_35_Y_div_84_31_g3653__3680  0.0009559   0.0005347    0.001504   1.299e-05  OAI21X1
rem_96_35_Y_div_84_31_g3677__4319   0.001026   0.0004341    0.001478   1.815e-05  AOI21X1
rem_96_35_Y_div_84_31_g3699__2346  0.0001856    0.001283    0.001478   9.289e-06  NAND2XL
rem_96_35_Y_div_84_31_g3742__8428  0.0005385   0.0009107    0.001467   1.815e-05  AOI21X1
mul_78_39_cdnfadd_009_4__2883  0.0008121   0.0005805     0.00146   6.704e-05  ADDFXL
rem_96_35_Y_div_84_31_g3722__1881   0.000728   0.0007089    0.001455   1.815e-05  AOI21X1
mul_78_39_cdnfadd_4__1666      0.0009666   0.0003925    0.001444   8.448e-05  ADDFX1
rem_96_35_Y_div_84_31_g3654__1617  0.0009485    0.000445    0.001406   1.299e-05  OAI21X1
rem_96_35_Y_div_84_31_g3695    0.0007543   0.0006195    0.001387   1.301e-05  INVX1
rem_96_35_Y_div_84_31_g3671__7410  0.0007234   0.0006289    0.001379   2.704e-05  MXI2XL
rem_96_35_Y_div_84_31_g3655__2802  0.0009751   0.0003869    0.001375   1.299e-05  OAI21X1
mul_78_39_cdnfadd_005_2__5477  0.0007422   0.0005645    0.001374   6.704e-05  ADDFXL
rem_96_35_Y_div_84_31_g3711__8428  0.0008485   0.0004942    0.001361   1.833e-05  AOI22X1
g40                            0.0008302   0.0004869     0.00134   2.258e-05  NOR4BX1
mul_78_39_cdnfadd_006_3__8428  0.0007272   0.0005376    0.001332   6.704e-05  ADDFXL
rem_96_35_Y_div_84_31_g3687__7098  0.0008644   0.0004305    0.001308     1.3e-05  AOI222XL
rem_96_35_Y_div_84_31_g3669__2346  0.0007369   0.0005402    0.001304   2.704e-05  MXI2XL
rem_96_35_Y_div_84_31_g3693__6161  0.0009703   0.0002775    0.001261   1.314e-05  OAI221X1
rem_96_35_Y_div_84_31_g3691__7482  0.0009698   0.0002764    0.001259   1.314e-05  OAI221X1
mul_78_39_cdnfadd_011_2__4319  0.0006623   0.0005297    0.001259   6.704e-05  ADDFXL
rem_96_35_Y_div_84_31_g3694__9315  0.0009501   0.0002956    0.001259   1.314e-05  OAI221X1
rem_96_35_Y_div_84_31_g3666__9315  0.0008529   0.0003877    0.001259   1.815e-05  AOI21X1
rem_96_35_Y_div_84_31_g3686__8246  0.0008384   0.0004018    0.001253     1.3e-05  AOI222XL
rem_96_35_Y_div_84_31_g3707__5107  0.0007217   0.0005174    0.001251   1.224e-05  OAI222XL
rem_96_35_Y_div_84_31_g3657__5122  0.0009812   0.0002566    0.001251   1.299e-05  OAI21X1
rem_96_35_Y_div_84_31_g3684__1705  0.0008292   0.0003946    0.001237     1.3e-05  AOI222XL
rem_96_35_Y_div_84_31_g3863__6131   0.000568   0.0006473    0.001233   1.815e-05  AOI21X1
rem_96_35_Y_div_84_31_g3706__2398    0.00102   0.0001809    0.001221   2.034e-05  NOR3X1
rem_96_35_Y_div_84_31_g3851__5526  0.0004682    0.000723    0.001204   1.299e-05  OAI21X1
g7801__6417                    0.0002154   0.0009752    0.001203   1.236e-05  NOR2XL
mul_78_39_cdnfadd_3__9945       0.000807    0.000307    0.001198   8.448e-05  ADDFX1
rem_96_35_Y_div_84_31_g3690__5115  0.0009332   0.0002451    0.001191   1.314e-05  OAI221X1
rem_96_35_Y_div_84_31_g3708__6260  0.0007961   0.0003715    0.001186   1.815e-05  AOI21X1
g7666__2883                    0.0007508   0.0004154    0.001186    1.95e-05  AOI221X1
rem_96_35_Y_div_84_31_g3709__4319  0.0009673   0.0002052    0.001185   1.224e-05  OAI222XL
rem_96_35_Y_div_84_31_g3939    0.0001487       0.001    0.001162   1.301e-05  CLKINVX1
rem_96_35_Y_div_84_31_g3683__2802   0.000834   0.0003116    0.001159     1.3e-05  AOI222XL
rem_96_35_Y_div_84_31_g3718__5122  0.0007273   0.0004109    0.001156   1.815e-05  AOI21X1
rem_96_35_Y_div_84_31_g3811__5526  0.0004183   0.0007175    0.001154   1.815e-05  AOI21X1
rem_96_35_Y_div_84_31_g3698    0.0004021   0.0007368    0.001152   1.301e-05  CLKINVX1
mul_78_39_cdnfadd_008_3__1881  0.0006802    0.000404    0.001151   6.704e-05  ADDFXL
rem_96_35_Y_div_84_31_g3942    0.0001583   0.0009752    0.001147   1.301e-05  CLKINVX1
mul_78_39_cdnfadd_006_2__4319  0.0006075   0.0004619    0.001136   6.704e-05  ADDFXL
rem_96_35_Y_div_84_31_g3685__5122  0.0008355    0.000282    0.001131     1.3e-05  AOI222XL
rem_96_35_Y_div_84_31_g3883__4319  0.0003871   0.0006805    0.001122   5.418e-05  MX2X1
mul_78_39_cdnfadd_010_3__5477  0.0005967   0.0004523    0.001116   6.704e-05  ADDFXL
g7660__7482                    0.0007627     0.00033    0.001112    1.95e-05  AOI221X1
g7678__8428                    0.0007401   0.0003523    0.001112    1.95e-05  AOI221X1
rem_96_35_Y_div_84_31_g3670__1666  0.0007134   0.0003676    0.001108   2.704e-05  MXI2XL
rem_96_35_Y_div_84_31_g3749__1705   0.000724   0.0003426    0.001098   3.144e-05  AOI2BB1X1
mul_78_39_cdnfadd_003_0__9315  0.0005865   0.0004415    0.001095   6.704e-05  ADDFXL
mul_78_39_cdnfadd_010_2__6417  0.0006042   0.0004228    0.001094   6.704e-05  ADDFXL
rem_96_35_Y_div_84_31_g3705__5477   0.000102   0.0009795    0.001091   9.289e-06  NAND2XL
mul_78_39_cdnfadd_004_1__2346  0.0005751   0.0004445    0.001087   6.704e-05  ADDFXL
rem_96_35_Y_div_84_31_g3682__1617  0.0006615   0.0004096    0.001083   1.224e-05  OAI222XL
rem_96_35_Y_div_84_31_g3665__6161  0.0006563   0.0004072    0.001076   1.299e-05  OAI21X1
rem_96_35_Y_div_84_31_g3714__3680  0.0007474   0.0003055    0.001071   1.815e-05  AOI21X1
rem_96_35_Y_div_84_31_g3794__6161  0.0008204   0.0002249    0.001063   1.791e-05  OAI22X1
g43                              0.00039   0.0005975    0.001058   7.055e-05  XNOR2X1
mul_78_39_cdnfadd_007_3__2802  0.0005945   0.0003957    0.001057   6.704e-05  ADDFXL
mul_78_39_cdnfadd_2__6161      0.0007075   0.0002549    0.001047   8.448e-05  ADDFX1
rem_96_35_Y_div_84_31_g3697__2883  0.0007597   0.0002643    0.001037   1.299e-05  OAI21X1
rem_96_35_Y_div_84_31_g3876__7410  0.0004692    0.000545    0.001032   1.815e-05  AOI21X1
g7792                          0.0002405   0.0007785    0.001032   1.301e-05  CLKINVX1
mul_78_39_cdnfadd_008_1__7098  0.0005562   0.0004057    0.001029   6.704e-05  ADDFXL
g38                            0.0007877   0.0002244    0.001027   1.511e-05  NAND3X1
rem_96_35_Y_div_84_31_g3941    0.0001645    0.000848    0.001025   1.301e-05  CLKINVX1
rem_96_35_Y_div_84_31_g3716__2802  0.0005262   0.0004847    0.001024   1.299e-05  OAI21X1
g7683__1617                    0.0007408   0.0002623    0.001023    1.95e-05  AOI221X1
rem_96_35_Y_div_84_31_g3740__4319   0.000302   0.0006952     0.00101   1.299e-05  OAI21X1
g7692__5115                    0.0008241   0.0001614    0.001005    1.95e-05  AOI221X1
rem_96_35_Y_div_84_31_g3688__6131  0.0003796   0.0006111       0.001   9.289e-06  NAND2XL
g7673__2398                    0.0007338   0.0002437    0.000997    1.95e-05  AOI221X1
rem_96_35_Y_div_84_31_g3912__2398  0.0002433   0.0007363   0.0009925   1.299e-05  OAI21X1
rem_96_35_Y_div_84_31_g3721__6131  0.0005785   0.0003953   0.0009922   1.833e-05  AOI22X1
mul_78_39_cdnfadd_012_1__6783  0.0005077   0.0004143    0.000989   6.704e-05  ADDFXL
g7669__7410                    0.0007748   0.0001695   0.0009642   1.995e-05  AOI211X1
g7689__7098                    0.0007689   0.0001615   0.0009499    1.95e-05  AOI221X1
mul_78_39_cdnfadd_009_2__9315   0.000457   0.0004184   0.0009425   6.704e-05  ADDFXL
g7674__5107                    0.0007647   0.0001572   0.0009419   1.995e-05  AOI211X1
mul_78_39_cdnfadd_009_3__9945   0.000522   0.0003527   0.0009417   6.704e-05  ADDFXL
mul_78_39_cdnfadd_011_1__6260  0.0005123   0.0003607   0.0009401   6.704e-05  ADDFXL
rem_96_35_Y_div_84_31_g3940    0.0001767    0.000745   0.0009347   1.301e-05  CLKINVX1
mul_78_39_cdnfadd_005_0__7410  0.0004723   0.0003892   0.0009286   6.704e-05  ADDFXL
g39                            0.0001457   0.0007648   0.0009198   9.289e-06  NAND2XL
g7645__4319                    0.0006491   0.0002449   0.0009135    1.95e-05  AOI221X1
rem_96_35_Y_div_84_31_g3700    0.0006725   0.0002272   0.0009127   1.301e-05  CLKINVX1
rem_96_35_Y_div_84_31_g3702__7410  0.0004695   0.0004119   0.0009086   2.717e-05  AND2X1
g7672__5477                    0.0003904   0.0004969   0.0009014    1.41e-05  OAI211X1
g7693__7482                    0.0007202   0.0001571   0.0008973   1.995e-05  AOI211X1
rem_96_35_Y_div_84_31_g3703__6417  0.0006305    0.000253   0.0008959   1.236e-05  NOR2XL
mul_78_39_cdnfadd_007_0__6783  0.0004699   0.0003507   0.0008876   6.704e-05  ADDFXL
mul_78_39_cdnfadd_005_1__6417  0.0004848   0.0003349   0.0008867   6.704e-05  ADDFXL
g7665__9945                    0.0007689   9.472e-05   0.0008836   1.995e-05  AOI211X1
rem_96_35_Y_div_84_31_g3816__2802  0.0005257   0.0003294    0.000873   1.791e-05  OAI22X1
mul_78_39_cdnfadd_007_2__1617  0.0004385   0.0003668   0.0008724   6.704e-05  ADDFXL
g7688__8246                     0.000723    0.000127     0.00087   1.995e-05  AOI211X1
mul_78_39_cdnfadd_008_0__8246  0.0004277   0.0003717   0.0008665   6.704e-05  ADDFXL
rem_96_35_Y_div_84_31_g3727__9315   0.000663   0.0001847   0.0008658   1.815e-05  AOI21X1
mul_78_39_cdnfadd_004_0__2883  0.0004754   0.0003188   0.0008613   6.704e-05  ADDFXL
rem_96_35_Y_div_84_31_g3937    0.0001596   0.0006812   0.0008538   1.301e-05  CLKINVX1
mul_78_39_cdnfadd_009_0__4733  0.0004362   0.0003474   0.0008507   6.704e-05  ADDFXL
rem_96_35_Y_div_84_31_g3862    0.0003126   0.0005135   0.0008391   1.301e-05  CLKINVX1
rem_96_35_Y_div_84_31_g3720__7098  0.0004518   0.0003646   0.0008294   1.299e-05  OAI21X1
g7770__6260                    0.0004793   0.0003261   0.0008233   1.791e-05  OAI22X1
mul_78_39_cdnfadd_010_0__1666  0.0004363   0.0003188   0.0008222   6.704e-05  ADDFXL
mul_78_39_cdnfadd_006_0__5107  0.0004676   0.0002817   0.0008163   6.704e-05  ADDFXL
rem_96_35_Y_div_84_31_g3658__8246   0.000592   0.0002091   0.0008141   1.299e-05  OAI21X1
rem_96_35_Y_div_84_31_g3791__7482  0.0006125   0.0001824   0.0008127   1.791e-05  OAI22X1
rem_96_35_Y_div_84_31_g3857__1705  0.0005985   0.0001802   0.0008102   3.144e-05  AOI2BB1X1
mul_78_39_cdnfadd_011_0__5107  0.0004364   0.0003019   0.0008054   6.704e-05  ADDFXL
rem_96_35_Y_div_84_31_g3739    0.0002858   0.0005051    0.000804   1.301e-05  CLKINVX1
g7642__6260                    0.0004963    0.000292   0.0008012   1.288e-05  AOI221XL
g7698__9945                    0.0006496   0.0001311   0.0008006   1.995e-05  AOI211X1
mul_78_39_cdnfadd_007_1__3680  0.0004361   0.0002918    0.000795   6.704e-05  ADDFXL
g7771__4319                     0.000479   0.0002949   0.0007919   1.791e-05  OAI22X1
rem_96_35_Y_div_84_31_g3817__1705  0.0004539   0.0003141   0.0007861   1.815e-05  AOI21X1
rem_96_35_Y_div_84_31_g3798__2883  0.0005292   0.0002366   0.0007839   1.815e-05  AOI21X1
rem_96_35_Y_div_84_31_g3726__6161  0.0005355    0.000234   0.0007824   1.299e-05  OAI21X1
mul_78_39_cdnfadd_010_1__7410  0.0003967   0.0003116   0.0007754   6.704e-05  ADDFXL
g7767__5477                    0.0004993   0.0002511   0.0007683   1.791e-05  OAI22X1
g7769__5107                    0.0004903   0.0002503   0.0007585   1.791e-05  OAI22X1
mul_78_39_cdnfadd_009_1__6161  0.0004333    0.000257   0.0007574   6.704e-05  ADDFXL
rem_96_35_Y_div_84_31_g3800__1666  0.0004217   0.0003173   0.0007521   1.299e-05  OAI21X1
g7768__2398                    0.0005014   0.0002278   0.0007471   1.791e-05  OAI22X1
rem_96_35_Y_div_84_31_g3796__9945  0.0004144   0.0003151   0.0007436    1.41e-05  OAI211X1
g7765__7410                    0.0005012   0.0002202   0.0007393   1.791e-05  OAI22X1
mul_78_39_cdnfadd_013_0__1617  0.0003861    0.000282   0.0007351   6.704e-05  ADDFXL
rem_96_35_Y_div_84_31_g3850    0.0003397   0.0003816   0.0007343   1.301e-05  INVX1
rem_96_35_Y_div_84_31_g3868__6161  0.0005004   0.0002008   0.0007327   3.144e-05  AOI2BB1X1
rem_96_35_Y_div_84_31_g3873__2346  0.0003669   0.0003393   0.0007274   2.127e-05  OAI2BB1X1
mul_78_39_cdnfadd_14__1705     0.0005307   0.0001289   0.0007266   6.704e-05  ADDFXL
mul_78_39_cdnfadd_012_0__5526  0.0003957   0.0002633    0.000726   6.704e-05  ADDFXL
rem_96_35_Y_div_84_31_g3888__6783  0.0004011   0.0003066   0.0007258   1.815e-05  AOI21X1
g7756__5115                    0.0001277   0.0005825   0.0007225   1.236e-05  NOR2XL
rem_96_35_Y_div_84_31_g3781__1705  0.0002018   0.0005083   0.0007225   1.236e-05  NOR2XL
rem_96_35_Y_div_84_31_g3741    0.0003573   0.0003488   0.0007191   1.301e-05  INVX1
rem_96_35_Y_div_84_31_g3801__7410  0.0005114   0.0001853   0.0007148   1.815e-05  AOI21X1
mul_78_39_cdnfadd_006_1__6260  0.0003832   0.0002644   0.0007146   6.704e-05  ADDFXL
g37                            0.0004312   0.0002685    0.000712   1.236e-05  NOR2XL
rem_96_35_Y_div_84_31_g3887__5526  0.0004015   0.0002855   0.0007051   1.815e-05  AOI21X1
rem_96_35_Y_div_84_31_g3795__9315  0.0005351   0.0001512   0.0007045   1.815e-05  AOI21X1
rem_96_35_Y_div_84_31_g3737     0.000317   0.0003743   0.0007043   1.301e-05  INVX1
mul_78_39_cdnfadd_008_2__6131   0.000358   0.0002788   0.0007038   6.704e-05  ADDFXL
rem_96_35_Y_div_84_31_g3870__9315  0.0003889   0.0002863   0.0006934   1.815e-05  AOI21X1
rem_96_35_Y_div_84_31_g3875    0.0002612   0.0004097   0.0006839   1.301e-05  INVX1
rem_96_35_Y_div_84_31_g3723__5115  0.0004234   0.0002234   0.0006818   3.499e-05  NAND2BX1
g7864__4733                    0.0004529   0.0001544   0.0006799   7.254e-05  CLKXOR2X1
g7720__1881                    0.0003051   0.0003429   0.0006751   2.704e-05  MXI2XL
rem_96_35_Y_div_84_31_g3895__8246  0.0003388   0.0002919   0.0006734   4.264e-05  AO21X1
g7783__7098                    0.0004165   0.0002342   0.0006707   2.004e-05  NOR2BX1
g7696__9315                    0.0004857   0.0001647   0.0006703   1.995e-05  AOI211X1
rem_96_35_Y_div_84_31_g3735__2398  0.0003959   0.0002619   0.0006701   1.236e-05  NOR2XL
rem_96_35_Y_div_84_31_g3894__5122  0.0003361   0.0002901   0.0006689   4.264e-05  AO21X1
rem_96_35_Y_div_84_31_g3672__6417  0.0004729   0.0001784   0.0006637   1.236e-05  NOR2XL
rem_96_35_Y_div_84_31_g3763__2346  0.0003295   0.0003123     0.00066   1.815e-05  AOI21X1
rem_96_35_Y_div_84_31_g3768__2398  0.0004802   0.0001585   0.0006587   1.995e-05  AOI211X1
rem_96_35_Y_div_84_31_g3757__4733  0.0004336   0.0002058   0.0006575   1.815e-05  AOI21X1
g7798__1666                    0.0004194   0.0002142   0.0006536   2.004e-05  NOR2BX1
rem_96_35_Y_div_84_31_g3751__8246  0.0005167   0.0001073   0.0006435    1.95e-05  AOI221X1
rem_96_35_Y_div_84_31_g3828__7482  0.0002766   0.0003532   0.0006428   1.299e-05  OAI21X1
rem_96_35_Y_div_84_31_g3854__1617  0.0001995   0.0004291   0.0006379   9.289e-06  NAND2XL
g7787__7482                    0.0002924   0.0003072   0.0006347   3.499e-05  NAND2BX1
g7758__4733                    8.003e-05   0.0005378   0.0006302   1.236e-05  NOR2XL
rem_96_35_Y_div_84_31_g3750__5122  0.0003251   0.0002807    0.000627   2.127e-05  OAI2BB1X1
g7699__2883                    0.0004137   0.0001986   0.0006253   1.299e-05  OAI21X1
g7695__6161                    0.0004564   0.0001448   0.0006212   1.995e-05  AOI211X1
rem_96_35_Y_div_84_31_g3724__7482  0.0004221   0.0001841   0.0006193   1.299e-05  OAI21X1
rem_96_35_Y_div_84_31_g3725__4733  0.0004236   0.0001748   0.0006114   1.299e-05  OAI21X1
rem_96_35_Y_div_84_31_g3704    0.0002644   0.0003321   0.0006095   1.301e-05  CLKINVX1
rem_96_35_Y_div_84_31_g3943__9945  0.0004299   0.0001054   0.0006079   7.254e-05  CLKXOR2X1
rem_96_35_Y_div_84_31_g3802__6417  0.0003551   0.0002354   0.0006035   1.299e-05  OAI21X1
rem_96_35_Y_div_84_31_g3754__1881  0.0004519   0.0001327   0.0006028   1.815e-05  AOI21X1
rem_96_35_Y_div_84_31_g3821__7098  0.0004677   0.0001025   0.0006017   3.144e-05  AOI2BB1X1
rem_96_35_Y_div_84_31_g3662__5115  0.0003097   0.0002818   0.0006007   9.289e-06  NAND2XL
rem_96_35_Y_div_84_31_g3661__1881  0.0003286     0.00026   0.0005979   9.289e-06  NAND2XL
rem_96_35_Y_div_84_31_g3748__2802  0.0003189   0.0002569   0.0005888   1.299e-05  OAI21X1
rem_96_35_Y_div_84_31_g3747__1617  0.0004996   6.789e-05   0.0005875   2.004e-05  NOR2BX1
rem_96_35_Y_div_84_31_g3790__5115  0.0004468   0.0001203   0.0005801   1.299e-05  OAI21X1
rem_96_35_Y_div_84_31_g3667__9945  0.0004555   0.0001103   0.0005788   1.299e-05  OAI21X1
rem_96_35_Y_div_84_31_g3736__5107  0.0003444   0.0002212   0.0005779   1.236e-05  NOR2XL
g7797__2346                    0.0002589   0.0002838   0.0005777   3.499e-05  NAND2BX1
rem_96_35_Y_div_84_31_g3660__6131  0.0003228   0.0002448   0.0005768   9.289e-06  NAND2XL
rem_96_35_Y_div_84_31_g3803__5477  0.0004056   0.0001564   0.0005749   1.299e-05  OAI21X1
rem_96_35_Y_div_84_31_g3896__7098  0.0002828   0.0002453   0.0005707   4.264e-05  AO21X1
rem_96_35_Y_div_84_31_g3663__7482  0.0002894   0.0002695   0.0005682   9.289e-06  NAND2XL
g7785__1881                    0.0002794   0.0002439   0.0005658   4.256e-05  OR2X1
g7762__2883                    0.0004312   0.0001127   0.0005617   1.791e-05  OAI22X1
rem_96_35_Y_div_84_31_g3734__5477  0.0004223    0.000126   0.0005606   1.236e-05  NOR2XL
g7747__1617                    0.0003128   0.0002336   0.0005594   1.299e-05  OAI21X1
mul_78_39_g413__6131             0.00034   0.0001933   0.0005515   1.815e-05  AOI21X1
rem_96_35_Y_div_84_31_g3881__6260  0.0003006   0.0002372   0.0005508   1.299e-05  OAI21X1
rem_96_35_Y_div_84_31_g3865__5115  0.0003113   0.0001973   0.0005436   3.499e-05  NAND2BX1
g7786__5115                     0.000244   0.0002642   0.0005432   3.499e-05  NAND2BX1
g7766__6417                    0.0002935   0.0002225   0.0005431   2.704e-05  MXI2XL
mul_78_39_g410__5122           0.0003457   0.0001731    0.000537   1.815e-05  AOI21X1
rem_96_35_Y_div_84_31_g3908__1666  0.0004101   0.0001041   0.0005343   2.004e-05  NOR2BX1
rem_96_35_Y_div_84_31_g3746__3680  0.0003769   0.0001448   0.0005341   1.236e-05  NOR2XL
mul_78_39_g414__1881           0.0003379    0.000177    0.000533   1.815e-05  AOI21X1
rem_96_35_Y_div_84_31_g3909__7410  0.0004036   0.0001081   0.0005317   2.004e-05  NOR2BX1
rem_96_35_Y_div_84_31_g3759__9315  0.0002951   0.0002084   0.0005305   2.704e-05  MXI2XL
g7784__6131                    0.0002321   0.0002633   0.0005304   3.499e-05  NAND2BX1
rem_96_35_Y_div_84_31_g3822__6131  0.0003507   0.0001602   0.0005291   1.815e-05  AOI21X1
g7855                          0.0001641   0.0003512   0.0005284   1.301e-05  INVX1
rem_96_35_Y_div_84_31_g3743    0.0002726   0.0002423    0.000528   1.301e-05  CLKINVX1
g7691__1881                    0.0002882   0.0002262   0.0005273   1.299e-05  OAI21X1
rem_96_35_Y_div_84_31_g3867__4733  0.0002751   0.0002351   0.0005224    1.22e-05  AOI21XL
rem_96_35_Y_div_84_31_g3710    0.0002778   0.0002356   0.0005222   8.757e-06  INVXL
mul_78_39_g412__7098           0.0003278   0.0001743   0.0005203   1.815e-05  AOI21X1
rem_96_35_Y_div_84_31_g3717__1705  0.0002633   0.0002456   0.0005182   9.289e-06  NAND2XL
g7796__2883                    0.0003566   0.0001391   0.0005136   1.791e-05  OAI22X1
rem_96_35_Y_div_84_31_g3676__6260  0.0002316   0.0002722   0.0005131   9.289e-06  NAND2XL
mul_78_39_g411__8246           0.0003289   0.0001647   0.0005117   1.815e-05  AOI21X1
g44                            0.0001489   0.0003397   0.0005098   2.127e-05  OAI2BB1X1
rem_96_35_Y_div_84_31_g3889__3680  0.0004171   7.295e-05   0.0005082   1.815e-05  AOI21X1
mul_78_39_g415__5115           0.0003446   0.0001407   0.0005034   1.815e-05  AOI21X1
rem_96_35_Y_div_84_31_g3936    0.0001864   0.0003013   0.0005008   1.301e-05  CLKINVX1
rem_96_35_Y_div_84_31_g3786__7098  9.166e-05    0.000396    0.000497   9.289e-06  NAND2XL
rem_96_35_Y_div_84_31_g3815__1617  0.0003053   0.0001768   0.0004951   1.299e-05  OAI21X1
g7681__6783                    0.0002181   0.0002558   0.0004931    1.92e-05  OAI2BB1XL
mul_78_39_g417__4733           0.0003116    0.000162   0.0004918   1.815e-05  AOI21X1
rem_96_35_Y_div_84_31_g3923    0.0001398    0.000337   0.0004898   1.301e-05  CLKINVX1
g7760__9315                    0.0003717   9.851e-05   0.0004881   1.791e-05  OAI22X1
rem_96_35_Y_div_84_31_g3771__4319  0.0003258   0.0001488   0.0004876     1.3e-05  AOI222XL
rem_96_35_Y_div_84_31_g3762    0.0001986   0.0002754   0.0004871   1.301e-05  CLKINVX1
g7860                          0.0001673   0.0003038   0.0004841   1.301e-05  CLKINVX1
g7668__1666                    0.0002689   0.0001925   0.0004826   2.127e-05  OAI2BB1X1
g7763__2346                    0.0002854   0.0001841   0.0004825   1.299e-05  OAI21X1
rem_96_35_Y_div_84_31_g3728__9945  0.0002956   0.0001736   0.0004816   1.236e-05  NOR2XL
g7832__6783                    0.0002317   0.0002364   0.0004804   1.236e-05  NOR2XL
g7687__5122                    0.0002109   0.0002479    0.000478    1.92e-05  OAI2BB1XL
g7657__6131                    0.0002888    0.000167    0.000477   2.127e-05  OAI2BB1X1
g7686__1705                    0.0002541   0.0002016    0.000477   2.127e-05  OAI2BB1X1
g7680__5526                    0.0003055   0.0001499   0.0004767   2.127e-05  OAI2BB1X1
rem_96_35_Y_div_84_31_g3756__7482  0.0003058   0.0001559   0.0004746   1.299e-05  OAI21X1
g7663__6161                    0.0002341   0.0002175   0.0004709    1.92e-05  OAI2BB1XL
g41                            0.0001788   0.0002764   0.0004702   1.511e-05  NAND3X1
rem_96_35_Y_div_84_31_g3779__2802  0.0002668   0.0001907   0.0004698   1.236e-05  NOR2XL
g7788__4733                    0.0001738   0.0002834   0.0004695   1.236e-05  NOR2XL
g7825__5477                    0.0001972   0.0002586   0.0004681   1.236e-05  NOR2XL
rem_96_35_Y_div_84_31_g3918__5526  0.0002512   0.0001733    0.000467   4.256e-05  OR2X1
mul_78_39_g416__7482           0.0003478   9.655e-05   0.0004625   1.815e-05  AOI21X1
rem_96_35_Y_div_84_31_g3882    0.0002006   0.0002474   0.0004611   1.301e-05  INVX1
rem_96_35_Y_div_84_31_g2__9315  0.0003201   9.582e-05   0.0004585   4.264e-05  AO21X1
rem_96_35_Y_div_84_31_g3674__2398  0.0002537   0.0001955   0.0004585   9.289e-06  NAND2XL
rem_96_35_Y_div_84_31_g3945__2346  0.0003143   0.0001068   0.0004554   3.419e-05  NAND3BX1
rem_96_35_Y_div_84_31_g3928__6131   0.000226   0.0002143   0.0004526   1.236e-05  NOR2XL
g7828__6260                    0.0002109    0.000228   0.0004512   1.236e-05  NOR2XL
rem_96_35_Y_div_84_31_g3808    0.0001693   0.0002684   0.0004507   1.301e-05  CLKINVX1
g7829__4319                     0.000199   0.0002376   0.0004489   1.236e-05  NOR2XL
rem_96_35_Y_div_84_31_g3758__6161  0.0002727   0.0001483    0.000448   2.704e-05  MXI2XL
g7793__9315                     0.000314   0.0001139   0.0004462   1.833e-05  AOI22X1
mul_78_39_g431__8428           0.0002647   0.0001541   0.0004459   2.717e-05  AND2X1
g7863__7482                    0.0001775   0.0002331   0.0004457   3.499e-05  NAND2BX1
rem_96_35_Y_div_84_31_g3730__2346  0.0003115   0.0001217   0.0004455   1.236e-05  NOR2XL
rem_96_35_Y_div_84_31_g3769__5107   0.000316   0.0001162   0.0004452     1.3e-05  AOI222XL
g7655__8246                     0.000232   0.0001926   0.0004439    1.92e-05  OAI2BB1XL
rem_96_35_Y_div_84_31_g3922__2802  0.0001939   0.0002375   0.0004438   1.236e-05  NOR2XL
rem_96_35_Y_div_84_31_g3770__6260  0.0003211   0.0001083   0.0004425     1.3e-05  AOI222XL
mul_78_39_g468__7098           0.0002579   0.0001567   0.0004418   2.717e-05  AND2X1
mul_78_39_g444__7482           0.0002662   0.0001484   0.0004418   2.717e-05  AND2X1
rem_96_35_Y_div_84_31_g3659__7098  0.0002329   0.0001992   0.0004414   9.289e-06  NAND2XL
g7677__4319                    0.0002286   0.0001932    0.000441    1.92e-05  OAI2BB1XL
mul_78_39_g458__4319           0.0002596   0.0001528   0.0004396   2.717e-05  AND2X1
mul_78_39_g482__5477           0.0002501    0.000162   0.0004393   2.717e-05  AND2X1
mul_78_39_g434__3680           0.0002491    0.000163   0.0004393   2.717e-05  AND2X1
rem_96_35_Y_div_84_31_g3853__3680  0.0003065   0.0001193   0.0004388   1.299e-05  OAI21X1
rem_96_35_Y_div_84_31_g3755__5115  0.0003141    0.000111   0.0004381   1.299e-05  OAI21X1
g7774__6783                    7.707e-05   0.0003504   0.0004368   9.289e-06  NAND2XL
rem_96_35_Y_div_84_31_g3861__7098  0.0003014   9.246e-05   0.0004364   4.256e-05  OR2X1
rem_96_35_Y_div_84_31_g3880__5107  0.0003142   9.495e-05   0.0004364   2.717e-05  AND2X1
mul_78_39_g446__6161           0.0002529    0.000155   0.0004351   2.717e-05  AND2X1
rem_96_35_Y_div_84_31_g3760__9945  0.0003019   0.0001206   0.0004348   1.236e-05  NOR2XL
mul_78_39_g475__9315            0.000263   0.0001441   0.0004343   2.717e-05  AND2X1
rem_96_35_Y_div_84_31_g3921__1617   0.000196   0.0002255   0.0004338   1.236e-05  NOR2XL
mul_78_39_g428__5107            0.000254   0.0001519   0.0004331   2.717e-05  AND2X1
g7757__7482                    7.221e-05   0.0003242   0.0004314   3.499e-05  NAND2BX1
mul_78_39_g433__6783           0.0002526   0.0001513   0.0004311   2.717e-05  AND2X1
mul_78_39_g439__8246           0.0002603   0.0001426   0.0004301   2.717e-05  AND2X1
mul_78_39_g480__7410           0.0002582   0.0001424   0.0004278   2.717e-05  AND2X1
rem_96_35_Y_div_84_31_g3810    0.0002439   0.0001709   0.0004278   1.301e-05  CLKINVX1
mul_78_39_g432__5526           0.0002556   0.0001444   0.0004272   2.717e-05  AND2X1
rem_96_35_Y_div_84_31_g3860__8246  0.0001693   0.0002484    0.000427   9.289e-06  NAND2XL
mul_78_39_g430__4319           0.0002554   0.0001437   0.0004263   2.717e-05  AND2X1
g7636__5107                    0.0002232   0.0001828   0.0004252    1.92e-05  OAI2BB1XL
mul_78_39_g477__2883           0.0002544    0.000143   0.0004245   2.717e-05  AND2X1
g7780                          0.0001313   0.0002787    0.000423   1.301e-05  CLKINVX1
mul_78_39_g435__1617           0.0002621   0.0001333   0.0004226   2.717e-05  AND2X1
mul_78_39_g464__2802           0.0002529   0.0001424   0.0004225   2.717e-05  AND2X1
mul_78_39_g462__3680           0.0002579   0.0001369   0.0004219   2.717e-05  AND2X1
rem_96_35_Y_div_84_31_g3753__6131   0.000261   0.0001387    0.000421   2.127e-05  OAI2BB1X1
mul_78_39_g471__5115           0.0002494   0.0001438   0.0004204   2.717e-05  AND2X1
rem_96_35_Y_div_84_31_g3930__5115  0.0001875   0.0002192   0.0004191   1.236e-05  NOR2XL
mul_78_39_g445__4733           0.0002564   0.0001353   0.0004189   2.717e-05  AND2X1
g7764__1666                    0.0002561   0.0001351   0.0004182   2.704e-05  MXI2XL
mul_78_39_g427__2398           0.0002546   0.0001358   0.0004176   2.717e-05  AND2X1
mul_78_39_g479__1666           0.0002507   0.0001388   0.0004167   2.717e-05  AND2X1
mul_78_39_g470__1881           0.0002482   0.0001401   0.0004154   2.717e-05  AND2X1
g7781__5122                    0.0002173   0.0001855   0.0004152   1.236e-05  NOR2XL
mul_78_39_g476__9945           0.0002484    0.000139   0.0004145   2.717e-05  AND2X1
g7833__3680                     0.000207   0.0001949   0.0004142   1.236e-05  NOR2XL
rem_96_35_Y_div_84_31_g3772__8428  0.0002292   0.0001707   0.0004121   1.224e-05  OAI222XL
g7839__7098                    0.0001955   0.0002041   0.0004119   1.236e-05  NOR2XL
mul_78_39_g474__6161            0.000245   0.0001381   0.0004103   2.717e-05  AND2X1
g7836__1705                    0.0001972   0.0002003   0.0004099   1.236e-05  NOR2XL
rem_96_35_Y_div_84_31_g3824    0.0002297   0.0001671   0.0004098   1.301e-05  INVX1
g7712__3680                    0.0003273   6.452e-05   0.0004097   1.787e-05  OAI32X1
rem_96_35_Y_div_84_31_g3807__4319  0.0002911   0.0001061   0.0004096   1.236e-05  NOR2XL
rem_96_35_Y_div_84_31_g3792__4733  0.0002158   0.0001841   0.0004091   9.289e-06  NAND2XL
mul_78_39_g436__2802           0.0002462   0.0001354   0.0004087   2.717e-05  AND2X1
rem_96_35_Y_div_84_31_g3929__1881   0.000186   0.0002102   0.0004085   1.236e-05  NOR2XL
mul_78_39_g443__5115           0.0002529   0.0001261   0.0004062   2.717e-05  AND2X1
mul_78_39_g469__6131            0.000244   0.0001336   0.0004048   2.717e-05  AND2X1
rem_96_35_Y_div_84_31_g3920__3680   0.000195   0.0001957    0.000403   1.236e-05  NOR2XL
mul_78_39_g460__5526           0.0002479   0.0001268   0.0004019   2.717e-05  AND2X1
rem_96_35_Y_div_84_31_g3866__7482  0.0002806   0.0001088   0.0004017   1.236e-05  NOR2XL
mul_78_39_g461__6783           0.0002609   0.0001133   0.0004014   2.717e-05  AND2X1
g7840__6131                    9.503e-05   0.0002958   0.0004002   9.289e-06  NAND2XL
g7635__2398                    0.0001815   0.0001982   0.0003989    1.92e-05  OAI2BB1XL
rem_96_35_Y_div_84_31_g3931__7482  0.0002053   0.0001809   0.0003986   1.236e-05  NOR2XL
rem_96_35_Y_div_84_31_g3901__7482  0.0002375   0.0001256   0.0003981   3.499e-05  NAND2BX1
g7851                          0.0002187   0.0001659   0.0003977   1.301e-05  INVX1
rem_96_35_Y_div_84_31_g3731__1666  0.0001572   0.0002312   0.0003977   9.289e-06  NAND2XL
mul_78_39_g483__2398           0.0002274   0.0001423   0.0003968   2.717e-05  AND2X1
mul_78_39_g481__6417           0.0002583   0.0001099   0.0003954   2.717e-05  AND2X1
rem_96_35_Y_div_84_31_g3902__4733  0.0002385   0.0001294   0.0003951   2.717e-05  AND2X1
mul_78_39_g478__2346           0.0002546     0.00011   0.0003917   2.717e-05  AND2X1
mul_78_39_g441__6131            0.000247   0.0001173   0.0003915   2.717e-05  AND2X1
mul_78_39_g463__1617           0.0002523   0.0001108   0.0003902   2.717e-05  AND2X1
rem_96_35_Y_div_84_31_g3904__9315  0.0002198   0.0001577   0.0003898   1.236e-05  NOR2XL
mul_78_39_g442__1881           0.0002497   0.0001106   0.0003875   2.717e-05  AND2X1
rem_96_35_Y_div_84_31_g3919__6783  0.0001874   0.0001874   0.0003872   1.236e-05  NOR2XL
g7861                          0.0001954   0.0001786    0.000387   1.301e-05  INVX1
g7800__7410                    7.988e-05   0.0002978    0.000387   9.289e-06  NAND2XL
rem_96_35_Y_div_84_31_g3784__8246  0.0002823   8.628e-05   0.0003867   1.815e-05  AOI21X1
g7761__9945                     0.000315   5.321e-05   0.0003866   1.833e-05  AOI22X1
rem_96_35_Y_div_84_31_g3787__6131  0.0002184   0.0001479   0.0003859    1.95e-05  AOI221X1
g7773__5526                    0.0001402    0.000233   0.0003855   1.236e-05  NOR2XL
mul_78_39_g467__8246           0.0002571   0.0001012   0.0003855   2.717e-05  AND2X1
rem_96_35_Y_div_84_31_g3903__6161  0.0002176   0.0001554   0.0003853   1.236e-05  NOR2XL
g7664__9315                    0.0001692   0.0001957   0.0003841    1.92e-05  OAI2BB1XL
rem_96_35_Y_div_84_31_g3689__1881  0.0002231   0.0001441   0.0003823   1.511e-05  NAND3X1
g7682__3680                    0.0001578   0.0002034   0.0003804    1.92e-05  OAI2BB1XL
rem_96_35_Y_div_84_31_g3911__5477  0.0002121   0.0001243    0.000379   4.256e-05  OR2X1
mul_78_39_g459__8428           0.0002323   0.0001189   0.0003784   2.717e-05  AND2X1
g7848                          0.0002011   0.0001622   0.0003764   1.301e-05  INVX1
mul_78_39_g465__1705           0.0002234   0.0001258   0.0003763   2.717e-05  AND2X1
mul_78_39_g473__4733           0.0002244   0.0001235    0.000375   2.717e-05  AND2X1
g7754__6131                    8.062e-05   0.0002814   0.0003744   1.236e-05  NOR2XL
mul_78_39_g437__1705           0.0002224   0.0001241   0.0003736   2.717e-05  AND2X1
rem_96_35_Y_div_84_31_g3878__5477    0.00026   0.0001009   0.0003733   1.236e-05  NOR2XL
g7826__2398                    0.0001939   0.0001663   0.0003726   1.236e-05  NOR2XL
rem_96_35_Y_div_84_31_g3917__8428  0.0001916    0.000167    0.000371   1.236e-05  NOR2XL
rem_96_35_Y_div_84_31_g3924__1705  0.0002058   0.0001525   0.0003706   1.236e-05  NOR2XL
rem_96_35_Y_div_84_31_g3799__2346  0.0001825   0.0001758   0.0003676   9.289e-06  NAND2XL
rem_96_35_Y_div_84_31_g3780    0.0002138   0.0001398   0.0003666   1.301e-05  CLKINVX1
rem_96_35_Y_div_84_31_g3874__1666  0.0002483   8.779e-05   0.0003665   3.044e-05  AOI2BB1XL
rem_96_35_Y_div_84_31_g3906__2883   0.000257   8.736e-05   0.0003657   2.127e-05  OAI2BB1X1
rem_96_35_Y_div_84_31_g3927__7098  0.0001085   0.0002476   0.0003655   9.289e-06  NAND2XL
rem_96_35_Y_div_84_31_g3913    0.0001533   0.0001965   0.0003628   1.301e-05  CLKINVX1
g7852                          0.0001946   0.0001549   0.0003626   1.301e-05  INVX1
rem_96_35_Y_div_84_31_g3789__1881  0.0001188   0.0002241    0.000361   1.815e-05  AOI21X1
rem_96_35_Y_div_84_31_g3933__6161  0.0002116   0.0001353   0.0003593   1.236e-05  NOR2XL
rem_96_35_Y_div_84_31_g3785    0.0001766   0.0001667   0.0003564   1.301e-05  INVX1
rem_96_35_Y_div_84_31_g3847__6260  0.0001875   0.0001376   0.0003523   2.717e-05  AND2X1
mul_78_39_g466__5122           0.0002557   6.873e-05   0.0003516   2.717e-05  AND2X1
rem_96_35_Y_div_84_31_g3752__7098   0.000151   0.0001902   0.0003505   9.289e-06  NAND2XL
mul_78_39_g429__6260           0.0001952   0.0001257   0.0003481   2.717e-05  AND2X1
g7830__8428                    0.0001789   0.0001567    0.000348   1.236e-05  NOR2XL
rem_96_35_Y_div_84_31_g3766__6417  0.0002696   5.903e-05   0.0003468   1.815e-05  AOI21X1
g7803                          0.0002123   0.0001215   0.0003467   1.301e-05  CLKINVX1
rem_96_35_Y_div_84_31_g3915__6260  0.0002104   0.0001239   0.0003466   1.236e-05  NOR2XL
rem_96_35_Y_div_84_31_g3765__7410  0.0002457   8.516e-05   0.0003432   1.236e-05  NOR2XL
mul_78_39_g447__9315           0.0001978    0.000115     0.00034   2.717e-05  AND2X1
g7795__9945                    0.0002035    0.000124   0.0003398   1.236e-05  NOR2XL
rem_96_35_Y_div_84_31_g3673__5477  0.0001876   0.0001426   0.0003394   9.289e-06  NAND2XL
mul_78_39_g426__5477           0.0001992   0.0001123   0.0003387   2.717e-05  AND2X1
g2__1881                       0.0002338   6.966e-05   0.0003385   3.499e-05  NAND2BX1
g7804                          0.0001393   0.0001857    0.000338   1.301e-05  CLKINVX1
rem_96_35_Y_div_84_31_g3869    0.0002169   0.0001068   0.0003367   1.301e-05  INVX1
g7854                          0.0001865   0.0001331   0.0003326   1.301e-05  INVX1
g7751__8246                    8.371e-05   0.0002056   0.0003319   4.256e-05  OR2X1
mul_78_39_g472__7482           0.0001951   0.0001094   0.0003318   2.717e-05  AND2X1
g7834__1617                    9.869e-05   0.0002224   0.0003304   9.289e-06  NAND2XL
g7859                          0.0001827   0.0001332   0.0003289   1.301e-05  CLKINVX1
rem_96_35_Y_div_84_31_g3797    0.0001784   0.0001396   0.0003268   8.757e-06  INVXL
g7749__1705                    0.0001161   0.0001905   0.0003266   2.004e-05  NOR2BX1
rem_96_35_Y_div_84_31_g3891    0.0001602   0.0001506   0.0003239   1.301e-05  INVX1
mul_78_39_g438__5122           0.0002031   8.932e-05   0.0003196   2.717e-05  AND2X1
rem_96_35_Y_div_84_31_g3745__6783  0.0001708    0.000136   0.0003161   9.289e-06  NAND2XL
rem_96_35_Y_div_84_31_g3804__2398   0.000227    7.21e-05   0.0003115   1.236e-05  NOR2XL
rem_96_35_Y_div_84_31_g3814    0.0001321    0.000169   0.0003099   8.757e-06  INVXL
g2                              0.000245   5.048e-05   0.0003091   1.361e-05  NOR3XL
mul_78_39_g440__7098           0.0001978   8.161e-05   0.0003066   2.717e-05  AND2X1
rem_96_35_Y_div_84_31_g3872__2883   0.000192   0.0001004   0.0003046    1.22e-05  AOI21XL
rem_96_35_Y_div_84_31_g3914__5107  0.0002091   8.317e-05   0.0003046   1.236e-05  NOR2XL
rem_96_35_Y_div_84_31_g3776__3680  0.0002042   8.649e-05   0.0003039   1.314e-05  OAI221X1
g7789__6161                     8.25e-05   0.0002107   0.0003025   9.289e-06  NAND2XL
g7838__8246                    0.0001036   0.0001891    0.000302   9.289e-06  NAND2XL
rem_96_35_Y_div_84_31_g3805__5107  0.0001436   0.0001491    0.000302   9.289e-06  NAND2XL
rem_96_35_Y_div_84_31_g3846    0.0001038   0.0001833   0.0003001   1.301e-05  CLKINVX1
rem_96_35_Y_div_84_31_g3916__4319  0.0001068   0.0001824   0.0002985   9.289e-06  NAND2XL
rem_96_35_Y_div_84_31_g3767__5477  0.0002147   6.623e-05   0.0002941   1.314e-05  OAI221X1
g7827__5107                    9.855e-05   0.0001794   0.0002872   9.289e-06  NAND2XL
g7831__5526                    0.0001058   0.0001698   0.0002849   9.289e-06  NAND2XL
g7702__7410                     0.000217   4.853e-05   0.0002834   1.787e-05  OAI32X1
g7755__1881                    4.987e-05   0.0001963   0.0002812   3.499e-05  NAND2BX1
g7653__1705                    0.0001018   0.0001688   0.0002799   9.336e-06  OAI211XL
rem_96_35_Y_div_84_31_g3905__9945  6.438e-05   0.0002041   0.0002778   9.289e-06  NAND2XL
rem_96_35_Y_div_84_31_g3856    0.0001447   0.0001231   0.0002765   8.757e-06  INVXL
rem_96_35_Y_div_84_31_g3819__8246  0.0001587   0.0001076   0.0002756   9.289e-06  NAND2XL
rem_96_35_Y_div_84_31_g3732__7410  0.0001662   0.0001001   0.0002756   9.289e-06  NAND2XL
g7782__8246                    0.0001551    8.54e-05   0.0002755   3.499e-05  NAND2BX1
g7778__1705                    0.0001358   9.563e-05    0.000274   4.256e-05  OR2X1
g7772__8428                    9.115e-05   0.0001726   0.0002731   9.289e-06  NAND2XL
g7656__7098                     0.000169   8.434e-05   0.0002725    1.92e-05  OAI2BB1XL
rem_96_35_Y_div_84_31_g3729__2883  0.0001589   0.0001036   0.0002718   9.289e-06  NAND2XL
g7750__5122                    6.508e-05   0.0001935   0.0002709   1.236e-05  NOR2XL
rem_96_35_Y_div_84_31_g3932__4733  0.0001092   0.0001522   0.0002707   9.289e-06  NAND2XL
g7824                          0.0001632   9.275e-05    0.000269   1.301e-05  CLKINVX1
g7713__1617                    0.0001673   8.469e-05   0.0002651   1.314e-05  OAI221X1
rem_96_35_Y_div_84_31_g3761__2883  0.0001427   0.0001115   0.0002635   9.289e-06  NAND2XL
rem_96_35_Y_div_84_31_g3892__2802  0.0001069   0.0001469   0.0002631   9.289e-06  NAND2XL
g7652__2802                    0.0001019   0.0001513   0.0002625   9.336e-06  OAI211XL
g7704__5477                    0.0001826   6.493e-05   0.0002606   1.314e-05  OAI221X1
g7707__6260                    0.0001338   0.0001168   0.0002599   9.289e-06  NAND2XL
rem_96_35_Y_div_84_31_g3783__5122  5.494e-05   0.0001943   0.0002586   9.289e-06  NAND2XL
g7759__6161                    0.0001321   9.128e-05   0.0002576   3.419e-05  NAND3BX1
g7650__3680                    0.0001018    0.000145   0.0002561   9.336e-06  OAI211XL
g7835__2802                    8.996e-05   0.0001549   0.0002542   9.289e-06  NAND2XL
rem_96_35_Y_div_84_31_g3907__2346  0.0001082   0.0001364   0.0002539   9.289e-06  NAND2XL
rem_96_35_Y_div_84_31_g3773__5526  0.0001462   9.513e-05   0.0002537   1.236e-05  NOR2XL
g7837__5122                     7.72e-05   0.0001667   0.0002532   9.289e-06  NAND2XL
rem_96_35_Y_div_84_31_g3733__6417  0.0001431   9.916e-05   0.0002515   9.289e-06  NAND2XL
g7651__1617                    9.517e-05   0.0001457   0.0002502   9.336e-06  OAI211XL
g7753__7098                    2.545e-05   0.0002142    0.000249   9.289e-06  NAND2XL
g7706__5107                     0.000143   8.799e-05   0.0002441   1.314e-05  OAI221X1
rem_96_35_Y_div_84_31_g3926__8246  0.0001202   0.0001108   0.0002403   9.289e-06  NAND2XL
g7710__5526                    0.0001652   6.139e-05   0.0002388   1.224e-05  OAI222XL
mul_78_39_g484__5107           0.0001116   0.0001158   0.0002367   9.289e-06  NAND2XL
g7708__4319                     0.000172    5.09e-05    0.000236   1.314e-05  OAI221X1
mul_78_39_g451__1666           0.0001056    0.000117   0.0002319   9.289e-06  NAND2XL
rem_96_35_Y_div_84_31_g3782     8.89e-05   0.0001285   0.0002304   1.301e-05  CLKINVX1
g7714__2802                    0.0001717   4.555e-05   0.0002304   1.314e-05  OAI221X1
mul_78_39_g457__6260           0.0001075   0.0001132     0.00023   9.289e-06  NAND2XL
mul_78_39_g488__5526           0.0001095   0.0001088   0.0002276   9.289e-06  NAND2XL
rem_96_35_Y_div_84_31_g3778    0.0001235   9.436e-05   0.0002267   8.757e-06  INVXL
mul_78_39_g456__5107           0.0001114   0.0001057   0.0002264   9.289e-06  NAND2XL
mul_78_39_g455__2398           0.0001023   0.0001144    0.000226   9.289e-06  NAND2XL
g7646__8428                    7.316e-05   0.0001429    0.000226    9.93e-06  NAND3XL
g7711__6783                    0.0001506   6.187e-05   0.0002256   1.314e-05  OAI221X1
rem_96_35_Y_div_84_31_g3925__5122  0.0001201   9.381e-05   0.0002232   9.289e-06  NAND2XL
mul_78_39_g450__2346           0.0001039   0.0001088    0.000222   9.289e-06  NAND2XL
mul_78_39_g485__6260           0.0001092   0.0001024   0.0002209   9.289e-06  NAND2XL
rem_96_35_Y_div_84_31_g3897    0.0001518   5.833e-05   0.0002189   8.757e-06  INVXL
g7709__8428                    0.0001467   5.901e-05   0.0002189   1.314e-05  OAI221X1
mul_78_39_g486__4319           0.0001084   0.0001009   0.0002186   9.289e-06  NAND2XL
mul_78_39_g454__5477           0.0001024   0.0001064   0.0002181   9.289e-06  NAND2XL
mul_78_39_g421__2883           8.543e-05   0.0001196   0.0002174   1.236e-05  NOR2XL
g7658__1881                    0.0001699   2.809e-05   0.0002165   1.851e-05  AOI32X1
g7705__2398                    0.0001441   5.859e-05   0.0002159   1.314e-05  OAI221X1
g7703__6417                    0.0001439   5.819e-05   0.0002152   1.314e-05  OAI221X1
g7659__5115                    5.459e-05   0.0001245   0.0002133   3.419e-05  NAND3BX1
rem_96_35_Y_div_84_31_g3864__1881  0.0001182   8.568e-05   0.0002132   9.289e-06  NAND2XL
mul_78_39_g452__7410            0.000103   0.0001005   0.0002127   9.289e-06  NAND2XL
g7701__1666                    0.0001437   5.468e-05   0.0002115   1.314e-05  OAI221X1
mul_78_39_g422__2346           8.514e-05   0.0001133   0.0002108   1.236e-05  NOR2XL
mul_78_39_g449__2883           9.177e-05   0.0001095   0.0002106   9.289e-06  NAND2XL
rem_96_35_Y_div_84_31_g3806__6260  8.425e-05   0.0001155   0.0002091   9.289e-06  NAND2XL
mul_78_39_g453__6417           9.611e-05   9.808e-05   0.0002035   9.289e-06  NAND2XL
mul_78_39_g418__6161           8.355e-05   0.0001074   0.0002033   1.236e-05  NOR2XL
mul_78_39_g489__6783           9.752e-05   9.609e-05   0.0002029   9.289e-06  NAND2XL
g7790                          0.0001051   8.625e-05   0.0002001   8.757e-06  INVXL
g7776__1617                    0.0001361   4.848e-05   0.0001969   1.236e-05  NOR2XL
rem_96_35_Y_div_84_31_g3777__1617   0.000111   4.268e-05   0.0001925   3.881e-05  AO22XL
g7775__3680                     9.39e-05   8.699e-05   0.0001902   9.289e-06  NAND2XL
g7715__1705                    0.0001312   4.597e-05   0.0001894   1.224e-05  OAI222XL
rem_96_35_Y_div_84_31_g3944__2883  6.171e-05   8.887e-05   0.0001856   3.499e-05  NAND2BX1
g7654__5122                    9.273e-05   8.288e-05    0.000185   9.336e-06  OAI211XL
mul_78_39_g487__8428           8.573e-05   8.893e-05   0.0001839   9.289e-06  NAND2XL
mul_78_39_g448__9945           8.228e-05   8.861e-05   0.0001802   9.289e-06  NAND2XL
rem_96_35_Y_div_84_31_g3837__7410  0.0001281   2.947e-05   0.0001775   1.995e-05  AOI211X1
mul_78_39_g424__7410           8.114e-05   8.395e-05   0.0001774   1.236e-05  NOR2XL
rem_96_35_Y_div_84_31_g3852__6783  9.056e-05   7.568e-05   0.0001755   9.289e-06  NAND2XL
rem_96_35_Y_div_84_31_g3788     7.88e-05   8.228e-05   0.0001741   1.301e-05  CLKINVX1
g7862__5115                    5.256e-05   8.591e-05   0.0001735   3.499e-05  NAND2BX1
g7647__5526                    8.334e-05   7.948e-05   0.0001722   9.336e-06  OAI211XL
g7823                          8.621e-05   7.588e-05   0.0001709   8.757e-06  INVXL
g7648__6783                    0.0001133   4.273e-05   0.0001701    1.41e-05  OAI211X1
rem_96_35_Y_div_84_31_g3849__8428  6.231e-05    7.27e-05     0.00017   3.499e-05  NAND2BX1
rem_96_35_Y_div_84_31_g3818__5122  0.0001054   5.028e-05   0.0001698    1.41e-05  OAI211X1
rem_96_35_Y_div_84_31_g3900__5115  6.659e-05   9.255e-05   0.0001684   9.289e-06  NAND2XL
g7779                          9.749e-05   6.183e-05   0.0001681   8.757e-06  INVXL
mul_78_39_g423__1666           6.605e-05   8.914e-05   0.0001675   1.236e-05  NOR2XL
g7744                           3.87e-05   0.0001105   0.0001622   1.301e-05  CLKINVX1
mul_78_39_g425__6417           6.585e-05   8.392e-05   0.0001621   1.236e-05  NOR2XL
g7697                          4.281e-05    0.000106   0.0001619   1.301e-05  CLKINVX1
rem_96_35_Y_div_84_31_g3910__6417  6.568e-05   8.536e-05   0.0001603   9.289e-06  NAND2XL
rem_96_35_Y_div_84_31_g3839__6417  7.301e-05   6.152e-05   0.0001546   2.004e-05  NOR2BX1
rem_96_35_Y_div_84_31_g3832__9945  9.109e-05   5.043e-05   0.0001545     1.3e-05  AOI222XL
rem_96_35_Y_div_84_31_g3859__5122  0.0001105   2.078e-05   0.0001512   1.995e-05  AOI211X1
g7723__4733                    0.0001003   2.862e-05   0.0001472   1.833e-05  AOI22X1
g7748__2802                    3.972e-05   9.099e-05   0.0001431   1.236e-05  NOR2XL
g7742                          7.331e-05   5.591e-05   0.0001422   1.301e-05  INVX1
rem_96_35_Y_div_84_31_g3845__5107  5.493e-05   7.424e-05   0.0001415   1.236e-05  NOR2XL
g7724__6161                    9.304e-05   2.901e-05   0.0001404   1.833e-05  AOI22X1
g7746                          6.601e-05   5.925e-05   0.0001383   1.301e-05  INVX1
rem_96_35_Y_div_84_31_g3843__2398  9.915e-05   1.594e-05   0.0001377   2.258e-05  NOR4BX1
g7722__7482                    9.326e-05   2.573e-05   0.0001373   1.833e-05  AOI22X1
g7719__6131                    8.847e-05   2.626e-05   0.0001331   1.833e-05  AOI22X1
g7700__2346                    5.067e-05   6.585e-05   0.0001306    1.41e-05  OAI211X1
g7721__5115                    8.703e-05   2.377e-05   0.0001291   1.833e-05  AOI22X1
g7716__5122                    8.728e-05   2.348e-05   0.0001291   1.833e-05  AOI22X1
rem_96_35_Y_div_84_31_g3886__8428  7.177e-05   3.508e-05   0.0001278   2.093e-05  NOR4X1
mul_78_39_g419__9315           5.525e-05   5.955e-05   0.0001272   1.236e-05  NOR2XL
rem_96_35_Y_div_84_31_g3834__2883  9.207e-05   2.076e-05   0.0001258     1.3e-05  AOI222XL
mul_78_39_g420__9945           4.769e-05   6.432e-05   0.0001244   1.236e-05  NOR2XL
rem_96_35_Y_div_84_31_g3855__2802  8.383e-05    2.57e-05   0.0001236    1.41e-05  OAI211X1
rem_96_35_Y_div_84_31_g3848__4319  4.402e-05   5.626e-05   0.0001184   1.815e-05  AOI21X1
rem_96_35_Y_div_84_31_g3774__6783  5.568e-05   4.355e-05   0.0001143   1.511e-05  NAND3X1
rem_96_35_Y_div_84_31_g3898__6131    7.8e-05   2.155e-05   0.0001136    1.41e-05  OAI211X1
rem_96_35_Y_div_84_31_g3835__2346  4.964e-05    2.93e-05   0.0001061   2.717e-05  AND2X1
rem_96_35_Y_div_84_31_g3830__6161  5.145e-05   4.095e-05   0.0001054   1.299e-05  OAI21X1
rem_96_35_Y_div_84_31_g3899__1881  4.625e-05   4.707e-05   0.0001026   9.289e-06  NAND2XL
rem_96_35_Y_div_84_31_g3844    4.763e-05   3.993e-05   0.0001006   1.301e-05  CLKINVX1
rem_96_35_Y_div_84_31_g3842__5477  2.492e-05   4.643e-05   9.853e-05   2.717e-05  AND2X1
g7717__8246                    6.183e-05    1.83e-05   9.828e-05   1.815e-05  AOI21X1
g7725__9315                    4.696e-05   2.325e-05   9.725e-05   2.704e-05  MXI2XL
g7731__6417                    5.272e-05   3.286e-05   9.486e-05   9.289e-06  NAND2XL
g7737__8428                    5.375e-05   3.069e-05   9.373e-05   9.289e-06  NAND2XL
g7732__5477                    4.972e-05   3.471e-05   9.372e-05   9.289e-06  NAND2XL
g7734__5107                    5.515e-05   2.263e-05   8.707e-05   9.289e-06  NAND2XL
g7735__6260                    5.251e-05   1.662e-05   8.149e-05   1.236e-05  NOR2XL
g7739__6783                    4.933e-05   2.128e-05    7.99e-05   9.289e-06  NAND2XL
rem_96_35_Y_div_84_31_g3831__9315   5.04e-05   5.086e-06   7.583e-05   2.034e-05  NOR3X1
rem_96_35_Y_div_84_31_g3812__6783  4.301e-05   1.684e-05   7.221e-05   1.236e-05  NOR2XL
rem_96_35_Y_div_84_31_g3858    3.867e-05   1.842e-05    7.01e-05   1.301e-05  INVX1
g7718__7098                    1.817e-05   3.991e-05   6.854e-05   1.046e-05  NAND4XL
g7730__7410                    4.338e-05   1.548e-05   6.815e-05   9.289e-06  NAND2XL
g7743                          3.208e-05   2.365e-05   6.449e-05   8.757e-06  INVXL
rem_96_35_Y_div_84_31_g3826__5115   3.13e-05   1.231e-05   5.597e-05   1.236e-05  NOR2XL
g7733__2398                    2.017e-05   2.288e-05   5.234e-05   9.289e-06  NAND2XL
g7736__4319                    3.056e-05   1.195e-05    5.18e-05   9.289e-06  NAND2XL
g7726__9945                    2.121e-05   2.111e-05   5.161e-05   9.289e-06  NAND2XL
g7729__1666                    1.963e-05   1.958e-05   4.849e-05   9.289e-06  NAND2XL
rem_96_35_Y_div_84_31_g3893__1705  1.523e-05   2.089e-05   4.847e-05   1.236e-05  NOR2XL
g7727__2883                    1.938e-05   1.953e-05    4.82e-05   9.289e-06  NAND2XL
rem_96_35_Y_div_84_31_g3838    1.681e-05   1.297e-05   3.853e-05   8.757e-06  INVXL
g7741__3680                    1.335e-05   1.262e-05   3.643e-05   1.046e-05  NAND4XL
rem_96_35_Y_div_84_31_g3829__4733  1.072e-05   1.039e-05    3.04e-05   9.289e-06  NAND2XL
rem_96_35_Y_div_84_31_g3885    1.204e-05   7.696e-06    2.85e-05   8.757e-06  INVXL
g7865                          8.081e-06   5.551e-06   2.239e-05   8.757e-06  INVXL
g7728__2346                    5.382e-06   3.817e-06   1.849e-05   9.289e-06  NAND2XL
g7738__5526                     5.53e-06   3.606e-06   1.843e-05   9.289e-06  NAND2XL

---------------------------------------------------------------------------------------

Total (    623 of    623  )         0.39      0.7015      1.113     0.02153
Total Capacitance                2.245e-11 F
Power Density                   *** No Die Area ***
