###############################################################
#  Generated by:      Cadence Tempus 20.10-p003_1
#  OS:                Linux x86_64(Host ID edatools-server2.iiitd.edu.in)
#  Generated on:      Mon Jun 29 19:35:20 2026
#  Design:            ALU
#  Command:           report_timing -early -path_type full_clock > $report_dir/gba_hold_post_dft_balanced.rpt
###############################################################
Path 1: VIOLATED Hold Check with Pin sel_ff_reg[0]/CK 
Endpoint:   sel_ff_reg[0]/D (v) checked with  leading edge of 'clk'
Beginpoint: sel[0]          (v) triggered by  leading edge of '@'
Path Groups: {clk}
Other End Arrival Time          0.000
+ Hold                          0.063
+ Phase Shift                   0.000
= Required Time                 0.063
  Arrival Time                  0.000
  Slack Time                   -0.063
     Clock Rise Edge                      0.000
     + Input Delay                        0.000
     = Beginpoint Arrival Time            0.000
     Timing Path:
      ----------------------------------------------------------
      Instance       Arc       Cell     Delay  Arrival  Required  
                                               Time     Time  
      ----------------------------------------------------------
      -              sel[0] v  -        -      0.000    0.063  
      sel_ff_reg[0]  D v       SDFFQXL  0.000  0.000    0.063  
      ----------------------------------------------------------
     Clock Rise Edge                      0.000
     = Beginpoint Arrival Time            0.000
     Other End Path:
      -------------------------------------------------------
      Instance       Arc    Cell     Delay  Arrival  Required  
                                            Time     Time  
      -------------------------------------------------------
      -              clk ^  -        -      0.000    -0.063  
      sel_ff_reg[0]  CK ^   SDFFQXL  0.000  0.000    -0.063  
      -------------------------------------------------------

