###############################################################
#  Generated by:      Cadence Tempus 20.10-p003_1
#  OS:                Linux x86_64(Host ID edatools-server2.iiitd.edu.in)
#  Generated on:      Mon Jun 29 19:35:20 2026
#  Design:            ALU
#  Command:           report_timing -path_type full_clock > $report_dir/gba_setup_post_dft_balanced.rpt
###############################################################
Path 1: MET Setup Check with Pin out1_reg[2]/CK 
Endpoint:   out1_reg[2]/D (^) checked with  leading edge of 'clk'
Beginpoint: Y_reg[1]/Q    (v) triggered by  leading edge of 'clk'
Path Groups: {clk}
Other End Arrival Time          0.000
- Setup                         0.185
+ Phase Shift                   8.000
- Uncertainty                   0.400
= Required Time                 7.415
- Arrival Time                  7.252
= Slack Time                    0.163
     Clock Rise Edge                      0.000
     = Beginpoint Arrival Time            0.000
     Timing Path:
      ------------------------------------------------------------------------------------
      Instance                           Arc           Cell       Delay  Arrival  Required  
                                                                         Time     Time  
      ------------------------------------------------------------------------------------
      -                                  clk ^         -          -      0.000    0.163  
      Y_reg[1]                           CK ^ -> Q v   SDFFQX1    0.605  0.605    0.768  
      rem_96_35_Y_div_84_31_g3932__4733  B v -> Y ^    NAND2XL    0.186  0.790    0.954  
      rem_96_35_Y_div_84_31_g3892__2802  B ^ -> Y v    NAND2XL    0.139  0.929    1.093  
      rem_96_35_Y_div_84_31_g3891        A v -> Y ^    INVX1      0.082  1.011    1.175  
      rem_96_35_Y_div_84_31_g3881__6260  A1 ^ -> Y v   OAI21X1    0.105  1.116    1.280  
      rem_96_35_Y_div_84_31_g3873__2346  A1N v -> Y v  OAI2BB1X1  0.194  1.310    1.473  
      rem_96_35_Y_div_84_31_g3865__5115  B v -> Y ^    NAND2BX1   0.074  1.384    1.548  
      rem_96_35_Y_div_84_31_g3857__1705  A1N ^ -> Y ^  AOI2BB1X1  0.128  1.513    1.676  
      rem_96_35_Y_div_84_31_g3847__6260  B ^ -> Y ^    AND2X1     0.161  1.674    1.837  
      rem_96_35_Y_div_84_31_g3846        A ^ -> Y v    CLKINVX1   0.068  1.742    1.905  
      rem_96_35_Y_div_84_31_g3843__2398  C v -> Y ^    NOR4BX1    0.136  1.877    2.041  
      rem_96_35_Y_div_84_31_g3842__5477  B ^ -> Y ^    AND2X1     0.227  2.105    2.268  
      rem_96_35_Y_div_84_31_g3839__6417  B ^ -> Y v    NOR2BX1    0.102  2.207    2.370  
      rem_96_35_Y_div_84_31_g3834__2883  C1 v -> Y ^   AOI222XL   0.165  2.371    2.535  
      rem_96_35_Y_div_84_31_g3943__9945  A ^ -> Y v    CLKXOR2X1  0.250  2.621    2.785  
      g43                                B v -> Y ^    XNOR2X1    0.281  2.902    3.066  
      rem_96_35_Y_div_84_31_g3808        A ^ -> Y v    CLKINVX1   0.083  2.985    3.149  
      rem_96_35_Y_div_84_31_g3801__7410  A1 v -> Y ^   AOI21X1    0.094  3.079    3.242  
      rem_96_35_Y_div_84_31_g3798__2883  B0 ^ -> Y v   AOI21X1    0.068  3.147    3.310  
      rem_96_35_Y_div_84_31_g3795__9315  B0 v -> Y ^   AOI21X1    0.098  3.244    3.408  
      rem_96_35_Y_div_84_31_g3791__7482  A1 ^ -> Y v   OAI22X1    0.102  3.346    3.510  
      rem_96_35_Y_div_84_31_g3790__5115  B0 v -> Y ^   OAI21X1    0.067  3.413    3.576  
      rem_96_35_Y_div_84_31_g3786__7098  B ^ -> Y v    NAND2XL    0.231  3.644    3.807  
      rem_96_35_Y_div_84_31_g3781__1705  A v -> Y ^    NOR2XL     0.401  4.045    4.208  
      rem_96_35_Y_div_84_31_g3780        A ^ -> Y v    CLKINVX1   0.085  4.130    4.293  
      rem_96_35_Y_div_84_31_g3772__8428  B1 v -> Y ^   OAI222XL   0.207  4.337    4.501  
      rem_96_35_Y_div_84_31_g3760__9945  B ^ -> Y v    NOR2XL     0.081  4.419    4.582  
      rem_96_35_Y_div_84_31_g3757__4733  B0 v -> Y ^   AOI21X1    0.118  4.537    4.700  
      rem_96_35_Y_div_84_31_g3745__6783  B ^ -> Y v    NAND2XL    0.102  4.639    4.802  
      rem_96_35_Y_div_84_31_g3740__4319  B0 v -> Y ^   OAI21X1    0.125  4.764    4.927  
      rem_96_35_Y_div_84_31_g3739        A ^ -> Y v    CLKINVX1   0.110  4.874    5.037  
      rem_96_35_Y_div_84_31_g3727__9315  A1 v -> Y ^   AOI21X1    0.102  4.976    5.139  
      rem_96_35_Y_div_84_31_g3722__1881  B0 ^ -> Y v   AOI21X1    0.074  5.050    5.213  
      rem_96_35_Y_div_84_31_g3719__8246  C0 v -> Y ^   AOI211X1   0.146  5.196    5.359  
      rem_96_35_Y_div_84_31_g3713__6783  B0 ^ -> Y v   AOI21X1    0.070  5.266    5.430  
      rem_96_35_Y_div_84_31_g3709__4319  C1 v -> Y ^   OAI222XL   0.121  5.387    5.551  
      rem_96_35_Y_div_84_31_g3705__5477  B ^ -> Y v    NAND2XL    0.454  5.842    6.005  
      rem_96_35_Y_div_84_31_g3699__2346  A v -> Y ^    NAND2XL    0.429  6.270    6.434  
      rem_96_35_Y_div_84_31_g3698        A ^ -> Y v    CLKINVX1   0.144  6.414    6.577  
      rem_96_35_Y_div_84_31_g3687__7098  B1 v -> Y ^   AOI222XL   0.299  6.713    6.877  
      rem_96_35_Y_div_84_31_g3674__2398  B ^ -> Y v    NAND2XL    0.138  6.851    7.014  
      rem_96_35_Y_div_84_31_g3665__6161  B0 v -> Y ^   OAI21X1    0.092  6.943    7.106  
      rem_96_35_Y_div_84_31_g3659__7098  B ^ -> Y v    NAND2XL    0.106  7.049    7.212  
      rem_96_35_Y_div_84_31_g3657__5122  B0 v -> Y ^   OAI21X1    0.058  7.107    7.270  
      g7677__4319                        A1N ^ -> Y ^  OAI2BB1XL  0.145  7.252    7.415  
      out1_reg[2]                        D ^           SDFFHQX8   0.000  7.252    7.415  
      ------------------------------------------------------------------------------------
     Clock Rise Edge                      0.000
     = Beginpoint Arrival Time            0.000
     Other End Path:
      ------------------------------------------------------
      Instance     Arc    Cell      Delay  Arrival  Required  
                                           Time     Time  
      ------------------------------------------------------
      -            clk ^  -         -      0.000    -0.163  
      out1_reg[2]  CK ^   SDFFHQX8  0.000  0.000    -0.163  
      ------------------------------------------------------

