###############################################################
#  Generated by:      Cadence Tempus 20.10-p003_1
#  OS:                Linux x86_64(Host ID edatools-server2.iiitd.edu.in)
#  Generated on:      Mon Jun 29 19:35:20 2026
#  Design:            ALU
#  Command:           report_timing -retime path_slew_propagation -early -max_path 50 -nworst 50 -path_type full_clock > $report_dir/pba_hold_post_dft_balanced.rpt
###############################################################
Path 1: VIOLATED Hold Check with Pin sel_ff_reg[3]/CK 
Endpoint:   sel_ff_reg[3]/D (v) checked with  leading edge of 'clk'
Beginpoint: sel[3]          (v) triggered by  leading edge of '@'
Path Groups: {clk}
Retime Analysis { Data Path-Slew }
Other End Arrival Time          0.000
+ Hold                          0.063
+ Phase Shift                   0.000
= Required Time                 0.063
  Arrival Time                  0.000
  Slack Time                   -0.063
= Slack Time(original)         -0.063
     Clock Rise Edge                      0.000
     + Input Delay                        0.000
     = Beginpoint Arrival Time            0.000
     Timing Path:
      -----------------------------------------------------------
      Instance       Arc       Cell     Retime  Arrival  Required  
                                        Delay   Time     Time  
      -----------------------------------------------------------
      -              sel[3] v  -        -       0.000    0.063  
      sel_ff_reg[3]  -         SDFFQXL  0.000   0.000    0.063  
      -----------------------------------------------------------
     Clock Rise Edge                      0.000
     = Beginpoint Arrival Time            0.000
     Other End Path:
      --------------------------------------------------------
      Instance       Arc    Cell     Retime  Arrival  Required  
                                     Delay   Time     Time  
      --------------------------------------------------------
      -              clk ^  -        -       0.000    -0.063  
      sel_ff_reg[3]  -      SDFFQXL  0.000   0.000    -0.063  
      --------------------------------------------------------
Path 2: VIOLATED Hold Check with Pin sel_ff_reg[2]/CK 
Endpoint:   sel_ff_reg[2]/D (v) checked with  leading edge of 'clk'
Beginpoint: sel[2]          (v) triggered by  leading edge of '@'
Path Groups: {clk}
Retime Analysis { Data Path-Slew }
Other End Arrival Time          0.000
+ Hold                          0.063
+ Phase Shift                   0.000
= Required Time                 0.063
  Arrival Time                  0.000
  Slack Time                   -0.063
= Slack Time(original)         -0.063
     Clock Rise Edge                      0.000
     + Input Delay                        0.000
     = Beginpoint Arrival Time            0.000
     Timing Path:
      -----------------------------------------------------------
      Instance       Arc       Cell     Retime  Arrival  Required  
                                        Delay   Time     Time  
      -----------------------------------------------------------
      -              sel[2] v  -        -       0.000    0.063  
      sel_ff_reg[2]  -         SDFFQXL  0.000   0.000    0.063  
      -----------------------------------------------------------
     Clock Rise Edge                      0.000
     = Beginpoint Arrival Time            0.000
     Other End Path:
      --------------------------------------------------------
      Instance       Arc    Cell     Retime  Arrival  Required  
                                     Delay   Time     Time  
      --------------------------------------------------------
      -              clk ^  -        -       0.000    -0.063  
      sel_ff_reg[2]  -      SDFFQXL  0.000   0.000    -0.063  
      --------------------------------------------------------
Path 3: VIOLATED Hold Check with Pin sel_ff_reg[1]/CK 
Endpoint:   sel_ff_reg[1]/D (v) checked with  leading edge of 'clk'
Beginpoint: sel[1]          (v) triggered by  leading edge of '@'
Path Groups: {clk}
Retime Analysis { Data Path-Slew }
Other End Arrival Time          0.000
+ Hold                          0.063
+ Phase Shift                   0.000
= Required Time                 0.063
  Arrival Time                  0.000
  Slack Time                   -0.063
= Slack Time(original)         -0.063
     Clock Rise Edge                      0.000
     + Input Delay                        0.000
     = Beginpoint Arrival Time            0.000
     Timing Path:
      -----------------------------------------------------------
      Instance       Arc       Cell     Retime  Arrival  Required  
                                        Delay   Time     Time  
      -----------------------------------------------------------
      -              sel[1] v  -        -       0.000    0.063  
      sel_ff_reg[1]  -         SDFFQXL  0.000   0.000    0.063  
      -----------------------------------------------------------
     Clock Rise Edge                      0.000
     = Beginpoint Arrival Time            0.000
     Other End Path:
      --------------------------------------------------------
      Instance       Arc    Cell     Retime  Arrival  Required  
                                     Delay   Time     Time  
      --------------------------------------------------------
      -              clk ^  -        -       0.000    -0.063  
      sel_ff_reg[1]  -      SDFFQXL  0.000   0.000    -0.063  
      --------------------------------------------------------
Path 4: VIOLATED Hold Check with Pin sel_ff_reg[0]/CK 
Endpoint:   sel_ff_reg[0]/D (v) checked with  leading edge of 'clk'
Beginpoint: sel[0]          (v) triggered by  leading edge of '@'
Path Groups: {clk}
Retime Analysis { Data Path-Slew }
Other End Arrival Time          0.000
+ Hold                          0.063
+ Phase Shift                   0.000
= Required Time                 0.063
  Arrival Time                  0.000
  Slack Time                   -0.063
= Slack Time(original)         -0.063
     Clock Rise Edge                      0.000
     + Input Delay                        0.000
     = Beginpoint Arrival Time            0.000
     Timing Path:
      -----------------------------------------------------------
      Instance       Arc       Cell     Retime  Arrival  Required  
                                        Delay   Time     Time  
      -----------------------------------------------------------
      -              sel[0] v  -        -       0.000    0.063  
      sel_ff_reg[0]  -         SDFFQXL  0.000   0.000    0.063  
      -----------------------------------------------------------
     Clock Rise Edge                      0.000
     = Beginpoint Arrival Time            0.000
     Other End Path:
      --------------------------------------------------------
      Instance       Arc    Cell     Retime  Arrival  Required  
                                     Delay   Time     Time  
      --------------------------------------------------------
      -              clk ^  -        -       0.000    -0.063  
      sel_ff_reg[0]  -      SDFFQXL  0.000   0.000    -0.063  
      --------------------------------------------------------
Path 5: VIOLATED Hold Check with Pin Y_reg[7]/CK 
Endpoint:   Y_reg[7]/D (v) checked with  leading edge of 'clk'
Beginpoint: in2[7]     (v) triggered by  leading edge of '@'
Path Groups: {clk}
Retime Analysis { Data Path-Slew }
Other End Arrival Time          0.000
+ Hold                          0.040
+ Phase Shift                   0.000
= Required Time                 0.040
  Arrival Time                  0.000
  Slack Time                   -0.040
= Slack Time(original)         -0.040
     Clock Rise Edge                      0.000
     + Input Delay                        0.000
     = Beginpoint Arrival Time            0.000
     Timing Path:
      ------------------------------------------------------
      Instance  Arc       Cell     Retime  Arrival  Required  
                                   Delay   Time     Time  
      ------------------------------------------------------
      -         in2[7] v  -        -       0.000    0.040  
      Y_reg[7]  -         SDFFQX1  0.000   0.000    0.040  
      ------------------------------------------------------
     Clock Rise Edge                      0.000
     = Beginpoint Arrival Time            0.000
     Other End Path:
      ---------------------------------------------------
      Instance  Arc    Cell     Retime  Arrival  Required  
                                Delay   Time     Time  
      ---------------------------------------------------
      -         clk ^  -        -       0.000    -0.040  
      Y_reg[7]  -      SDFFQX1  0.000   0.000    -0.040  
      ---------------------------------------------------
Path 6: VIOLATED Hold Check with Pin Y_reg[6]/CK 
Endpoint:   Y_reg[6]/D (v) checked with  leading edge of 'clk'
Beginpoint: in2[6]     (v) triggered by  leading edge of '@'
Path Groups: {clk}
Retime Analysis { Data Path-Slew }
Other End Arrival Time          0.000
+ Hold                          0.040
+ Phase Shift                   0.000
= Required Time                 0.040
  Arrival Time                  0.000
  Slack Time                   -0.040
= Slack Time(original)         -0.040
     Clock Rise Edge                      0.000
     + Input Delay                        0.000
     = Beginpoint Arrival Time            0.000
     Timing Path:
      ------------------------------------------------------
      Instance  Arc       Cell     Retime  Arrival  Required  
                                   Delay   Time     Time  
      ------------------------------------------------------
      -         in2[6] v  -        -       0.000    0.040  
      Y_reg[6]  -         SDFFQX1  0.000   0.000    0.040  
      ------------------------------------------------------
     Clock Rise Edge                      0.000
     = Beginpoint Arrival Time            0.000
     Other End Path:
      ---------------------------------------------------
      Instance  Arc    Cell     Retime  Arrival  Required  
                                Delay   Time     Time  
      ---------------------------------------------------
      -         clk ^  -        -       0.000    -0.040  
      Y_reg[6]  -      SDFFQX1  0.000   0.000    -0.040  
      ---------------------------------------------------
Path 7: VIOLATED Hold Check with Pin Y_reg[5]/CK 
Endpoint:   Y_reg[5]/D (v) checked with  leading edge of 'clk'
Beginpoint: in2[5]     (v) triggered by  leading edge of '@'
Path Groups: {clk}
Retime Analysis { Data Path-Slew }
Other End Arrival Time          0.000
+ Hold                          0.040
+ Phase Shift                   0.000
= Required Time                 0.040
  Arrival Time                  0.000
  Slack Time                   -0.040
= Slack Time(original)         -0.040
     Clock Rise Edge                      0.000
     + Input Delay                        0.000
     = Beginpoint Arrival Time            0.000
     Timing Path:
      ------------------------------------------------------
      Instance  Arc       Cell     Retime  Arrival  Required  
                                   Delay   Time     Time  
      ------------------------------------------------------
      -         in2[5] v  -        -       0.000    0.040  
      Y_reg[5]  -         SDFFQX1  0.000   0.000    0.040  
      ------------------------------------------------------
     Clock Rise Edge                      0.000
     = Beginpoint Arrival Time            0.000
     Other End Path:
      ---------------------------------------------------
      Instance  Arc    Cell     Retime  Arrival  Required  
                                Delay   Time     Time  
      ---------------------------------------------------
      -         clk ^  -        -       0.000    -0.040  
      Y_reg[5]  -      SDFFQX1  0.000   0.000    -0.040  
      ---------------------------------------------------
Path 8: VIOLATED Hold Check with Pin Y_reg[4]/CK 
Endpoint:   Y_reg[4]/D (v) checked with  leading edge of 'clk'
Beginpoint: in2[4]     (v) triggered by  leading edge of '@'
Path Groups: {clk}
Retime Analysis { Data Path-Slew }
Other End Arrival Time          0.000
+ Hold                          0.040
+ Phase Shift                   0.000
= Required Time                 0.040
  Arrival Time                  0.000
  Slack Time                   -0.040
= Slack Time(original)         -0.040
     Clock Rise Edge                      0.000
     + Input Delay                        0.000
     = Beginpoint Arrival Time            0.000
     Timing Path:
      ------------------------------------------------------
      Instance  Arc       Cell     Retime  Arrival  Required  
                                   Delay   Time     Time  
      ------------------------------------------------------
      -         in2[4] v  -        -       0.000    0.040  
      Y_reg[4]  -         SDFFQX1  0.000   0.000    0.040  
      ------------------------------------------------------
     Clock Rise Edge                      0.000
     = Beginpoint Arrival Time            0.000
     Other End Path:
      ---------------------------------------------------
      Instance  Arc    Cell     Retime  Arrival  Required  
                                Delay   Time     Time  
      ---------------------------------------------------
      -         clk ^  -        -       0.000    -0.040  
      Y_reg[4]  -      SDFFQX1  0.000   0.000    -0.040  
      ---------------------------------------------------
Path 9: VIOLATED Hold Check with Pin Y_reg[3]/CK 
Endpoint:   Y_reg[3]/D (v) checked with  leading edge of 'clk'
Beginpoint: in2[3]     (v) triggered by  leading edge of '@'
Path Groups: {clk}
Retime Analysis { Data Path-Slew }
Other End Arrival Time          0.000
+ Hold                          0.040
+ Phase Shift                   0.000
= Required Time                 0.040
  Arrival Time                  0.000
  Slack Time                   -0.040
= Slack Time(original)         -0.040
     Clock Rise Edge                      0.000
     + Input Delay                        0.000
     = Beginpoint Arrival Time            0.000
     Timing Path:
      ------------------------------------------------------
      Instance  Arc       Cell     Retime  Arrival  Required  
                                   Delay   Time     Time  
      ------------------------------------------------------
      -         in2[3] v  -        -       0.000    0.040  
      Y_reg[3]  -         SDFFQX1  0.000   0.000    0.040  
      ------------------------------------------------------
     Clock Rise Edge                      0.000
     = Beginpoint Arrival Time            0.000
     Other End Path:
      ---------------------------------------------------
      Instance  Arc    Cell     Retime  Arrival  Required  
                                Delay   Time     Time  
      ---------------------------------------------------
      -         clk ^  -        -       0.000    -0.040  
      Y_reg[3]  -      SDFFQX1  0.000   0.000    -0.040  
      ---------------------------------------------------
Path 10: VIOLATED Hold Check with Pin Y_reg[2]/CK 
Endpoint:   Y_reg[2]/D (v) checked with  leading edge of 'clk'
Beginpoint: in2[2]     (v) triggered by  leading edge of '@'
Path Groups: {clk}
Retime Analysis { Data Path-Slew }
Other End Arrival Time          0.000
+ Hold                          0.040
+ Phase Shift                   0.000
= Required Time                 0.040
  Arrival Time                  0.000
  Slack Time                   -0.040
= Slack Time(original)         -0.040
     Clock Rise Edge                      0.000
     + Input Delay                        0.000
     = Beginpoint Arrival Time            0.000
     Timing Path:
      ------------------------------------------------------
      Instance  Arc       Cell     Retime  Arrival  Required  
                                   Delay   Time     Time  
      ------------------------------------------------------
      -         in2[2] v  -        -       0.000    0.040  
      Y_reg[2]  -         SDFFQX1  0.000   0.000    0.040  
      ------------------------------------------------------
     Clock Rise Edge                      0.000
     = Beginpoint Arrival Time            0.000
     Other End Path:
      ---------------------------------------------------
      Instance  Arc    Cell     Retime  Arrival  Required  
                                Delay   Time     Time  
      ---------------------------------------------------
      -         clk ^  -        -       0.000    -0.040  
      Y_reg[2]  -      SDFFQX1  0.000   0.000    -0.040  
      ---------------------------------------------------
Path 11: VIOLATED Hold Check with Pin Y_reg[1]/CK 
Endpoint:   Y_reg[1]/D (v) checked with  leading edge of 'clk'
Beginpoint: in2[1]     (v) triggered by  leading edge of '@'
Path Groups: {clk}
Retime Analysis { Data Path-Slew }
Other End Arrival Time          0.000
+ Hold                          0.040
+ Phase Shift                   0.000
= Required Time                 0.040
  Arrival Time                  0.000
  Slack Time                   -0.040
= Slack Time(original)         -0.040
     Clock Rise Edge                      0.000
     + Input Delay                        0.000
     = Beginpoint Arrival Time            0.000
     Timing Path:
      ------------------------------------------------------
      Instance  Arc       Cell     Retime  Arrival  Required  
                                   Delay   Time     Time  
      ------------------------------------------------------
      -         in2[1] v  -        -       0.000    0.040  
      Y_reg[1]  -         SDFFQX1  0.000   0.000    0.040  
      ------------------------------------------------------
     Clock Rise Edge                      0.000
     = Beginpoint Arrival Time            0.000
     Other End Path:
      ---------------------------------------------------
      Instance  Arc    Cell     Retime  Arrival  Required  
                                Delay   Time     Time  
      ---------------------------------------------------
      -         clk ^  -        -       0.000    -0.040  
      Y_reg[1]  -      SDFFQX1  0.000   0.000    -0.040  
      ---------------------------------------------------
Path 12: VIOLATED Hold Check with Pin Y_reg[0]/CK 
Endpoint:   Y_reg[0]/D (v) checked with  leading edge of 'clk'
Beginpoint: in2[0]     (v) triggered by  leading edge of '@'
Path Groups: {clk}
Retime Analysis { Data Path-Slew }
Other End Arrival Time          0.000
+ Hold                          0.040
+ Phase Shift                   0.000
= Required Time                 0.040
  Arrival Time                  0.000
  Slack Time                   -0.040
= Slack Time(original)         -0.040
     Clock Rise Edge                      0.000
     + Input Delay                        0.000
     = Beginpoint Arrival Time            0.000
     Timing Path:
      ------------------------------------------------------
      Instance  Arc       Cell     Retime  Arrival  Required  
                                   Delay   Time     Time  
      ------------------------------------------------------
      -         in2[0] v  -        -       0.000    0.040  
      Y_reg[0]  -         SDFFQX1  0.000   0.000    0.040  
      ------------------------------------------------------
     Clock Rise Edge                      0.000
     = Beginpoint Arrival Time            0.000
     Other End Path:
      ---------------------------------------------------
      Instance  Arc    Cell     Retime  Arrival  Required  
                                Delay   Time     Time  
      ---------------------------------------------------
      -         clk ^  -        -       0.000    -0.040  
      Y_reg[0]  -      SDFFQX1  0.000   0.000    -0.040  
      ---------------------------------------------------
Path 13: VIOLATED Hold Check with Pin X_reg[7]/CK 
Endpoint:   X_reg[7]/D (v) checked with  leading edge of 'clk'
Beginpoint: in1[7]     (v) triggered by  leading edge of '@'
Path Groups: {clk}
Retime Analysis { Data Path-Slew }
Other End Arrival Time          0.000
+ Hold                          0.040
+ Phase Shift                   0.000
= Required Time                 0.040
  Arrival Time                  0.000
  Slack Time                   -0.040
= Slack Time(original)         -0.040
     Clock Rise Edge                      0.000
     + Input Delay                        0.000
     = Beginpoint Arrival Time            0.000
     Timing Path:
      ------------------------------------------------------
      Instance  Arc       Cell     Retime  Arrival  Required  
                                   Delay   Time     Time  
      ------------------------------------------------------
      -         in1[7] v  -        -       0.000    0.040  
      X_reg[7]  -         SDFFQX1  0.000   0.000    0.040  
      ------------------------------------------------------
     Clock Rise Edge                      0.000
     = Beginpoint Arrival Time            0.000
     Other End Path:
      ---------------------------------------------------
      Instance  Arc    Cell     Retime  Arrival  Required  
                                Delay   Time     Time  
      ---------------------------------------------------
      -         clk ^  -        -       0.000    -0.040  
      X_reg[7]  -      SDFFQX1  0.000   0.000    -0.040  
      ---------------------------------------------------
Path 14: VIOLATED Hold Check with Pin X_reg[6]/CK 
Endpoint:   X_reg[6]/D (v) checked with  leading edge of 'clk'
Beginpoint: in1[6]     (v) triggered by  leading edge of '@'
Path Groups: {clk}
Retime Analysis { Data Path-Slew }
Other End Arrival Time          0.000
+ Hold                          0.040
+ Phase Shift                   0.000
= Required Time                 0.040
  Arrival Time                  0.000
  Slack Time                   -0.040
= Slack Time(original)         -0.040
     Clock Rise Edge                      0.000
     + Input Delay                        0.000
     = Beginpoint Arrival Time            0.000
     Timing Path:
      ------------------------------------------------------
      Instance  Arc       Cell     Retime  Arrival  Required  
                                   Delay   Time     Time  
      ------------------------------------------------------
      -         in1[6] v  -        -       0.000    0.040  
      X_reg[6]  -         SDFFQX1  0.000   0.000    0.040  
      ------------------------------------------------------
     Clock Rise Edge                      0.000
     = Beginpoint Arrival Time            0.000
     Other End Path:
      ---------------------------------------------------
      Instance  Arc    Cell     Retime  Arrival  Required  
                                Delay   Time     Time  
      ---------------------------------------------------
      -         clk ^  -        -       0.000    -0.040  
      X_reg[6]  -      SDFFQX1  0.000   0.000    -0.040  
      ---------------------------------------------------
Path 15: VIOLATED Hold Check with Pin X_reg[5]/CK 
Endpoint:   X_reg[5]/D (v) checked with  leading edge of 'clk'
Beginpoint: in1[5]     (v) triggered by  leading edge of '@'
Path Groups: {clk}
Retime Analysis { Data Path-Slew }
Other End Arrival Time          0.000
+ Hold                          0.040
+ Phase Shift                   0.000
= Required Time                 0.040
  Arrival Time                  0.000
  Slack Time                   -0.040
= Slack Time(original)         -0.040
     Clock Rise Edge                      0.000
     + Input Delay                        0.000
     = Beginpoint Arrival Time            0.000
     Timing Path:
      ------------------------------------------------------
      Instance  Arc       Cell     Retime  Arrival  Required  
                                   Delay   Time     Time  
      ------------------------------------------------------
      -         in1[5] v  -        -       0.000    0.040  
      X_reg[5]  -         SDFFQX1  0.000   0.000    0.040  
      ------------------------------------------------------
     Clock Rise Edge                      0.000
     = Beginpoint Arrival Time            0.000
     Other End Path:
      ---------------------------------------------------
      Instance  Arc    Cell     Retime  Arrival  Required  
                                Delay   Time     Time  
      ---------------------------------------------------
      -         clk ^  -        -       0.000    -0.040  
      X_reg[5]  -      SDFFQX1  0.000   0.000    -0.040  
      ---------------------------------------------------
Path 16: VIOLATED Hold Check with Pin X_reg[4]/CK 
Endpoint:   X_reg[4]/D (v) checked with  leading edge of 'clk'
Beginpoint: in1[4]     (v) triggered by  leading edge of '@'
Path Groups: {clk}
Retime Analysis { Data Path-Slew }
Other End Arrival Time          0.000
+ Hold                          0.040
+ Phase Shift                   0.000
= Required Time                 0.040
  Arrival Time                  0.000
  Slack Time                   -0.040
= Slack Time(original)         -0.040
     Clock Rise Edge                      0.000
     + Input Delay                        0.000
     = Beginpoint Arrival Time            0.000
     Timing Path:
      ------------------------------------------------------
      Instance  Arc       Cell     Retime  Arrival  Required  
                                   Delay   Time     Time  
      ------------------------------------------------------
      -         in1[4] v  -        -       0.000    0.040  
      X_reg[4]  -         SDFFQX1  0.000   0.000    0.040  
      ------------------------------------------------------
     Clock Rise Edge                      0.000
     = Beginpoint Arrival Time            0.000
     Other End Path:
      ---------------------------------------------------
      Instance  Arc    Cell     Retime  Arrival  Required  
                                Delay   Time     Time  
      ---------------------------------------------------
      -         clk ^  -        -       0.000    -0.040  
      X_reg[4]  -      SDFFQX1  0.000   0.000    -0.040  
      ---------------------------------------------------
Path 17: VIOLATED Hold Check with Pin X_reg[3]/CK 
Endpoint:   X_reg[3]/D (v) checked with  leading edge of 'clk'
Beginpoint: in1[3]     (v) triggered by  leading edge of '@'
Path Groups: {clk}
Retime Analysis { Data Path-Slew }
Other End Arrival Time          0.000
+ Hold                          0.040
+ Phase Shift                   0.000
= Required Time                 0.040
  Arrival Time                  0.000
  Slack Time                   -0.040
= Slack Time(original)         -0.040
     Clock Rise Edge                      0.000
     + Input Delay                        0.000
     = Beginpoint Arrival Time            0.000
     Timing Path:
      ------------------------------------------------------
      Instance  Arc       Cell     Retime  Arrival  Required  
                                   Delay   Time     Time  
      ------------------------------------------------------
      -         in1[3] v  -        -       0.000    0.040  
      X_reg[3]  -         SDFFQX1  0.000   0.000    0.040  
      ------------------------------------------------------
     Clock Rise Edge                      0.000
     = Beginpoint Arrival Time            0.000
     Other End Path:
      ---------------------------------------------------
      Instance  Arc    Cell     Retime  Arrival  Required  
                                Delay   Time     Time  
      ---------------------------------------------------
      -         clk ^  -        -       0.000    -0.040  
      X_reg[3]  -      SDFFQX1  0.000   0.000    -0.040  
      ---------------------------------------------------
Path 18: VIOLATED Hold Check with Pin X_reg[2]/CK 
Endpoint:   X_reg[2]/D (v) checked with  leading edge of 'clk'
Beginpoint: in1[2]     (v) triggered by  leading edge of '@'
Path Groups: {clk}
Retime Analysis { Data Path-Slew }
Other End Arrival Time          0.000
+ Hold                          0.040
+ Phase Shift                   0.000
= Required Time                 0.040
  Arrival Time                  0.000
  Slack Time                   -0.040
= Slack Time(original)         -0.040
     Clock Rise Edge                      0.000
     + Input Delay                        0.000
     = Beginpoint Arrival Time            0.000
     Timing Path:
      ------------------------------------------------------
      Instance  Arc       Cell     Retime  Arrival  Required  
                                   Delay   Time     Time  
      ------------------------------------------------------
      -         in1[2] v  -        -       0.000    0.040  
      X_reg[2]  -         SDFFQX1  0.000   0.000    0.040  
      ------------------------------------------------------
     Clock Rise Edge                      0.000
     = Beginpoint Arrival Time            0.000
     Other End Path:
      ---------------------------------------------------
      Instance  Arc    Cell     Retime  Arrival  Required  
                                Delay   Time     Time  
      ---------------------------------------------------
      -         clk ^  -        -       0.000    -0.040  
      X_reg[2]  -      SDFFQX1  0.000   0.000    -0.040  
      ---------------------------------------------------
Path 19: VIOLATED Hold Check with Pin X_reg[1]/CK 
Endpoint:   X_reg[1]/D (v) checked with  leading edge of 'clk'
Beginpoint: in1[1]     (v) triggered by  leading edge of '@'
Path Groups: {clk}
Retime Analysis { Data Path-Slew }
Other End Arrival Time          0.000
+ Hold                          0.040
+ Phase Shift                   0.000
= Required Time                 0.040
  Arrival Time                  0.000
  Slack Time                   -0.040
= Slack Time(original)         -0.040
     Clock Rise Edge                      0.000
     + Input Delay                        0.000
     = Beginpoint Arrival Time            0.000
     Timing Path:
      ------------------------------------------------------
      Instance  Arc       Cell     Retime  Arrival  Required  
                                   Delay   Time     Time  
      ------------------------------------------------------
      -         in1[1] v  -        -       0.000    0.040  
      X_reg[1]  -         SDFFQX1  0.000   0.000    0.040  
      ------------------------------------------------------
     Clock Rise Edge                      0.000
     = Beginpoint Arrival Time            0.000
     Other End Path:
      ---------------------------------------------------
      Instance  Arc    Cell     Retime  Arrival  Required  
                                Delay   Time     Time  
      ---------------------------------------------------
      -         clk ^  -        -       0.000    -0.040  
      X_reg[1]  -      SDFFQX1  0.000   0.000    -0.040  
      ---------------------------------------------------
Path 20: VIOLATED Hold Check with Pin X_reg[0]/CK 
Endpoint:   X_reg[0]/D (v) checked with  leading edge of 'clk'
Beginpoint: in1[0]     (v) triggered by  leading edge of '@'
Path Groups: {clk}
Retime Analysis { Data Path-Slew }
Other End Arrival Time          0.000
+ Hold                          0.040
+ Phase Shift                   0.000
= Required Time                 0.040
  Arrival Time                  0.000
  Slack Time                   -0.040
= Slack Time(original)         -0.040
     Clock Rise Edge                      0.000
     + Input Delay                        0.000
     = Beginpoint Arrival Time            0.000
     Timing Path:
      ------------------------------------------------------
      Instance  Arc       Cell     Retime  Arrival  Required  
                                   Delay   Time     Time  
      ------------------------------------------------------
      -         in1[0] v  -        -       0.000    0.040  
      X_reg[0]  -         SDFFQX1  0.000   0.000    0.040  
      ------------------------------------------------------
     Clock Rise Edge                      0.000
     = Beginpoint Arrival Time            0.000
     Other End Path:
      ---------------------------------------------------
      Instance  Arc    Cell     Retime  Arrival  Required  
                                Delay   Time     Time  
      ---------------------------------------------------
      -         clk ^  -        -       0.000    -0.040  
      X_reg[0]  -      SDFFQX1  0.000   0.000    -0.040  
      ---------------------------------------------------
Path 21: MET Hold Check with Pin sel_ff_reg[3]/CK 
Endpoint:   sel_ff_reg[3]/D (^) checked with  leading edge of 'clk'
Beginpoint: sel[3]          (^) triggered by  leading edge of '@'
Path Groups: {clk}
Retime Analysis { Data Path-Slew }
Other End Arrival Time          0.000
+ Hold                         -0.053
+ Phase Shift                   0.000
= Required Time                -0.053
  Arrival Time                  0.000
  Slack Time                    0.053
= Slack Time(original)          0.053
     Clock Rise Edge                      0.000
     + Input Delay                        0.000
     = Beginpoint Arrival Time            0.000
     Timing Path:
      -----------------------------------------------------------
      Instance       Arc       Cell     Retime  Arrival  Required  
                                        Delay   Time     Time  
      -----------------------------------------------------------
      -              sel[3] ^  -        -       0.000    -0.053  
      sel_ff_reg[3]  -         SDFFQXL  0.000   0.000    -0.053  
      -----------------------------------------------------------
     Clock Rise Edge                      0.000
     = Beginpoint Arrival Time            0.000
     Other End Path:
      --------------------------------------------------------
      Instance       Arc    Cell     Retime  Arrival  Required  
                                     Delay   Time     Time  
      --------------------------------------------------------
      -              clk ^  -        -       0.000    0.053  
      sel_ff_reg[3]  -      SDFFQXL  0.000   0.000    0.053  
      --------------------------------------------------------
Path 22: MET Hold Check with Pin sel_ff_reg[2]/CK 
Endpoint:   sel_ff_reg[2]/D (^) checked with  leading edge of 'clk'
Beginpoint: sel[2]          (^) triggered by  leading edge of '@'
Path Groups: {clk}
Retime Analysis { Data Path-Slew }
Other End Arrival Time          0.000
+ Hold                         -0.053
+ Phase Shift                   0.000
= Required Time                -0.053
  Arrival Time                  0.000
  Slack Time                    0.053
= Slack Time(original)          0.053
     Clock Rise Edge                      0.000
     + Input Delay                        0.000
     = Beginpoint Arrival Time            0.000
     Timing Path:
      -----------------------------------------------------------
      Instance       Arc       Cell     Retime  Arrival  Required  
                                        Delay   Time     Time  
      -----------------------------------------------------------
      -              sel[2] ^  -        -       0.000    -0.053  
      sel_ff_reg[2]  -         SDFFQXL  0.000   0.000    -0.053  
      -----------------------------------------------------------
     Clock Rise Edge                      0.000
     = Beginpoint Arrival Time            0.000
     Other End Path:
      --------------------------------------------------------
      Instance       Arc    Cell     Retime  Arrival  Required  
                                     Delay   Time     Time  
      --------------------------------------------------------
      -              clk ^  -        -       0.000    0.053  
      sel_ff_reg[2]  -      SDFFQXL  0.000   0.000    0.053  
      --------------------------------------------------------
Path 23: MET Hold Check with Pin sel_ff_reg[1]/CK 
Endpoint:   sel_ff_reg[1]/D (^) checked with  leading edge of 'clk'
Beginpoint: sel[1]          (^) triggered by  leading edge of '@'
Path Groups: {clk}
Retime Analysis { Data Path-Slew }
Other End Arrival Time          0.000
+ Hold                         -0.053
+ Phase Shift                   0.000
= Required Time                -0.053
  Arrival Time                  0.000
  Slack Time                    0.053
= Slack Time(original)          0.053
     Clock Rise Edge                      0.000
     + Input Delay                        0.000
     = Beginpoint Arrival Time            0.000
     Timing Path:
      -----------------------------------------------------------
      Instance       Arc       Cell     Retime  Arrival  Required  
                                        Delay   Time     Time  
      -----------------------------------------------------------
      -              sel[1] ^  -        -       0.000    -0.053  
      sel_ff_reg[1]  -         SDFFQXL  0.000   0.000    -0.053  
      -----------------------------------------------------------
     Clock Rise Edge                      0.000
     = Beginpoint Arrival Time            0.000
     Other End Path:
      --------------------------------------------------------
      Instance       Arc    Cell     Retime  Arrival  Required  
                                     Delay   Time     Time  
      --------------------------------------------------------
      -              clk ^  -        -       0.000    0.053  
      sel_ff_reg[1]  -      SDFFQXL  0.000   0.000    0.053  
      --------------------------------------------------------
Path 24: MET Hold Check with Pin sel_ff_reg[0]/CK 
Endpoint:   sel_ff_reg[0]/D (^) checked with  leading edge of 'clk'
Beginpoint: sel[0]          (^) triggered by  leading edge of '@'
Path Groups: {clk}
Retime Analysis { Data Path-Slew }
Other End Arrival Time          0.000
+ Hold                         -0.053
+ Phase Shift                   0.000
= Required Time                -0.053
  Arrival Time                  0.000
  Slack Time                    0.053
= Slack Time(original)          0.053
     Clock Rise Edge                      0.000
     + Input Delay                        0.000
     = Beginpoint Arrival Time            0.000
     Timing Path:
      -----------------------------------------------------------
      Instance       Arc       Cell     Retime  Arrival  Required  
                                        Delay   Time     Time  
      -----------------------------------------------------------
      -              sel[0] ^  -        -       0.000    -0.053  
      sel_ff_reg[0]  -         SDFFQXL  0.000   0.000    -0.053  
      -----------------------------------------------------------
     Clock Rise Edge                      0.000
     = Beginpoint Arrival Time            0.000
     Other End Path:
      --------------------------------------------------------
      Instance       Arc    Cell     Retime  Arrival  Required  
                                     Delay   Time     Time  
      --------------------------------------------------------
      -              clk ^  -        -       0.000    0.053  
      sel_ff_reg[0]  -      SDFFQXL  0.000   0.000    0.053  
      --------------------------------------------------------
Path 25: MET Hold Check with Pin Y_reg[7]/CK 
Endpoint:   Y_reg[7]/D (^) checked with  leading edge of 'clk'
Beginpoint: in2[7]     (^) triggered by  leading edge of '@'
Path Groups: {clk}
Retime Analysis { Data Path-Slew }
Other End Arrival Time          0.000
+ Hold                         -0.053
+ Phase Shift                   0.000
= Required Time                -0.053
  Arrival Time                  0.000
  Slack Time                    0.053
= Slack Time(original)          0.053
     Clock Rise Edge                      0.000
     + Input Delay                        0.000
     = Beginpoint Arrival Time            0.000
     Timing Path:
      ------------------------------------------------------
      Instance  Arc       Cell     Retime  Arrival  Required  
                                   Delay   Time     Time  
      ------------------------------------------------------
      -         in2[7] ^  -        -       0.000    -0.053  
      Y_reg[7]  -         SDFFQX1  0.000   0.000    -0.053  
      ------------------------------------------------------
     Clock Rise Edge                      0.000
     = Beginpoint Arrival Time            0.000
     Other End Path:
      ---------------------------------------------------
      Instance  Arc    Cell     Retime  Arrival  Required  
                                Delay   Time     Time  
      ---------------------------------------------------
      -         clk ^  -        -       0.000    0.053  
      Y_reg[7]  -      SDFFQX1  0.000   0.000    0.053  
      ---------------------------------------------------
Path 26: MET Hold Check with Pin Y_reg[6]/CK 
Endpoint:   Y_reg[6]/D (^) checked with  leading edge of 'clk'
Beginpoint: in2[6]     (^) triggered by  leading edge of '@'
Path Groups: {clk}
Retime Analysis { Data Path-Slew }
Other End Arrival Time          0.000
+ Hold                         -0.053
+ Phase Shift                   0.000
= Required Time                -0.053
  Arrival Time                  0.000
  Slack Time                    0.053
= Slack Time(original)          0.053
     Clock Rise Edge                      0.000
     + Input Delay                        0.000
     = Beginpoint Arrival Time            0.000
     Timing Path:
      ------------------------------------------------------
      Instance  Arc       Cell     Retime  Arrival  Required  
                                   Delay   Time     Time  
      ------------------------------------------------------
      -         in2[6] ^  -        -       0.000    -0.053  
      Y_reg[6]  -         SDFFQX1  0.000   0.000    -0.053  
      ------------------------------------------------------
     Clock Rise Edge                      0.000
     = Beginpoint Arrival Time            0.000
     Other End Path:
      ---------------------------------------------------
      Instance  Arc    Cell     Retime  Arrival  Required  
                                Delay   Time     Time  
      ---------------------------------------------------
      -         clk ^  -        -       0.000    0.053  
      Y_reg[6]  -      SDFFQX1  0.000   0.000    0.053  
      ---------------------------------------------------
Path 27: MET Hold Check with Pin Y_reg[5]/CK 
Endpoint:   Y_reg[5]/D (^) checked with  leading edge of 'clk'
Beginpoint: in2[5]     (^) triggered by  leading edge of '@'
Path Groups: {clk}
Retime Analysis { Data Path-Slew }
Other End Arrival Time          0.000
+ Hold                         -0.053
+ Phase Shift                   0.000
= Required Time                -0.053
  Arrival Time                  0.000
  Slack Time                    0.053
= Slack Time(original)          0.053
     Clock Rise Edge                      0.000
     + Input Delay                        0.000
     = Beginpoint Arrival Time            0.000
     Timing Path:
      ------------------------------------------------------
      Instance  Arc       Cell     Retime  Arrival  Required  
                                   Delay   Time     Time  
      ------------------------------------------------------
      -         in2[5] ^  -        -       0.000    -0.053  
      Y_reg[5]  -         SDFFQX1  0.000   0.000    -0.053  
      ------------------------------------------------------
     Clock Rise Edge                      0.000
     = Beginpoint Arrival Time            0.000
     Other End Path:
      ---------------------------------------------------
      Instance  Arc    Cell     Retime  Arrival  Required  
                                Delay   Time     Time  
      ---------------------------------------------------
      -         clk ^  -        -       0.000    0.053  
      Y_reg[5]  -      SDFFQX1  0.000   0.000    0.053  
      ---------------------------------------------------
Path 28: MET Hold Check with Pin Y_reg[4]/CK 
Endpoint:   Y_reg[4]/D (^) checked with  leading edge of 'clk'
Beginpoint: in2[4]     (^) triggered by  leading edge of '@'
Path Groups: {clk}
Retime Analysis { Data Path-Slew }
Other End Arrival Time          0.000
+ Hold                         -0.053
+ Phase Shift                   0.000
= Required Time                -0.053
  Arrival Time                  0.000
  Slack Time                    0.053
= Slack Time(original)          0.053
     Clock Rise Edge                      0.000
     + Input Delay                        0.000
     = Beginpoint Arrival Time            0.000
     Timing Path:
      ------------------------------------------------------
      Instance  Arc       Cell     Retime  Arrival  Required  
                                   Delay   Time     Time  
      ------------------------------------------------------
      -         in2[4] ^  -        -       0.000    -0.053  
      Y_reg[4]  -         SDFFQX1  0.000   0.000    -0.053  
      ------------------------------------------------------
     Clock Rise Edge                      0.000
     = Beginpoint Arrival Time            0.000
     Other End Path:
      ---------------------------------------------------
      Instance  Arc    Cell     Retime  Arrival  Required  
                                Delay   Time     Time  
      ---------------------------------------------------
      -         clk ^  -        -       0.000    0.053  
      Y_reg[4]  -      SDFFQX1  0.000   0.000    0.053  
      ---------------------------------------------------
Path 29: MET Hold Check with Pin Y_reg[3]/CK 
Endpoint:   Y_reg[3]/D (^) checked with  leading edge of 'clk'
Beginpoint: in2[3]     (^) triggered by  leading edge of '@'
Path Groups: {clk}
Retime Analysis { Data Path-Slew }
Other End Arrival Time          0.000
+ Hold                         -0.053
+ Phase Shift                   0.000
= Required Time                -0.053
  Arrival Time                  0.000
  Slack Time                    0.053
= Slack Time(original)          0.053
     Clock Rise Edge                      0.000
     + Input Delay                        0.000
     = Beginpoint Arrival Time            0.000
     Timing Path:
      ------------------------------------------------------
      Instance  Arc       Cell     Retime  Arrival  Required  
                                   Delay   Time     Time  
      ------------------------------------------------------
      -         in2[3] ^  -        -       0.000    -0.053  
      Y_reg[3]  -         SDFFQX1  0.000   0.000    -0.053  
      ------------------------------------------------------
     Clock Rise Edge                      0.000
     = Beginpoint Arrival Time            0.000
     Other End Path:
      ---------------------------------------------------
      Instance  Arc    Cell     Retime  Arrival  Required  
                                Delay   Time     Time  
      ---------------------------------------------------
      -         clk ^  -        -       0.000    0.053  
      Y_reg[3]  -      SDFFQX1  0.000   0.000    0.053  
      ---------------------------------------------------
Path 30: MET Hold Check with Pin Y_reg[2]/CK 
Endpoint:   Y_reg[2]/D (^) checked with  leading edge of 'clk'
Beginpoint: in2[2]     (^) triggered by  leading edge of '@'
Path Groups: {clk}
Retime Analysis { Data Path-Slew }
Other End Arrival Time          0.000
+ Hold                         -0.053
+ Phase Shift                   0.000
= Required Time                -0.053
  Arrival Time                  0.000
  Slack Time                    0.053
= Slack Time(original)          0.053
     Clock Rise Edge                      0.000
     + Input Delay                        0.000
     = Beginpoint Arrival Time            0.000
     Timing Path:
      ------------------------------------------------------
      Instance  Arc       Cell     Retime  Arrival  Required  
                                   Delay   Time     Time  
      ------------------------------------------------------
      -         in2[2] ^  -        -       0.000    -0.053  
      Y_reg[2]  -         SDFFQX1  0.000   0.000    -0.053  
      ------------------------------------------------------
     Clock Rise Edge                      0.000
     = Beginpoint Arrival Time            0.000
     Other End Path:
      ---------------------------------------------------
      Instance  Arc    Cell     Retime  Arrival  Required  
                                Delay   Time     Time  
      ---------------------------------------------------
      -         clk ^  -        -       0.000    0.053  
      Y_reg[2]  -      SDFFQX1  0.000   0.000    0.053  
      ---------------------------------------------------
Path 31: MET Hold Check with Pin Y_reg[1]/CK 
Endpoint:   Y_reg[1]/D (^) checked with  leading edge of 'clk'
Beginpoint: in2[1]     (^) triggered by  leading edge of '@'
Path Groups: {clk}
Retime Analysis { Data Path-Slew }
Other End Arrival Time          0.000
+ Hold                         -0.053
+ Phase Shift                   0.000
= Required Time                -0.053
  Arrival Time                  0.000
  Slack Time                    0.053
= Slack Time(original)          0.053
     Clock Rise Edge                      0.000
     + Input Delay                        0.000
     = Beginpoint Arrival Time            0.000
     Timing Path:
      ------------------------------------------------------
      Instance  Arc       Cell     Retime  Arrival  Required  
                                   Delay   Time     Time  
      ------------------------------------------------------
      -         in2[1] ^  -        -       0.000    -0.053  
      Y_reg[1]  -         SDFFQX1  0.000   0.000    -0.053  
      ------------------------------------------------------
     Clock Rise Edge                      0.000
     = Beginpoint Arrival Time            0.000
     Other End Path:
      ---------------------------------------------------
      Instance  Arc    Cell     Retime  Arrival  Required  
                                Delay   Time     Time  
      ---------------------------------------------------
      -         clk ^  -        -       0.000    0.053  
      Y_reg[1]  -      SDFFQX1  0.000   0.000    0.053  
      ---------------------------------------------------
Path 32: MET Hold Check with Pin Y_reg[0]/CK 
Endpoint:   Y_reg[0]/D (^) checked with  leading edge of 'clk'
Beginpoint: in2[0]     (^) triggered by  leading edge of '@'
Path Groups: {clk}
Retime Analysis { Data Path-Slew }
Other End Arrival Time          0.000
+ Hold                         -0.053
+ Phase Shift                   0.000
= Required Time                -0.053
  Arrival Time                  0.000
  Slack Time                    0.053
= Slack Time(original)          0.053
     Clock Rise Edge                      0.000
     + Input Delay                        0.000
     = Beginpoint Arrival Time            0.000
     Timing Path:
      ------------------------------------------------------
      Instance  Arc       Cell     Retime  Arrival  Required  
                                   Delay   Time     Time  
      ------------------------------------------------------
      -         in2[0] ^  -        -       0.000    -0.053  
      Y_reg[0]  -         SDFFQX1  0.000   0.000    -0.053  
      ------------------------------------------------------
     Clock Rise Edge                      0.000
     = Beginpoint Arrival Time            0.000
     Other End Path:
      ---------------------------------------------------
      Instance  Arc    Cell     Retime  Arrival  Required  
                                Delay   Time     Time  
      ---------------------------------------------------
      -         clk ^  -        -       0.000    0.053  
      Y_reg[0]  -      SDFFQX1  0.000   0.000    0.053  
      ---------------------------------------------------
Path 33: MET Hold Check with Pin X_reg[7]/CK 
Endpoint:   X_reg[7]/D (^) checked with  leading edge of 'clk'
Beginpoint: in1[7]     (^) triggered by  leading edge of '@'
Path Groups: {clk}
Retime Analysis { Data Path-Slew }
Other End Arrival Time          0.000
+ Hold                         -0.053
+ Phase Shift                   0.000
= Required Time                -0.053
  Arrival Time                  0.000
  Slack Time                    0.053
= Slack Time(original)          0.053
     Clock Rise Edge                      0.000
     + Input Delay                        0.000
     = Beginpoint Arrival Time            0.000
     Timing Path:
      ------------------------------------------------------
      Instance  Arc       Cell     Retime  Arrival  Required  
                                   Delay   Time     Time  
      ------------------------------------------------------
      -         in1[7] ^  -        -       0.000    -0.053  
      X_reg[7]  -         SDFFQX1  0.000   0.000    -0.053  
      ------------------------------------------------------
     Clock Rise Edge                      0.000
     = Beginpoint Arrival Time            0.000
     Other End Path:
      ---------------------------------------------------
      Instance  Arc    Cell     Retime  Arrival  Required  
                                Delay   Time     Time  
      ---------------------------------------------------
      -         clk ^  -        -       0.000    0.053  
      X_reg[7]  -      SDFFQX1  0.000   0.000    0.053  
      ---------------------------------------------------
Path 34: MET Hold Check with Pin X_reg[6]/CK 
Endpoint:   X_reg[6]/D (^) checked with  leading edge of 'clk'
Beginpoint: in1[6]     (^) triggered by  leading edge of '@'
Path Groups: {clk}
Retime Analysis { Data Path-Slew }
Other End Arrival Time          0.000
+ Hold                         -0.053
+ Phase Shift                   0.000
= Required Time                -0.053
  Arrival Time                  0.000
  Slack Time                    0.053
= Slack Time(original)          0.053
     Clock Rise Edge                      0.000
     + Input Delay                        0.000
     = Beginpoint Arrival Time            0.000
     Timing Path:
      ------------------------------------------------------
      Instance  Arc       Cell     Retime  Arrival  Required  
                                   Delay   Time     Time  
      ------------------------------------------------------
      -         in1[6] ^  -        -       0.000    -0.053  
      X_reg[6]  -         SDFFQX1  0.000   0.000    -0.053  
      ------------------------------------------------------
     Clock Rise Edge                      0.000
     = Beginpoint Arrival Time            0.000
     Other End Path:
      ---------------------------------------------------
      Instance  Arc    Cell     Retime  Arrival  Required  
                                Delay   Time     Time  
      ---------------------------------------------------
      -         clk ^  -        -       0.000    0.053  
      X_reg[6]  -      SDFFQX1  0.000   0.000    0.053  
      ---------------------------------------------------
Path 35: MET Hold Check with Pin X_reg[5]/CK 
Endpoint:   X_reg[5]/D (^) checked with  leading edge of 'clk'
Beginpoint: in1[5]     (^) triggered by  leading edge of '@'
Path Groups: {clk}
Retime Analysis { Data Path-Slew }
Other End Arrival Time          0.000
+ Hold                         -0.053
+ Phase Shift                   0.000
= Required Time                -0.053
  Arrival Time                  0.000
  Slack Time                    0.053
= Slack Time(original)          0.053
     Clock Rise Edge                      0.000
     + Input Delay                        0.000
     = Beginpoint Arrival Time            0.000
     Timing Path:
      ------------------------------------------------------
      Instance  Arc       Cell     Retime  Arrival  Required  
                                   Delay   Time     Time  
      ------------------------------------------------------
      -         in1[5] ^  -        -       0.000    -0.053  
      X_reg[5]  -         SDFFQX1  0.000   0.000    -0.053  
      ------------------------------------------------------
     Clock Rise Edge                      0.000
     = Beginpoint Arrival Time            0.000
     Other End Path:
      ---------------------------------------------------
      Instance  Arc    Cell     Retime  Arrival  Required  
                                Delay   Time     Time  
      ---------------------------------------------------
      -         clk ^  -        -       0.000    0.053  
      X_reg[5]  -      SDFFQX1  0.000   0.000    0.053  
      ---------------------------------------------------
Path 36: MET Hold Check with Pin X_reg[4]/CK 
Endpoint:   X_reg[4]/D (^) checked with  leading edge of 'clk'
Beginpoint: in1[4]     (^) triggered by  leading edge of '@'
Path Groups: {clk}
Retime Analysis { Data Path-Slew }
Other End Arrival Time          0.000
+ Hold                         -0.053
+ Phase Shift                   0.000
= Required Time                -0.053
  Arrival Time                  0.000
  Slack Time                    0.053
= Slack Time(original)          0.053
     Clock Rise Edge                      0.000
     + Input Delay                        0.000
     = Beginpoint Arrival Time            0.000
     Timing Path:
      ------------------------------------------------------
      Instance  Arc       Cell     Retime  Arrival  Required  
                                   Delay   Time     Time  
      ------------------------------------------------------
      -         in1[4] ^  -        -       0.000    -0.053  
      X_reg[4]  -         SDFFQX1  0.000   0.000    -0.053  
      ------------------------------------------------------
     Clock Rise Edge                      0.000
     = Beginpoint Arrival Time            0.000
     Other End Path:
      ---------------------------------------------------
      Instance  Arc    Cell     Retime  Arrival  Required  
                                Delay   Time     Time  
      ---------------------------------------------------
      -         clk ^  -        -       0.000    0.053  
      X_reg[4]  -      SDFFQX1  0.000   0.000    0.053  
      ---------------------------------------------------
Path 37: MET Hold Check with Pin X_reg[3]/CK 
Endpoint:   X_reg[3]/D (^) checked with  leading edge of 'clk'
Beginpoint: in1[3]     (^) triggered by  leading edge of '@'
Path Groups: {clk}
Retime Analysis { Data Path-Slew }
Other End Arrival Time          0.000
+ Hold                         -0.053
+ Phase Shift                   0.000
= Required Time                -0.053
  Arrival Time                  0.000
  Slack Time                    0.053
= Slack Time(original)          0.053
     Clock Rise Edge                      0.000
     + Input Delay                        0.000
     = Beginpoint Arrival Time            0.000
     Timing Path:
      ------------------------------------------------------
      Instance  Arc       Cell     Retime  Arrival  Required  
                                   Delay   Time     Time  
      ------------------------------------------------------
      -         in1[3] ^  -        -       0.000    -0.053  
      X_reg[3]  -         SDFFQX1  0.000   0.000    -0.053  
      ------------------------------------------------------
     Clock Rise Edge                      0.000
     = Beginpoint Arrival Time            0.000
     Other End Path:
      ---------------------------------------------------
      Instance  Arc    Cell     Retime  Arrival  Required  
                                Delay   Time     Time  
      ---------------------------------------------------
      -         clk ^  -        -       0.000    0.053  
      X_reg[3]  -      SDFFQX1  0.000   0.000    0.053  
      ---------------------------------------------------
Path 38: MET Hold Check with Pin X_reg[2]/CK 
Endpoint:   X_reg[2]/D (^) checked with  leading edge of 'clk'
Beginpoint: in1[2]     (^) triggered by  leading edge of '@'
Path Groups: {clk}
Retime Analysis { Data Path-Slew }
Other End Arrival Time          0.000
+ Hold                         -0.053
+ Phase Shift                   0.000
= Required Time                -0.053
  Arrival Time                  0.000
  Slack Time                    0.053
= Slack Time(original)          0.053
     Clock Rise Edge                      0.000
     + Input Delay                        0.000
     = Beginpoint Arrival Time            0.000
     Timing Path:
      ------------------------------------------------------
      Instance  Arc       Cell     Retime  Arrival  Required  
                                   Delay   Time     Time  
      ------------------------------------------------------
      -         in1[2] ^  -        -       0.000    -0.053  
      X_reg[2]  -         SDFFQX1  0.000   0.000    -0.053  
      ------------------------------------------------------
     Clock Rise Edge                      0.000
     = Beginpoint Arrival Time            0.000
     Other End Path:
      ---------------------------------------------------
      Instance  Arc    Cell     Retime  Arrival  Required  
                                Delay   Time     Time  
      ---------------------------------------------------
      -         clk ^  -        -       0.000    0.053  
      X_reg[2]  -      SDFFQX1  0.000   0.000    0.053  
      ---------------------------------------------------
Path 39: MET Hold Check with Pin X_reg[1]/CK 
Endpoint:   X_reg[1]/D (^) checked with  leading edge of 'clk'
Beginpoint: in1[1]     (^) triggered by  leading edge of '@'
Path Groups: {clk}
Retime Analysis { Data Path-Slew }
Other End Arrival Time          0.000
+ Hold                         -0.053
+ Phase Shift                   0.000
= Required Time                -0.053
  Arrival Time                  0.000
  Slack Time                    0.053
= Slack Time(original)          0.053
     Clock Rise Edge                      0.000
     + Input Delay                        0.000
     = Beginpoint Arrival Time            0.000
     Timing Path:
      ------------------------------------------------------
      Instance  Arc       Cell     Retime  Arrival  Required  
                                   Delay   Time     Time  
      ------------------------------------------------------
      -         in1[1] ^  -        -       0.000    -0.053  
      X_reg[1]  -         SDFFQX1  0.000   0.000    -0.053  
      ------------------------------------------------------
     Clock Rise Edge                      0.000
     = Beginpoint Arrival Time            0.000
     Other End Path:
      ---------------------------------------------------
      Instance  Arc    Cell     Retime  Arrival  Required  
                                Delay   Time     Time  
      ---------------------------------------------------
      -         clk ^  -        -       0.000    0.053  
      X_reg[1]  -      SDFFQX1  0.000   0.000    0.053  
      ---------------------------------------------------
Path 40: MET Hold Check with Pin X_reg[0]/CK 
Endpoint:   X_reg[0]/D (^) checked with  leading edge of 'clk'
Beginpoint: in1[0]     (^) triggered by  leading edge of '@'
Path Groups: {clk}
Retime Analysis { Data Path-Slew }
Other End Arrival Time          0.000
+ Hold                         -0.053
+ Phase Shift                   0.000
= Required Time                -0.053
  Arrival Time                  0.000
  Slack Time                    0.053
= Slack Time(original)          0.053
     Clock Rise Edge                      0.000
     + Input Delay                        0.000
     = Beginpoint Arrival Time            0.000
     Timing Path:
      ------------------------------------------------------
      Instance  Arc       Cell     Retime  Arrival  Required  
                                   Delay   Time     Time  
      ------------------------------------------------------
      -         in1[0] ^  -        -       0.000    -0.053  
      X_reg[0]  -         SDFFQX1  0.000   0.000    -0.053  
      ------------------------------------------------------
     Clock Rise Edge                      0.000
     = Beginpoint Arrival Time            0.000
     Other End Path:
      ---------------------------------------------------
      Instance  Arc    Cell     Retime  Arrival  Required  
                                Delay   Time     Time  
      ---------------------------------------------------
      -         clk ^  -        -       0.000    0.053  
      X_reg[0]  -      SDFFQX1  0.000   0.000    0.053  
      ---------------------------------------------------
Path 41: MET Hold Check with Pin out1_reg[3]/CK 
Endpoint:   out1_reg[3]/D (v) checked with  leading edge of 'clk'
Beginpoint: rst           (^) triggered by  leading edge of '@'
Path Groups: {clk}
Retime Analysis { Data Path-Slew }
Other End Arrival Time          0.000
+ Hold                          0.094
+ Phase Shift                   0.000
= Required Time                 0.094
  Arrival Time                  0.426
  Slack Time                    0.332
= Slack Time(original)          0.316
     Clock Rise Edge                      0.000
     + Input Delay                        0.000
     = Beginpoint Arrival Time            0.000
     Timing Path:
      -------------------------------------------------------------
      Instance     Arc          Cell      Retime  Arrival  Required  
                                          Delay   Time     Time  
      -------------------------------------------------------------
      -            rst ^        -         -       0.000    -0.332  
      g7782__8246  -            NAND2BX1  0.000   0.000    -0.332  
      g7782__8246  AN ^ -> Y ^  NAND2BX1  0.091   0.091    -0.240  
      g7773__5526  -            NOR2XL    0.000   0.091    -0.240  
      g7773__5526  B ^ -> Y v   NOR2XL    0.112   0.204    -0.128  
      g7700__2346  -            OAI211X1  0.000   0.204    -0.128  
      g7700__2346  C0 v -> Y ^  OAI211X1  0.094   0.297    -0.034  
      g7672__5477  -            OAI211X1  0.000   0.297    -0.034  
      g7672__5477  A0 ^ -> Y v  OAI211X1  0.128   0.426    0.094  
      out1_reg[3]  -            SDFFHQX8  0.000   0.426    0.094  
      -------------------------------------------------------------
     Clock Rise Edge                      0.000
     = Beginpoint Arrival Time            0.000
     Other End Path:
      -------------------------------------------------------
      Instance     Arc    Cell      Retime  Arrival  Required  
                                    Delay   Time     Time  
      -------------------------------------------------------
      -            clk ^  -         -       0.000    0.332  
      out1_reg[3]  -      SDFFHQX8  0.000   0.000    0.332  
      -------------------------------------------------------
Path 42: MET Hold Check with Pin out1_reg[0]/CK 
Endpoint:   out1_reg[0]/D (v) checked with  leading edge of 'clk'
Beginpoint: rst           (^) triggered by  leading edge of '@'
Path Groups: {clk}
Retime Analysis { Data Path-Slew }
Other End Arrival Time          0.000
+ Hold                          0.106
+ Phase Shift                   0.000
= Required Time                 0.106
  Arrival Time                  0.432
  Slack Time                    0.326
= Slack Time(original)          0.321
     Clock Rise Edge                      0.000
     + Input Delay                        0.000
     = Beginpoint Arrival Time            0.000
     Timing Path:
      --------------------------------------------------------------
      Instance     Arc          Cell       Retime  Arrival  Required  
                                           Delay   Time     Time  
      --------------------------------------------------------------
      -            rst ^        -          -       0.000    -0.326  
      g7782__8246  -            NAND2BX1   0.000   0.000    -0.326  
      g7782__8246  AN ^ -> Y ^  NAND2BX1   0.091   0.091    -0.234  
      g7778__1705  -            OR2X1      0.000   0.091    -0.234  
      g7778__1705  B ^ -> Y ^   OR2X1      0.103   0.194    -0.131  
      g7691__1881  -            OAI21X1    0.000   0.194    -0.131  
      g7691__1881  A0 ^ -> Y v  OAI21X1    0.079   0.273    -0.052  
      g7689__7098  -            AOI221X1   0.000   0.273    -0.052  
      g7689__7098  C0 v -> Y ^  AOI221X1   0.069   0.342    0.016  
      g7687__5122  -            OAI2BB1XL  0.000   0.342    0.016  
      g7687__5122  B0 ^ -> Y v  OAI2BB1XL  0.090   0.432    0.106  
      out1_reg[0]  -            SDFFHQX8   0.000   0.432    0.107  
      --------------------------------------------------------------
     Clock Rise Edge                      0.000
     = Beginpoint Arrival Time            0.000
     Other End Path:
      -------------------------------------------------------
      Instance     Arc    Cell      Retime  Arrival  Required  
                                    Delay   Time     Time  
      -------------------------------------------------------
      -            clk ^  -         -       0.000    0.326  
      out1_reg[0]  -      SDFFHQX8  0.000   0.000    0.326  
      -------------------------------------------------------
Path 43: MET Hold Check with Pin out1_reg[0]/CK 
Endpoint:   out1_reg[0]/D (v) checked with  leading edge of 'clk'
Beginpoint: rst           (^) triggered by  leading edge of '@'
Path Groups: {clk}
Retime Analysis { Data Path-Slew }
Other End Arrival Time          0.000
+ Hold                          0.105
+ Phase Shift                   0.000
= Required Time                 0.105
  Arrival Time                  0.536
  Slack Time                    0.431
= Slack Time(original)          0.429
     Clock Rise Edge                      0.000
     + Input Delay                        0.000
     = Beginpoint Arrival Time            0.000
     Timing Path:
      ---------------------------------------------------------------
      Instance     Arc           Cell       Retime  Arrival  Required  
                                            Delay   Time     Time  
      ---------------------------------------------------------------
      -            rst ^         -          -       0.000    -0.431  
      g7782__8246  -             NAND2BX1   0.000   0.000    -0.431  
      g7782__8246  AN ^ -> Y ^   NAND2BX1   0.091   0.091    -0.339  
      g7773__5526  -             NOR2XL     0.000   0.091    -0.339  
      g7773__5526  B ^ -> Y v    NOR2XL     0.112   0.204    -0.227  
      g7700__2346  -             OAI211X1   0.000   0.204    -0.227  
      g7700__2346  C0 v -> Y ^   OAI211X1   0.094   0.297    -0.133  
      g7697        -             CLKINVX1   0.000   0.297    -0.133  
      g7697        A ^ -> Y v    CLKINVX1   0.089   0.386    -0.045  
      g7687__5122  -             OAI2BB1XL  0.000   0.386    -0.045  
      g7687__5122  A0N v -> Y v  OAI2BB1XL  0.150   0.536    0.105  
      out1_reg[0]  -             SDFFHQX8   0.000   0.536    0.105  
      ---------------------------------------------------------------
     Clock Rise Edge                      0.000
     = Beginpoint Arrival Time            0.000
     Other End Path:
      -------------------------------------------------------
      Instance     Arc    Cell      Retime  Arrival  Required  
                                    Delay   Time     Time  
      -------------------------------------------------------
      -            clk ^  -         -       0.000    0.431  
      out1_reg[0]  -      SDFFHQX8  0.000   0.000    0.431  
      -------------------------------------------------------
Path 44: MET Hold Check with Pin out1_reg[7]/CK 
Endpoint:   out1_reg[7]/D (v) checked with  leading edge of 'clk'
Beginpoint: rst           (^) triggered by  leading edge of '@'
Path Groups: {clk}
Retime Analysis { Data Path-Slew }
Other End Arrival Time          0.000
+ Hold                          0.105
+ Phase Shift                   0.000
= Required Time                 0.105
  Arrival Time                  0.536
  Slack Time                    0.431
= Slack Time(original)          0.429
     Clock Rise Edge                      0.000
     + Input Delay                        0.000
     = Beginpoint Arrival Time            0.000
     Timing Path:
      ---------------------------------------------------------------
      Instance     Arc           Cell       Retime  Arrival  Required  
                                            Delay   Time     Time  
      ---------------------------------------------------------------
      -            rst ^         -          -       0.000    -0.431  
      g7782__8246  -             NAND2BX1   0.000   0.000    -0.431  
      g7782__8246  AN ^ -> Y ^   NAND2BX1   0.091   0.091    -0.339  
      g7773__5526  -             NOR2XL     0.000   0.091    -0.339  
      g7773__5526  B ^ -> Y v    NOR2XL     0.112   0.204    -0.227  
      g7700__2346  -             OAI211X1   0.000   0.204    -0.227  
      g7700__2346  C0 v -> Y ^   OAI211X1   0.094   0.297    -0.133  
      g7697        -             CLKINVX1   0.000   0.297    -0.133  
      g7697        A ^ -> Y v    CLKINVX1   0.089   0.386    -0.045  
      g7635__2398  -             OAI2BB1XL  0.000   0.386    -0.045  
      g7635__2398  A0N v -> Y v  OAI2BB1XL  0.150   0.536    0.105  
      out1_reg[7]  -             SDFFHQX8   0.000   0.536    0.105  
      ---------------------------------------------------------------
     Clock Rise Edge                      0.000
     = Beginpoint Arrival Time            0.000
     Other End Path:
      -------------------------------------------------------
      Instance     Arc    Cell      Retime  Arrival  Required  
                                    Delay   Time     Time  
      -------------------------------------------------------
      -            clk ^  -         -       0.000    0.431  
      out1_reg[7]  -      SDFFHQX8  0.000   0.000    0.431  
      -------------------------------------------------------
Path 45: MET Hold Check with Pin out1_reg[4]/CK 
Endpoint:   out1_reg[4]/D (v) checked with  leading edge of 'clk'
Beginpoint: rst           (^) triggered by  leading edge of '@'
Path Groups: {clk}
Retime Analysis { Data Path-Slew }
Other End Arrival Time          0.000
+ Hold                          0.105
+ Phase Shift                   0.000
= Required Time                 0.105
  Arrival Time                  0.536
  Slack Time                    0.431
= Slack Time(original)          0.429
     Clock Rise Edge                      0.000
     + Input Delay                        0.000
     = Beginpoint Arrival Time            0.000
     Timing Path:
      ---------------------------------------------------------------
      Instance     Arc           Cell       Retime  Arrival  Required  
                                            Delay   Time     Time  
      ---------------------------------------------------------------
      -            rst ^         -          -       0.000    -0.431  
      g7782__8246  -             NAND2BX1   0.000   0.000    -0.431  
      g7782__8246  AN ^ -> Y ^   NAND2BX1   0.091   0.091    -0.339  
      g7773__5526  -             NOR2XL     0.000   0.091    -0.339  
      g7773__5526  B ^ -> Y v    NOR2XL     0.112   0.204    -0.227  
      g7700__2346  -             OAI211X1   0.000   0.204    -0.227  
      g7700__2346  C0 v -> Y ^   OAI211X1   0.094   0.297    -0.133  
      g7697        -             CLKINVX1   0.000   0.297    -0.133  
      g7697        A ^ -> Y v    CLKINVX1   0.089   0.386    -0.045  
      g7663__6161  -             OAI2BB1XL  0.000   0.386    -0.045  
      g7663__6161  A0N v -> Y v  OAI2BB1XL  0.150   0.536    0.105  
      out1_reg[4]  -             SDFFHQX8   0.000   0.536    0.105  
      ---------------------------------------------------------------
     Clock Rise Edge                      0.000
     = Beginpoint Arrival Time            0.000
     Other End Path:
      -------------------------------------------------------
      Instance     Arc    Cell      Retime  Arrival  Required  
                                    Delay   Time     Time  
      -------------------------------------------------------
      -            clk ^  -         -       0.000    0.431  
      out1_reg[4]  -      SDFFHQX8  0.000   0.000    0.431  
      -------------------------------------------------------
Path 46: MET Hold Check with Pin out1_reg[1]/CK 
Endpoint:   out1_reg[1]/D (v) checked with  leading edge of 'clk'
Beginpoint: rst           (^) triggered by  leading edge of '@'
Path Groups: {clk}
Retime Analysis { Data Path-Slew }
Other End Arrival Time          0.000
+ Hold                          0.105
+ Phase Shift                   0.000
= Required Time                 0.105
  Arrival Time                  0.536
  Slack Time                    0.431
= Slack Time(original)          0.429
     Clock Rise Edge                      0.000
     + Input Delay                        0.000
     = Beginpoint Arrival Time            0.000
     Timing Path:
      ---------------------------------------------------------------
      Instance     Arc           Cell       Retime  Arrival  Required  
                                            Delay   Time     Time  
      ---------------------------------------------------------------
      -            rst ^         -          -       0.000    -0.431  
      g7782__8246  -             NAND2BX1   0.000   0.000    -0.431  
      g7782__8246  AN ^ -> Y ^   NAND2BX1   0.091   0.091    -0.339  
      g7773__5526  -             NOR2XL     0.000   0.091    -0.339  
      g7773__5526  B ^ -> Y v    NOR2XL     0.112   0.204    -0.227  
      g7700__2346  -             OAI211X1   0.000   0.204    -0.227  
      g7700__2346  C0 v -> Y ^   OAI211X1   0.094   0.297    -0.133  
      g7697        -             CLKINVX1   0.000   0.297    -0.133  
      g7697        A ^ -> Y v    CLKINVX1   0.089   0.386    -0.045  
      g7681__6783  -             OAI2BB1XL  0.000   0.386    -0.045  
      g7681__6783  A0N v -> Y v  OAI2BB1XL  0.150   0.536    0.105  
      out1_reg[1]  -             SDFFHQX8   0.000   0.536    0.105  
      ---------------------------------------------------------------
     Clock Rise Edge                      0.000
     = Beginpoint Arrival Time            0.000
     Other End Path:
      -------------------------------------------------------
      Instance     Arc    Cell      Retime  Arrival  Required  
                                    Delay   Time     Time  
      -------------------------------------------------------
      -            clk ^  -         -       0.000    0.431  
      out1_reg[1]  -      SDFFHQX8  0.000   0.000    0.431  
      -------------------------------------------------------
Path 47: MET Hold Check with Pin out1_reg[5]/CK 
Endpoint:   out1_reg[5]/D (v) checked with  leading edge of 'clk'
Beginpoint: rst           (^) triggered by  leading edge of '@'
Path Groups: {clk}
Retime Analysis { Data Path-Slew }
Other End Arrival Time          0.000
+ Hold                          0.105
+ Phase Shift                   0.000
= Required Time                 0.105
  Arrival Time                  0.536
  Slack Time                    0.431
= Slack Time(original)          0.429
     Clock Rise Edge                      0.000
     + Input Delay                        0.000
     = Beginpoint Arrival Time            0.000
     Timing Path:
      ---------------------------------------------------------------
      Instance     Arc           Cell       Retime  Arrival  Required  
                                            Delay   Time     Time  
      ---------------------------------------------------------------
      -            rst ^         -          -       0.000    -0.431  
      g7782__8246  -             NAND2BX1   0.000   0.000    -0.431  
      g7782__8246  AN ^ -> Y ^   NAND2BX1   0.091   0.091    -0.339  
      g7773__5526  -             NOR2XL     0.000   0.091    -0.339  
      g7773__5526  B ^ -> Y v    NOR2XL     0.112   0.204    -0.227  
      g7700__2346  -             OAI211X1   0.000   0.204    -0.227  
      g7700__2346  C0 v -> Y ^   OAI211X1   0.094   0.297    -0.133  
      g7697        -             CLKINVX1   0.000   0.297    -0.133  
      g7697        A ^ -> Y v    CLKINVX1   0.089   0.386    -0.045  
      g7655__8246  -             OAI2BB1XL  0.000   0.386    -0.045  
      g7655__8246  A0N v -> Y v  OAI2BB1XL  0.150   0.536    0.105  
      out1_reg[5]  -             SDFFHQX8   0.000   0.536    0.105  
      ---------------------------------------------------------------
     Clock Rise Edge                      0.000
     = Beginpoint Arrival Time            0.000
     Other End Path:
      -------------------------------------------------------
      Instance     Arc    Cell      Retime  Arrival  Required  
                                    Delay   Time     Time  
      -------------------------------------------------------
      -            clk ^  -         -       0.000    0.431  
      out1_reg[5]  -      SDFFHQX8  0.000   0.000    0.431  
      -------------------------------------------------------
Path 48: MET Hold Check with Pin out1_reg[2]/CK 
Endpoint:   out1_reg[2]/D (v) checked with  leading edge of 'clk'
Beginpoint: rst           (^) triggered by  leading edge of '@'
Path Groups: {clk}
Retime Analysis { Data Path-Slew }
Other End Arrival Time          0.000
+ Hold                          0.105
+ Phase Shift                   0.000
= Required Time                 0.105
  Arrival Time                  0.536
  Slack Time                    0.431
= Slack Time(original)          0.429
     Clock Rise Edge                      0.000
     + Input Delay                        0.000
     = Beginpoint Arrival Time            0.000
     Timing Path:
      ---------------------------------------------------------------
      Instance     Arc           Cell       Retime  Arrival  Required  
                                            Delay   Time     Time  
      ---------------------------------------------------------------
      -            rst ^         -          -       0.000    -0.431  
      g7782__8246  -             NAND2BX1   0.000   0.000    -0.431  
      g7782__8246  AN ^ -> Y ^   NAND2BX1   0.091   0.091    -0.339  
      g7773__5526  -             NOR2XL     0.000   0.091    -0.339  
      g7773__5526  B ^ -> Y v    NOR2XL     0.112   0.204    -0.227  
      g7700__2346  -             OAI211X1   0.000   0.204    -0.227  
      g7700__2346  C0 v -> Y ^   OAI211X1   0.094   0.297    -0.133  
      g7697        -             CLKINVX1   0.000   0.297    -0.133  
      g7697        A ^ -> Y v    CLKINVX1   0.089   0.386    -0.045  
      g7677__4319  -             OAI2BB1XL  0.000   0.386    -0.045  
      g7677__4319  A0N v -> Y v  OAI2BB1XL  0.150   0.536    0.105  
      out1_reg[2]  -             SDFFHQX8   0.000   0.536    0.105  
      ---------------------------------------------------------------
     Clock Rise Edge                      0.000
     = Beginpoint Arrival Time            0.000
     Other End Path:
      -------------------------------------------------------
      Instance     Arc    Cell      Retime  Arrival  Required  
                                    Delay   Time     Time  
      -------------------------------------------------------
      -            clk ^  -         -       0.000    0.431  
      out1_reg[2]  -      SDFFHQX8  0.000   0.000    0.431  
      -------------------------------------------------------
Path 49: MET Hold Check with Pin out1_reg[3]/CK 
Endpoint:   out1_reg[3]/D (v) checked with  leading edge of 'clk'
Beginpoint: rst           (^) triggered by  leading edge of '@'
Path Groups: {clk}
Retime Analysis { Data Path-Slew }
Other End Arrival Time          0.000
+ Hold                          0.106
+ Phase Shift                   0.000
= Required Time                 0.106
  Arrival Time                  0.551
  Slack Time                    0.446
= Slack Time(original)          0.430
     Clock Rise Edge                      0.000
     + Input Delay                        0.000
     = Beginpoint Arrival Time            0.000
     Timing Path:
      -------------------------------------------------------------
      Instance     Arc          Cell      Retime  Arrival  Required  
                                          Delay   Time     Time  
      -------------------------------------------------------------
      -            rst ^        -         -       0.000    -0.446  
      g7795__9945  -            NOR2XL    0.000   0.000    -0.446  
      g7795__9945  A ^ -> Y v   NOR2XL    0.048   0.048    -0.398  
      g7772__8428  -            NAND2XL   0.000   0.048    -0.398  
      g7772__8428  B v -> Y ^   NAND2XL   0.089   0.137    -0.309  
      g7754__6131  -            NOR2XL    0.000   0.137    -0.309  
      g7754__6131  B ^ -> Y v   NOR2XL    0.200   0.337    -0.109  
      g7728__2346  -            NAND2XL   0.000   0.337    -0.109  
      g7728__2346  A v -> Y ^   NAND2XL   0.120   0.457    0.011  
      g7672__5477  -            OAI211X1  0.000   0.457    0.011  
      g7672__5477  C0 ^ -> Y v  OAI211X1  0.095   0.552    0.106  
      out1_reg[3]  -            SDFFHQX8  0.000   0.552    0.106  
      -------------------------------------------------------------
     Clock Rise Edge                      0.000
     = Beginpoint Arrival Time            0.000
     Other End Path:
      -------------------------------------------------------
      Instance     Arc    Cell      Retime  Arrival  Required  
                                    Delay   Time     Time  
      -------------------------------------------------------
      -            clk ^  -         -       0.000    0.446  
      out1_reg[3]  -      SDFFHQX8  0.000   0.000    0.446  
      -------------------------------------------------------
Path 50: MET Hold Check with Pin out1_reg[6]/CK 
Endpoint:   out1_reg[6]/D (v) checked with  leading edge of 'clk'
Beginpoint: rst           (^) triggered by  leading edge of '@'
Path Groups: {clk}
Retime Analysis { Data Path-Slew }
Other End Arrival Time          0.000
+ Hold                          0.105
+ Phase Shift                   0.000
= Required Time                 0.105
  Arrival Time                  0.536
  Slack Time                    0.431
= Slack Time(original)          0.430
     Clock Rise Edge                      0.000
     + Input Delay                        0.000
     = Beginpoint Arrival Time            0.000
     Timing Path:
      ---------------------------------------------------------------
      Instance     Arc           Cell       Retime  Arrival  Required  
                                            Delay   Time     Time  
      ---------------------------------------------------------------
      -            rst ^         -          -       0.000    -0.431  
      g7782__8246  -             NAND2BX1   0.000   0.000    -0.431  
      g7782__8246  AN ^ -> Y ^   NAND2BX1   0.091   0.091    -0.339  
      g7773__5526  -             NOR2XL     0.000   0.091    -0.339  
      g7773__5526  B ^ -> Y v    NOR2XL     0.112   0.204    -0.227  
      g7700__2346  -             OAI211X1   0.000   0.204    -0.227  
      g7700__2346  C0 v -> Y ^   OAI211X1   0.094   0.297    -0.133  
      g7697        -             CLKINVX1   0.000   0.297    -0.133  
      g7697        A ^ -> Y v    CLKINVX1   0.089   0.386    -0.045  
      g7636__5107  -             OAI2BB1XL  0.000   0.386    -0.045  
      g7636__5107  A0N v -> Y v  OAI2BB1XL  0.150   0.536    0.105  
      out1_reg[6]  -             SDFFHQX8   0.000   0.536    0.105  
      ---------------------------------------------------------------
     Clock Rise Edge                      0.000
     = Beginpoint Arrival Time            0.000
     Other End Path:
      -------------------------------------------------------
      Instance     Arc    Cell      Retime  Arrival  Required  
                                    Delay   Time     Time  
      -------------------------------------------------------
      -            clk ^  -         -       0.000    0.431  
      out1_reg[6]  -      SDFFHQX8  0.000   0.000    0.431  
      -------------------------------------------------------

