###############################################################
#  Generated by:      Cadence Tempus 20.10-p003_1
#  OS:                Linux x86_64(Host ID edatools-server2.iiitd.edu.in)
#  Generated on:      Mon Jun 29 19:40:45 2026
#  Design:            ALU
#  Command:           report_timing -path_type full_clock > $report_dir/sweep_slew_${slew}_load_${load}_post_dft_balanced.rpt
###############################################################
Path 1: VIOLATED Setup Check with Pin out2_reg[1]/CK 
Endpoint:   out2_reg[1]/D   (^) checked with  leading edge of 'clk'
Beginpoint: sel_ff_reg[3]/Q (^) triggered by  leading edge of 'clk'
Path Groups: {clk}
Other End Arrival Time          0.000
- Setup                         0.201
+ Phase Shift                   8.000
- Uncertainty                   0.400
= Required Time                 7.399
- Arrival Time                 34.380
= Slack Time                  -26.981
     Clock Rise Edge                      0.000
     = Beginpoint Arrival Time            0.000
     Timing Path:
      ----------------------------------------------------------------
      Instance       Arc           Cell      Delay   Arrival  Required  
                                                     Time     Time  
      ----------------------------------------------------------------
      -              clk ^         -         -       0.000    -26.981  
      sel_ff_reg[3]  CK ^ -> Q ^   SDFFQXL   21.302  21.302   -5.679  
      g7801__6417    A ^ -> Y v    NOR2XL    7.950   29.252   2.271  
      g7792          A v -> Y ^    CLKINVX1  2.281   31.532   4.551  
      g7765__7410    A0 ^ -> Y v   OAI22X1   0.411   31.944   4.962  
      g7694__4733    B v -> CO v   ADDFX1    0.401   32.345   5.363  
      g7690__6131    CI v -> CO v  ADDFX1    0.254   32.599   5.617  
      g7684__2802    CI v -> CO v  ADDFX1    0.254   32.853   5.872  
      g7676__6260    CI v -> CO v  ADDFX1    0.254   33.107   6.126  
      g7671__6417    CI v -> CO v  ADDFX1    0.253   33.360   6.379  
      g7667__2346    CI v -> CO v  ADDFX1    0.253   33.614   6.632  
      g7661__4733    CI v -> CO v  ADDFX1    0.251   33.865   6.883  
      g7659__5115    AN v -> Y v   NAND3BX1  0.335   34.200   7.219  
      g7650__3680    B0 v -> Y ^   OAI211XL  0.181   34.380   7.399  
      out2_reg[1]    D ^           SDFFHQX8  0.000   34.380   7.399  
      ----------------------------------------------------------------
     Clock Rise Edge                      0.000
     = Beginpoint Arrival Time            0.000
     Other End Path:
      ------------------------------------------------------
      Instance     Arc    Cell      Delay  Arrival  Required  
                                           Time     Time  
      ------------------------------------------------------
      -            clk ^  -         -      0.000    26.981  
      out2_reg[1]  CK ^   SDFFHQX8  0.000  0.000    26.981  
      ------------------------------------------------------

