###############################################################
#  Generated by:      Cadence Tempus 20.10-p003_1
#  OS:                Linux x86_64(Host ID edatools-server2.iiitd.edu.in)
#  Generated on:      Mon Jun 29 19:40:46 2026
#  Design:            ALU
#  Command:           report_timing -path_type full_clock > $report_dir/sweep_slew_${slew}_load_${load}_post_dft_balanced.rpt
###############################################################
Path 1: VIOLATED Setup Check with Pin out2_reg[1]/CK 
Endpoint:   out2_reg[1]/D   (^) checked with  leading edge of 'clk'
Beginpoint: sel_ff_reg[3]/Q (^) triggered by  leading edge of 'clk'
Path Groups: {clk}
Other End Arrival Time          0.000
- Setup                         0.201
+ Phase Shift                   8.000
- Uncertainty                   0.400
= Required Time                 7.399
- Arrival Time                 18.853
= Slack Time                  -11.454
     Clock Rise Edge                      0.000
     = Beginpoint Arrival Time            0.000
     Timing Path:
      ----------------------------------------------------------------
      Instance       Arc           Cell      Delay   Arrival  Required  
                                                     Time     Time  
      ----------------------------------------------------------------
      -              clk ^         -         -       0.000    -11.454  
      sel_ff_reg[3]  CK ^ -> Q ^   SDFFQXL   10.838  10.838   -0.616  
      g7801__6417    A ^ -> Y v    NOR2XL    4.100   14.938   3.484  
      g7792          A v -> Y ^    CLKINVX1  1.260   16.198   4.744  
      g7765__7410    A0 ^ -> Y v   OAI22X1   0.288   16.486   5.032  
      g7694__4733    B v -> CO v   ADDFX1    0.361   16.847   5.392  
      g7690__6131    CI v -> CO v  ADDFX1    0.252   17.098   5.644  
      g7684__2802    CI v -> CO v  ADDFX1    0.252   17.350   5.896  
      g7676__6260    CI v -> CO v  ADDFX1    0.252   17.601   6.147  
      g7671__6417    CI v -> CO v  ADDFX1    0.251   17.852   6.398  
      g7667__2346    CI v -> CO v  ADDFX1    0.251   18.103   6.649  
      g7661__4733    CI v -> CO v  ADDFX1    0.248   18.351   6.897  
      g7659__5115    AN v -> Y v   NAND3BX1  0.332   18.683   7.229  
      g7650__3680    B0 v -> Y ^   OAI211XL  0.170   18.853   7.399  
      out2_reg[1]    D ^           SDFFHQX8  0.000   18.853   7.399  
      ----------------------------------------------------------------
     Clock Rise Edge                      0.000
     = Beginpoint Arrival Time            0.000
     Other End Path:
      ------------------------------------------------------
      Instance     Arc    Cell      Delay  Arrival  Required  
                                           Time     Time  
      ------------------------------------------------------
      -            clk ^  -         -      0.000    11.454  
      out2_reg[1]  CK ^   SDFFHQX8  0.000  0.000    11.454  
      ------------------------------------------------------

