                          CONFORMAL (R)
                   Version 20.10-p100 (01-May-2020) (64 bit executable)
   Copyright (c) Cadence Design Systems, Inc., 1997-2019. All Rights Reserved


This program is proprietary and confidential information belonging to
Cadence Design Systems, Inc., and may be used and disclosed only as authorized
in a license agreement controlling such use and disclosure.

// Warning: This version is 2249 days old. You can download the latest version from http://downloads.cadence.com.

// Command: read library lib/slow.v -verilog -both
// Parsing file lib/slow.v ...
// Warning: (RTL7.2) Gate or transistor primitive is using weak attributes (occurrence:1)
// Warning: (RTL14) Signal has input but it has no output (occurrence:196)
// Warning: (RTL14.1) Fanout load of the signal is removed (occurrence:84)
// Warning: (VLG5.2) Primitive input port has multiple bits. Ignore all but LSB bit (occurrence:2)
// Warning: (DIR6.1) Ignored compiler directive is detected (occurrence:480)
// Warning: (DIR6.2) Supported compiler directive is detected (occurrence:960)
// Warning: (HRC1.4) Module/entity is empty (blackboxed) (occurrence:1)
// Warning: (HRC3.10b) An input port is declared, but it is not used. Module is empty (occurrence:1)
// Note: Read VERILOG library successfully
CPU time     : 0.66    seconds
Elapse time  : 2       seconds
Memory usage : 272.49  M bytes
// Command: read design rtl/ALU.v -verilog -golden
// Parsing file rtl/ALU.v ...
// Golden root module is set to 'ALU'
// Warning: (RTL1.4) Assignment with LHS bit width is greater than RHS bit width (occurrence:3)
// Warning: (RTL6.3) X created when divisor equals to zero (occurrence:2)
// Warning: (DIR6.1) Ignored compiler directive is detected (occurrence:1)
// Note: Read VERILOG design successfully
// Command: read design synthesis_outputs/balanced_case/synthesized_netlist_balanced.v -verilog -revised
// Parsing file synthesis_outputs/balanced_case/synthesized_netlist_balanced.v ...
// Revised root module is set to 'ALU'
// Note: Read VERILOG design successfully
// Command: set system mode lec
// Processing Golden ...
// Modeling Golden ...
// Warning: (F34) Converted 16 X assignment(s) as don't care(s)
// Processing Revised ...
// Modeling Revised ...
CPU time     : 0.97    seconds
Elapse time  : 2       seconds
Memory usage : 314.12  M bytes
// Mapping key points ...
================================================================================
Mapped points: SYSTEM class
--------------------------------------------------------------------------------
Mapped points     PI     PO     DFF       Total   
--------------------------------------------------------------------------------
Golden            22     16     36        74      
--------------------------------------------------------------------------------
Revised           22     16     36        74      
================================================================================
// Command: add compared point -all
// 52 compared points added to compare list
// Command: compare
================================================================================
Compared points      PO     DFF       Total   
--------------------------------------------------------------------------------
Equivalent           16     36        52      
================================================================================
CPU time     : 2.25    seconds
Elapse time  : 3       seconds
Memory usage : 368.13  M bytes
// Command: report messages -compare -verb
// Command: report compare data -noneq
0 Non-equivalent point(s) reported
0 compared point(s) reported
================================================================================
Compared points      PO     DFF       Total   
--------------------------------------------------------------------------------
Equivalent           16     36        52      
================================================================================
// Command: report verification
================================================================================
                            Verification Report
--------------------------------------------------------------------------------
Category                                                                  Count
--------------------------------------------------------------------------------
1. Non-standard modeling options used:                                      0
--------------------------------------------------------------------------------
2. Incomplete verification:                                                 0
--------------------------------------------------------------------------------
3. User modification to design:                                             0
--------------------------------------------------------------------------------
4. Conformal Constraint Designer clock domain crossing checks recommended:  0
--------------------------------------------------------------------------------
5. Design ambiguity:                                                        0
--------------------------------------------------------------------------------
6. Compare Results:                                                        PASS
================================================================================
// Command: set verification information lec_outputs/balanced/Equivalence_checking_balanced
// Note: Verification information lec_outputs/balanced/Equivalence_checking_balanced does not exist. New directory created.
// Verification information is set to /home/arpit23132/Desktop/RTL_to_GDS_ALU/lec_outputs/balanced/Equivalence_checking_balanced.
// Advanced reporting is enabled and the output is written to /home/arpit23132/Desktop/RTL_to_GDS_ALU/lec_outputs/balanced/Equivalence_checking_balanced
// Command: write verification information
// Verification information is written to Equivalence_checking_balanced.
// Command: exit
