###############################################################
#  Generated by:      Cadence Tempus 20.10-p003_1
#  OS:                Linux x86_64(Host ID edatools-server2.iiitd.edu.in)
#  Generated on:      Mon Jun 29 17:08:45 2026
#  Design:            ALU
#  Command:           report_timing > $report_dir/gba_setup_balanced.rpt
###############################################################
Path 1: MET Setup Check with Pin out1_reg[2]/CK 
Endpoint:   out1_reg[2]/D (^) checked with  leading edge of 'clk'
Beginpoint: Y_reg[5]/Q    (v) triggered by  leading edge of 'clk'
Path Groups: {clk}
Other End Arrival Time          0.000
- Setup                         0.108
+ Phase Shift                   8.000
- Uncertainty                   0.400
= Required Time                 7.492
- Arrival Time                  6.986
= Slack Time                    0.506
     Clock Rise Edge                 0.000
     + Clock Network Latency (Ideal) 0.000
     = Beginpoint Arrival Time       0.000
      ------------------------------------------------------------------------------------
      Instance                           Arc           Cell       Delay  Arrival  Required  
                                                                         Time     Time  
      ------------------------------------------------------------------------------------
      Y_reg[5]                           CK ^          -          -      0.000    0.506  
      Y_reg[5]                           CK ^ -> Q v   DFFQX1     0.583  0.583    1.090  
      rem_96_35_Y_div_84_31_g3921__1617  B v -> Y ^    NOR2XL     0.275  0.858    1.364  
      rem_96_35_Y_div_84_31_g3899__1881  B ^ -> Y v    NAND2XL    0.127  0.986    1.492  
      rem_96_35_Y_div_84_31_g3886__8428  D v -> Y ^    NOR4X1     0.196  1.182    1.688  
      rem_96_35_Y_div_84_31_g3879__2398  B ^ -> Y v    NAND2XL    0.096  1.278    1.785  
      rem_96_35_Y_div_84_31_g3877__6417  B v -> Y ^    NAND2XL    0.150  1.428    1.934  
      rem_96_35_Y_div_84_31_g3874__1666  B0 ^ -> Y v   AOI2BB1XL  0.082  1.510    2.016  
      rem_96_35_Y_div_84_31_g3870__9315  B0 v -> Y ^   AOI21X1    0.119  1.630    2.136  
      rem_96_35_Y_div_84_31_g3869        A ^ -> Y v    INVX1      0.050  1.679    2.185  
      rem_96_35_Y_div_84_31_g3855__2802  A1 v -> Y ^   OAI211X1   0.089  1.768    2.274  
      rem_96_35_Y_div_84_31_g3849__8428  AN ^ -> Y ^   NAND2BX1   0.137  1.905    2.411  
      rem_96_35_Y_div_84_31_g3845__5107  B ^ -> Y v    NOR2XL     0.110  2.014    2.520  
      rem_96_35_Y_div_84_31_g3834__2883  B1 v -> Y ^   AOI222XL   0.215  2.230    2.736  
      rem_96_35_Y_div_84_31_g3943__9945  A ^ -> Y v    CLKXOR2X1  0.247  2.476    2.982  
      rem_96_35_Y_div_84_31_g3813__3680  B v -> Y v    OR2X1      0.140  2.616    3.123  
      rem_96_35_Y_div_84_31_g3809__8428  B0 v -> Y ^   OAI2BB1X1  0.116  2.733    3.239  
      rem_96_35_Y_div_84_31_g3808        A ^ -> Y v    CLKINVX1   0.083  2.815    3.322  
      rem_96_35_Y_div_84_31_g3801__7410  A1 v -> Y ^   AOI21X1    0.094  2.909    3.415  
      rem_96_35_Y_div_84_31_g3798__2883  B0 ^ -> Y v   AOI21X1    0.060  2.969    3.476  
      rem_96_35_Y_div_84_31_g3795__9315  B0 v -> Y ^   AOI21X1    0.096  3.066    3.572  
      rem_96_35_Y_div_84_31_g3791__7482  A1 ^ -> Y v   OAI22X1    0.096  3.162    3.668  
      rem_96_35_Y_div_84_31_g3790__5115  B0 v -> Y ^   OAI21X1    0.075  3.237    3.743  
      rem_96_35_Y_div_84_31_g3786__7098  B ^ -> Y v    NAND2X1    0.168  3.405    3.911  
      rem_96_35_Y_div_84_31_g3781__1705  A v -> Y ^    NOR2XL     0.379  3.784    4.290  
      rem_96_35_Y_div_84_31_g3780        A ^ -> Y v    CLKINVX1   0.085  3.869    4.375  
      rem_96_35_Y_div_84_31_g3772__8428  B1 v -> Y ^   OAI222XL   0.207  4.076    4.582  
      rem_96_35_Y_div_84_31_g3760__9945  B ^ -> Y v    NOR2XL     0.081  4.157    4.664  
      rem_96_35_Y_div_84_31_g3757__4733  B0 v -> Y ^   AOI21X1    0.119  4.276    4.782  
      rem_96_35_Y_div_84_31_g3745__6783  B ^ -> Y v    NAND2XL    0.102  4.378    4.885  
      rem_96_35_Y_div_84_31_g3740__4319  B0 v -> Y ^   OAI21X1    0.125  4.503    5.010  
      rem_96_35_Y_div_84_31_g3739        A ^ -> Y v    CLKINVX1   0.110  4.614    5.120  
      rem_96_35_Y_div_84_31_g3727__9315  A1 v -> Y ^   AOI21X1    0.102  4.716    5.222  
      rem_96_35_Y_div_84_31_g3722__1881  B0 ^ -> Y v   AOI21X1    0.074  4.789    5.296  
      rem_96_35_Y_div_84_31_g3719__8246  C0 v -> Y ^   AOI211X1   0.146  4.936    5.442  
      rem_96_35_Y_div_84_31_g3713__6783  B0 ^ -> Y v   AOI21X1    0.070  5.006    5.512  
      rem_96_35_Y_div_84_31_g3709__4319  C1 v -> Y ^   OAI222XL   0.121  5.127    5.633  
      rem_96_35_Y_div_84_31_g3705__5477  B ^ -> Y v    NAND2XL    0.456  5.583    6.089  
      rem_96_35_Y_div_84_31_g3699__2346  A v -> Y ^    NAND2XL    0.429  6.012    6.518  
      rem_96_35_Y_div_84_31_g3698        A ^ -> Y v    CLKINVX1   0.144  6.156    6.662  
      rem_96_35_Y_div_84_31_g3687__7098  B1 v -> Y ^   AOI222XL   0.299  6.455    6.961  
      rem_96_35_Y_div_84_31_g3674__2398  B ^ -> Y v    NAND2XL    0.138  6.593    7.099  
      rem_96_35_Y_div_84_31_g3665__6161  B0 v -> Y ^   OAI21X1    0.092  6.685    7.191  
      rem_96_35_Y_div_84_31_g3659__7098  B ^ -> Y v    NAND2XL    0.106  6.791    7.297  
      rem_96_35_Y_div_84_31_g3657__5122  B0 v -> Y ^   OAI21X1    0.058  6.849    7.355  
      g7677__4319                        A1N ^ -> Y ^  OAI2BB1XL  0.137  6.986    7.492  
      out1_reg[2]                        D ^           DFFHQX8    0.000  6.986    7.492  
      ------------------------------------------------------------------------------------

