###############################################################
#  Generated by:      Cadence Tempus 20.10-p003_1
#  OS:                Linux x86_64(Host ID edatools-server2.iiitd.edu.in)
#  Generated on:      Mon Jun 29 17:08:45 2026
#  Design:            ALU
#  Command:           report_timing -early > $report_dir/gba_hold_balanced.rpt
###############################################################
Path 1: VIOLATED Hold Check with Pin Y_reg[0]/CK 
Endpoint:   Y_reg[0]/D (v) checked with  leading edge of 'clk'
Beginpoint: in2[0]     (v) triggered by  leading edge of '@'
Path Groups: {clk}
Other End Arrival Time          0.000
+ Hold                          0.134
+ Phase Shift                   0.000
= Required Time                 0.134
  Arrival Time                  0.000
  Slack Time                   -0.134
     Clock Rise Edge                      0.000
     + Input Delay                        0.000
     = Beginpoint Arrival Time            0.000
      ----------------------------------------------------
      Instance  Arc       Cell    Delay  Arrival  Required  
                                         Time     Time  
      ----------------------------------------------------
      -         in2[0] v  -       -      0.000    0.134  
      Y_reg[0]  D v       DFFQX4  0.000  0.000    0.134  
      ----------------------------------------------------

