###############################################################
#  Generated by:      Cadence Tempus 20.10-p003_1
#  OS:                Linux x86_64(Host ID edatools-server2.iiitd.edu.in)
#  Generated on:      Mon Jun 29 17:08:45 2026
#  Design:            ALU
#  Command:           report_timing -retime path_slew_propagation -early \
#   -max_path 50 -nworst 50 -path_type full_clock > $report_dir/pba_hold_balanced.rpt
###############################################################
Path 1: VIOLATED Hold Check with Pin Y_reg[4]/CK 
Endpoint:   Y_reg[4]/D (v) checked with  leading edge of 'clk'
Beginpoint: in2[4]     (v) triggered by  leading edge of '@'
Path Groups: {clk}
Retime Analysis { Data Path-Slew }
Other End Arrival Time          0.000
+ Hold                          0.134
+ Phase Shift                   0.000
= Required Time                 0.134
  Arrival Time                  0.000
  Slack Time                   -0.134
= Slack Time(original)         -0.134
     Clock Rise Edge                      0.000
     + Input Delay                        0.000
     = Beginpoint Arrival Time            0.000
     Timing Path:
      -----------------------------------------------------
      Instance  Arc       Cell    Retime  Arrival  Required  
                                  Delay   Time     Time  
      -----------------------------------------------------
      -         in2[4] v  -       -       0.000    0.134  
      Y_reg[4]  -         DFFQX4  0.000   0.000    0.134  
      -----------------------------------------------------
     Clock Rise Edge                      0.000
     = Beginpoint Arrival Time            0.000
     Other End Path:
      --------------------------------------------------
      Instance  Arc    Cell    Retime  Arrival  Required  
                               Delay   Time     Time  
      --------------------------------------------------
      -         clk ^  -       -       0.000    -0.134  
      Y_reg[4]  -      DFFQX4  0.000   0.000    -0.134  
      --------------------------------------------------
Path 2: VIOLATED Hold Check with Pin Y_reg[3]/CK 
Endpoint:   Y_reg[3]/D (v) checked with  leading edge of 'clk'
Beginpoint: in2[3]     (v) triggered by  leading edge of '@'
Path Groups: {clk}
Retime Analysis { Data Path-Slew }
Other End Arrival Time          0.000
+ Hold                          0.134
+ Phase Shift                   0.000
= Required Time                 0.134
  Arrival Time                  0.000
  Slack Time                   -0.134
= Slack Time(original)         -0.134
     Clock Rise Edge                      0.000
     + Input Delay                        0.000
     = Beginpoint Arrival Time            0.000
     Timing Path:
      -----------------------------------------------------
      Instance  Arc       Cell    Retime  Arrival  Required  
                                  Delay   Time     Time  
      -----------------------------------------------------
      -         in2[3] v  -       -       0.000    0.134  
      Y_reg[3]  -         DFFQX4  0.000   0.000    0.134  
      -----------------------------------------------------
     Clock Rise Edge                      0.000
     = Beginpoint Arrival Time            0.000
     Other End Path:
      --------------------------------------------------
      Instance  Arc    Cell    Retime  Arrival  Required  
                               Delay   Time     Time  
      --------------------------------------------------
      -         clk ^  -       -       0.000    -0.134  
      Y_reg[3]  -      DFFQX4  0.000   0.000    -0.134  
      --------------------------------------------------
Path 3: VIOLATED Hold Check with Pin Y_reg[2]/CK 
Endpoint:   Y_reg[2]/D (v) checked with  leading edge of 'clk'
Beginpoint: in2[2]     (v) triggered by  leading edge of '@'
Path Groups: {clk}
Retime Analysis { Data Path-Slew }
Other End Arrival Time          0.000
+ Hold                          0.134
+ Phase Shift                   0.000
= Required Time                 0.134
  Arrival Time                  0.000
  Slack Time                   -0.134
= Slack Time(original)         -0.134
     Clock Rise Edge                      0.000
     + Input Delay                        0.000
     = Beginpoint Arrival Time            0.000
     Timing Path:
      -----------------------------------------------------
      Instance  Arc       Cell    Retime  Arrival  Required  
                                  Delay   Time     Time  
      -----------------------------------------------------
      -         in2[2] v  -       -       0.000    0.134  
      Y_reg[2]  -         DFFQX4  0.000   0.000    0.134  
      -----------------------------------------------------
     Clock Rise Edge                      0.000
     = Beginpoint Arrival Time            0.000
     Other End Path:
      --------------------------------------------------
      Instance  Arc    Cell    Retime  Arrival  Required  
                               Delay   Time     Time  
      --------------------------------------------------
      -         clk ^  -       -       0.000    -0.134  
      Y_reg[2]  -      DFFQX4  0.000   0.000    -0.134  
      --------------------------------------------------
Path 4: VIOLATED Hold Check with Pin Y_reg[1]/CK 
Endpoint:   Y_reg[1]/D (v) checked with  leading edge of 'clk'
Beginpoint: in2[1]     (v) triggered by  leading edge of '@'
Path Groups: {clk}
Retime Analysis { Data Path-Slew }
Other End Arrival Time          0.000
+ Hold                          0.134
+ Phase Shift                   0.000
= Required Time                 0.134
  Arrival Time                  0.000
  Slack Time                   -0.134
= Slack Time(original)         -0.134
     Clock Rise Edge                      0.000
     + Input Delay                        0.000
     = Beginpoint Arrival Time            0.000
     Timing Path:
      -----------------------------------------------------
      Instance  Arc       Cell    Retime  Arrival  Required  
                                  Delay   Time     Time  
      -----------------------------------------------------
      -         in2[1] v  -       -       0.000    0.134  
      Y_reg[1]  -         DFFQX4  0.000   0.000    0.134  
      -----------------------------------------------------
     Clock Rise Edge                      0.000
     = Beginpoint Arrival Time            0.000
     Other End Path:
      --------------------------------------------------
      Instance  Arc    Cell    Retime  Arrival  Required  
                               Delay   Time     Time  
      --------------------------------------------------
      -         clk ^  -       -       0.000    -0.134  
      Y_reg[1]  -      DFFQX4  0.000   0.000    -0.134  
      --------------------------------------------------
Path 5: VIOLATED Hold Check with Pin Y_reg[0]/CK 
Endpoint:   Y_reg[0]/D (v) checked with  leading edge of 'clk'
Beginpoint: in2[0]     (v) triggered by  leading edge of '@'
Path Groups: {clk}
Retime Analysis { Data Path-Slew }
Other End Arrival Time          0.000
+ Hold                          0.134
+ Phase Shift                   0.000
= Required Time                 0.134
  Arrival Time                  0.000
  Slack Time                   -0.134
= Slack Time(original)         -0.134
     Clock Rise Edge                      0.000
     + Input Delay                        0.000
     = Beginpoint Arrival Time            0.000
     Timing Path:
      -----------------------------------------------------
      Instance  Arc       Cell    Retime  Arrival  Required  
                                  Delay   Time     Time  
      -----------------------------------------------------
      -         in2[0] v  -       -       0.000    0.134  
      Y_reg[0]  -         DFFQX4  0.000   0.000    0.134  
      -----------------------------------------------------
     Clock Rise Edge                      0.000
     = Beginpoint Arrival Time            0.000
     Other End Path:
      --------------------------------------------------
      Instance  Arc    Cell    Retime  Arrival  Required  
                               Delay   Time     Time  
      --------------------------------------------------
      -         clk ^  -       -       0.000    -0.134  
      Y_reg[0]  -      DFFQX4  0.000   0.000    -0.134  
      --------------------------------------------------
Path 6: VIOLATED Hold Check with Pin sel_ff_reg[3]/CK 
Endpoint:   sel_ff_reg[3]/D (v) checked with  leading edge of 'clk'
Beginpoint: sel[3]          (v) triggered by  leading edge of '@'
Path Groups: {clk}
Retime Analysis { Data Path-Slew }
Other End Arrival Time          0.000
+ Hold                          0.089
+ Phase Shift                   0.000
= Required Time                 0.089
  Arrival Time                  0.000
  Slack Time                   -0.089
= Slack Time(original)         -0.089
     Clock Rise Edge                      0.000
     + Input Delay                        0.000
     = Beginpoint Arrival Time            0.000
     Timing Path:
      ----------------------------------------------------------
      Instance       Arc       Cell    Retime  Arrival  Required  
                                       Delay   Time     Time  
      ----------------------------------------------------------
      -              sel[3] v  -       -       0.000    0.089  
      sel_ff_reg[3]  -         DFFQX1  0.000   0.000    0.089  
      ----------------------------------------------------------
     Clock Rise Edge                      0.000
     = Beginpoint Arrival Time            0.000
     Other End Path:
      -------------------------------------------------------
      Instance       Arc    Cell    Retime  Arrival  Required  
                                    Delay   Time     Time  
      -------------------------------------------------------
      -              clk ^  -       -       0.000    -0.089  
      sel_ff_reg[3]  -      DFFQX1  0.000   0.000    -0.089  
      -------------------------------------------------------
Path 7: VIOLATED Hold Check with Pin sel_ff_reg[2]/CK 
Endpoint:   sel_ff_reg[2]/D (v) checked with  leading edge of 'clk'
Beginpoint: sel[2]          (v) triggered by  leading edge of '@'
Path Groups: {clk}
Retime Analysis { Data Path-Slew }
Other End Arrival Time          0.000
+ Hold                          0.089
+ Phase Shift                   0.000
= Required Time                 0.089
  Arrival Time                  0.000
  Slack Time                   -0.089
= Slack Time(original)         -0.089
     Clock Rise Edge                      0.000
     + Input Delay                        0.000
     = Beginpoint Arrival Time            0.000
     Timing Path:
      ----------------------------------------------------------
      Instance       Arc       Cell    Retime  Arrival  Required  
                                       Delay   Time     Time  
      ----------------------------------------------------------
      -              sel[2] v  -       -       0.000    0.089  
      sel_ff_reg[2]  -         DFFQX1  0.000   0.000    0.089  
      ----------------------------------------------------------
     Clock Rise Edge                      0.000
     = Beginpoint Arrival Time            0.000
     Other End Path:
      -------------------------------------------------------
      Instance       Arc    Cell    Retime  Arrival  Required  
                                    Delay   Time     Time  
      -------------------------------------------------------
      -              clk ^  -       -       0.000    -0.089  
      sel_ff_reg[2]  -      DFFQX1  0.000   0.000    -0.089  
      -------------------------------------------------------
Path 8: VIOLATED Hold Check with Pin sel_ff_reg[1]/CK 
Endpoint:   sel_ff_reg[1]/D (v) checked with  leading edge of 'clk'
Beginpoint: sel[1]          (v) triggered by  leading edge of '@'
Path Groups: {clk}
Retime Analysis { Data Path-Slew }
Other End Arrival Time          0.000
+ Hold                          0.089
+ Phase Shift                   0.000
= Required Time                 0.089
  Arrival Time                  0.000
  Slack Time                   -0.089
= Slack Time(original)         -0.089
     Clock Rise Edge                      0.000
     + Input Delay                        0.000
     = Beginpoint Arrival Time            0.000
     Timing Path:
      ----------------------------------------------------------
      Instance       Arc       Cell    Retime  Arrival  Required  
                                       Delay   Time     Time  
      ----------------------------------------------------------
      -              sel[1] v  -       -       0.000    0.089  
      sel_ff_reg[1]  -         DFFQX1  0.000   0.000    0.089  
      ----------------------------------------------------------
     Clock Rise Edge                      0.000
     = Beginpoint Arrival Time            0.000
     Other End Path:
      -------------------------------------------------------
      Instance       Arc    Cell    Retime  Arrival  Required  
                                    Delay   Time     Time  
      -------------------------------------------------------
      -              clk ^  -       -       0.000    -0.089  
      sel_ff_reg[1]  -      DFFQX1  0.000   0.000    -0.089  
      -------------------------------------------------------
Path 9: VIOLATED Hold Check with Pin sel_ff_reg[0]/CK 
Endpoint:   sel_ff_reg[0]/D (v) checked with  leading edge of 'clk'
Beginpoint: sel[0]          (v) triggered by  leading edge of '@'
Path Groups: {clk}
Retime Analysis { Data Path-Slew }
Other End Arrival Time          0.000
+ Hold                          0.089
+ Phase Shift                   0.000
= Required Time                 0.089
  Arrival Time                  0.000
  Slack Time                   -0.089
= Slack Time(original)         -0.089
     Clock Rise Edge                      0.000
     + Input Delay                        0.000
     = Beginpoint Arrival Time            0.000
     Timing Path:
      ----------------------------------------------------------
      Instance       Arc       Cell    Retime  Arrival  Required  
                                       Delay   Time     Time  
      ----------------------------------------------------------
      -              sel[0] v  -       -       0.000    0.089  
      sel_ff_reg[0]  -         DFFQX1  0.000   0.000    0.089  
      ----------------------------------------------------------
     Clock Rise Edge                      0.000
     = Beginpoint Arrival Time            0.000
     Other End Path:
      -------------------------------------------------------
      Instance       Arc    Cell    Retime  Arrival  Required  
                                    Delay   Time     Time  
      -------------------------------------------------------
      -              clk ^  -       -       0.000    -0.089  
      sel_ff_reg[0]  -      DFFQX1  0.000   0.000    -0.089  
      -------------------------------------------------------
Path 10: VIOLATED Hold Check with Pin Y_reg[7]/CK 
Endpoint:   Y_reg[7]/D (v) checked with  leading edge of 'clk'
Beginpoint: in2[7]     (v) triggered by  leading edge of '@'
Path Groups: {clk}
Retime Analysis { Data Path-Slew }
Other End Arrival Time          0.000
+ Hold                          0.089
+ Phase Shift                   0.000
= Required Time                 0.089
  Arrival Time                  0.000
  Slack Time                   -0.089
= Slack Time(original)         -0.089
     Clock Rise Edge                      0.000
     + Input Delay                        0.000
     = Beginpoint Arrival Time            0.000
     Timing Path:
      -----------------------------------------------------
      Instance  Arc       Cell    Retime  Arrival  Required  
                                  Delay   Time     Time  
      -----------------------------------------------------
      -         in2[7] v  -       -       0.000    0.089  
      Y_reg[7]  -         DFFQX1  0.000   0.000    0.089  
      -----------------------------------------------------
     Clock Rise Edge                      0.000
     = Beginpoint Arrival Time            0.000
     Other End Path:
      --------------------------------------------------
      Instance  Arc    Cell    Retime  Arrival  Required  
                               Delay   Time     Time  
      --------------------------------------------------
      -         clk ^  -       -       0.000    -0.089  
      Y_reg[7]  -      DFFQX1  0.000   0.000    -0.089  
      --------------------------------------------------
Path 11: VIOLATED Hold Check with Pin Y_reg[6]/CK 
Endpoint:   Y_reg[6]/D (v) checked with  leading edge of 'clk'
Beginpoint: in2[6]     (v) triggered by  leading edge of '@'
Path Groups: {clk}
Retime Analysis { Data Path-Slew }
Other End Arrival Time          0.000
+ Hold                          0.089
+ Phase Shift                   0.000
= Required Time                 0.089
  Arrival Time                  0.000
  Slack Time                   -0.089
= Slack Time(original)         -0.089
     Clock Rise Edge                      0.000
     + Input Delay                        0.000
     = Beginpoint Arrival Time            0.000
     Timing Path:
      -----------------------------------------------------
      Instance  Arc       Cell    Retime  Arrival  Required  
                                  Delay   Time     Time  
      -----------------------------------------------------
      -         in2[6] v  -       -       0.000    0.089  
      Y_reg[6]  -         DFFQX1  0.000   0.000    0.089  
      -----------------------------------------------------
     Clock Rise Edge                      0.000
     = Beginpoint Arrival Time            0.000
     Other End Path:
      --------------------------------------------------
      Instance  Arc    Cell    Retime  Arrival  Required  
                               Delay   Time     Time  
      --------------------------------------------------
      -         clk ^  -       -       0.000    -0.089  
      Y_reg[6]  -      DFFQX1  0.000   0.000    -0.089  
      --------------------------------------------------
Path 12: VIOLATED Hold Check with Pin Y_reg[5]/CK 
Endpoint:   Y_reg[5]/D (v) checked with  leading edge of 'clk'
Beginpoint: in2[5]     (v) triggered by  leading edge of '@'
Path Groups: {clk}
Retime Analysis { Data Path-Slew }
Other End Arrival Time          0.000
+ Hold                          0.089
+ Phase Shift                   0.000
= Required Time                 0.089
  Arrival Time                  0.000
  Slack Time                   -0.089
= Slack Time(original)         -0.089
     Clock Rise Edge                      0.000
     + Input Delay                        0.000
     = Beginpoint Arrival Time            0.000
     Timing Path:
      -----------------------------------------------------
      Instance  Arc       Cell    Retime  Arrival  Required  
                                  Delay   Time     Time  
      -----------------------------------------------------
      -         in2[5] v  -       -       0.000    0.089  
      Y_reg[5]  -         DFFQX1  0.000   0.000    0.089  
      -----------------------------------------------------
     Clock Rise Edge                      0.000
     = Beginpoint Arrival Time            0.000
     Other End Path:
      --------------------------------------------------
      Instance  Arc    Cell    Retime  Arrival  Required  
                               Delay   Time     Time  
      --------------------------------------------------
      -         clk ^  -       -       0.000    -0.089  
      Y_reg[5]  -      DFFQX1  0.000   0.000    -0.089  
      --------------------------------------------------
Path 13: VIOLATED Hold Check with Pin X_reg[7]/CK 
Endpoint:   X_reg[7]/D (v) checked with  leading edge of 'clk'
Beginpoint: in1[7]     (v) triggered by  leading edge of '@'
Path Groups: {clk}
Retime Analysis { Data Path-Slew }
Other End Arrival Time          0.000
+ Hold                          0.089
+ Phase Shift                   0.000
= Required Time                 0.089
  Arrival Time                  0.000
  Slack Time                   -0.089
= Slack Time(original)         -0.089
     Clock Rise Edge                      0.000
     + Input Delay                        0.000
     = Beginpoint Arrival Time            0.000
     Timing Path:
      -----------------------------------------------------
      Instance  Arc       Cell    Retime  Arrival  Required  
                                  Delay   Time     Time  
      -----------------------------------------------------
      -         in1[7] v  -       -       0.000    0.089  
      X_reg[7]  -         DFFQX1  0.000   0.000    0.089  
      -----------------------------------------------------
     Clock Rise Edge                      0.000
     = Beginpoint Arrival Time            0.000
     Other End Path:
      --------------------------------------------------
      Instance  Arc    Cell    Retime  Arrival  Required  
                               Delay   Time     Time  
      --------------------------------------------------
      -         clk ^  -       -       0.000    -0.089  
      X_reg[7]  -      DFFQX1  0.000   0.000    -0.089  
      --------------------------------------------------
Path 14: VIOLATED Hold Check with Pin X_reg[6]/CK 
Endpoint:   X_reg[6]/D (v) checked with  leading edge of 'clk'
Beginpoint: in1[6]     (v) triggered by  leading edge of '@'
Path Groups: {clk}
Retime Analysis { Data Path-Slew }
Other End Arrival Time          0.000
+ Hold                          0.089
+ Phase Shift                   0.000
= Required Time                 0.089
  Arrival Time                  0.000
  Slack Time                   -0.089
= Slack Time(original)         -0.089
     Clock Rise Edge                      0.000
     + Input Delay                        0.000
     = Beginpoint Arrival Time            0.000
     Timing Path:
      -----------------------------------------------------
      Instance  Arc       Cell    Retime  Arrival  Required  
                                  Delay   Time     Time  
      -----------------------------------------------------
      -         in1[6] v  -       -       0.000    0.089  
      X_reg[6]  -         DFFQX1  0.000   0.000    0.089  
      -----------------------------------------------------
     Clock Rise Edge                      0.000
     = Beginpoint Arrival Time            0.000
     Other End Path:
      --------------------------------------------------
      Instance  Arc    Cell    Retime  Arrival  Required  
                               Delay   Time     Time  
      --------------------------------------------------
      -         clk ^  -       -       0.000    -0.089  
      X_reg[6]  -      DFFQX1  0.000   0.000    -0.089  
      --------------------------------------------------
Path 15: VIOLATED Hold Check with Pin X_reg[5]/CK 
Endpoint:   X_reg[5]/D (v) checked with  leading edge of 'clk'
Beginpoint: in1[5]     (v) triggered by  leading edge of '@'
Path Groups: {clk}
Retime Analysis { Data Path-Slew }
Other End Arrival Time          0.000
+ Hold                          0.089
+ Phase Shift                   0.000
= Required Time                 0.089
  Arrival Time                  0.000
  Slack Time                   -0.089
= Slack Time(original)         -0.089
     Clock Rise Edge                      0.000
     + Input Delay                        0.000
     = Beginpoint Arrival Time            0.000
     Timing Path:
      -----------------------------------------------------
      Instance  Arc       Cell    Retime  Arrival  Required  
                                  Delay   Time     Time  
      -----------------------------------------------------
      -         in1[5] v  -       -       0.000    0.089  
      X_reg[5]  -         DFFQX1  0.000   0.000    0.089  
      -----------------------------------------------------
     Clock Rise Edge                      0.000
     = Beginpoint Arrival Time            0.000
     Other End Path:
      --------------------------------------------------
      Instance  Arc    Cell    Retime  Arrival  Required  
                               Delay   Time     Time  
      --------------------------------------------------
      -         clk ^  -       -       0.000    -0.089  
      X_reg[5]  -      DFFQX1  0.000   0.000    -0.089  
      --------------------------------------------------
Path 16: VIOLATED Hold Check with Pin X_reg[4]/CK 
Endpoint:   X_reg[4]/D (v) checked with  leading edge of 'clk'
Beginpoint: in1[4]     (v) triggered by  leading edge of '@'
Path Groups: {clk}
Retime Analysis { Data Path-Slew }
Other End Arrival Time          0.000
+ Hold                          0.089
+ Phase Shift                   0.000
= Required Time                 0.089
  Arrival Time                  0.000
  Slack Time                   -0.089
= Slack Time(original)         -0.089
     Clock Rise Edge                      0.000
     + Input Delay                        0.000
     = Beginpoint Arrival Time            0.000
     Timing Path:
      -----------------------------------------------------
      Instance  Arc       Cell    Retime  Arrival  Required  
                                  Delay   Time     Time  
      -----------------------------------------------------
      -         in1[4] v  -       -       0.000    0.089  
      X_reg[4]  -         DFFQX1  0.000   0.000    0.089  
      -----------------------------------------------------
     Clock Rise Edge                      0.000
     = Beginpoint Arrival Time            0.000
     Other End Path:
      --------------------------------------------------
      Instance  Arc    Cell    Retime  Arrival  Required  
                               Delay   Time     Time  
      --------------------------------------------------
      -         clk ^  -       -       0.000    -0.089  
      X_reg[4]  -      DFFQX1  0.000   0.000    -0.089  
      --------------------------------------------------
Path 17: VIOLATED Hold Check with Pin X_reg[3]/CK 
Endpoint:   X_reg[3]/D (v) checked with  leading edge of 'clk'
Beginpoint: in1[3]     (v) triggered by  leading edge of '@'
Path Groups: {clk}
Retime Analysis { Data Path-Slew }
Other End Arrival Time          0.000
+ Hold                          0.089
+ Phase Shift                   0.000
= Required Time                 0.089
  Arrival Time                  0.000
  Slack Time                   -0.089
= Slack Time(original)         -0.089
     Clock Rise Edge                      0.000
     + Input Delay                        0.000
     = Beginpoint Arrival Time            0.000
     Timing Path:
      -----------------------------------------------------
      Instance  Arc       Cell    Retime  Arrival  Required  
                                  Delay   Time     Time  
      -----------------------------------------------------
      -         in1[3] v  -       -       0.000    0.089  
      X_reg[3]  -         DFFQX1  0.000   0.000    0.089  
      -----------------------------------------------------
     Clock Rise Edge                      0.000
     = Beginpoint Arrival Time            0.000
     Other End Path:
      --------------------------------------------------
      Instance  Arc    Cell    Retime  Arrival  Required  
                               Delay   Time     Time  
      --------------------------------------------------
      -         clk ^  -       -       0.000    -0.089  
      X_reg[3]  -      DFFQX1  0.000   0.000    -0.089  
      --------------------------------------------------
Path 18: VIOLATED Hold Check with Pin X_reg[2]/CK 
Endpoint:   X_reg[2]/D (v) checked with  leading edge of 'clk'
Beginpoint: in1[2]     (v) triggered by  leading edge of '@'
Path Groups: {clk}
Retime Analysis { Data Path-Slew }
Other End Arrival Time          0.000
+ Hold                          0.089
+ Phase Shift                   0.000
= Required Time                 0.089
  Arrival Time                  0.000
  Slack Time                   -0.089
= Slack Time(original)         -0.089
     Clock Rise Edge                      0.000
     + Input Delay                        0.000
     = Beginpoint Arrival Time            0.000
     Timing Path:
      -----------------------------------------------------
      Instance  Arc       Cell    Retime  Arrival  Required  
                                  Delay   Time     Time  
      -----------------------------------------------------
      -         in1[2] v  -       -       0.000    0.089  
      X_reg[2]  -         DFFQX1  0.000   0.000    0.089  
      -----------------------------------------------------
     Clock Rise Edge                      0.000
     = Beginpoint Arrival Time            0.000
     Other End Path:
      --------------------------------------------------
      Instance  Arc    Cell    Retime  Arrival  Required  
                               Delay   Time     Time  
      --------------------------------------------------
      -         clk ^  -       -       0.000    -0.089  
      X_reg[2]  -      DFFQX1  0.000   0.000    -0.089  
      --------------------------------------------------
Path 19: VIOLATED Hold Check with Pin X_reg[1]/CK 
Endpoint:   X_reg[1]/D (v) checked with  leading edge of 'clk'
Beginpoint: in1[1]     (v) triggered by  leading edge of '@'
Path Groups: {clk}
Retime Analysis { Data Path-Slew }
Other End Arrival Time          0.000
+ Hold                          0.089
+ Phase Shift                   0.000
= Required Time                 0.089
  Arrival Time                  0.000
  Slack Time                   -0.089
= Slack Time(original)         -0.089
     Clock Rise Edge                      0.000
     + Input Delay                        0.000
     = Beginpoint Arrival Time            0.000
     Timing Path:
      -----------------------------------------------------
      Instance  Arc       Cell    Retime  Arrival  Required  
                                  Delay   Time     Time  
      -----------------------------------------------------
      -         in1[1] v  -       -       0.000    0.089  
      X_reg[1]  -         DFFQX1  0.000   0.000    0.089  
      -----------------------------------------------------
     Clock Rise Edge                      0.000
     = Beginpoint Arrival Time            0.000
     Other End Path:
      --------------------------------------------------
      Instance  Arc    Cell    Retime  Arrival  Required  
                               Delay   Time     Time  
      --------------------------------------------------
      -         clk ^  -       -       0.000    -0.089  
      X_reg[1]  -      DFFQX1  0.000   0.000    -0.089  
      --------------------------------------------------
Path 20: VIOLATED Hold Check with Pin X_reg[0]/CK 
Endpoint:   X_reg[0]/D (v) checked with  leading edge of 'clk'
Beginpoint: in1[0]     (v) triggered by  leading edge of '@'
Path Groups: {clk}
Retime Analysis { Data Path-Slew }
Other End Arrival Time          0.000
+ Hold                          0.089
+ Phase Shift                   0.000
= Required Time                 0.089
  Arrival Time                  0.000
  Slack Time                   -0.089
= Slack Time(original)         -0.089
     Clock Rise Edge                      0.000
     + Input Delay                        0.000
     = Beginpoint Arrival Time            0.000
     Timing Path:
      -----------------------------------------------------
      Instance  Arc       Cell    Retime  Arrival  Required  
                                  Delay   Time     Time  
      -----------------------------------------------------
      -         in1[0] v  -       -       0.000    0.089  
      X_reg[0]  -         DFFQX1  0.000   0.000    0.089  
      -----------------------------------------------------
     Clock Rise Edge                      0.000
     = Beginpoint Arrival Time            0.000
     Other End Path:
      --------------------------------------------------
      Instance  Arc    Cell    Retime  Arrival  Required  
                               Delay   Time     Time  
      --------------------------------------------------
      -         clk ^  -       -       0.000    -0.089  
      X_reg[0]  -      DFFQX1  0.000   0.000    -0.089  
      --------------------------------------------------
Path 21: MET Hold Check with Pin Y_reg[4]/CK 
Endpoint:   Y_reg[4]/D (^) checked with  leading edge of 'clk'
Beginpoint: in2[4]     (^) triggered by  leading edge of '@'
Path Groups: {clk}
Retime Analysis { Data Path-Slew }
Other End Arrival Time          0.000
+ Hold                         -0.005
+ Phase Shift                   0.000
= Required Time                -0.005
  Arrival Time                  0.000
  Slack Time                    0.005
= Slack Time(original)          0.005
     Clock Rise Edge                      0.000
     + Input Delay                        0.000
     = Beginpoint Arrival Time            0.000
     Timing Path:
      -----------------------------------------------------
      Instance  Arc       Cell    Retime  Arrival  Required  
                                  Delay   Time     Time  
      -----------------------------------------------------
      -         in2[4] ^  -       -       0.000    -0.005  
      Y_reg[4]  -         DFFQX4  0.000   0.000    -0.005  
      -----------------------------------------------------
     Clock Rise Edge                      0.000
     = Beginpoint Arrival Time            0.000
     Other End Path:
      --------------------------------------------------
      Instance  Arc    Cell    Retime  Arrival  Required  
                               Delay   Time     Time  
      --------------------------------------------------
      -         clk ^  -       -       0.000    0.005  
      Y_reg[4]  -      DFFQX4  0.000   0.000    0.005  
      --------------------------------------------------
Path 22: MET Hold Check with Pin Y_reg[3]/CK 
Endpoint:   Y_reg[3]/D (^) checked with  leading edge of 'clk'
Beginpoint: in2[3]     (^) triggered by  leading edge of '@'
Path Groups: {clk}
Retime Analysis { Data Path-Slew }
Other End Arrival Time          0.000
+ Hold                         -0.005
+ Phase Shift                   0.000
= Required Time                -0.005
  Arrival Time                  0.000
  Slack Time                    0.005
= Slack Time(original)          0.005
     Clock Rise Edge                      0.000
     + Input Delay                        0.000
     = Beginpoint Arrival Time            0.000
     Timing Path:
      -----------------------------------------------------
      Instance  Arc       Cell    Retime  Arrival  Required  
                                  Delay   Time     Time  
      -----------------------------------------------------
      -         in2[3] ^  -       -       0.000    -0.005  
      Y_reg[3]  -         DFFQX4  0.000   0.000    -0.005  
      -----------------------------------------------------
     Clock Rise Edge                      0.000
     = Beginpoint Arrival Time            0.000
     Other End Path:
      --------------------------------------------------
      Instance  Arc    Cell    Retime  Arrival  Required  
                               Delay   Time     Time  
      --------------------------------------------------
      -         clk ^  -       -       0.000    0.005  
      Y_reg[3]  -      DFFQX4  0.000   0.000    0.005  
      --------------------------------------------------
Path 23: MET Hold Check with Pin Y_reg[2]/CK 
Endpoint:   Y_reg[2]/D (^) checked with  leading edge of 'clk'
Beginpoint: in2[2]     (^) triggered by  leading edge of '@'
Path Groups: {clk}
Retime Analysis { Data Path-Slew }
Other End Arrival Time          0.000
+ Hold                         -0.005
+ Phase Shift                   0.000
= Required Time                -0.005
  Arrival Time                  0.000
  Slack Time                    0.005
= Slack Time(original)          0.005
     Clock Rise Edge                      0.000
     + Input Delay                        0.000
     = Beginpoint Arrival Time            0.000
     Timing Path:
      -----------------------------------------------------
      Instance  Arc       Cell    Retime  Arrival  Required  
                                  Delay   Time     Time  
      -----------------------------------------------------
      -         in2[2] ^  -       -       0.000    -0.005  
      Y_reg[2]  -         DFFQX4  0.000   0.000    -0.005  
      -----------------------------------------------------
     Clock Rise Edge                      0.000
     = Beginpoint Arrival Time            0.000
     Other End Path:
      --------------------------------------------------
      Instance  Arc    Cell    Retime  Arrival  Required  
                               Delay   Time     Time  
      --------------------------------------------------
      -         clk ^  -       -       0.000    0.005  
      Y_reg[2]  -      DFFQX4  0.000   0.000    0.005  
      --------------------------------------------------
Path 24: MET Hold Check with Pin Y_reg[1]/CK 
Endpoint:   Y_reg[1]/D (^) checked with  leading edge of 'clk'
Beginpoint: in2[1]     (^) triggered by  leading edge of '@'
Path Groups: {clk}
Retime Analysis { Data Path-Slew }
Other End Arrival Time          0.000
+ Hold                         -0.005
+ Phase Shift                   0.000
= Required Time                -0.005
  Arrival Time                  0.000
  Slack Time                    0.005
= Slack Time(original)          0.005
     Clock Rise Edge                      0.000
     + Input Delay                        0.000
     = Beginpoint Arrival Time            0.000
     Timing Path:
      -----------------------------------------------------
      Instance  Arc       Cell    Retime  Arrival  Required  
                                  Delay   Time     Time  
      -----------------------------------------------------
      -         in2[1] ^  -       -       0.000    -0.005  
      Y_reg[1]  -         DFFQX4  0.000   0.000    -0.005  
      -----------------------------------------------------
     Clock Rise Edge                      0.000
     = Beginpoint Arrival Time            0.000
     Other End Path:
      --------------------------------------------------
      Instance  Arc    Cell    Retime  Arrival  Required  
                               Delay   Time     Time  
      --------------------------------------------------
      -         clk ^  -       -       0.000    0.005  
      Y_reg[1]  -      DFFQX4  0.000   0.000    0.005  
      --------------------------------------------------
Path 25: MET Hold Check with Pin Y_reg[0]/CK 
Endpoint:   Y_reg[0]/D (^) checked with  leading edge of 'clk'
Beginpoint: in2[0]     (^) triggered by  leading edge of '@'
Path Groups: {clk}
Retime Analysis { Data Path-Slew }
Other End Arrival Time          0.000
+ Hold                         -0.005
+ Phase Shift                   0.000
= Required Time                -0.005
  Arrival Time                  0.000
  Slack Time                    0.005
= Slack Time(original)          0.005
     Clock Rise Edge                      0.000
     + Input Delay                        0.000
     = Beginpoint Arrival Time            0.000
     Timing Path:
      -----------------------------------------------------
      Instance  Arc       Cell    Retime  Arrival  Required  
                                  Delay   Time     Time  
      -----------------------------------------------------
      -         in2[0] ^  -       -       0.000    -0.005  
      Y_reg[0]  -         DFFQX4  0.000   0.000    -0.005  
      -----------------------------------------------------
     Clock Rise Edge                      0.000
     = Beginpoint Arrival Time            0.000
     Other End Path:
      --------------------------------------------------
      Instance  Arc    Cell    Retime  Arrival  Required  
                               Delay   Time     Time  
      --------------------------------------------------
      -         clk ^  -       -       0.000    0.005  
      Y_reg[0]  -      DFFQX4  0.000   0.000    0.005  
      --------------------------------------------------
Path 26: MET Hold Check with Pin sel_ff_reg[3]/CK 
Endpoint:   sel_ff_reg[3]/D (^) checked with  leading edge of 'clk'
Beginpoint: sel[3]          (^) triggered by  leading edge of '@'
Path Groups: {clk}
Retime Analysis { Data Path-Slew }
Other End Arrival Time          0.000
+ Hold                         -0.014
+ Phase Shift                   0.000
= Required Time                -0.014
  Arrival Time                  0.000
  Slack Time                    0.014
= Slack Time(original)          0.014
     Clock Rise Edge                      0.000
     + Input Delay                        0.000
     = Beginpoint Arrival Time            0.000
     Timing Path:
      ----------------------------------------------------------
      Instance       Arc       Cell    Retime  Arrival  Required  
                                       Delay   Time     Time  
      ----------------------------------------------------------
      -              sel[3] ^  -       -       0.000    -0.014  
      sel_ff_reg[3]  -         DFFQX1  0.000   0.000    -0.014  
      ----------------------------------------------------------
     Clock Rise Edge                      0.000
     = Beginpoint Arrival Time            0.000
     Other End Path:
      -------------------------------------------------------
      Instance       Arc    Cell    Retime  Arrival  Required  
                                    Delay   Time     Time  
      -------------------------------------------------------
      -              clk ^  -       -       0.000    0.014  
      sel_ff_reg[3]  -      DFFQX1  0.000   0.000    0.014  
      -------------------------------------------------------
Path 27: MET Hold Check with Pin sel_ff_reg[2]/CK 
Endpoint:   sel_ff_reg[2]/D (^) checked with  leading edge of 'clk'
Beginpoint: sel[2]          (^) triggered by  leading edge of '@'
Path Groups: {clk}
Retime Analysis { Data Path-Slew }
Other End Arrival Time          0.000
+ Hold                         -0.014
+ Phase Shift                   0.000
= Required Time                -0.014
  Arrival Time                  0.000
  Slack Time                    0.014
= Slack Time(original)          0.014
     Clock Rise Edge                      0.000
     + Input Delay                        0.000
     = Beginpoint Arrival Time            0.000
     Timing Path:
      ----------------------------------------------------------
      Instance       Arc       Cell    Retime  Arrival  Required  
                                       Delay   Time     Time  
      ----------------------------------------------------------
      -              sel[2] ^  -       -       0.000    -0.014  
      sel_ff_reg[2]  -         DFFQX1  0.000   0.000    -0.014  
      ----------------------------------------------------------
     Clock Rise Edge                      0.000
     = Beginpoint Arrival Time            0.000
     Other End Path:
      -------------------------------------------------------
      Instance       Arc    Cell    Retime  Arrival  Required  
                                    Delay   Time     Time  
      -------------------------------------------------------
      -              clk ^  -       -       0.000    0.014  
      sel_ff_reg[2]  -      DFFQX1  0.000   0.000    0.014  
      -------------------------------------------------------
Path 28: MET Hold Check with Pin sel_ff_reg[1]/CK 
Endpoint:   sel_ff_reg[1]/D (^) checked with  leading edge of 'clk'
Beginpoint: sel[1]          (^) triggered by  leading edge of '@'
Path Groups: {clk}
Retime Analysis { Data Path-Slew }
Other End Arrival Time          0.000
+ Hold                         -0.014
+ Phase Shift                   0.000
= Required Time                -0.014
  Arrival Time                  0.000
  Slack Time                    0.014
= Slack Time(original)          0.014
     Clock Rise Edge                      0.000
     + Input Delay                        0.000
     = Beginpoint Arrival Time            0.000
     Timing Path:
      ----------------------------------------------------------
      Instance       Arc       Cell    Retime  Arrival  Required  
                                       Delay   Time     Time  
      ----------------------------------------------------------
      -              sel[1] ^  -       -       0.000    -0.014  
      sel_ff_reg[1]  -         DFFQX1  0.000   0.000    -0.014  
      ----------------------------------------------------------
     Clock Rise Edge                      0.000
     = Beginpoint Arrival Time            0.000
     Other End Path:
      -------------------------------------------------------
      Instance       Arc    Cell    Retime  Arrival  Required  
                                    Delay   Time     Time  
      -------------------------------------------------------
      -              clk ^  -       -       0.000    0.014  
      sel_ff_reg[1]  -      DFFQX1  0.000   0.000    0.014  
      -------------------------------------------------------
Path 29: MET Hold Check with Pin sel_ff_reg[0]/CK 
Endpoint:   sel_ff_reg[0]/D (^) checked with  leading edge of 'clk'
Beginpoint: sel[0]          (^) triggered by  leading edge of '@'
Path Groups: {clk}
Retime Analysis { Data Path-Slew }
Other End Arrival Time          0.000
+ Hold                         -0.014
+ Phase Shift                   0.000
= Required Time                -0.014
  Arrival Time                  0.000
  Slack Time                    0.014
= Slack Time(original)          0.014
     Clock Rise Edge                      0.000
     + Input Delay                        0.000
     = Beginpoint Arrival Time            0.000
     Timing Path:
      ----------------------------------------------------------
      Instance       Arc       Cell    Retime  Arrival  Required  
                                       Delay   Time     Time  
      ----------------------------------------------------------
      -              sel[0] ^  -       -       0.000    -0.014  
      sel_ff_reg[0]  -         DFFQX1  0.000   0.000    -0.014  
      ----------------------------------------------------------
     Clock Rise Edge                      0.000
     = Beginpoint Arrival Time            0.000
     Other End Path:
      -------------------------------------------------------
      Instance       Arc    Cell    Retime  Arrival  Required  
                                    Delay   Time     Time  
      -------------------------------------------------------
      -              clk ^  -       -       0.000    0.014  
      sel_ff_reg[0]  -      DFFQX1  0.000   0.000    0.014  
      -------------------------------------------------------
Path 30: MET Hold Check with Pin Y_reg[7]/CK 
Endpoint:   Y_reg[7]/D (^) checked with  leading edge of 'clk'
Beginpoint: in2[7]     (^) triggered by  leading edge of '@'
Path Groups: {clk}
Retime Analysis { Data Path-Slew }
Other End Arrival Time          0.000
+ Hold                         -0.014
+ Phase Shift                   0.000
= Required Time                -0.014
  Arrival Time                  0.000
  Slack Time                    0.014
= Slack Time(original)          0.014
     Clock Rise Edge                      0.000
     + Input Delay                        0.000
     = Beginpoint Arrival Time            0.000
     Timing Path:
      -----------------------------------------------------
      Instance  Arc       Cell    Retime  Arrival  Required  
                                  Delay   Time     Time  
      -----------------------------------------------------
      -         in2[7] ^  -       -       0.000    -0.014  
      Y_reg[7]  -         DFFQX1  0.000   0.000    -0.014  
      -----------------------------------------------------
     Clock Rise Edge                      0.000
     = Beginpoint Arrival Time            0.000
     Other End Path:
      --------------------------------------------------
      Instance  Arc    Cell    Retime  Arrival  Required  
                               Delay   Time     Time  
      --------------------------------------------------
      -         clk ^  -       -       0.000    0.014  
      Y_reg[7]  -      DFFQX1  0.000   0.000    0.014  
      --------------------------------------------------
Path 31: MET Hold Check with Pin Y_reg[6]/CK 
Endpoint:   Y_reg[6]/D (^) checked with  leading edge of 'clk'
Beginpoint: in2[6]     (^) triggered by  leading edge of '@'
Path Groups: {clk}
Retime Analysis { Data Path-Slew }
Other End Arrival Time          0.000
+ Hold                         -0.014
+ Phase Shift                   0.000
= Required Time                -0.014
  Arrival Time                  0.000
  Slack Time                    0.014
= Slack Time(original)          0.014
     Clock Rise Edge                      0.000
     + Input Delay                        0.000
     = Beginpoint Arrival Time            0.000
     Timing Path:
      -----------------------------------------------------
      Instance  Arc       Cell    Retime  Arrival  Required  
                                  Delay   Time     Time  
      -----------------------------------------------------
      -         in2[6] ^  -       -       0.000    -0.014  
      Y_reg[6]  -         DFFQX1  0.000   0.000    -0.014  
      -----------------------------------------------------
     Clock Rise Edge                      0.000
     = Beginpoint Arrival Time            0.000
     Other End Path:
      --------------------------------------------------
      Instance  Arc    Cell    Retime  Arrival  Required  
                               Delay   Time     Time  
      --------------------------------------------------
      -         clk ^  -       -       0.000    0.014  
      Y_reg[6]  -      DFFQX1  0.000   0.000    0.014  
      --------------------------------------------------
Path 32: MET Hold Check with Pin Y_reg[5]/CK 
Endpoint:   Y_reg[5]/D (^) checked with  leading edge of 'clk'
Beginpoint: in2[5]     (^) triggered by  leading edge of '@'
Path Groups: {clk}
Retime Analysis { Data Path-Slew }
Other End Arrival Time          0.000
+ Hold                         -0.014
+ Phase Shift                   0.000
= Required Time                -0.014
  Arrival Time                  0.000
  Slack Time                    0.014
= Slack Time(original)          0.014
     Clock Rise Edge                      0.000
     + Input Delay                        0.000
     = Beginpoint Arrival Time            0.000
     Timing Path:
      -----------------------------------------------------
      Instance  Arc       Cell    Retime  Arrival  Required  
                                  Delay   Time     Time  
      -----------------------------------------------------
      -         in2[5] ^  -       -       0.000    -0.014  
      Y_reg[5]  -         DFFQX1  0.000   0.000    -0.014  
      -----------------------------------------------------
     Clock Rise Edge                      0.000
     = Beginpoint Arrival Time            0.000
     Other End Path:
      --------------------------------------------------
      Instance  Arc    Cell    Retime  Arrival  Required  
                               Delay   Time     Time  
      --------------------------------------------------
      -         clk ^  -       -       0.000    0.014  
      Y_reg[5]  -      DFFQX1  0.000   0.000    0.014  
      --------------------------------------------------
Path 33: MET Hold Check with Pin X_reg[7]/CK 
Endpoint:   X_reg[7]/D (^) checked with  leading edge of 'clk'
Beginpoint: in1[7]     (^) triggered by  leading edge of '@'
Path Groups: {clk}
Retime Analysis { Data Path-Slew }
Other End Arrival Time          0.000
+ Hold                         -0.014
+ Phase Shift                   0.000
= Required Time                -0.014
  Arrival Time                  0.000
  Slack Time                    0.014
= Slack Time(original)          0.014
     Clock Rise Edge                      0.000
     + Input Delay                        0.000
     = Beginpoint Arrival Time            0.000
     Timing Path:
      -----------------------------------------------------
      Instance  Arc       Cell    Retime  Arrival  Required  
                                  Delay   Time     Time  
      -----------------------------------------------------
      -         in1[7] ^  -       -       0.000    -0.014  
      X_reg[7]  -         DFFQX1  0.000   0.000    -0.014  
      -----------------------------------------------------
     Clock Rise Edge                      0.000
     = Beginpoint Arrival Time            0.000
     Other End Path:
      --------------------------------------------------
      Instance  Arc    Cell    Retime  Arrival  Required  
                               Delay   Time     Time  
      --------------------------------------------------
      -         clk ^  -       -       0.000    0.014  
      X_reg[7]  -      DFFQX1  0.000   0.000    0.014  
      --------------------------------------------------
Path 34: MET Hold Check with Pin X_reg[6]/CK 
Endpoint:   X_reg[6]/D (^) checked with  leading edge of 'clk'
Beginpoint: in1[6]     (^) triggered by  leading edge of '@'
Path Groups: {clk}
Retime Analysis { Data Path-Slew }
Other End Arrival Time          0.000
+ Hold                         -0.014
+ Phase Shift                   0.000
= Required Time                -0.014
  Arrival Time                  0.000
  Slack Time                    0.014
= Slack Time(original)          0.014
     Clock Rise Edge                      0.000
     + Input Delay                        0.000
     = Beginpoint Arrival Time            0.000
     Timing Path:
      -----------------------------------------------------
      Instance  Arc       Cell    Retime  Arrival  Required  
                                  Delay   Time     Time  
      -----------------------------------------------------
      -         in1[6] ^  -       -       0.000    -0.014  
      X_reg[6]  -         DFFQX1  0.000   0.000    -0.014  
      -----------------------------------------------------
     Clock Rise Edge                      0.000
     = Beginpoint Arrival Time            0.000
     Other End Path:
      --------------------------------------------------
      Instance  Arc    Cell    Retime  Arrival  Required  
                               Delay   Time     Time  
      --------------------------------------------------
      -         clk ^  -       -       0.000    0.014  
      X_reg[6]  -      DFFQX1  0.000   0.000    0.014  
      --------------------------------------------------
Path 35: MET Hold Check with Pin X_reg[5]/CK 
Endpoint:   X_reg[5]/D (^) checked with  leading edge of 'clk'
Beginpoint: in1[5]     (^) triggered by  leading edge of '@'
Path Groups: {clk}
Retime Analysis { Data Path-Slew }
Other End Arrival Time          0.000
+ Hold                         -0.014
+ Phase Shift                   0.000
= Required Time                -0.014
  Arrival Time                  0.000
  Slack Time                    0.014
= Slack Time(original)          0.014
     Clock Rise Edge                      0.000
     + Input Delay                        0.000
     = Beginpoint Arrival Time            0.000
     Timing Path:
      -----------------------------------------------------
      Instance  Arc       Cell    Retime  Arrival  Required  
                                  Delay   Time     Time  
      -----------------------------------------------------
      -         in1[5] ^  -       -       0.000    -0.014  
      X_reg[5]  -         DFFQX1  0.000   0.000    -0.014  
      -----------------------------------------------------
     Clock Rise Edge                      0.000
     = Beginpoint Arrival Time            0.000
     Other End Path:
      --------------------------------------------------
      Instance  Arc    Cell    Retime  Arrival  Required  
                               Delay   Time     Time  
      --------------------------------------------------
      -         clk ^  -       -       0.000    0.014  
      X_reg[5]  -      DFFQX1  0.000   0.000    0.014  
      --------------------------------------------------
Path 36: MET Hold Check with Pin X_reg[4]/CK 
Endpoint:   X_reg[4]/D (^) checked with  leading edge of 'clk'
Beginpoint: in1[4]     (^) triggered by  leading edge of '@'
Path Groups: {clk}
Retime Analysis { Data Path-Slew }
Other End Arrival Time          0.000
+ Hold                         -0.014
+ Phase Shift                   0.000
= Required Time                -0.014
  Arrival Time                  0.000
  Slack Time                    0.014
= Slack Time(original)          0.014
     Clock Rise Edge                      0.000
     + Input Delay                        0.000
     = Beginpoint Arrival Time            0.000
     Timing Path:
      -----------------------------------------------------
      Instance  Arc       Cell    Retime  Arrival  Required  
                                  Delay   Time     Time  
      -----------------------------------------------------
      -         in1[4] ^  -       -       0.000    -0.014  
      X_reg[4]  -         DFFQX1  0.000   0.000    -0.014  
      -----------------------------------------------------
     Clock Rise Edge                      0.000
     = Beginpoint Arrival Time            0.000
     Other End Path:
      --------------------------------------------------
      Instance  Arc    Cell    Retime  Arrival  Required  
                               Delay   Time     Time  
      --------------------------------------------------
      -         clk ^  -       -       0.000    0.014  
      X_reg[4]  -      DFFQX1  0.000   0.000    0.014  
      --------------------------------------------------
Path 37: MET Hold Check with Pin X_reg[3]/CK 
Endpoint:   X_reg[3]/D (^) checked with  leading edge of 'clk'
Beginpoint: in1[3]     (^) triggered by  leading edge of '@'
Path Groups: {clk}
Retime Analysis { Data Path-Slew }
Other End Arrival Time          0.000
+ Hold                         -0.014
+ Phase Shift                   0.000
= Required Time                -0.014
  Arrival Time                  0.000
  Slack Time                    0.014
= Slack Time(original)          0.014
     Clock Rise Edge                      0.000
     + Input Delay                        0.000
     = Beginpoint Arrival Time            0.000
     Timing Path:
      -----------------------------------------------------
      Instance  Arc       Cell    Retime  Arrival  Required  
                                  Delay   Time     Time  
      -----------------------------------------------------
      -         in1[3] ^  -       -       0.000    -0.014  
      X_reg[3]  -         DFFQX1  0.000   0.000    -0.014  
      -----------------------------------------------------
     Clock Rise Edge                      0.000
     = Beginpoint Arrival Time            0.000
     Other End Path:
      --------------------------------------------------
      Instance  Arc    Cell    Retime  Arrival  Required  
                               Delay   Time     Time  
      --------------------------------------------------
      -         clk ^  -       -       0.000    0.014  
      X_reg[3]  -      DFFQX1  0.000   0.000    0.014  
      --------------------------------------------------
Path 38: MET Hold Check with Pin X_reg[2]/CK 
Endpoint:   X_reg[2]/D (^) checked with  leading edge of 'clk'
Beginpoint: in1[2]     (^) triggered by  leading edge of '@'
Path Groups: {clk}
Retime Analysis { Data Path-Slew }
Other End Arrival Time          0.000
+ Hold                         -0.014
+ Phase Shift                   0.000
= Required Time                -0.014
  Arrival Time                  0.000
  Slack Time                    0.014
= Slack Time(original)          0.014
     Clock Rise Edge                      0.000
     + Input Delay                        0.000
     = Beginpoint Arrival Time            0.000
     Timing Path:
      -----------------------------------------------------
      Instance  Arc       Cell    Retime  Arrival  Required  
                                  Delay   Time     Time  
      -----------------------------------------------------
      -         in1[2] ^  -       -       0.000    -0.014  
      X_reg[2]  -         DFFQX1  0.000   0.000    -0.014  
      -----------------------------------------------------
     Clock Rise Edge                      0.000
     = Beginpoint Arrival Time            0.000
     Other End Path:
      --------------------------------------------------
      Instance  Arc    Cell    Retime  Arrival  Required  
                               Delay   Time     Time  
      --------------------------------------------------
      -         clk ^  -       -       0.000    0.014  
      X_reg[2]  -      DFFQX1  0.000   0.000    0.014  
      --------------------------------------------------
Path 39: MET Hold Check with Pin X_reg[1]/CK 
Endpoint:   X_reg[1]/D (^) checked with  leading edge of 'clk'
Beginpoint: in1[1]     (^) triggered by  leading edge of '@'
Path Groups: {clk}
Retime Analysis { Data Path-Slew }
Other End Arrival Time          0.000
+ Hold                         -0.014
+ Phase Shift                   0.000
= Required Time                -0.014
  Arrival Time                  0.000
  Slack Time                    0.014
= Slack Time(original)          0.014
     Clock Rise Edge                      0.000
     + Input Delay                        0.000
     = Beginpoint Arrival Time            0.000
     Timing Path:
      -----------------------------------------------------
      Instance  Arc       Cell    Retime  Arrival  Required  
                                  Delay   Time     Time  
      -----------------------------------------------------
      -         in1[1] ^  -       -       0.000    -0.014  
      X_reg[1]  -         DFFQX1  0.000   0.000    -0.014  
      -----------------------------------------------------
     Clock Rise Edge                      0.000
     = Beginpoint Arrival Time            0.000
     Other End Path:
      --------------------------------------------------
      Instance  Arc    Cell    Retime  Arrival  Required  
                               Delay   Time     Time  
      --------------------------------------------------
      -         clk ^  -       -       0.000    0.014  
      X_reg[1]  -      DFFQX1  0.000   0.000    0.014  
      --------------------------------------------------
Path 40: MET Hold Check with Pin X_reg[0]/CK 
Endpoint:   X_reg[0]/D (^) checked with  leading edge of 'clk'
Beginpoint: in1[0]     (^) triggered by  leading edge of '@'
Path Groups: {clk}
Retime Analysis { Data Path-Slew }
Other End Arrival Time          0.000
+ Hold                         -0.014
+ Phase Shift                   0.000
= Required Time                -0.014
  Arrival Time                  0.000
  Slack Time                    0.014
= Slack Time(original)          0.014
     Clock Rise Edge                      0.000
     + Input Delay                        0.000
     = Beginpoint Arrival Time            0.000
     Timing Path:
      -----------------------------------------------------
      Instance  Arc       Cell    Retime  Arrival  Required  
                                  Delay   Time     Time  
      -----------------------------------------------------
      -         in1[0] ^  -       -       0.000    -0.014  
      X_reg[0]  -         DFFQX1  0.000   0.000    -0.014  
      -----------------------------------------------------
     Clock Rise Edge                      0.000
     = Beginpoint Arrival Time            0.000
     Other End Path:
      --------------------------------------------------
      Instance  Arc    Cell    Retime  Arrival  Required  
                               Delay   Time     Time  
      --------------------------------------------------
      -         clk ^  -       -       0.000    0.014  
      X_reg[0]  -      DFFQX1  0.000   0.000    0.014  
      --------------------------------------------------
Path 41: MET Hold Check with Pin out1_reg[3]/CK 
Endpoint:   out1_reg[3]/D (v) checked with  leading edge of 'clk'
Beginpoint: rst           (^) triggered by  leading edge of '@'
Path Groups: {clk}
Retime Analysis { Data Path-Slew }
Other End Arrival Time          0.000
+ Hold                          0.135
+ Phase Shift                   0.000
= Required Time                 0.135
  Arrival Time                  0.417
  Slack Time                    0.283
= Slack Time(original)          0.294
     Clock Rise Edge                      0.000
     + Input Delay                        0.000
     = Beginpoint Arrival Time            0.000
     Timing Path:
      -------------------------------------------------------------
      Instance     Arc          Cell      Retime  Arrival  Required  
                                          Delay   Time     Time  
      -------------------------------------------------------------
      -            rst ^        -         -       0.000    -0.283  
      g7782__8246  -            NAND2BX1  0.000   0.000    -0.283  
      g7782__8246  AN ^ -> Y ^  NAND2BX1  0.091   0.091    -0.191  
      g7773__5526  -            NOR2XL    0.000   0.091    -0.191  
      g7773__5526  B ^ -> Y v   NOR2XL    0.112   0.204    -0.079  
      g7700__2346  -            OAI211X1  0.000   0.204    -0.079  
      g7700__2346  C0 v -> Y ^  OAI211X1  0.094   0.297    0.015  
      g7672__5477  -            OAI211X1  0.000   0.297    0.015  
      g7672__5477  A0 ^ -> Y v  OAI211X1  0.120   0.417    0.135  
      out1_reg[3]  -            DFFHQX8   0.000   0.417    0.135  
      -------------------------------------------------------------
     Clock Rise Edge                      0.000
     = Beginpoint Arrival Time            0.000
     Other End Path:
      ------------------------------------------------------
      Instance     Arc    Cell     Retime  Arrival  Required  
                                   Delay   Time     Time  
      ------------------------------------------------------
      -            clk ^  -        -       0.000    0.283  
      out1_reg[3]  -      DFFHQX8  0.000   0.000    0.283  
      ------------------------------------------------------
Path 42: MET Hold Check with Pin out1_reg[0]/CK 
Endpoint:   out1_reg[0]/D (v) checked with  leading edge of 'clk'
Beginpoint: rst           (^) triggered by  leading edge of '@'
Path Groups: {clk}
Retime Analysis { Data Path-Slew }
Other End Arrival Time          0.000
+ Hold                          0.117
+ Phase Shift                   0.000
= Required Time                 0.117
  Arrival Time                  0.422
  Slack Time                    0.306
= Slack Time(original)          0.298
     Clock Rise Edge                      0.000
     + Input Delay                        0.000
     = Beginpoint Arrival Time            0.000
     Timing Path:
      --------------------------------------------------------------
      Instance     Arc          Cell       Retime  Arrival  Required  
                                           Delay   Time     Time  
      --------------------------------------------------------------
      -            rst ^        -          -       0.000    -0.306  
      g7782__8246  -            NAND2BX1   0.000   0.000    -0.306  
      g7782__8246  AN ^ -> Y ^  NAND2BX1   0.091   0.091    -0.214  
      g7778__1705  -            OR2X1      0.000   0.091    -0.214  
      g7778__1705  B ^ -> Y ^   OR2X1      0.103   0.194    -0.111  
      g7691__1881  -            OAI21X1    0.000   0.194    -0.111  
      g7691__1881  A0 ^ -> Y v  OAI21X1    0.079   0.273    -0.033  
      g7689__7098  -            AOI221X1   0.000   0.273    -0.033  
      g7689__7098  C0 v -> Y ^  AOI221X1   0.069   0.342    0.036  
      g7687__5122  -            OAI2BB1XL  0.000   0.342    0.036  
      g7687__5122  B0 ^ -> Y v  OAI2BB1XL  0.080   0.422    0.117  
      out1_reg[0]  -            DFFHQX8    0.000   0.422    0.117  
      --------------------------------------------------------------
     Clock Rise Edge                      0.000
     = Beginpoint Arrival Time            0.000
     Other End Path:
      ------------------------------------------------------
      Instance     Arc    Cell     Retime  Arrival  Required  
                                   Delay   Time     Time  
      ------------------------------------------------------
      -            clk ^  -        -       0.000    0.306  
      out1_reg[0]  -      DFFHQX8  0.000   0.000    0.306  
      ------------------------------------------------------
Path 43: MET Hold Check with Pin out1_reg[0]/CK 
Endpoint:   out1_reg[0]/D (v) checked with  leading edge of 'clk'
Beginpoint: rst           (^) triggered by  leading edge of '@'
Path Groups: {clk}
Retime Analysis { Data Path-Slew }
Other End Arrival Time          0.000
+ Hold                          0.111
+ Phase Shift                   0.000
= Required Time                 0.111
  Arrival Time                  0.526
  Slack Time                    0.415
= Slack Time(original)          0.406
     Clock Rise Edge                      0.000
     + Input Delay                        0.000
     = Beginpoint Arrival Time            0.000
     Timing Path:
      ---------------------------------------------------------------
      Instance     Arc           Cell       Retime  Arrival  Required  
                                            Delay   Time     Time  
      ---------------------------------------------------------------
      -            rst ^         -          -       0.000    -0.415  
      g7782__8246  -             NAND2BX1   0.000   0.000    -0.415  
      g7782__8246  AN ^ -> Y ^   NAND2BX1   0.091   0.091    -0.324  
      g7773__5526  -             NOR2XL     0.000   0.091    -0.324  
      g7773__5526  B ^ -> Y v    NOR2XL     0.112   0.204    -0.211  
      g7700__2346  -             OAI211X1   0.000   0.204    -0.211  
      g7700__2346  C0 v -> Y ^   OAI211X1   0.094   0.297    -0.118  
      g7697        -             CLKINVX1   0.000   0.297    -0.118  
      g7697        A ^ -> Y v    CLKINVX1   0.089   0.386    -0.029  
      g7687__5122  -             OAI2BB1XL  0.000   0.386    -0.029  
      g7687__5122  A0N v -> Y v  OAI2BB1XL  0.140   0.526    0.111  
      out1_reg[0]  -             DFFHQX8    0.000   0.526    0.111  
      ---------------------------------------------------------------
     Clock Rise Edge                      0.000
     = Beginpoint Arrival Time            0.000
     Other End Path:
      ------------------------------------------------------
      Instance     Arc    Cell     Retime  Arrival  Required  
                                   Delay   Time     Time  
      ------------------------------------------------------
      -            clk ^  -        -       0.000    0.415  
      out1_reg[0]  -      DFFHQX8  0.000   0.000    0.415  
      ------------------------------------------------------
Path 44: MET Hold Check with Pin out1_reg[7]/CK 
Endpoint:   out1_reg[7]/D (v) checked with  leading edge of 'clk'
Beginpoint: rst           (^) triggered by  leading edge of '@'
Path Groups: {clk}
Retime Analysis { Data Path-Slew }
Other End Arrival Time          0.000
+ Hold                          0.111
+ Phase Shift                   0.000
= Required Time                 0.111
  Arrival Time                  0.526
  Slack Time                    0.415
= Slack Time(original)          0.406
     Clock Rise Edge                      0.000
     + Input Delay                        0.000
     = Beginpoint Arrival Time            0.000
     Timing Path:
      ---------------------------------------------------------------
      Instance     Arc           Cell       Retime  Arrival  Required  
                                            Delay   Time     Time  
      ---------------------------------------------------------------
      -            rst ^         -          -       0.000    -0.415  
      g7782__8246  -             NAND2BX1   0.000   0.000    -0.415  
      g7782__8246  AN ^ -> Y ^   NAND2BX1   0.091   0.091    -0.324  
      g7773__5526  -             NOR2XL     0.000   0.091    -0.324  
      g7773__5526  B ^ -> Y v    NOR2XL     0.112   0.204    -0.211  
      g7700__2346  -             OAI211X1   0.000   0.204    -0.211  
      g7700__2346  C0 v -> Y ^   OAI211X1   0.094   0.297    -0.117  
      g7697        -             CLKINVX1   0.000   0.297    -0.117  
      g7697        A ^ -> Y v    CLKINVX1   0.089   0.386    -0.029  
      g7635__2398  -             OAI2BB1XL  0.000   0.386    -0.029  
      g7635__2398  A0N v -> Y v  OAI2BB1XL  0.140   0.526    0.111  
      out1_reg[7]  -             DFFHQX8    0.000   0.526    0.111  
      ---------------------------------------------------------------
     Clock Rise Edge                      0.000
     = Beginpoint Arrival Time            0.000
     Other End Path:
      ------------------------------------------------------
      Instance     Arc    Cell     Retime  Arrival  Required  
                                   Delay   Time     Time  
      ------------------------------------------------------
      -            clk ^  -        -       0.000    0.415  
      out1_reg[7]  -      DFFHQX8  0.000   0.000    0.415  
      ------------------------------------------------------
Path 45: MET Hold Check with Pin out1_reg[4]/CK 
Endpoint:   out1_reg[4]/D (v) checked with  leading edge of 'clk'
Beginpoint: rst           (^) triggered by  leading edge of '@'
Path Groups: {clk}
Retime Analysis { Data Path-Slew }
Other End Arrival Time          0.000
+ Hold                          0.111
+ Phase Shift                   0.000
= Required Time                 0.111
  Arrival Time                  0.526
  Slack Time                    0.415
= Slack Time(original)          0.406
     Clock Rise Edge                      0.000
     + Input Delay                        0.000
     = Beginpoint Arrival Time            0.000
     Timing Path:
      ---------------------------------------------------------------
      Instance     Arc           Cell       Retime  Arrival  Required  
                                            Delay   Time     Time  
      ---------------------------------------------------------------
      -            rst ^         -          -       0.000    -0.415  
      g7782__8246  -             NAND2BX1   0.000   0.000    -0.415  
      g7782__8246  AN ^ -> Y ^   NAND2BX1   0.091   0.091    -0.324  
      g7773__5526  -             NOR2XL     0.000   0.091    -0.324  
      g7773__5526  B ^ -> Y v    NOR2XL     0.112   0.204    -0.211  
      g7700__2346  -             OAI211X1   0.000   0.204    -0.211  
      g7700__2346  C0 v -> Y ^   OAI211X1   0.094   0.297    -0.117  
      g7697        -             CLKINVX1   0.000   0.297    -0.117  
      g7697        A ^ -> Y v    CLKINVX1   0.089   0.386    -0.029  
      g7663__6161  -             OAI2BB1XL  0.000   0.386    -0.029  
      g7663__6161  A0N v -> Y v  OAI2BB1XL  0.140   0.526    0.111  
      out1_reg[4]  -             DFFHQX8    0.000   0.526    0.111  
      ---------------------------------------------------------------
     Clock Rise Edge                      0.000
     = Beginpoint Arrival Time            0.000
     Other End Path:
      ------------------------------------------------------
      Instance     Arc    Cell     Retime  Arrival  Required  
                                   Delay   Time     Time  
      ------------------------------------------------------
      -            clk ^  -        -       0.000    0.415  
      out1_reg[4]  -      DFFHQX8  0.000   0.000    0.415  
      ------------------------------------------------------
Path 46: MET Hold Check with Pin out1_reg[1]/CK 
Endpoint:   out1_reg[1]/D (v) checked with  leading edge of 'clk'
Beginpoint: rst           (^) triggered by  leading edge of '@'
Path Groups: {clk}
Retime Analysis { Data Path-Slew }
Other End Arrival Time          0.000
+ Hold                          0.111
+ Phase Shift                   0.000
= Required Time                 0.111
  Arrival Time                  0.526
  Slack Time                    0.415
= Slack Time(original)          0.406
     Clock Rise Edge                      0.000
     + Input Delay                        0.000
     = Beginpoint Arrival Time            0.000
     Timing Path:
      ---------------------------------------------------------------
      Instance     Arc           Cell       Retime  Arrival  Required  
                                            Delay   Time     Time  
      ---------------------------------------------------------------
      -            rst ^         -          -       0.000    -0.415  
      g7782__8246  -             NAND2BX1   0.000   0.000    -0.415  
      g7782__8246  AN ^ -> Y ^   NAND2BX1   0.091   0.091    -0.324  
      g7773__5526  -             NOR2XL     0.000   0.091    -0.324  
      g7773__5526  B ^ -> Y v    NOR2XL     0.112   0.204    -0.211  
      g7700__2346  -             OAI211X1   0.000   0.204    -0.211  
      g7700__2346  C0 v -> Y ^   OAI211X1   0.094   0.297    -0.117  
      g7697        -             CLKINVX1   0.000   0.297    -0.117  
      g7697        A ^ -> Y v    CLKINVX1   0.089   0.386    -0.029  
      g7681__6783  -             OAI2BB1XL  0.000   0.386    -0.029  
      g7681__6783  A0N v -> Y v  OAI2BB1XL  0.140   0.526    0.111  
      out1_reg[1]  -             DFFHQX8    0.000   0.526    0.111  
      ---------------------------------------------------------------
     Clock Rise Edge                      0.000
     = Beginpoint Arrival Time            0.000
     Other End Path:
      ------------------------------------------------------
      Instance     Arc    Cell     Retime  Arrival  Required  
                                   Delay   Time     Time  
      ------------------------------------------------------
      -            clk ^  -        -       0.000    0.415  
      out1_reg[1]  -      DFFHQX8  0.000   0.000    0.415  
      ------------------------------------------------------
Path 47: MET Hold Check with Pin out1_reg[5]/CK 
Endpoint:   out1_reg[5]/D (v) checked with  leading edge of 'clk'
Beginpoint: rst           (^) triggered by  leading edge of '@'
Path Groups: {clk}
Retime Analysis { Data Path-Slew }
Other End Arrival Time          0.000
+ Hold                          0.111
+ Phase Shift                   0.000
= Required Time                 0.111
  Arrival Time                  0.526
  Slack Time                    0.415
= Slack Time(original)          0.407
     Clock Rise Edge                      0.000
     + Input Delay                        0.000
     = Beginpoint Arrival Time            0.000
     Timing Path:
      ---------------------------------------------------------------
      Instance     Arc           Cell       Retime  Arrival  Required  
                                            Delay   Time     Time  
      ---------------------------------------------------------------
      -            rst ^         -          -       0.000    -0.415  
      g7782__8246  -             NAND2BX1   0.000   0.000    -0.415  
      g7782__8246  AN ^ -> Y ^   NAND2BX1   0.091   0.091    -0.324  
      g7773__5526  -             NOR2XL     0.000   0.091    -0.324  
      g7773__5526  B ^ -> Y v    NOR2XL     0.112   0.204    -0.211  
      g7700__2346  -             OAI211X1   0.000   0.204    -0.211  
      g7700__2346  C0 v -> Y ^   OAI211X1   0.094   0.297    -0.117  
      g7697        -             CLKINVX1   0.000   0.297    -0.117  
      g7697        A ^ -> Y v    CLKINVX1   0.089   0.386    -0.029  
      g7655__8246  -             OAI2BB1XL  0.000   0.386    -0.029  
      g7655__8246  A0N v -> Y v  OAI2BB1XL  0.140   0.526    0.111  
      out1_reg[5]  -             DFFHQX8    0.000   0.526    0.111  
      ---------------------------------------------------------------
     Clock Rise Edge                      0.000
     = Beginpoint Arrival Time            0.000
     Other End Path:
      ------------------------------------------------------
      Instance     Arc    Cell     Retime  Arrival  Required  
                                   Delay   Time     Time  
      ------------------------------------------------------
      -            clk ^  -        -       0.000    0.415  
      out1_reg[5]  -      DFFHQX8  0.000   0.000    0.415  
      ------------------------------------------------------
Path 48: MET Hold Check with Pin out1_reg[2]/CK 
Endpoint:   out1_reg[2]/D (v) checked with  leading edge of 'clk'
Beginpoint: rst           (^) triggered by  leading edge of '@'
Path Groups: {clk}
Retime Analysis { Data Path-Slew }
Other End Arrival Time          0.000
+ Hold                          0.111
+ Phase Shift                   0.000
= Required Time                 0.111
  Arrival Time                  0.526
  Slack Time                    0.415
= Slack Time(original)          0.407
     Clock Rise Edge                      0.000
     + Input Delay                        0.000
     = Beginpoint Arrival Time            0.000
     Timing Path:
      ---------------------------------------------------------------
      Instance     Arc           Cell       Retime  Arrival  Required  
                                            Delay   Time     Time  
      ---------------------------------------------------------------
      -            rst ^         -          -       0.000    -0.415  
      g7782__8246  -             NAND2BX1   0.000   0.000    -0.415  
      g7782__8246  AN ^ -> Y ^   NAND2BX1   0.091   0.091    -0.324  
      g7773__5526  -             NOR2XL     0.000   0.091    -0.324  
      g7773__5526  B ^ -> Y v    NOR2XL     0.112   0.204    -0.211  
      g7700__2346  -             OAI211X1   0.000   0.204    -0.211  
      g7700__2346  C0 v -> Y ^   OAI211X1   0.094   0.297    -0.117  
      g7697        -             CLKINVX1   0.000   0.297    -0.117  
      g7697        A ^ -> Y v    CLKINVX1   0.089   0.386    -0.029  
      g7677__4319  -             OAI2BB1XL  0.000   0.386    -0.029  
      g7677__4319  A0N v -> Y v  OAI2BB1XL  0.140   0.526    0.111  
      out1_reg[2]  -             DFFHQX8    0.000   0.526    0.111  
      ---------------------------------------------------------------
     Clock Rise Edge                      0.000
     = Beginpoint Arrival Time            0.000
     Other End Path:
      ------------------------------------------------------
      Instance     Arc    Cell     Retime  Arrival  Required  
                                   Delay   Time     Time  
      ------------------------------------------------------
      -            clk ^  -        -       0.000    0.415  
      out1_reg[2]  -      DFFHQX8  0.000   0.000    0.415  
      ------------------------------------------------------
Path 49: MET Hold Check with Pin out1_reg[6]/CK 
Endpoint:   out1_reg[6]/D (v) checked with  leading edge of 'clk'
Beginpoint: rst           (^) triggered by  leading edge of '@'
Path Groups: {clk}
Retime Analysis { Data Path-Slew }
Other End Arrival Time          0.000
+ Hold                          0.111
+ Phase Shift                   0.000
= Required Time                 0.111
  Arrival Time                  0.526
  Slack Time                    0.415
= Slack Time(original)          0.410
     Clock Rise Edge                      0.000
     + Input Delay                        0.000
     = Beginpoint Arrival Time            0.000
     Timing Path:
      ---------------------------------------------------------------
      Instance     Arc           Cell       Retime  Arrival  Required  
                                            Delay   Time     Time  
      ---------------------------------------------------------------
      -            rst ^         -          -       0.000    -0.415  
      g7782__8246  -             NAND2BX1   0.000   0.000    -0.415  
      g7782__8246  AN ^ -> Y ^   NAND2BX1   0.091   0.091    -0.323  
      g7773__5526  -             NOR2XL     0.000   0.091    -0.323  
      g7773__5526  B ^ -> Y v    NOR2XL     0.112   0.204    -0.211  
      g7700__2346  -             OAI211X1   0.000   0.204    -0.211  
      g7700__2346  C0 v -> Y ^   OAI211X1   0.094   0.297    -0.117  
      g7697        -             CLKINVX1   0.000   0.297    -0.117  
      g7697        A ^ -> Y v    CLKINVX1   0.089   0.386    -0.029  
      g7636__5107  -             OAI2BB1XL  0.000   0.386    -0.029  
      g7636__5107  A0N v -> Y v  OAI2BB1XL  0.140   0.526    0.111  
      out1_reg[6]  -             DFFHQX8    0.000   0.526    0.111  
      ---------------------------------------------------------------
     Clock Rise Edge                      0.000
     = Beginpoint Arrival Time            0.000
     Other End Path:
      ------------------------------------------------------
      Instance     Arc    Cell     Retime  Arrival  Required  
                                   Delay   Time     Time  
      ------------------------------------------------------
      -            clk ^  -        -       0.000    0.415  
      out1_reg[6]  -      DFFHQX8  0.000   0.000    0.415  
      ------------------------------------------------------
Path 50: MET Hold Check with Pin out1_reg[0]/CK 
Endpoint:   out1_reg[0]/D (^) checked with  leading edge of 'clk'
Beginpoint: rst           (v) triggered by  leading edge of '@'
Path Groups: {clk}
Retime Analysis { Data Path-Slew }
Other End Arrival Time          0.000
+ Hold                          0.041
+ Phase Shift                   0.000
= Required Time                 0.041
  Arrival Time                  0.466
  Slack Time                    0.425
= Slack Time(original)          0.410
     Clock Rise Edge                      0.000
     + Input Delay                        0.000
     = Beginpoint Arrival Time            0.000
     Timing Path:
      --------------------------------------------------------------
      Instance     Arc          Cell       Retime  Arrival  Required  
                                           Delay   Time     Time  
      --------------------------------------------------------------
      -            rst v        -          -       0.000    -0.425  
      g7782__8246  -            NAND2BX1   0.000   0.000    -0.425  
      g7782__8246  AN v -> Y v  NAND2BX1   0.115   0.115    -0.310  
      g7778__1705  -            OR2X1      0.000   0.115    -0.310  
      g7778__1705  B v -> Y v   OR2X1      0.153   0.268    -0.157  
      g7691__1881  -            OAI21X1    0.000   0.268    -0.157  
      g7691__1881  A0 v -> Y ^  OAI21X1    0.096   0.364    -0.061  
      g7689__7098  -            AOI221X1   0.000   0.364    -0.061  
      g7689__7098  C0 ^ -> Y v  AOI221X1   0.044   0.409    -0.016  
      g7687__5122  -            OAI2BB1XL  0.000   0.409    -0.016  
      g7687__5122  B0 v -> Y ^  OAI2BB1XL  0.058   0.466    0.041  
      out1_reg[0]  -            DFFHQX8    0.000   0.466    0.041  
      --------------------------------------------------------------
     Clock Rise Edge                      0.000
     = Beginpoint Arrival Time            0.000
     Other End Path:
      ------------------------------------------------------
      Instance     Arc    Cell     Retime  Arrival  Required  
                                   Delay   Time     Time  
      ------------------------------------------------------
      -            clk ^  -        -       0.000    0.425  
      out1_reg[0]  -      DFFHQX8  0.000   0.000    0.425  
      ------------------------------------------------------

