###############################################################
#  Generated by:      Cadence Tempus 20.10-p003_1
#  OS:                Linux x86_64(Host ID edatools-server2.iiitd.edu.in)
#  Generated on:      Mon Jun 29 17:08:45 2026
#  Design:            ALU
#  Command:           report_constraints -all_violators > sta_reports/balanced/violations_balanced.rpt
###############################################################
# format : frame 0 : split 1

max_delay/setup
---------------------------
No paths found

min_delay/hold
---------------------------
      ------------------------------------------------------------------------------------------------  
       End Point                                  Slack      Cause                                      
      ------------------------------------------------------------------------------------------------  
      Y_reg[4]/D f                               -0.134     VIOLATED
      Y_reg[3]/D f                               -0.134     VIOLATED
      Y_reg[2]/D f                               -0.134     VIOLATED
      Y_reg[1]/D f                               -0.134     VIOLATED
      Y_reg[0]/D f                               -0.134     VIOLATED
      sel_ff_reg[3]/D f                          -0.089     VIOLATED
      sel_ff_reg[2]/D f                          -0.089     VIOLATED
      sel_ff_reg[1]/D f                          -0.089     VIOLATED
      sel_ff_reg[0]/D f                          -0.089     VIOLATED
      Y_reg[7]/D f                               -0.089     VIOLATED
      Y_reg[6]/D f                               -0.089     VIOLATED
      Y_reg[5]/D f                               -0.089     VIOLATED
      X_reg[7]/D f                               -0.089     VIOLATED
      X_reg[6]/D f                               -0.089     VIOLATED
      X_reg[5]/D f                               -0.089     VIOLATED
      X_reg[4]/D f                               -0.089     VIOLATED
      X_reg[3]/D f                               -0.089     VIOLATED
      X_reg[2]/D f                               -0.089     VIOLATED
      X_reg[1]/D f                               -0.089     VIOLATED
      X_reg[0]/D f                               -0.089     VIOLATED
      ------------------------------------------------------------------------------------------------

Check type : clock_period
---------------------------
No paths found

Check type : skew
---------------------------
No paths found

Check type : pulse_width
---------------------------
 No violating Checks with given description found

Check type : max_transition
---------------------------
 No Violations found

Check type : min_transition
---------------------------
 No Violations found

Check type : max_capacitance
---------------------------
 No Violations found

Check type : min_capacitance
---------------------------
 No Violations found

Check type : max_fanout
---------------------------
 No Violations found

Check type : min_fanout
---------------------------
 No Violations found
