###############################################################
#  Generated by:      Cadence Tempus 20.10-p003_1
#  OS:                Linux x86_64(Host ID edatools-server2.iiitd.edu.in)
#  Generated on:      Mon Jun 29 17:06:26 2026
#  Design:            ALU
#  Command:           report_timing > $report_dir/gba_setup_tight_timing.rpt
###############################################################
Path 1: MET Setup Check with Pin out1_reg[0]/CK 
Endpoint:   out1_reg[0]/D (^) checked with  leading edge of 'clk'
Beginpoint: Y_reg[0]/Q    (v) triggered by  leading edge of 'clk'
Path Groups: {clk}
Other End Arrival Time          0.000
- Setup                         0.108
+ Phase Shift                   8.000
- Uncertainty                   0.400
= Required Time                 7.492
- Arrival Time                  3.471
= Slack Time                    4.021
     Clock Rise Edge                 0.000
     + Clock Network Latency (Ideal) 0.000
     = Beginpoint Arrival Time       0.000
      -------------------------------------------------------------------------
      Instance                Arc           Cell       Delay  Arrival  Required  
                                                              Time     Time  
      -------------------------------------------------------------------------
      Y_reg[0]                CK ^          -          -      0.000    4.021  
      Y_reg[0]                CK ^ -> Q v   DFFQX4     0.477  0.477    4.498  
      rem_96_35_g17165        A v -> Y ^    INVX4      0.085  0.561    4.582  
      rem_96_35_g17132__1666  A1 ^ -> Y v   AOI22X2    0.102  0.663    4.685  
      rem_96_35_g17097__5107  B v -> Y v    CLKAND2X2  0.167  0.830    4.851  
      rem_96_35_g17052__6783  A0 v -> Y ^   OAI21X4    0.112  0.942    4.963  
      rem_96_35_g17025__2346  A1 ^ -> Y v   OAI22X1    0.098  1.040    5.061  
      rem_96_35_g17013__7098  A1 v -> Y ^   OAI21X1    0.128  1.168    5.189  
      rem_96_35_g17012        A ^ -> Y v    INVX1      0.070  1.238    5.259  
      rem_96_35_g17011        A v -> Y ^    CLKINVX1   0.055  1.292    5.314  
      rem_96_35_g17002__1617  B ^ -> Y v    NOR2XL     0.048  1.341    5.362  
      rem_96_35_g16986__1666  A0 v -> Y ^   AOI21X1    0.123  1.464    5.485  
      rem_96_35_g16969__5115  A ^ -> Y v    NAND2X2    0.105  1.569    5.590  
      rem_96_35_g16968        A v -> Y ^    CLKINVX2   0.095  1.664    5.685  
      rem_96_35_g16954__4319  B ^ -> Y v    NAND2XL    0.117  1.780    5.801  
      rem_96_35_g16915__3680  B v -> Y ^    NAND3XL    0.095  1.876    5.897  
      rem_96_35_g16893__9315  B0 ^ -> Y v   AOI21X1    0.068  1.944    5.965  
      rem_96_35_g16883__1881  B v -> Y ^    NOR2X1     0.123  2.067    6.088  
      rem_96_35_g16873__2802  A0 ^ -> Y v   AOI21X2    0.104  2.170    6.192  
      rem_96_35_g16856__9315  B v -> Y ^    NAND2BX1   0.081  2.252    6.273  
      rem_96_35_g16855__6161  B0 ^ -> Y v   OAI21X2    0.117  2.369    6.390  
      rem_96_35_g16854        A v -> Y ^    CLKINVX2   0.084  2.452    6.474  
      rem_96_35_g16817__9945  B ^ -> Y v    NAND2X1    0.072  2.525    6.546  
      rem_96_35_g16790__8428  B v -> Y ^    NAND2XL    0.070  2.595    6.616  
      rem_96_35_g16788__4319  B ^ -> Y v    NAND2X1    0.121  2.716    6.738  
      rem_96_35_g16763__1705  A0 v -> Y ^   AOI21X2    0.124  2.840    6.861  
      rem_96_35_g16754__3680  B ^ -> Y v    NOR2X1     0.067  2.907    6.928  
      rem_96_35_g16743__5107  B v -> Y ^    NOR2X2     0.152  3.059    7.080  
      rem_96_35_g16742        A ^ -> Y v    CLKINVX2   0.070  3.129    7.150  
      rem_96_35_g16734__2346  B v -> Y ^    NAND2XL    0.072  3.201    7.222  
      rem_96_35_g16710__5526  A0 ^ -> Y v   OAI21X1    0.072  3.273    7.295  
      rem_96_35_g16709__8428  B v -> Y ^    NAND2XL    0.069  3.343    7.364  
      g6096__4319             A1N ^ -> Y ^  OAI2BB1XL  0.128  3.471    7.492  
      out1_reg[0]             D ^           DFFHQX1    0.000  3.471    7.492  
      -------------------------------------------------------------------------

