###############################################################
#  Generated by:      Cadence Tempus 20.10-p003_1
#  OS:                Linux x86_64(Host ID edatools-server2.iiitd.edu.in)
#  Generated on:      Mon Jun 29 17:06:29 2026
#  Design:            ALU
#  Command:           report_timing -early > $report_dir/gba_hold_tight_timing.rpt
###############################################################
Path 1: VIOLATED Hold Check with Pin X_reg[1]/CK 
Endpoint:   X_reg[1]/D (v) checked with  leading edge of 'clk'
Beginpoint: in1[1]     (v) triggered by  leading edge of '@'
Path Groups: {clk}
Other End Arrival Time          0.000
+ Hold                          0.157
+ Phase Shift                   0.000
= Required Time                 0.157
  Arrival Time                  0.000
  Slack Time                   -0.157
     Clock Rise Edge                      0.000
     + Input Delay                        0.000
     = Beginpoint Arrival Time            0.000
      -----------------------------------------------------
      Instance  Arc       Cell     Delay  Arrival  Required  
                                          Time     Time  
      -----------------------------------------------------
      -         in1[1] v  -        -      0.000    0.157  
      X_reg[1]  D v       DFFHQX4  0.000  0.000    0.157  
      -----------------------------------------------------

