####################################################################
# report_annotated_parasitics: Mon Jun 29 17:06:29 2026
#   view: default_emulate_view
#   -list_not_annotated
####################################################################
#
# list syntax: type: net_name [nrCap Cap nrXCap XCap nrRes Res]
# unit: pF, Ohm

# Summary of Annotated Parasitics:
+------------------------------------------------------------------------------+
|    Net Type         |    Count   |   Annotated (%)     | Not Annotated (%)   |
+---------------------+------------+---------------------+---------------------+
| total               |       1214 |          0  0.00%   |       1214 100.00%   |
+---------------------+------------+---------------------+---------------------+
| real net (complete) |       1214 |          0  0.00%   |       1214 100.00%   |
| real net (broken)   |          0 |          0  0.00%   |          0  0.00%   |
+------------------------------------------------------------------------------+

+-----------------------------------------------------------------+
| Annotated |    Res ( Ohm)   |    Cap (pF)     |    XCap (pF)    |
+-----------+-----------------+-----------------+-----------------+
| Count     |             0   |             0   |             0   |
| Value     |        0.0000   |        0.0000   |        0.0000   |
+-----------------------------------------------------------------+
