###############################################################
#  Generated by:      Cadence Tempus 20.10-p003_1
#  OS:                Linux x86_64(Host ID edatools-server2.iiitd.edu.in)
#  Generated on:      Mon Jun 29 17:06:29 2026
#  Design:            ALU
#  Command:           report_timing -retime path_slew_propagation -early \
#   -max_path 50 -nworst 50 -path_type full_clock > $report_dir/pba_hold_tight_timing.rpt
###############################################################
Path 1: VIOLATED Hold Check with Pin Y_reg[2]/CK 
Endpoint:   Y_reg[2]/D (v) checked with  leading edge of 'clk'
Beginpoint: in2[2]     (v) triggered by  leading edge of '@'
Path Groups: {clk}
Retime Analysis { Data Path-Slew }
Other End Arrival Time          0.000
+ Hold                          0.157
+ Phase Shift                   0.000
= Required Time                 0.157
  Arrival Time                  0.000
  Slack Time                   -0.157
= Slack Time(original)         -0.157
     Clock Rise Edge                      0.000
     + Input Delay                        0.000
     = Beginpoint Arrival Time            0.000
     Timing Path:
      ------------------------------------------------------
      Instance  Arc       Cell     Retime  Arrival  Required  
                                   Delay   Time     Time  
      ------------------------------------------------------
      -         in2[2] v  -        -       0.000    0.157  
      Y_reg[2]  -         DFFHQX8  0.000   0.000    0.157  
      ------------------------------------------------------
     Clock Rise Edge                      0.000
     = Beginpoint Arrival Time            0.000
     Other End Path:
      ---------------------------------------------------
      Instance  Arc    Cell     Retime  Arrival  Required  
                                Delay   Time     Time  
      ---------------------------------------------------
      -         clk ^  -        -       0.000    -0.157  
      Y_reg[2]  -      DFFHQX8  0.000   0.000    -0.157  
      ---------------------------------------------------
Path 2: VIOLATED Hold Check with Pin Y_reg[1]/CK 
Endpoint:   Y_reg[1]/D (v) checked with  leading edge of 'clk'
Beginpoint: in2[1]     (v) triggered by  leading edge of '@'
Path Groups: {clk}
Retime Analysis { Data Path-Slew }
Other End Arrival Time          0.000
+ Hold                          0.157
+ Phase Shift                   0.000
= Required Time                 0.157
  Arrival Time                  0.000
  Slack Time                   -0.157
= Slack Time(original)         -0.157
     Clock Rise Edge                      0.000
     + Input Delay                        0.000
     = Beginpoint Arrival Time            0.000
     Timing Path:
      ------------------------------------------------------
      Instance  Arc       Cell     Retime  Arrival  Required  
                                   Delay   Time     Time  
      ------------------------------------------------------
      -         in2[1] v  -        -       0.000    0.157  
      Y_reg[1]  -         DFFHQX8  0.000   0.000    0.157  
      ------------------------------------------------------
     Clock Rise Edge                      0.000
     = Beginpoint Arrival Time            0.000
     Other End Path:
      ---------------------------------------------------
      Instance  Arc    Cell     Retime  Arrival  Required  
                                Delay   Time     Time  
      ---------------------------------------------------
      -         clk ^  -        -       0.000    -0.157  
      Y_reg[1]  -      DFFHQX8  0.000   0.000    -0.157  
      ---------------------------------------------------
Path 3: VIOLATED Hold Check with Pin X_reg[7]/CK 
Endpoint:   X_reg[7]/D (v) checked with  leading edge of 'clk'
Beginpoint: in1[7]     (v) triggered by  leading edge of '@'
Path Groups: {clk}
Retime Analysis { Data Path-Slew }
Other End Arrival Time          0.000
+ Hold                          0.157
+ Phase Shift                   0.000
= Required Time                 0.157
  Arrival Time                  0.000
  Slack Time                   -0.157
= Slack Time(original)         -0.157
     Clock Rise Edge                      0.000
     + Input Delay                        0.000
     = Beginpoint Arrival Time            0.000
     Timing Path:
      ------------------------------------------------------
      Instance  Arc       Cell     Retime  Arrival  Required  
                                   Delay   Time     Time  
      ------------------------------------------------------
      -         in1[7] v  -        -       0.000    0.157  
      X_reg[7]  -         DFFHQX4  0.000   0.000    0.157  
      ------------------------------------------------------
     Clock Rise Edge                      0.000
     = Beginpoint Arrival Time            0.000
     Other End Path:
      ---------------------------------------------------
      Instance  Arc    Cell     Retime  Arrival  Required  
                                Delay   Time     Time  
      ---------------------------------------------------
      -         clk ^  -        -       0.000    -0.157  
      X_reg[7]  -      DFFHQX4  0.000   0.000    -0.157  
      ---------------------------------------------------
Path 4: VIOLATED Hold Check with Pin X_reg[6]/CK 
Endpoint:   X_reg[6]/D (v) checked with  leading edge of 'clk'
Beginpoint: in1[6]     (v) triggered by  leading edge of '@'
Path Groups: {clk}
Retime Analysis { Data Path-Slew }
Other End Arrival Time          0.000
+ Hold                          0.157
+ Phase Shift                   0.000
= Required Time                 0.157
  Arrival Time                  0.000
  Slack Time                   -0.157
= Slack Time(original)         -0.157
     Clock Rise Edge                      0.000
     + Input Delay                        0.000
     = Beginpoint Arrival Time            0.000
     Timing Path:
      ------------------------------------------------------
      Instance  Arc       Cell     Retime  Arrival  Required  
                                   Delay   Time     Time  
      ------------------------------------------------------
      -         in1[6] v  -        -       0.000    0.157  
      X_reg[6]  -         DFFHQX4  0.000   0.000    0.157  
      ------------------------------------------------------
     Clock Rise Edge                      0.000
     = Beginpoint Arrival Time            0.000
     Other End Path:
      ---------------------------------------------------
      Instance  Arc    Cell     Retime  Arrival  Required  
                                Delay   Time     Time  
      ---------------------------------------------------
      -         clk ^  -        -       0.000    -0.157  
      X_reg[6]  -      DFFHQX4  0.000   0.000    -0.157  
      ---------------------------------------------------
Path 5: VIOLATED Hold Check with Pin X_reg[3]/CK 
Endpoint:   X_reg[3]/D (v) checked with  leading edge of 'clk'
Beginpoint: in1[3]     (v) triggered by  leading edge of '@'
Path Groups: {clk}
Retime Analysis { Data Path-Slew }
Other End Arrival Time          0.000
+ Hold                          0.157
+ Phase Shift                   0.000
= Required Time                 0.157
  Arrival Time                  0.000
  Slack Time                   -0.157
= Slack Time(original)         -0.157
     Clock Rise Edge                      0.000
     + Input Delay                        0.000
     = Beginpoint Arrival Time            0.000
     Timing Path:
      ------------------------------------------------------
      Instance  Arc       Cell     Retime  Arrival  Required  
                                   Delay   Time     Time  
      ------------------------------------------------------
      -         in1[3] v  -        -       0.000    0.157  
      X_reg[3]  -         DFFHQX4  0.000   0.000    0.157  
      ------------------------------------------------------
     Clock Rise Edge                      0.000
     = Beginpoint Arrival Time            0.000
     Other End Path:
      ---------------------------------------------------
      Instance  Arc    Cell     Retime  Arrival  Required  
                                Delay   Time     Time  
      ---------------------------------------------------
      -         clk ^  -        -       0.000    -0.157  
      X_reg[3]  -      DFFHQX4  0.000   0.000    -0.157  
      ---------------------------------------------------
Path 6: VIOLATED Hold Check with Pin X_reg[2]/CK 
Endpoint:   X_reg[2]/D (v) checked with  leading edge of 'clk'
Beginpoint: in1[2]     (v) triggered by  leading edge of '@'
Path Groups: {clk}
Retime Analysis { Data Path-Slew }
Other End Arrival Time          0.000
+ Hold                          0.157
+ Phase Shift                   0.000
= Required Time                 0.157
  Arrival Time                  0.000
  Slack Time                   -0.157
= Slack Time(original)         -0.157
     Clock Rise Edge                      0.000
     + Input Delay                        0.000
     = Beginpoint Arrival Time            0.000
     Timing Path:
      ------------------------------------------------------
      Instance  Arc       Cell     Retime  Arrival  Required  
                                   Delay   Time     Time  
      ------------------------------------------------------
      -         in1[2] v  -        -       0.000    0.157  
      X_reg[2]  -         DFFHQX4  0.000   0.000    0.157  
      ------------------------------------------------------
     Clock Rise Edge                      0.000
     = Beginpoint Arrival Time            0.000
     Other End Path:
      ---------------------------------------------------
      Instance  Arc    Cell     Retime  Arrival  Required  
                                Delay   Time     Time  
      ---------------------------------------------------
      -         clk ^  -        -       0.000    -0.157  
      X_reg[2]  -      DFFHQX4  0.000   0.000    -0.157  
      ---------------------------------------------------
Path 7: VIOLATED Hold Check with Pin X_reg[1]/CK 
Endpoint:   X_reg[1]/D (v) checked with  leading edge of 'clk'
Beginpoint: in1[1]     (v) triggered by  leading edge of '@'
Path Groups: {clk}
Retime Analysis { Data Path-Slew }
Other End Arrival Time          0.000
+ Hold                          0.157
+ Phase Shift                   0.000
= Required Time                 0.157
  Arrival Time                  0.000
  Slack Time                   -0.157
= Slack Time(original)         -0.157
     Clock Rise Edge                      0.000
     + Input Delay                        0.000
     = Beginpoint Arrival Time            0.000
     Timing Path:
      ------------------------------------------------------
      Instance  Arc       Cell     Retime  Arrival  Required  
                                   Delay   Time     Time  
      ------------------------------------------------------
      -         in1[1] v  -        -       0.000    0.157  
      X_reg[1]  -         DFFHQX4  0.000   0.000    0.157  
      ------------------------------------------------------
     Clock Rise Edge                      0.000
     = Beginpoint Arrival Time            0.000
     Other End Path:
      ---------------------------------------------------
      Instance  Arc    Cell     Retime  Arrival  Required  
                                Delay   Time     Time  
      ---------------------------------------------------
      -         clk ^  -        -       0.000    -0.157  
      X_reg[1]  -      DFFHQX4  0.000   0.000    -0.157  
      ---------------------------------------------------
Path 8: VIOLATED Hold Check with Pin Y_reg[7]/CK 
Endpoint:   Y_reg[7]/D (v) checked with  leading edge of 'clk'
Beginpoint: in2[7]     (v) triggered by  leading edge of '@'
Path Groups: {clk}
Retime Analysis { Data Path-Slew }
Other End Arrival Time          0.000
+ Hold                          0.134
+ Phase Shift                   0.000
= Required Time                 0.134
  Arrival Time                  0.000
  Slack Time                   -0.134
= Slack Time(original)         -0.134
     Clock Rise Edge                      0.000
     + Input Delay                        0.000
     = Beginpoint Arrival Time            0.000
     Timing Path:
      -----------------------------------------------------
      Instance  Arc       Cell    Retime  Arrival  Required  
                                  Delay   Time     Time  
      -----------------------------------------------------
      -         in2[7] v  -       -       0.000    0.134  
      Y_reg[7]  -         DFFQX4  0.000   0.000    0.134  
      -----------------------------------------------------
     Clock Rise Edge                      0.000
     = Beginpoint Arrival Time            0.000
     Other End Path:
      --------------------------------------------------
      Instance  Arc    Cell    Retime  Arrival  Required  
                               Delay   Time     Time  
      --------------------------------------------------
      -         clk ^  -       -       0.000    -0.134  
      Y_reg[7]  -      DFFQX4  0.000   0.000    -0.134  
      --------------------------------------------------
Path 9: VIOLATED Hold Check with Pin Y_reg[6]/CK 
Endpoint:   Y_reg[6]/D (v) checked with  leading edge of 'clk'
Beginpoint: in2[6]     (v) triggered by  leading edge of '@'
Path Groups: {clk}
Retime Analysis { Data Path-Slew }
Other End Arrival Time          0.000
+ Hold                          0.134
+ Phase Shift                   0.000
= Required Time                 0.134
  Arrival Time                  0.000
  Slack Time                   -0.134
= Slack Time(original)         -0.134
     Clock Rise Edge                      0.000
     + Input Delay                        0.000
     = Beginpoint Arrival Time            0.000
     Timing Path:
      -----------------------------------------------------
      Instance  Arc       Cell    Retime  Arrival  Required  
                                  Delay   Time     Time  
      -----------------------------------------------------
      -         in2[6] v  -       -       0.000    0.134  
      Y_reg[6]  -         DFFQX4  0.000   0.000    0.134  
      -----------------------------------------------------
     Clock Rise Edge                      0.000
     = Beginpoint Arrival Time            0.000
     Other End Path:
      --------------------------------------------------
      Instance  Arc    Cell    Retime  Arrival  Required  
                               Delay   Time     Time  
      --------------------------------------------------
      -         clk ^  -       -       0.000    -0.134  
      Y_reg[6]  -      DFFQX4  0.000   0.000    -0.134  
      --------------------------------------------------
Path 10: VIOLATED Hold Check with Pin Y_reg[5]/CK 
Endpoint:   Y_reg[5]/D (v) checked with  leading edge of 'clk'
Beginpoint: in2[5]     (v) triggered by  leading edge of '@'
Path Groups: {clk}
Retime Analysis { Data Path-Slew }
Other End Arrival Time          0.000
+ Hold                          0.134
+ Phase Shift                   0.000
= Required Time                 0.134
  Arrival Time                  0.000
  Slack Time                   -0.134
= Slack Time(original)         -0.134
     Clock Rise Edge                      0.000
     + Input Delay                        0.000
     = Beginpoint Arrival Time            0.000
     Timing Path:
      -----------------------------------------------------
      Instance  Arc       Cell    Retime  Arrival  Required  
                                  Delay   Time     Time  
      -----------------------------------------------------
      -         in2[5] v  -       -       0.000    0.134  
      Y_reg[5]  -         DFFQX4  0.000   0.000    0.134  
      -----------------------------------------------------
     Clock Rise Edge                      0.000
     = Beginpoint Arrival Time            0.000
     Other End Path:
      --------------------------------------------------
      Instance  Arc    Cell    Retime  Arrival  Required  
                               Delay   Time     Time  
      --------------------------------------------------
      -         clk ^  -       -       0.000    -0.134  
      Y_reg[5]  -      DFFQX4  0.000   0.000    -0.134  
      --------------------------------------------------
Path 11: VIOLATED Hold Check with Pin Y_reg[4]/CK 
Endpoint:   Y_reg[4]/D (v) checked with  leading edge of 'clk'
Beginpoint: in2[4]     (v) triggered by  leading edge of '@'
Path Groups: {clk}
Retime Analysis { Data Path-Slew }
Other End Arrival Time          0.000
+ Hold                          0.134
+ Phase Shift                   0.000
= Required Time                 0.134
  Arrival Time                  0.000
  Slack Time                   -0.134
= Slack Time(original)         -0.134
     Clock Rise Edge                      0.000
     + Input Delay                        0.000
     = Beginpoint Arrival Time            0.000
     Timing Path:
      -----------------------------------------------------
      Instance  Arc       Cell    Retime  Arrival  Required  
                                  Delay   Time     Time  
      -----------------------------------------------------
      -         in2[4] v  -       -       0.000    0.134  
      Y_reg[4]  -         DFFQX4  0.000   0.000    0.134  
      -----------------------------------------------------
     Clock Rise Edge                      0.000
     = Beginpoint Arrival Time            0.000
     Other End Path:
      --------------------------------------------------
      Instance  Arc    Cell    Retime  Arrival  Required  
                               Delay   Time     Time  
      --------------------------------------------------
      -         clk ^  -       -       0.000    -0.134  
      Y_reg[4]  -      DFFQX4  0.000   0.000    -0.134  
      --------------------------------------------------
Path 12: VIOLATED Hold Check with Pin Y_reg[3]/CK 
Endpoint:   Y_reg[3]/D (v) checked with  leading edge of 'clk'
Beginpoint: in2[3]     (v) triggered by  leading edge of '@'
Path Groups: {clk}
Retime Analysis { Data Path-Slew }
Other End Arrival Time          0.000
+ Hold                          0.134
+ Phase Shift                   0.000
= Required Time                 0.134
  Arrival Time                  0.000
  Slack Time                   -0.134
= Slack Time(original)         -0.134
     Clock Rise Edge                      0.000
     + Input Delay                        0.000
     = Beginpoint Arrival Time            0.000
     Timing Path:
      -----------------------------------------------------
      Instance  Arc       Cell    Retime  Arrival  Required  
                                  Delay   Time     Time  
      -----------------------------------------------------
      -         in2[3] v  -       -       0.000    0.134  
      Y_reg[3]  -         DFFQX4  0.000   0.000    0.134  
      -----------------------------------------------------
     Clock Rise Edge                      0.000
     = Beginpoint Arrival Time            0.000
     Other End Path:
      --------------------------------------------------
      Instance  Arc    Cell    Retime  Arrival  Required  
                               Delay   Time     Time  
      --------------------------------------------------
      -         clk ^  -       -       0.000    -0.134  
      Y_reg[3]  -      DFFQX4  0.000   0.000    -0.134  
      --------------------------------------------------
Path 13: VIOLATED Hold Check with Pin Y_reg[0]/CK 
Endpoint:   Y_reg[0]/D (v) checked with  leading edge of 'clk'
Beginpoint: in2[0]     (v) triggered by  leading edge of '@'
Path Groups: {clk}
Retime Analysis { Data Path-Slew }
Other End Arrival Time          0.000
+ Hold                          0.134
+ Phase Shift                   0.000
= Required Time                 0.134
  Arrival Time                  0.000
  Slack Time                   -0.134
= Slack Time(original)         -0.134
     Clock Rise Edge                      0.000
     + Input Delay                        0.000
     = Beginpoint Arrival Time            0.000
     Timing Path:
      -----------------------------------------------------
      Instance  Arc       Cell    Retime  Arrival  Required  
                                  Delay   Time     Time  
      -----------------------------------------------------
      -         in2[0] v  -       -       0.000    0.134  
      Y_reg[0]  -         DFFQX4  0.000   0.000    0.134  
      -----------------------------------------------------
     Clock Rise Edge                      0.000
     = Beginpoint Arrival Time            0.000
     Other End Path:
      --------------------------------------------------
      Instance  Arc    Cell    Retime  Arrival  Required  
                               Delay   Time     Time  
      --------------------------------------------------
      -         clk ^  -       -       0.000    -0.134  
      Y_reg[0]  -      DFFQX4  0.000   0.000    -0.134  
      --------------------------------------------------
Path 14: VIOLATED Hold Check with Pin X_reg[5]/CK 
Endpoint:   X_reg[5]/D (v) checked with  leading edge of 'clk'
Beginpoint: in1[5]     (v) triggered by  leading edge of '@'
Path Groups: {clk}
Retime Analysis { Data Path-Slew }
Other End Arrival Time          0.000
+ Hold                          0.134
+ Phase Shift                   0.000
= Required Time                 0.134
  Arrival Time                  0.000
  Slack Time                   -0.134
= Slack Time(original)         -0.134
     Clock Rise Edge                      0.000
     + Input Delay                        0.000
     = Beginpoint Arrival Time            0.000
     Timing Path:
      -----------------------------------------------------
      Instance  Arc       Cell    Retime  Arrival  Required  
                                  Delay   Time     Time  
      -----------------------------------------------------
      -         in1[5] v  -       -       0.000    0.134  
      X_reg[5]  -         DFFQX4  0.000   0.000    0.134  
      -----------------------------------------------------
     Clock Rise Edge                      0.000
     = Beginpoint Arrival Time            0.000
     Other End Path:
      --------------------------------------------------
      Instance  Arc    Cell    Retime  Arrival  Required  
                               Delay   Time     Time  
      --------------------------------------------------
      -         clk ^  -       -       0.000    -0.134  
      X_reg[5]  -      DFFQX4  0.000   0.000    -0.134  
      --------------------------------------------------
Path 15: VIOLATED Hold Check with Pin X_reg[4]/CK 
Endpoint:   X_reg[4]/D (v) checked with  leading edge of 'clk'
Beginpoint: in1[4]     (v) triggered by  leading edge of '@'
Path Groups: {clk}
Retime Analysis { Data Path-Slew }
Other End Arrival Time          0.000
+ Hold                          0.134
+ Phase Shift                   0.000
= Required Time                 0.134
  Arrival Time                  0.000
  Slack Time                   -0.134
= Slack Time(original)         -0.134
     Clock Rise Edge                      0.000
     + Input Delay                        0.000
     = Beginpoint Arrival Time            0.000
     Timing Path:
      -----------------------------------------------------
      Instance  Arc       Cell    Retime  Arrival  Required  
                                  Delay   Time     Time  
      -----------------------------------------------------
      -         in1[4] v  -       -       0.000    0.134  
      X_reg[4]  -         DFFQX4  0.000   0.000    0.134  
      -----------------------------------------------------
     Clock Rise Edge                      0.000
     = Beginpoint Arrival Time            0.000
     Other End Path:
      --------------------------------------------------
      Instance  Arc    Cell    Retime  Arrival  Required  
                               Delay   Time     Time  
      --------------------------------------------------
      -         clk ^  -       -       0.000    -0.134  
      X_reg[4]  -      DFFQX4  0.000   0.000    -0.134  
      --------------------------------------------------
Path 16: VIOLATED Hold Check with Pin sel_ff_reg[3]/CK 
Endpoint:   sel_ff_reg[3]/D (v) checked with  leading edge of 'clk'
Beginpoint: sel[3]          (v) triggered by  leading edge of '@'
Path Groups: {clk}
Retime Analysis { Data Path-Slew }
Other End Arrival Time          0.000
+ Hold                          0.089
+ Phase Shift                   0.000
= Required Time                 0.089
  Arrival Time                  0.000
  Slack Time                   -0.089
= Slack Time(original)         -0.089
     Clock Rise Edge                      0.000
     + Input Delay                        0.000
     = Beginpoint Arrival Time            0.000
     Timing Path:
      ----------------------------------------------------------
      Instance       Arc       Cell    Retime  Arrival  Required  
                                       Delay   Time     Time  
      ----------------------------------------------------------
      -              sel[3] v  -       -       0.000    0.089  
      sel_ff_reg[3]  -         DFFQX1  0.000   0.000    0.089  
      ----------------------------------------------------------
     Clock Rise Edge                      0.000
     = Beginpoint Arrival Time            0.000
     Other End Path:
      -------------------------------------------------------
      Instance       Arc    Cell    Retime  Arrival  Required  
                                    Delay   Time     Time  
      -------------------------------------------------------
      -              clk ^  -       -       0.000    -0.089  
      sel_ff_reg[3]  -      DFFQX1  0.000   0.000    -0.089  
      -------------------------------------------------------
Path 17: VIOLATED Hold Check with Pin sel_ff_reg[2]/CK 
Endpoint:   sel_ff_reg[2]/D (v) checked with  leading edge of 'clk'
Beginpoint: sel[2]          (v) triggered by  leading edge of '@'
Path Groups: {clk}
Retime Analysis { Data Path-Slew }
Other End Arrival Time          0.000
+ Hold                          0.089
+ Phase Shift                   0.000
= Required Time                 0.089
  Arrival Time                  0.000
  Slack Time                   -0.089
= Slack Time(original)         -0.089
     Clock Rise Edge                      0.000
     + Input Delay                        0.000
     = Beginpoint Arrival Time            0.000
     Timing Path:
      ----------------------------------------------------------
      Instance       Arc       Cell    Retime  Arrival  Required  
                                       Delay   Time     Time  
      ----------------------------------------------------------
      -              sel[2] v  -       -       0.000    0.089  
      sel_ff_reg[2]  -         DFFQX1  0.000   0.000    0.089  
      ----------------------------------------------------------
     Clock Rise Edge                      0.000
     = Beginpoint Arrival Time            0.000
     Other End Path:
      -------------------------------------------------------
      Instance       Arc    Cell    Retime  Arrival  Required  
                                    Delay   Time     Time  
      -------------------------------------------------------
      -              clk ^  -       -       0.000    -0.089  
      sel_ff_reg[2]  -      DFFQX1  0.000   0.000    -0.089  
      -------------------------------------------------------
Path 18: VIOLATED Hold Check with Pin sel_ff_reg[1]/CK 
Endpoint:   sel_ff_reg[1]/D (v) checked with  leading edge of 'clk'
Beginpoint: sel[1]          (v) triggered by  leading edge of '@'
Path Groups: {clk}
Retime Analysis { Data Path-Slew }
Other End Arrival Time          0.000
+ Hold                          0.089
+ Phase Shift                   0.000
= Required Time                 0.089
  Arrival Time                  0.000
  Slack Time                   -0.089
= Slack Time(original)         -0.089
     Clock Rise Edge                      0.000
     + Input Delay                        0.000
     = Beginpoint Arrival Time            0.000
     Timing Path:
      ----------------------------------------------------------
      Instance       Arc       Cell    Retime  Arrival  Required  
                                       Delay   Time     Time  
      ----------------------------------------------------------
      -              sel[1] v  -       -       0.000    0.089  
      sel_ff_reg[1]  -         DFFQX1  0.000   0.000    0.089  
      ----------------------------------------------------------
     Clock Rise Edge                      0.000
     = Beginpoint Arrival Time            0.000
     Other End Path:
      -------------------------------------------------------
      Instance       Arc    Cell    Retime  Arrival  Required  
                                    Delay   Time     Time  
      -------------------------------------------------------
      -              clk ^  -       -       0.000    -0.089  
      sel_ff_reg[1]  -      DFFQX1  0.000   0.000    -0.089  
      -------------------------------------------------------
Path 19: VIOLATED Hold Check with Pin sel_ff_reg[0]/CK 
Endpoint:   sel_ff_reg[0]/D (v) checked with  leading edge of 'clk'
Beginpoint: sel[0]          (v) triggered by  leading edge of '@'
Path Groups: {clk}
Retime Analysis { Data Path-Slew }
Other End Arrival Time          0.000
+ Hold                          0.089
+ Phase Shift                   0.000
= Required Time                 0.089
  Arrival Time                  0.000
  Slack Time                   -0.089
= Slack Time(original)         -0.089
     Clock Rise Edge                      0.000
     + Input Delay                        0.000
     = Beginpoint Arrival Time            0.000
     Timing Path:
      ----------------------------------------------------------
      Instance       Arc       Cell    Retime  Arrival  Required  
                                       Delay   Time     Time  
      ----------------------------------------------------------
      -              sel[0] v  -       -       0.000    0.089  
      sel_ff_reg[0]  -         DFFQX1  0.000   0.000    0.089  
      ----------------------------------------------------------
     Clock Rise Edge                      0.000
     = Beginpoint Arrival Time            0.000
     Other End Path:
      -------------------------------------------------------
      Instance       Arc    Cell    Retime  Arrival  Required  
                                    Delay   Time     Time  
      -------------------------------------------------------
      -              clk ^  -       -       0.000    -0.089  
      sel_ff_reg[0]  -      DFFQX1  0.000   0.000    -0.089  
      -------------------------------------------------------
Path 20: VIOLATED Hold Check with Pin X_reg[0]/CK 
Endpoint:   X_reg[0]/D (v) checked with  leading edge of 'clk'
Beginpoint: in1[0]     (v) triggered by  leading edge of '@'
Path Groups: {clk}
Retime Analysis { Data Path-Slew }
Other End Arrival Time          0.000
+ Hold                          0.089
+ Phase Shift                   0.000
= Required Time                 0.089
  Arrival Time                  0.000
  Slack Time                   -0.089
= Slack Time(original)         -0.089
     Clock Rise Edge                      0.000
     + Input Delay                        0.000
     = Beginpoint Arrival Time            0.000
     Timing Path:
      -----------------------------------------------------
      Instance  Arc       Cell    Retime  Arrival  Required  
                                  Delay   Time     Time  
      -----------------------------------------------------
      -         in1[0] v  -       -       0.000    0.089  
      X_reg[0]  -         DFFQX1  0.000   0.000    0.089  
      -----------------------------------------------------
     Clock Rise Edge                      0.000
     = Beginpoint Arrival Time            0.000
     Other End Path:
      --------------------------------------------------
      Instance  Arc    Cell    Retime  Arrival  Required  
                               Delay   Time     Time  
      --------------------------------------------------
      -         clk ^  -       -       0.000    -0.089  
      X_reg[0]  -      DFFQX1  0.000   0.000    -0.089  
      --------------------------------------------------
Path 21: MET Hold Check with Pin Y_reg[7]/CK 
Endpoint:   Y_reg[7]/D (^) checked with  leading edge of 'clk'
Beginpoint: in2[7]     (^) triggered by  leading edge of '@'
Path Groups: {clk}
Retime Analysis { Data Path-Slew }
Other End Arrival Time          0.000
+ Hold                         -0.005
+ Phase Shift                   0.000
= Required Time                -0.005
  Arrival Time                  0.000
  Slack Time                    0.005
= Slack Time(original)          0.005
     Clock Rise Edge                      0.000
     + Input Delay                        0.000
     = Beginpoint Arrival Time            0.000
     Timing Path:
      -----------------------------------------------------
      Instance  Arc       Cell    Retime  Arrival  Required  
                                  Delay   Time     Time  
      -----------------------------------------------------
      -         in2[7] ^  -       -       0.000    -0.005  
      Y_reg[7]  -         DFFQX4  0.000   0.000    -0.005  
      -----------------------------------------------------
     Clock Rise Edge                      0.000
     = Beginpoint Arrival Time            0.000
     Other End Path:
      --------------------------------------------------
      Instance  Arc    Cell    Retime  Arrival  Required  
                               Delay   Time     Time  
      --------------------------------------------------
      -         clk ^  -       -       0.000    0.005  
      Y_reg[7]  -      DFFQX4  0.000   0.000    0.005  
      --------------------------------------------------
Path 22: MET Hold Check with Pin Y_reg[6]/CK 
Endpoint:   Y_reg[6]/D (^) checked with  leading edge of 'clk'
Beginpoint: in2[6]     (^) triggered by  leading edge of '@'
Path Groups: {clk}
Retime Analysis { Data Path-Slew }
Other End Arrival Time          0.000
+ Hold                         -0.005
+ Phase Shift                   0.000
= Required Time                -0.005
  Arrival Time                  0.000
  Slack Time                    0.005
= Slack Time(original)          0.005
     Clock Rise Edge                      0.000
     + Input Delay                        0.000
     = Beginpoint Arrival Time            0.000
     Timing Path:
      -----------------------------------------------------
      Instance  Arc       Cell    Retime  Arrival  Required  
                                  Delay   Time     Time  
      -----------------------------------------------------
      -         in2[6] ^  -       -       0.000    -0.005  
      Y_reg[6]  -         DFFQX4  0.000   0.000    -0.005  
      -----------------------------------------------------
     Clock Rise Edge                      0.000
     = Beginpoint Arrival Time            0.000
     Other End Path:
      --------------------------------------------------
      Instance  Arc    Cell    Retime  Arrival  Required  
                               Delay   Time     Time  
      --------------------------------------------------
      -         clk ^  -       -       0.000    0.005  
      Y_reg[6]  -      DFFQX4  0.000   0.000    0.005  
      --------------------------------------------------
Path 23: MET Hold Check with Pin Y_reg[5]/CK 
Endpoint:   Y_reg[5]/D (^) checked with  leading edge of 'clk'
Beginpoint: in2[5]     (^) triggered by  leading edge of '@'
Path Groups: {clk}
Retime Analysis { Data Path-Slew }
Other End Arrival Time          0.000
+ Hold                         -0.005
+ Phase Shift                   0.000
= Required Time                -0.005
  Arrival Time                  0.000
  Slack Time                    0.005
= Slack Time(original)          0.005
     Clock Rise Edge                      0.000
     + Input Delay                        0.000
     = Beginpoint Arrival Time            0.000
     Timing Path:
      -----------------------------------------------------
      Instance  Arc       Cell    Retime  Arrival  Required  
                                  Delay   Time     Time  
      -----------------------------------------------------
      -         in2[5] ^  -       -       0.000    -0.005  
      Y_reg[5]  -         DFFQX4  0.000   0.000    -0.005  
      -----------------------------------------------------
     Clock Rise Edge                      0.000
     = Beginpoint Arrival Time            0.000
     Other End Path:
      --------------------------------------------------
      Instance  Arc    Cell    Retime  Arrival  Required  
                               Delay   Time     Time  
      --------------------------------------------------
      -         clk ^  -       -       0.000    0.005  
      Y_reg[5]  -      DFFQX4  0.000   0.000    0.005  
      --------------------------------------------------
Path 24: MET Hold Check with Pin Y_reg[4]/CK 
Endpoint:   Y_reg[4]/D (^) checked with  leading edge of 'clk'
Beginpoint: in2[4]     (^) triggered by  leading edge of '@'
Path Groups: {clk}
Retime Analysis { Data Path-Slew }
Other End Arrival Time          0.000
+ Hold                         -0.005
+ Phase Shift                   0.000
= Required Time                -0.005
  Arrival Time                  0.000
  Slack Time                    0.005
= Slack Time(original)          0.005
     Clock Rise Edge                      0.000
     + Input Delay                        0.000
     = Beginpoint Arrival Time            0.000
     Timing Path:
      -----------------------------------------------------
      Instance  Arc       Cell    Retime  Arrival  Required  
                                  Delay   Time     Time  
      -----------------------------------------------------
      -         in2[4] ^  -       -       0.000    -0.005  
      Y_reg[4]  -         DFFQX4  0.000   0.000    -0.005  
      -----------------------------------------------------
     Clock Rise Edge                      0.000
     = Beginpoint Arrival Time            0.000
     Other End Path:
      --------------------------------------------------
      Instance  Arc    Cell    Retime  Arrival  Required  
                               Delay   Time     Time  
      --------------------------------------------------
      -         clk ^  -       -       0.000    0.005  
      Y_reg[4]  -      DFFQX4  0.000   0.000    0.005  
      --------------------------------------------------
Path 25: MET Hold Check with Pin Y_reg[3]/CK 
Endpoint:   Y_reg[3]/D (^) checked with  leading edge of 'clk'
Beginpoint: in2[3]     (^) triggered by  leading edge of '@'
Path Groups: {clk}
Retime Analysis { Data Path-Slew }
Other End Arrival Time          0.000
+ Hold                         -0.005
+ Phase Shift                   0.000
= Required Time                -0.005
  Arrival Time                  0.000
  Slack Time                    0.005
= Slack Time(original)          0.005
     Clock Rise Edge                      0.000
     + Input Delay                        0.000
     = Beginpoint Arrival Time            0.000
     Timing Path:
      -----------------------------------------------------
      Instance  Arc       Cell    Retime  Arrival  Required  
                                  Delay   Time     Time  
      -----------------------------------------------------
      -         in2[3] ^  -       -       0.000    -0.005  
      Y_reg[3]  -         DFFQX4  0.000   0.000    -0.005  
      -----------------------------------------------------
     Clock Rise Edge                      0.000
     = Beginpoint Arrival Time            0.000
     Other End Path:
      --------------------------------------------------
      Instance  Arc    Cell    Retime  Arrival  Required  
                               Delay   Time     Time  
      --------------------------------------------------
      -         clk ^  -       -       0.000    0.005  
      Y_reg[3]  -      DFFQX4  0.000   0.000    0.005  
      --------------------------------------------------
Path 26: MET Hold Check with Pin Y_reg[2]/CK 
Endpoint:   Y_reg[2]/D (^) checked with  leading edge of 'clk'
Beginpoint: in2[2]     (^) triggered by  leading edge of '@'
Path Groups: {clk}
Retime Analysis { Data Path-Slew }
Other End Arrival Time          0.000
+ Hold                         -0.005
+ Phase Shift                   0.000
= Required Time                -0.005
  Arrival Time                  0.000
  Slack Time                    0.005
= Slack Time(original)          0.005
     Clock Rise Edge                      0.000
     + Input Delay                        0.000
     = Beginpoint Arrival Time            0.000
     Timing Path:
      ------------------------------------------------------
      Instance  Arc       Cell     Retime  Arrival  Required  
                                   Delay   Time     Time  
      ------------------------------------------------------
      -         in2[2] ^  -        -       0.000    -0.005  
      Y_reg[2]  -         DFFHQX8  0.000   0.000    -0.005  
      ------------------------------------------------------
     Clock Rise Edge                      0.000
     = Beginpoint Arrival Time            0.000
     Other End Path:
      ---------------------------------------------------
      Instance  Arc    Cell     Retime  Arrival  Required  
                                Delay   Time     Time  
      ---------------------------------------------------
      -         clk ^  -        -       0.000    0.005  
      Y_reg[2]  -      DFFHQX8  0.000   0.000    0.005  
      ---------------------------------------------------
Path 27: MET Hold Check with Pin Y_reg[1]/CK 
Endpoint:   Y_reg[1]/D (^) checked with  leading edge of 'clk'
Beginpoint: in2[1]     (^) triggered by  leading edge of '@'
Path Groups: {clk}
Retime Analysis { Data Path-Slew }
Other End Arrival Time          0.000
+ Hold                         -0.005
+ Phase Shift                   0.000
= Required Time                -0.005
  Arrival Time                  0.000
  Slack Time                    0.005
= Slack Time(original)          0.005
     Clock Rise Edge                      0.000
     + Input Delay                        0.000
     = Beginpoint Arrival Time            0.000
     Timing Path:
      ------------------------------------------------------
      Instance  Arc       Cell     Retime  Arrival  Required  
                                   Delay   Time     Time  
      ------------------------------------------------------
      -         in2[1] ^  -        -       0.000    -0.005  
      Y_reg[1]  -         DFFHQX8  0.000   0.000    -0.005  
      ------------------------------------------------------
     Clock Rise Edge                      0.000
     = Beginpoint Arrival Time            0.000
     Other End Path:
      ---------------------------------------------------
      Instance  Arc    Cell     Retime  Arrival  Required  
                                Delay   Time     Time  
      ---------------------------------------------------
      -         clk ^  -        -       0.000    0.005  
      Y_reg[1]  -      DFFHQX8  0.000   0.000    0.005  
      ---------------------------------------------------
Path 28: MET Hold Check with Pin Y_reg[0]/CK 
Endpoint:   Y_reg[0]/D (^) checked with  leading edge of 'clk'
Beginpoint: in2[0]     (^) triggered by  leading edge of '@'
Path Groups: {clk}
Retime Analysis { Data Path-Slew }
Other End Arrival Time          0.000
+ Hold                         -0.005
+ Phase Shift                   0.000
= Required Time                -0.005
  Arrival Time                  0.000
  Slack Time                    0.005
= Slack Time(original)          0.005
     Clock Rise Edge                      0.000
     + Input Delay                        0.000
     = Beginpoint Arrival Time            0.000
     Timing Path:
      -----------------------------------------------------
      Instance  Arc       Cell    Retime  Arrival  Required  
                                  Delay   Time     Time  
      -----------------------------------------------------
      -         in2[0] ^  -       -       0.000    -0.005  
      Y_reg[0]  -         DFFQX4  0.000   0.000    -0.005  
      -----------------------------------------------------
     Clock Rise Edge                      0.000
     = Beginpoint Arrival Time            0.000
     Other End Path:
      --------------------------------------------------
      Instance  Arc    Cell    Retime  Arrival  Required  
                               Delay   Time     Time  
      --------------------------------------------------
      -         clk ^  -       -       0.000    0.005  
      Y_reg[0]  -      DFFQX4  0.000   0.000    0.005  
      --------------------------------------------------
Path 29: MET Hold Check with Pin X_reg[7]/CK 
Endpoint:   X_reg[7]/D (^) checked with  leading edge of 'clk'
Beginpoint: in1[7]     (^) triggered by  leading edge of '@'
Path Groups: {clk}
Retime Analysis { Data Path-Slew }
Other End Arrival Time          0.000
+ Hold                         -0.005
+ Phase Shift                   0.000
= Required Time                -0.005
  Arrival Time                  0.000
  Slack Time                    0.005
= Slack Time(original)          0.005
     Clock Rise Edge                      0.000
     + Input Delay                        0.000
     = Beginpoint Arrival Time            0.000
     Timing Path:
      ------------------------------------------------------
      Instance  Arc       Cell     Retime  Arrival  Required  
                                   Delay   Time     Time  
      ------------------------------------------------------
      -         in1[7] ^  -        -       0.000    -0.005  
      X_reg[7]  -         DFFHQX4  0.000   0.000    -0.005  
      ------------------------------------------------------
     Clock Rise Edge                      0.000
     = Beginpoint Arrival Time            0.000
     Other End Path:
      ---------------------------------------------------
      Instance  Arc    Cell     Retime  Arrival  Required  
                                Delay   Time     Time  
      ---------------------------------------------------
      -         clk ^  -        -       0.000    0.005  
      X_reg[7]  -      DFFHQX4  0.000   0.000    0.005  
      ---------------------------------------------------
Path 30: MET Hold Check with Pin X_reg[6]/CK 
Endpoint:   X_reg[6]/D (^) checked with  leading edge of 'clk'
Beginpoint: in1[6]     (^) triggered by  leading edge of '@'
Path Groups: {clk}
Retime Analysis { Data Path-Slew }
Other End Arrival Time          0.000
+ Hold                         -0.005
+ Phase Shift                   0.000
= Required Time                -0.005
  Arrival Time                  0.000
  Slack Time                    0.005
= Slack Time(original)          0.005
     Clock Rise Edge                      0.000
     + Input Delay                        0.000
     = Beginpoint Arrival Time            0.000
     Timing Path:
      ------------------------------------------------------
      Instance  Arc       Cell     Retime  Arrival  Required  
                                   Delay   Time     Time  
      ------------------------------------------------------
      -         in1[6] ^  -        -       0.000    -0.005  
      X_reg[6]  -         DFFHQX4  0.000   0.000    -0.005  
      ------------------------------------------------------
     Clock Rise Edge                      0.000
     = Beginpoint Arrival Time            0.000
     Other End Path:
      ---------------------------------------------------
      Instance  Arc    Cell     Retime  Arrival  Required  
                                Delay   Time     Time  
      ---------------------------------------------------
      -         clk ^  -        -       0.000    0.005  
      X_reg[6]  -      DFFHQX4  0.000   0.000    0.005  
      ---------------------------------------------------
Path 31: MET Hold Check with Pin X_reg[5]/CK 
Endpoint:   X_reg[5]/D (^) checked with  leading edge of 'clk'
Beginpoint: in1[5]     (^) triggered by  leading edge of '@'
Path Groups: {clk}
Retime Analysis { Data Path-Slew }
Other End Arrival Time          0.000
+ Hold                         -0.005
+ Phase Shift                   0.000
= Required Time                -0.005
  Arrival Time                  0.000
  Slack Time                    0.005
= Slack Time(original)          0.005
     Clock Rise Edge                      0.000
     + Input Delay                        0.000
     = Beginpoint Arrival Time            0.000
     Timing Path:
      -----------------------------------------------------
      Instance  Arc       Cell    Retime  Arrival  Required  
                                  Delay   Time     Time  
      -----------------------------------------------------
      -         in1[5] ^  -       -       0.000    -0.005  
      X_reg[5]  -         DFFQX4  0.000   0.000    -0.005  
      -----------------------------------------------------
     Clock Rise Edge                      0.000
     = Beginpoint Arrival Time            0.000
     Other End Path:
      --------------------------------------------------
      Instance  Arc    Cell    Retime  Arrival  Required  
                               Delay   Time     Time  
      --------------------------------------------------
      -         clk ^  -       -       0.000    0.005  
      X_reg[5]  -      DFFQX4  0.000   0.000    0.005  
      --------------------------------------------------
Path 32: MET Hold Check with Pin X_reg[4]/CK 
Endpoint:   X_reg[4]/D (^) checked with  leading edge of 'clk'
Beginpoint: in1[4]     (^) triggered by  leading edge of '@'
Path Groups: {clk}
Retime Analysis { Data Path-Slew }
Other End Arrival Time          0.000
+ Hold                         -0.005
+ Phase Shift                   0.000
= Required Time                -0.005
  Arrival Time                  0.000
  Slack Time                    0.005
= Slack Time(original)          0.005
     Clock Rise Edge                      0.000
     + Input Delay                        0.000
     = Beginpoint Arrival Time            0.000
     Timing Path:
      -----------------------------------------------------
      Instance  Arc       Cell    Retime  Arrival  Required  
                                  Delay   Time     Time  
      -----------------------------------------------------
      -         in1[4] ^  -       -       0.000    -0.005  
      X_reg[4]  -         DFFQX4  0.000   0.000    -0.005  
      -----------------------------------------------------
     Clock Rise Edge                      0.000
     = Beginpoint Arrival Time            0.000
     Other End Path:
      --------------------------------------------------
      Instance  Arc    Cell    Retime  Arrival  Required  
                               Delay   Time     Time  
      --------------------------------------------------
      -         clk ^  -       -       0.000    0.005  
      X_reg[4]  -      DFFQX4  0.000   0.000    0.005  
      --------------------------------------------------
Path 33: MET Hold Check with Pin X_reg[3]/CK 
Endpoint:   X_reg[3]/D (^) checked with  leading edge of 'clk'
Beginpoint: in1[3]     (^) triggered by  leading edge of '@'
Path Groups: {clk}
Retime Analysis { Data Path-Slew }
Other End Arrival Time          0.000
+ Hold                         -0.005
+ Phase Shift                   0.000
= Required Time                -0.005
  Arrival Time                  0.000
  Slack Time                    0.005
= Slack Time(original)          0.005
     Clock Rise Edge                      0.000
     + Input Delay                        0.000
     = Beginpoint Arrival Time            0.000
     Timing Path:
      ------------------------------------------------------
      Instance  Arc       Cell     Retime  Arrival  Required  
                                   Delay   Time     Time  
      ------------------------------------------------------
      -         in1[3] ^  -        -       0.000    -0.005  
      X_reg[3]  -         DFFHQX4  0.000   0.000    -0.005  
      ------------------------------------------------------
     Clock Rise Edge                      0.000
     = Beginpoint Arrival Time            0.000
     Other End Path:
      ---------------------------------------------------
      Instance  Arc    Cell     Retime  Arrival  Required  
                                Delay   Time     Time  
      ---------------------------------------------------
      -         clk ^  -        -       0.000    0.005  
      X_reg[3]  -      DFFHQX4  0.000   0.000    0.005  
      ---------------------------------------------------
Path 34: MET Hold Check with Pin X_reg[2]/CK 
Endpoint:   X_reg[2]/D (^) checked with  leading edge of 'clk'
Beginpoint: in1[2]     (^) triggered by  leading edge of '@'
Path Groups: {clk}
Retime Analysis { Data Path-Slew }
Other End Arrival Time          0.000
+ Hold                         -0.005
+ Phase Shift                   0.000
= Required Time                -0.005
  Arrival Time                  0.000
  Slack Time                    0.005
= Slack Time(original)          0.005
     Clock Rise Edge                      0.000
     + Input Delay                        0.000
     = Beginpoint Arrival Time            0.000
     Timing Path:
      ------------------------------------------------------
      Instance  Arc       Cell     Retime  Arrival  Required  
                                   Delay   Time     Time  
      ------------------------------------------------------
      -         in1[2] ^  -        -       0.000    -0.005  
      X_reg[2]  -         DFFHQX4  0.000   0.000    -0.005  
      ------------------------------------------------------
     Clock Rise Edge                      0.000
     = Beginpoint Arrival Time            0.000
     Other End Path:
      ---------------------------------------------------
      Instance  Arc    Cell     Retime  Arrival  Required  
                                Delay   Time     Time  
      ---------------------------------------------------
      -         clk ^  -        -       0.000    0.005  
      X_reg[2]  -      DFFHQX4  0.000   0.000    0.005  
      ---------------------------------------------------
Path 35: MET Hold Check with Pin X_reg[1]/CK 
Endpoint:   X_reg[1]/D (^) checked with  leading edge of 'clk'
Beginpoint: in1[1]     (^) triggered by  leading edge of '@'
Path Groups: {clk}
Retime Analysis { Data Path-Slew }
Other End Arrival Time          0.000
+ Hold                         -0.005
+ Phase Shift                   0.000
= Required Time                -0.005
  Arrival Time                  0.000
  Slack Time                    0.005
= Slack Time(original)          0.005
     Clock Rise Edge                      0.000
     + Input Delay                        0.000
     = Beginpoint Arrival Time            0.000
     Timing Path:
      ------------------------------------------------------
      Instance  Arc       Cell     Retime  Arrival  Required  
                                   Delay   Time     Time  
      ------------------------------------------------------
      -         in1[1] ^  -        -       0.000    -0.005  
      X_reg[1]  -         DFFHQX4  0.000   0.000    -0.005  
      ------------------------------------------------------
     Clock Rise Edge                      0.000
     = Beginpoint Arrival Time            0.000
     Other End Path:
      ---------------------------------------------------
      Instance  Arc    Cell     Retime  Arrival  Required  
                                Delay   Time     Time  
      ---------------------------------------------------
      -         clk ^  -        -       0.000    0.005  
      X_reg[1]  -      DFFHQX4  0.000   0.000    0.005  
      ---------------------------------------------------
Path 36: MET Hold Check with Pin sel_ff_reg[3]/CK 
Endpoint:   sel_ff_reg[3]/D (^) checked with  leading edge of 'clk'
Beginpoint: sel[3]          (^) triggered by  leading edge of '@'
Path Groups: {clk}
Retime Analysis { Data Path-Slew }
Other End Arrival Time          0.000
+ Hold                         -0.014
+ Phase Shift                   0.000
= Required Time                -0.014
  Arrival Time                  0.000
  Slack Time                    0.014
= Slack Time(original)          0.014
     Clock Rise Edge                      0.000
     + Input Delay                        0.000
     = Beginpoint Arrival Time            0.000
     Timing Path:
      ----------------------------------------------------------
      Instance       Arc       Cell    Retime  Arrival  Required  
                                       Delay   Time     Time  
      ----------------------------------------------------------
      -              sel[3] ^  -       -       0.000    -0.014  
      sel_ff_reg[3]  -         DFFQX1  0.000   0.000    -0.014  
      ----------------------------------------------------------
     Clock Rise Edge                      0.000
     = Beginpoint Arrival Time            0.000
     Other End Path:
      -------------------------------------------------------
      Instance       Arc    Cell    Retime  Arrival  Required  
                                    Delay   Time     Time  
      -------------------------------------------------------
      -              clk ^  -       -       0.000    0.014  
      sel_ff_reg[3]  -      DFFQX1  0.000   0.000    0.014  
      -------------------------------------------------------
Path 37: MET Hold Check with Pin sel_ff_reg[2]/CK 
Endpoint:   sel_ff_reg[2]/D (^) checked with  leading edge of 'clk'
Beginpoint: sel[2]          (^) triggered by  leading edge of '@'
Path Groups: {clk}
Retime Analysis { Data Path-Slew }
Other End Arrival Time          0.000
+ Hold                         -0.014
+ Phase Shift                   0.000
= Required Time                -0.014
  Arrival Time                  0.000
  Slack Time                    0.014
= Slack Time(original)          0.014
     Clock Rise Edge                      0.000
     + Input Delay                        0.000
     = Beginpoint Arrival Time            0.000
     Timing Path:
      ----------------------------------------------------------
      Instance       Arc       Cell    Retime  Arrival  Required  
                                       Delay   Time     Time  
      ----------------------------------------------------------
      -              sel[2] ^  -       -       0.000    -0.014  
      sel_ff_reg[2]  -         DFFQX1  0.000   0.000    -0.014  
      ----------------------------------------------------------
     Clock Rise Edge                      0.000
     = Beginpoint Arrival Time            0.000
     Other End Path:
      -------------------------------------------------------
      Instance       Arc    Cell    Retime  Arrival  Required  
                                    Delay   Time     Time  
      -------------------------------------------------------
      -              clk ^  -       -       0.000    0.014  
      sel_ff_reg[2]  -      DFFQX1  0.000   0.000    0.014  
      -------------------------------------------------------
Path 38: MET Hold Check with Pin sel_ff_reg[1]/CK 
Endpoint:   sel_ff_reg[1]/D (^) checked with  leading edge of 'clk'
Beginpoint: sel[1]          (^) triggered by  leading edge of '@'
Path Groups: {clk}
Retime Analysis { Data Path-Slew }
Other End Arrival Time          0.000
+ Hold                         -0.014
+ Phase Shift                   0.000
= Required Time                -0.014
  Arrival Time                  0.000
  Slack Time                    0.014
= Slack Time(original)          0.014
     Clock Rise Edge                      0.000
     + Input Delay                        0.000
     = Beginpoint Arrival Time            0.000
     Timing Path:
      ----------------------------------------------------------
      Instance       Arc       Cell    Retime  Arrival  Required  
                                       Delay   Time     Time  
      ----------------------------------------------------------
      -              sel[1] ^  -       -       0.000    -0.014  
      sel_ff_reg[1]  -         DFFQX1  0.000   0.000    -0.014  
      ----------------------------------------------------------
     Clock Rise Edge                      0.000
     = Beginpoint Arrival Time            0.000
     Other End Path:
      -------------------------------------------------------
      Instance       Arc    Cell    Retime  Arrival  Required  
                                    Delay   Time     Time  
      -------------------------------------------------------
      -              clk ^  -       -       0.000    0.014  
      sel_ff_reg[1]  -      DFFQX1  0.000   0.000    0.014  
      -------------------------------------------------------
Path 39: MET Hold Check with Pin sel_ff_reg[0]/CK 
Endpoint:   sel_ff_reg[0]/D (^) checked with  leading edge of 'clk'
Beginpoint: sel[0]          (^) triggered by  leading edge of '@'
Path Groups: {clk}
Retime Analysis { Data Path-Slew }
Other End Arrival Time          0.000
+ Hold                         -0.014
+ Phase Shift                   0.000
= Required Time                -0.014
  Arrival Time                  0.000
  Slack Time                    0.014
= Slack Time(original)          0.014
     Clock Rise Edge                      0.000
     + Input Delay                        0.000
     = Beginpoint Arrival Time            0.000
     Timing Path:
      ----------------------------------------------------------
      Instance       Arc       Cell    Retime  Arrival  Required  
                                       Delay   Time     Time  
      ----------------------------------------------------------
      -              sel[0] ^  -       -       0.000    -0.014  
      sel_ff_reg[0]  -         DFFQX1  0.000   0.000    -0.014  
      ----------------------------------------------------------
     Clock Rise Edge                      0.000
     = Beginpoint Arrival Time            0.000
     Other End Path:
      -------------------------------------------------------
      Instance       Arc    Cell    Retime  Arrival  Required  
                                    Delay   Time     Time  
      -------------------------------------------------------
      -              clk ^  -       -       0.000    0.014  
      sel_ff_reg[0]  -      DFFQX1  0.000   0.000    0.014  
      -------------------------------------------------------
Path 40: MET Hold Check with Pin X_reg[0]/CK 
Endpoint:   X_reg[0]/D (^) checked with  leading edge of 'clk'
Beginpoint: in1[0]     (^) triggered by  leading edge of '@'
Path Groups: {clk}
Retime Analysis { Data Path-Slew }
Other End Arrival Time          0.000
+ Hold                         -0.014
+ Phase Shift                   0.000
= Required Time                -0.014
  Arrival Time                  0.000
  Slack Time                    0.014
= Slack Time(original)          0.014
     Clock Rise Edge                      0.000
     + Input Delay                        0.000
     = Beginpoint Arrival Time            0.000
     Timing Path:
      -----------------------------------------------------
      Instance  Arc       Cell    Retime  Arrival  Required  
                                  Delay   Time     Time  
      -----------------------------------------------------
      -         in1[0] ^  -       -       0.000    -0.014  
      X_reg[0]  -         DFFQX1  0.000   0.000    -0.014  
      -----------------------------------------------------
     Clock Rise Edge                      0.000
     = Beginpoint Arrival Time            0.000
     Other End Path:
      --------------------------------------------------
      Instance  Arc    Cell    Retime  Arrival  Required  
                               Delay   Time     Time  
      --------------------------------------------------
      -         clk ^  -       -       0.000    0.014  
      X_reg[0]  -      DFFQX1  0.000   0.000    0.014  
      --------------------------------------------------
Path 41: MET Hold Check with Pin out1_reg[4]/CK 
Endpoint:   out1_reg[4]/D (v) checked with  leading edge of 'clk'
Beginpoint: rst           (^) triggered by  leading edge of '@'
Path Groups: {clk}
Retime Analysis { Data Path-Slew }
Other End Arrival Time          0.000
+ Hold                          0.168
+ Phase Shift                   0.000
= Required Time                 0.168
  Arrival Time                  0.473
  Slack Time                    0.306
= Slack Time(original)          0.298
     Clock Rise Edge                      0.000
     + Input Delay                        0.000
     = Beginpoint Arrival Time            0.000
     Timing Path:
      -------------------------------------------------------------
      Instance     Arc          Cell      Retime  Arrival  Required  
                                          Delay   Time     Time  
      -------------------------------------------------------------
      -            rst ^        -         -       0.000    -0.306  
      g6202__5122  -            NOR2XL    0.000   0.000    -0.306  
      g6202__5122  A ^ -> Y v   NOR2XL    0.071   0.071    -0.234  
      g6188__6260  -            NAND2XL   0.000   0.071    -0.234  
      g6188__6260  B v -> Y ^   NAND2XL   0.130   0.202    -0.104  
      g6156__5526  -            AOI211X1  0.000   0.202    -0.104  
      g6156__5526  C0 ^ -> Y v  AOI211X1  0.116   0.317    0.012  
      g6278__4733  -            AO21XL    0.000   0.317    0.012  
      g6278__4733  A0 v -> Y v  AO21XL    0.156   0.473    0.168  
      out1_reg[4]  -            DFFQX4    0.000   0.473    0.168  
      -------------------------------------------------------------
     Clock Rise Edge                      0.000
     = Beginpoint Arrival Time            0.000
     Other End Path:
      -----------------------------------------------------
      Instance     Arc    Cell    Retime  Arrival  Required  
                                  Delay   Time     Time  
      -----------------------------------------------------
      -            clk ^  -       -       0.000    0.306  
      out1_reg[4]  -      DFFQX4  0.000   0.000    0.306  
      -----------------------------------------------------
Path 42: MET Hold Check with Pin out1_reg[2]/CK 
Endpoint:   out1_reg[2]/D (v) checked with  leading edge of 'clk'
Beginpoint: rst           (^) triggered by  leading edge of '@'
Path Groups: {clk}
Retime Analysis { Data Path-Slew }
Other End Arrival Time          0.000
+ Hold                          0.168
+ Phase Shift                   0.000
= Required Time                 0.168
  Arrival Time                  0.473
  Slack Time                    0.306
= Slack Time(original)          0.301
     Clock Rise Edge                      0.000
     + Input Delay                        0.000
     = Beginpoint Arrival Time            0.000
     Timing Path:
      -------------------------------------------------------------
      Instance     Arc          Cell      Retime  Arrival  Required  
                                          Delay   Time     Time  
      -------------------------------------------------------------
      -            rst ^        -         -       0.000    -0.306  
      g6202__5122  -            NOR2XL    0.000   0.000    -0.306  
      g6202__5122  A ^ -> Y v   NOR2XL    0.071   0.071    -0.234  
      g6188__6260  -            NAND2XL   0.000   0.071    -0.234  
      g6188__6260  B v -> Y ^   NAND2XL   0.130   0.202    -0.104  
      g6156__5526  -            AOI211X1  0.000   0.202    -0.104  
      g6156__5526  C0 ^ -> Y v  AOI211X1  0.116   0.317    0.012  
      g6277__7482  -            AO21XL    0.000   0.317    0.012  
      g6277__7482  A0 v -> Y v  AO21XL    0.156   0.473    0.168  
      out1_reg[2]  -            DFFQX4    0.000   0.473    0.168  
      -------------------------------------------------------------
     Clock Rise Edge                      0.000
     = Beginpoint Arrival Time            0.000
     Other End Path:
      -----------------------------------------------------
      Instance     Arc    Cell    Retime  Arrival  Required  
                                  Delay   Time     Time  
      -----------------------------------------------------
      -            clk ^  -       -       0.000    0.306  
      out1_reg[2]  -      DFFQX4  0.000   0.000    0.306  
      -----------------------------------------------------
Path 43: MET Hold Check with Pin out1_reg[1]/CK 
Endpoint:   out1_reg[1]/D (v) checked with  leading edge of 'clk'
Beginpoint: rst           (^) triggered by  leading edge of '@'
Path Groups: {clk}
Retime Analysis { Data Path-Slew }
Other End Arrival Time          0.000
+ Hold                          0.145
+ Phase Shift                   0.000
= Required Time                 0.145
  Arrival Time                  0.469
  Slack Time                    0.324
= Slack Time(original)          0.317
     Clock Rise Edge                      0.000
     + Input Delay                        0.000
     = Beginpoint Arrival Time            0.000
     Timing Path:
      -----------------------------------------------------------
      Instance     Arc         Cell     Retime  Arrival  Required  
                                        Delay   Time     Time  
      -----------------------------------------------------------
      -            rst ^       -        -       0.000    -0.324  
      g6202__5122  -           NOR2XL   0.000   0.000    -0.324  
      g6202__5122  A ^ -> Y v  NOR2XL   0.071   0.071    -0.252  
      g6170__6131  -           AND2X1   0.000   0.071    -0.252  
      g6170__6131  A v -> Y v  AND2X1   0.200   0.271    -0.053  
      g6146__1666  -           NAND2XL  0.000   0.271    -0.053  
      g6146__1666  A v -> Y ^  NAND2XL  0.081   0.352    0.028  
      g2__6131     -           NAND3XL  0.000   0.352    0.028  
      g2__6131     B ^ -> Y v  NAND3XL  0.117   0.469    0.145  
      out1_reg[1]  -           DFFHQX1  0.000   0.469    0.145  
      -----------------------------------------------------------
     Clock Rise Edge                      0.000
     = Beginpoint Arrival Time            0.000
     Other End Path:
      ------------------------------------------------------
      Instance     Arc    Cell     Retime  Arrival  Required  
                                   Delay   Time     Time  
      ------------------------------------------------------
      -            clk ^  -        -       0.000    0.324  
      out1_reg[1]  -      DFFHQX1  0.000   0.000    0.324  
      ------------------------------------------------------
Path 44: MET Hold Check with Pin out1_reg[7]/CK 
Endpoint:   out1_reg[7]/D (v) checked with  leading edge of 'clk'
Beginpoint: rst           (^) triggered by  leading edge of '@'
Path Groups: {clk}
Retime Analysis { Data Path-Slew }
Other End Arrival Time          0.000
+ Hold                          0.161
+ Phase Shift                   0.000
= Required Time                 0.161
  Arrival Time                  0.492
  Slack Time                    0.331
= Slack Time(original)          0.318
     Clock Rise Edge                      0.000
     + Input Delay                        0.000
     = Beginpoint Arrival Time            0.000
     Timing Path:
      -------------------------------------------------------------
      Instance     Arc          Cell      Retime  Arrival  Required  
                                          Delay   Time     Time  
      -------------------------------------------------------------
      -            rst ^        -         -       0.000    -0.331  
      g6202__5122  -            NOR2XL    0.000   0.000    -0.331  
      g6202__5122  A ^ -> Y v   NOR2XL    0.071   0.071    -0.259  
      g6188__6260  -            NAND2XL   0.000   0.071    -0.259  
      g6188__6260  B v -> Y ^   NAND2XL   0.130   0.202    -0.129  
      g6156__5526  -            AOI211X1  0.000   0.202    -0.129  
      g6156__5526  C0 ^ -> Y v  AOI211X1  0.116   0.317    -0.014  
      g6282__9945  -            AO21X1    0.000   0.317    -0.014  
      g6282__9945  A0 v -> Y v  AO21X1    0.175   0.492    0.161  
      out1_reg[7]  -            DFFHQX8   0.000   0.492    0.161  
      -------------------------------------------------------------
     Clock Rise Edge                      0.000
     = Beginpoint Arrival Time            0.000
     Other End Path:
      ------------------------------------------------------
      Instance     Arc    Cell     Retime  Arrival  Required  
                                   Delay   Time     Time  
      ------------------------------------------------------
      -            clk ^  -        -       0.000    0.331  
      out1_reg[7]  -      DFFHQX8  0.000   0.000    0.331  
      ------------------------------------------------------
Path 45: MET Hold Check with Pin out1_reg[0]/CK 
Endpoint:   out1_reg[0]/D (v) checked with  leading edge of 'clk'
Beginpoint: rst           (^) triggered by  leading edge of '@'
Path Groups: {clk}
Retime Analysis { Data Path-Slew }
Other End Arrival Time          0.000
+ Hold                          0.118
+ Phase Shift                   0.000
= Required Time                 0.118
  Arrival Time                  0.455
  Slack Time                    0.337
= Slack Time(original)          0.326
     Clock Rise Edge                      0.000
     + Input Delay                        0.000
     = Beginpoint Arrival Time            0.000
     Timing Path:
      --------------------------------------------------------------
      Instance     Arc          Cell       Retime  Arrival  Required  
                                           Delay   Time     Time  
      --------------------------------------------------------------
      -            rst ^        -          -       0.000    -0.337  
      g6202__5122  -            NOR2XL     0.000   0.000    -0.337  
      g6202__5122  A ^ -> Y v   NOR2XL     0.071   0.071    -0.265  
      g6170__6131  -            AND2X1     0.000   0.071    -0.265  
      g6170__6131  A v -> Y v   AND2X1     0.200   0.271    -0.066  
      g6098__5526  -            AOI21X1    0.000   0.271    -0.066  
      g6098__5526  A0 v -> Y ^  AOI21X1    0.104   0.375    0.038  
      g6096__4319  -            OAI2BB1XL  0.000   0.375    0.038  
      g6096__4319  B0 ^ -> Y v  OAI2BB1XL  0.080   0.455    0.118  
      out1_reg[0]  -            DFFHQX1    0.000   0.455    0.118  
      --------------------------------------------------------------
     Clock Rise Edge                      0.000
     = Beginpoint Arrival Time            0.000
     Other End Path:
      ------------------------------------------------------
      Instance     Arc    Cell     Retime  Arrival  Required  
                                   Delay   Time     Time  
      ------------------------------------------------------
      -            clk ^  -        -       0.000    0.337  
      out1_reg[0]  -      DFFHQX1  0.000   0.000    0.337  
      ------------------------------------------------------
Path 46: MET Hold Check with Pin out1_reg[5]/CK 
Endpoint:   out1_reg[5]/D (v) checked with  leading edge of 'clk'
Beginpoint: rst           (^) triggered by  leading edge of '@'
Path Groups: {clk}
Retime Analysis { Data Path-Slew }
Other End Arrival Time          0.000
+ Hold                          0.122
+ Phase Shift                   0.000
= Required Time                 0.122
  Arrival Time                  0.460
  Slack Time                    0.338
= Slack Time(original)          0.334
     Clock Rise Edge                      0.000
     + Input Delay                        0.000
     = Beginpoint Arrival Time            0.000
     Timing Path:
      -------------------------------------------------------------
      Instance     Arc          Cell      Retime  Arrival  Required  
                                          Delay   Time     Time  
      -------------------------------------------------------------
      -            rst ^        -         -       0.000    -0.338  
      g6202__5122  -            NOR2XL    0.000   0.000    -0.338  
      g6202__5122  A ^ -> Y v   NOR2XL    0.071   0.071    -0.267  
      g6188__6260  -            NAND2XL   0.000   0.071    -0.267  
      g6188__6260  B v -> Y ^   NAND2XL   0.130   0.202    -0.136  
      g6156__5526  -            AOI211X1  0.000   0.202    -0.136  
      g6156__5526  C0 ^ -> Y v  AOI211X1  0.116   0.317    -0.021  
      g6126__5526  -            NAND2XL   0.000   0.317    -0.021  
      g6126__5526  B v -> Y ^   NAND2XL   0.069   0.386    0.048  
      g6279__6161  -            NAND2XL   0.000   0.386    0.048  
      g6279__6161  B ^ -> Y v   NAND2XL   0.074   0.460    0.122  
      out1_reg[5]  -            DFFHQX1   0.000   0.460    0.122  
      -------------------------------------------------------------
     Clock Rise Edge                      0.000
     = Beginpoint Arrival Time            0.000
     Other End Path:
      ------------------------------------------------------
      Instance     Arc    Cell     Retime  Arrival  Required  
                                   Delay   Time     Time  
      ------------------------------------------------------
      -            clk ^  -        -       0.000    0.338  
      out1_reg[5]  -      DFFHQX1  0.000   0.000    0.338  
      ------------------------------------------------------
Path 47: MET Hold Check with Pin out1_reg[0]/CK 
Endpoint:   out1_reg[0]/D (v) checked with  leading edge of 'clk'
Beginpoint: rst           (^) triggered by  leading edge of '@'
Path Groups: {clk}
Retime Analysis { Data Path-Slew }
Other End Arrival Time          0.000
+ Hold                          0.113
+ Phase Shift                   0.000
= Required Time                 0.113
  Arrival Time                  0.462
  Slack Time                    0.348
= Slack Time(original)          0.337
     Clock Rise Edge                      0.000
     + Input Delay                        0.000
     = Beginpoint Arrival Time            0.000
     Timing Path:
      ---------------------------------------------------------------
      Instance     Arc           Cell       Retime  Arrival  Required  
                                            Delay   Time     Time  
      ---------------------------------------------------------------
      -            rst ^         -          -       0.000    -0.348  
      g6202__5122  -             NOR2XL     0.000   0.000    -0.348  
      g6202__5122  A ^ -> Y v    NOR2XL     0.071   0.071    -0.277  
      g6188__6260  -             NAND2XL    0.000   0.071    -0.277  
      g6188__6260  B v -> Y ^    NAND2XL    0.130   0.202    -0.147  
      g6156__5526  -             AOI211X1   0.000   0.202    -0.147  
      g6156__5526  C0 ^ -> Y v   AOI211X1   0.116   0.317    -0.031  
      g6096__4319  -             OAI2BB1XL  0.000   0.317    -0.031  
      g6096__4319  A0N v -> Y v  OAI2BB1XL  0.145   0.462    0.113  
      out1_reg[0]  -             DFFHQX1    0.000   0.462    0.113  
      ---------------------------------------------------------------
     Clock Rise Edge                      0.000
     = Beginpoint Arrival Time            0.000
     Other End Path:
      ------------------------------------------------------
      Instance     Arc    Cell     Retime  Arrival  Required  
                                   Delay   Time     Time  
      ------------------------------------------------------
      -            clk ^  -        -       0.000    0.348  
      out1_reg[0]  -      DFFHQX1  0.000   0.000    0.348  
      ------------------------------------------------------
Path 48: MET Hold Check with Pin out1_reg[0]/CK 
Endpoint:   out1_reg[0]/D (v) checked with  leading edge of 'clk'
Beginpoint: rst           (^) triggered by  leading edge of '@'
Path Groups: {clk}
Retime Analysis { Data Path-Slew }
Other End Arrival Time          0.000
+ Hold                          0.122
+ Phase Shift                   0.000
= Required Time                 0.122
  Arrival Time                  0.474
  Slack Time                    0.352
= Slack Time(original)          0.342
     Clock Rise Edge                      0.000
     + Input Delay                        0.000
     = Beginpoint Arrival Time            0.000
     Timing Path:
      --------------------------------------------------------------
      Instance     Arc          Cell       Retime  Arrival  Required  
                                           Delay   Time     Time  
      --------------------------------------------------------------
      -            rst ^        -          -       0.000    -0.352  
      g6205__6131  -            NAND2BX1   0.000   0.000    -0.352  
      g6205__6131  AN ^ -> Y ^  NAND2BX1   0.129   0.129    -0.223  
      g6196        -            CLKINVX1   0.000   0.129    -0.223  
      g6196        A ^ -> Y v   CLKINVX1   0.050   0.179    -0.172  
      g6186__2398  -            NAND2XL    0.000   0.179    -0.172  
      g6186__2398  B v -> Y ^   NAND2XL    0.079   0.259    -0.093  
      g6100__3680  -            OAI21X1    0.000   0.259    -0.093  
      g6100__3680  A0 ^ -> Y v  OAI21X1    0.084   0.343    -0.009  
      g6098__5526  -            AOI21X1    0.000   0.343    -0.009  
      g6098__5526  B0 v -> Y ^  AOI21X1    0.056   0.399    0.047  
      g6096__4319  -            OAI2BB1XL  0.000   0.399    0.047  
      g6096__4319  B0 ^ -> Y v  OAI2BB1XL  0.075   0.474    0.122  
      out1_reg[0]  -            DFFHQX1    0.000   0.474    0.122  
      --------------------------------------------------------------
     Clock Rise Edge                      0.000
     = Beginpoint Arrival Time            0.000
     Other End Path:
      ------------------------------------------------------
      Instance     Arc    Cell     Retime  Arrival  Required  
                                   Delay   Time     Time  
      ------------------------------------------------------
      -            clk ^  -        -       0.000    0.352  
      out1_reg[0]  -      DFFHQX1  0.000   0.000    0.352  
      ------------------------------------------------------
Path 49: MET Hold Check with Pin out1_reg[3]/CK 
Endpoint:   out1_reg[3]/D (v) checked with  leading edge of 'clk'
Beginpoint: rst           (^) triggered by  leading edge of '@'
Path Groups: {clk}
Retime Analysis { Data Path-Slew }
Other End Arrival Time          0.000
+ Hold                          0.113
+ Phase Shift                   0.000
= Required Time                 0.113
  Arrival Time                  0.462
  Slack Time                    0.348
= Slack Time(original)          0.343
     Clock Rise Edge                      0.000
     + Input Delay                        0.000
     = Beginpoint Arrival Time            0.000
     Timing Path:
      ---------------------------------------------------------------
      Instance     Arc           Cell       Retime  Arrival  Required  
                                            Delay   Time     Time  
      ---------------------------------------------------------------
      -            rst ^         -          -       0.000    -0.348  
      g6202__5122  -             NOR2XL     0.000   0.000    -0.348  
      g6202__5122  A ^ -> Y v    NOR2XL     0.071   0.071    -0.277  
      g6188__6260  -             NAND2XL    0.000   0.071    -0.277  
      g6188__6260  B v -> Y ^    NAND2XL    0.130   0.202    -0.146  
      g6156__5526  -             AOI211X1   0.000   0.202    -0.146  
      g6156__5526  C0 ^ -> Y v   AOI211X1   0.116   0.317    -0.031  
      g6079__9315  -             OAI2BB1XL  0.000   0.317    -0.031  
      g6079__9315  A0N v -> Y v  OAI2BB1XL  0.145   0.462    0.114  
      out1_reg[3]  -             DFFHQX1    0.000   0.462    0.113  
      ---------------------------------------------------------------
     Clock Rise Edge                      0.000
     = Beginpoint Arrival Time            0.000
     Other End Path:
      ------------------------------------------------------
      Instance     Arc    Cell     Retime  Arrival  Required  
                                   Delay   Time     Time  
      ------------------------------------------------------
      -            clk ^  -        -       0.000    0.348  
      out1_reg[3]  -      DFFHQX1  0.000   0.000    0.348  
      ------------------------------------------------------
Path 50: MET Hold Check with Pin out1_reg[2]/CK 
Endpoint:   out1_reg[2]/D (v) checked with  leading edge of 'clk'
Beginpoint: rst           (^) triggered by  leading edge of '@'
Path Groups: {clk}
Retime Analysis { Data Path-Slew }
Other End Arrival Time          0.000
+ Hold                          0.170
+ Phase Shift                   0.000
= Required Time                 0.170
  Arrival Time                  0.530
  Slack Time                    0.360
= Slack Time(original)          0.345
     Clock Rise Edge                      0.000
     + Input Delay                        0.000
     = Beginpoint Arrival Time            0.000
     Timing Path:
      -------------------------------------------------------------
      Instance     Arc          Cell      Retime  Arrival  Required  
                                          Delay   Time     Time  
      -------------------------------------------------------------
      -            rst ^        -         -       0.000    -0.360  
      g6205__6131  -            NAND2BX1  0.000   0.000    -0.360  
      g6205__6131  AN ^ -> Y ^  NAND2BX1  0.129   0.129    -0.230  
      g6108__1881  -            OAI221X1  0.000   0.129    -0.230  
      g6108__1881  A0 ^ -> Y v  OAI221X1  0.127   0.256    -0.103  
      g6095__6260  -            AOI221X1  0.000   0.256    -0.103  
      g6095__6260  C0 v -> Y ^  AOI221X1  0.092   0.348    -0.011  
      g6087__7410  -            OAI211X1  0.000   0.348    -0.011  
      g6087__7410  C0 ^ -> Y v  OAI211X1  0.076   0.424    0.065  
      g6277__7482  -            AO21XL    0.000   0.424    0.065  
      g6277__7482  B0 v -> Y v  AO21XL    0.105   0.530    0.170  
      out1_reg[2]  -            DFFQX4    0.000   0.530    0.170  
      -------------------------------------------------------------
     Clock Rise Edge                      0.000
     = Beginpoint Arrival Time            0.000
     Other End Path:
      -----------------------------------------------------
      Instance     Arc    Cell    Retime  Arrival  Required  
                                  Delay   Time     Time  
      -----------------------------------------------------
      -            clk ^  -       -       0.000    0.360  
      out1_reg[2]  -      DFFQX4  0.000   0.000    0.360  
      -----------------------------------------------------

