###############################################################
#  Generated by:      Cadence Tempus 20.10-p003_1
#  OS:                Linux x86_64(Host ID edatools-server2.iiitd.edu.in)
#  Generated on:      Mon Jun 29 17:02:34 2026
#  Design:            ALU
#  Command:           report_timing -retime path_slew_propagation -early \
#   -max_path 50 -nworst 50 -path_type full_clock > $report_dir/pba_hold_min_area.rpt
###############################################################
Path 1: VIOLATED Hold Check with Pin sel_ff_reg[3]/CK 
Endpoint:   sel_ff_reg[3]/D (v) checked with  leading edge of 'clk'
Beginpoint: sel[3]          (v) triggered by  leading edge of '@'
Path Groups: {clk}
Retime Analysis { Data Path-Slew }
Other End Arrival Time          0.000
+ Hold                          0.089
+ Phase Shift                   0.000
= Required Time                 0.089
  Arrival Time                  0.000
  Slack Time                   -0.089
= Slack Time(original)         -0.089
     Clock Rise Edge                      0.000
     + Input Delay                        0.000
     = Beginpoint Arrival Time            0.000
     Timing Path:
      ----------------------------------------------------------
      Instance       Arc       Cell    Retime  Arrival  Required  
                                       Delay   Time     Time  
      ----------------------------------------------------------
      -              sel[3] v  -       -       0.000    0.089  
      sel_ff_reg[3]  -         DFFQX1  0.000   0.000    0.089  
      ----------------------------------------------------------
     Clock Rise Edge                      0.000
     = Beginpoint Arrival Time            0.000
     Other End Path:
      -------------------------------------------------------
      Instance       Arc    Cell    Retime  Arrival  Required  
                                    Delay   Time     Time  
      -------------------------------------------------------
      -              clk ^  -       -       0.000    -0.089  
      sel_ff_reg[3]  -      DFFQX1  0.000   0.000    -0.089  
      -------------------------------------------------------
Path 2: VIOLATED Hold Check with Pin sel_ff_reg[2]/CK 
Endpoint:   sel_ff_reg[2]/D (v) checked with  leading edge of 'clk'
Beginpoint: sel[2]          (v) triggered by  leading edge of '@'
Path Groups: {clk}
Retime Analysis { Data Path-Slew }
Other End Arrival Time          0.000
+ Hold                          0.089
+ Phase Shift                   0.000
= Required Time                 0.089
  Arrival Time                  0.000
  Slack Time                   -0.089
= Slack Time(original)         -0.089
     Clock Rise Edge                      0.000
     + Input Delay                        0.000
     = Beginpoint Arrival Time            0.000
     Timing Path:
      ----------------------------------------------------------
      Instance       Arc       Cell    Retime  Arrival  Required  
                                       Delay   Time     Time  
      ----------------------------------------------------------
      -              sel[2] v  -       -       0.000    0.089  
      sel_ff_reg[2]  -         DFFQX1  0.000   0.000    0.089  
      ----------------------------------------------------------
     Clock Rise Edge                      0.000
     = Beginpoint Arrival Time            0.000
     Other End Path:
      -------------------------------------------------------
      Instance       Arc    Cell    Retime  Arrival  Required  
                                    Delay   Time     Time  
      -------------------------------------------------------
      -              clk ^  -       -       0.000    -0.089  
      sel_ff_reg[2]  -      DFFQX1  0.000   0.000    -0.089  
      -------------------------------------------------------
Path 3: VIOLATED Hold Check with Pin sel_ff_reg[1]/CK 
Endpoint:   sel_ff_reg[1]/D (v) checked with  leading edge of 'clk'
Beginpoint: sel[1]          (v) triggered by  leading edge of '@'
Path Groups: {clk}
Retime Analysis { Data Path-Slew }
Other End Arrival Time          0.000
+ Hold                          0.089
+ Phase Shift                   0.000
= Required Time                 0.089
  Arrival Time                  0.000
  Slack Time                   -0.089
= Slack Time(original)         -0.089
     Clock Rise Edge                      0.000
     + Input Delay                        0.000
     = Beginpoint Arrival Time            0.000
     Timing Path:
      ----------------------------------------------------------
      Instance       Arc       Cell    Retime  Arrival  Required  
                                       Delay   Time     Time  
      ----------------------------------------------------------
      -              sel[1] v  -       -       0.000    0.089  
      sel_ff_reg[1]  -         DFFQX1  0.000   0.000    0.089  
      ----------------------------------------------------------
     Clock Rise Edge                      0.000
     = Beginpoint Arrival Time            0.000
     Other End Path:
      -------------------------------------------------------
      Instance       Arc    Cell    Retime  Arrival  Required  
                                    Delay   Time     Time  
      -------------------------------------------------------
      -              clk ^  -       -       0.000    -0.089  
      sel_ff_reg[1]  -      DFFQX1  0.000   0.000    -0.089  
      -------------------------------------------------------
Path 4: VIOLATED Hold Check with Pin sel_ff_reg[0]/CK 
Endpoint:   sel_ff_reg[0]/D (v) checked with  leading edge of 'clk'
Beginpoint: sel[0]          (v) triggered by  leading edge of '@'
Path Groups: {clk}
Retime Analysis { Data Path-Slew }
Other End Arrival Time          0.000
+ Hold                          0.089
+ Phase Shift                   0.000
= Required Time                 0.089
  Arrival Time                  0.000
  Slack Time                   -0.089
= Slack Time(original)         -0.089
     Clock Rise Edge                      0.000
     + Input Delay                        0.000
     = Beginpoint Arrival Time            0.000
     Timing Path:
      ----------------------------------------------------------
      Instance       Arc       Cell    Retime  Arrival  Required  
                                       Delay   Time     Time  
      ----------------------------------------------------------
      -              sel[0] v  -       -       0.000    0.089  
      sel_ff_reg[0]  -         DFFQX1  0.000   0.000    0.089  
      ----------------------------------------------------------
     Clock Rise Edge                      0.000
     = Beginpoint Arrival Time            0.000
     Other End Path:
      -------------------------------------------------------
      Instance       Arc    Cell    Retime  Arrival  Required  
                                    Delay   Time     Time  
      -------------------------------------------------------
      -              clk ^  -       -       0.000    -0.089  
      sel_ff_reg[0]  -      DFFQX1  0.000   0.000    -0.089  
      -------------------------------------------------------
Path 5: VIOLATED Hold Check with Pin Y_reg[7]/CK 
Endpoint:   Y_reg[7]/D (v) checked with  leading edge of 'clk'
Beginpoint: in2[7]     (v) triggered by  leading edge of '@'
Path Groups: {clk}
Retime Analysis { Data Path-Slew }
Other End Arrival Time          0.000
+ Hold                          0.089
+ Phase Shift                   0.000
= Required Time                 0.089
  Arrival Time                  0.000
  Slack Time                   -0.089
= Slack Time(original)         -0.089
     Clock Rise Edge                      0.000
     + Input Delay                        0.000
     = Beginpoint Arrival Time            0.000
     Timing Path:
      -----------------------------------------------------
      Instance  Arc       Cell    Retime  Arrival  Required  
                                  Delay   Time     Time  
      -----------------------------------------------------
      -         in2[7] v  -       -       0.000    0.089  
      Y_reg[7]  -         DFFQX1  0.000   0.000    0.089  
      -----------------------------------------------------
     Clock Rise Edge                      0.000
     = Beginpoint Arrival Time            0.000
     Other End Path:
      --------------------------------------------------
      Instance  Arc    Cell    Retime  Arrival  Required  
                               Delay   Time     Time  
      --------------------------------------------------
      -         clk ^  -       -       0.000    -0.089  
      Y_reg[7]  -      DFFQX1  0.000   0.000    -0.089  
      --------------------------------------------------
Path 6: VIOLATED Hold Check with Pin Y_reg[6]/CK 
Endpoint:   Y_reg[6]/D (v) checked with  leading edge of 'clk'
Beginpoint: in2[6]     (v) triggered by  leading edge of '@'
Path Groups: {clk}
Retime Analysis { Data Path-Slew }
Other End Arrival Time          0.000
+ Hold                          0.089
+ Phase Shift                   0.000
= Required Time                 0.089
  Arrival Time                  0.000
  Slack Time                   -0.089
= Slack Time(original)         -0.089
     Clock Rise Edge                      0.000
     + Input Delay                        0.000
     = Beginpoint Arrival Time            0.000
     Timing Path:
      -----------------------------------------------------
      Instance  Arc       Cell    Retime  Arrival  Required  
                                  Delay   Time     Time  
      -----------------------------------------------------
      -         in2[6] v  -       -       0.000    0.089  
      Y_reg[6]  -         DFFQX1  0.000   0.000    0.089  
      -----------------------------------------------------
     Clock Rise Edge                      0.000
     = Beginpoint Arrival Time            0.000
     Other End Path:
      --------------------------------------------------
      Instance  Arc    Cell    Retime  Arrival  Required  
                               Delay   Time     Time  
      --------------------------------------------------
      -         clk ^  -       -       0.000    -0.089  
      Y_reg[6]  -      DFFQX1  0.000   0.000    -0.089  
      --------------------------------------------------
Path 7: VIOLATED Hold Check with Pin Y_reg[5]/CK 
Endpoint:   Y_reg[5]/D (v) checked with  leading edge of 'clk'
Beginpoint: in2[5]     (v) triggered by  leading edge of '@'
Path Groups: {clk}
Retime Analysis { Data Path-Slew }
Other End Arrival Time          0.000
+ Hold                          0.089
+ Phase Shift                   0.000
= Required Time                 0.089
  Arrival Time                  0.000
  Slack Time                   -0.089
= Slack Time(original)         -0.089
     Clock Rise Edge                      0.000
     + Input Delay                        0.000
     = Beginpoint Arrival Time            0.000
     Timing Path:
      -----------------------------------------------------
      Instance  Arc       Cell    Retime  Arrival  Required  
                                  Delay   Time     Time  
      -----------------------------------------------------
      -         in2[5] v  -       -       0.000    0.089  
      Y_reg[5]  -         DFFQX1  0.000   0.000    0.089  
      -----------------------------------------------------
     Clock Rise Edge                      0.000
     = Beginpoint Arrival Time            0.000
     Other End Path:
      --------------------------------------------------
      Instance  Arc    Cell    Retime  Arrival  Required  
                               Delay   Time     Time  
      --------------------------------------------------
      -         clk ^  -       -       0.000    -0.089  
      Y_reg[5]  -      DFFQX1  0.000   0.000    -0.089  
      --------------------------------------------------
Path 8: VIOLATED Hold Check with Pin Y_reg[4]/CK 
Endpoint:   Y_reg[4]/D (v) checked with  leading edge of 'clk'
Beginpoint: in2[4]     (v) triggered by  leading edge of '@'
Path Groups: {clk}
Retime Analysis { Data Path-Slew }
Other End Arrival Time          0.000
+ Hold                          0.089
+ Phase Shift                   0.000
= Required Time                 0.089
  Arrival Time                  0.000
  Slack Time                   -0.089
= Slack Time(original)         -0.089
     Clock Rise Edge                      0.000
     + Input Delay                        0.000
     = Beginpoint Arrival Time            0.000
     Timing Path:
      -----------------------------------------------------
      Instance  Arc       Cell    Retime  Arrival  Required  
                                  Delay   Time     Time  
      -----------------------------------------------------
      -         in2[4] v  -       -       0.000    0.089  
      Y_reg[4]  -         DFFQX1  0.000   0.000    0.089  
      -----------------------------------------------------
     Clock Rise Edge                      0.000
     = Beginpoint Arrival Time            0.000
     Other End Path:
      --------------------------------------------------
      Instance  Arc    Cell    Retime  Arrival  Required  
                               Delay   Time     Time  
      --------------------------------------------------
      -         clk ^  -       -       0.000    -0.089  
      Y_reg[4]  -      DFFQX1  0.000   0.000    -0.089  
      --------------------------------------------------
Path 9: VIOLATED Hold Check with Pin Y_reg[3]/CK 
Endpoint:   Y_reg[3]/D (v) checked with  leading edge of 'clk'
Beginpoint: in2[3]     (v) triggered by  leading edge of '@'
Path Groups: {clk}
Retime Analysis { Data Path-Slew }
Other End Arrival Time          0.000
+ Hold                          0.089
+ Phase Shift                   0.000
= Required Time                 0.089
  Arrival Time                  0.000
  Slack Time                   -0.089
= Slack Time(original)         -0.089
     Clock Rise Edge                      0.000
     + Input Delay                        0.000
     = Beginpoint Arrival Time            0.000
     Timing Path:
      -----------------------------------------------------
      Instance  Arc       Cell    Retime  Arrival  Required  
                                  Delay   Time     Time  
      -----------------------------------------------------
      -         in2[3] v  -       -       0.000    0.089  
      Y_reg[3]  -         DFFQX1  0.000   0.000    0.089  
      -----------------------------------------------------
     Clock Rise Edge                      0.000
     = Beginpoint Arrival Time            0.000
     Other End Path:
      --------------------------------------------------
      Instance  Arc    Cell    Retime  Arrival  Required  
                               Delay   Time     Time  
      --------------------------------------------------
      -         clk ^  -       -       0.000    -0.089  
      Y_reg[3]  -      DFFQX1  0.000   0.000    -0.089  
      --------------------------------------------------
Path 10: VIOLATED Hold Check with Pin Y_reg[2]/CK 
Endpoint:   Y_reg[2]/D (v) checked with  leading edge of 'clk'
Beginpoint: in2[2]     (v) triggered by  leading edge of '@'
Path Groups: {clk}
Retime Analysis { Data Path-Slew }
Other End Arrival Time          0.000
+ Hold                          0.089
+ Phase Shift                   0.000
= Required Time                 0.089
  Arrival Time                  0.000
  Slack Time                   -0.089
= Slack Time(original)         -0.089
     Clock Rise Edge                      0.000
     + Input Delay                        0.000
     = Beginpoint Arrival Time            0.000
     Timing Path:
      -----------------------------------------------------
      Instance  Arc       Cell    Retime  Arrival  Required  
                                  Delay   Time     Time  
      -----------------------------------------------------
      -         in2[2] v  -       -       0.000    0.089  
      Y_reg[2]  -         DFFQX1  0.000   0.000    0.089  
      -----------------------------------------------------
     Clock Rise Edge                      0.000
     = Beginpoint Arrival Time            0.000
     Other End Path:
      --------------------------------------------------
      Instance  Arc    Cell    Retime  Arrival  Required  
                               Delay   Time     Time  
      --------------------------------------------------
      -         clk ^  -       -       0.000    -0.089  
      Y_reg[2]  -      DFFQX1  0.000   0.000    -0.089  
      --------------------------------------------------
Path 11: VIOLATED Hold Check with Pin Y_reg[1]/CK 
Endpoint:   Y_reg[1]/D (v) checked with  leading edge of 'clk'
Beginpoint: in2[1]     (v) triggered by  leading edge of '@'
Path Groups: {clk}
Retime Analysis { Data Path-Slew }
Other End Arrival Time          0.000
+ Hold                          0.089
+ Phase Shift                   0.000
= Required Time                 0.089
  Arrival Time                  0.000
  Slack Time                   -0.089
= Slack Time(original)         -0.089
     Clock Rise Edge                      0.000
     + Input Delay                        0.000
     = Beginpoint Arrival Time            0.000
     Timing Path:
      -----------------------------------------------------
      Instance  Arc       Cell    Retime  Arrival  Required  
                                  Delay   Time     Time  
      -----------------------------------------------------
      -         in2[1] v  -       -       0.000    0.089  
      Y_reg[1]  -         DFFQX1  0.000   0.000    0.089  
      -----------------------------------------------------
     Clock Rise Edge                      0.000
     = Beginpoint Arrival Time            0.000
     Other End Path:
      --------------------------------------------------
      Instance  Arc    Cell    Retime  Arrival  Required  
                               Delay   Time     Time  
      --------------------------------------------------
      -         clk ^  -       -       0.000    -0.089  
      Y_reg[1]  -      DFFQX1  0.000   0.000    -0.089  
      --------------------------------------------------
Path 12: VIOLATED Hold Check with Pin Y_reg[0]/CK 
Endpoint:   Y_reg[0]/D (v) checked with  leading edge of 'clk'
Beginpoint: in2[0]     (v) triggered by  leading edge of '@'
Path Groups: {clk}
Retime Analysis { Data Path-Slew }
Other End Arrival Time          0.000
+ Hold                          0.089
+ Phase Shift                   0.000
= Required Time                 0.089
  Arrival Time                  0.000
  Slack Time                   -0.089
= Slack Time(original)         -0.089
     Clock Rise Edge                      0.000
     + Input Delay                        0.000
     = Beginpoint Arrival Time            0.000
     Timing Path:
      -----------------------------------------------------
      Instance  Arc       Cell    Retime  Arrival  Required  
                                  Delay   Time     Time  
      -----------------------------------------------------
      -         in2[0] v  -       -       0.000    0.089  
      Y_reg[0]  -         DFFQX1  0.000   0.000    0.089  
      -----------------------------------------------------
     Clock Rise Edge                      0.000
     = Beginpoint Arrival Time            0.000
     Other End Path:
      --------------------------------------------------
      Instance  Arc    Cell    Retime  Arrival  Required  
                               Delay   Time     Time  
      --------------------------------------------------
      -         clk ^  -       -       0.000    -0.089  
      Y_reg[0]  -      DFFQX1  0.000   0.000    -0.089  
      --------------------------------------------------
Path 13: VIOLATED Hold Check with Pin X_reg[7]/CK 
Endpoint:   X_reg[7]/D (v) checked with  leading edge of 'clk'
Beginpoint: in1[7]     (v) triggered by  leading edge of '@'
Path Groups: {clk}
Retime Analysis { Data Path-Slew }
Other End Arrival Time          0.000
+ Hold                          0.089
+ Phase Shift                   0.000
= Required Time                 0.089
  Arrival Time                  0.000
  Slack Time                   -0.089
= Slack Time(original)         -0.089
     Clock Rise Edge                      0.000
     + Input Delay                        0.000
     = Beginpoint Arrival Time            0.000
     Timing Path:
      -----------------------------------------------------
      Instance  Arc       Cell    Retime  Arrival  Required  
                                  Delay   Time     Time  
      -----------------------------------------------------
      -         in1[7] v  -       -       0.000    0.089  
      X_reg[7]  -         DFFQX1  0.000   0.000    0.089  
      -----------------------------------------------------
     Clock Rise Edge                      0.000
     = Beginpoint Arrival Time            0.000
     Other End Path:
      --------------------------------------------------
      Instance  Arc    Cell    Retime  Arrival  Required  
                               Delay   Time     Time  
      --------------------------------------------------
      -         clk ^  -       -       0.000    -0.089  
      X_reg[7]  -      DFFQX1  0.000   0.000    -0.089  
      --------------------------------------------------
Path 14: VIOLATED Hold Check with Pin X_reg[6]/CK 
Endpoint:   X_reg[6]/D (v) checked with  leading edge of 'clk'
Beginpoint: in1[6]     (v) triggered by  leading edge of '@'
Path Groups: {clk}
Retime Analysis { Data Path-Slew }
Other End Arrival Time          0.000
+ Hold                          0.089
+ Phase Shift                   0.000
= Required Time                 0.089
  Arrival Time                  0.000
  Slack Time                   -0.089
= Slack Time(original)         -0.089
     Clock Rise Edge                      0.000
     + Input Delay                        0.000
     = Beginpoint Arrival Time            0.000
     Timing Path:
      -----------------------------------------------------
      Instance  Arc       Cell    Retime  Arrival  Required  
                                  Delay   Time     Time  
      -----------------------------------------------------
      -         in1[6] v  -       -       0.000    0.089  
      X_reg[6]  -         DFFQX1  0.000   0.000    0.089  
      -----------------------------------------------------
     Clock Rise Edge                      0.000
     = Beginpoint Arrival Time            0.000
     Other End Path:
      --------------------------------------------------
      Instance  Arc    Cell    Retime  Arrival  Required  
                               Delay   Time     Time  
      --------------------------------------------------
      -         clk ^  -       -       0.000    -0.089  
      X_reg[6]  -      DFFQX1  0.000   0.000    -0.089  
      --------------------------------------------------
Path 15: VIOLATED Hold Check with Pin X_reg[5]/CK 
Endpoint:   X_reg[5]/D (v) checked with  leading edge of 'clk'
Beginpoint: in1[5]     (v) triggered by  leading edge of '@'
Path Groups: {clk}
Retime Analysis { Data Path-Slew }
Other End Arrival Time          0.000
+ Hold                          0.089
+ Phase Shift                   0.000
= Required Time                 0.089
  Arrival Time                  0.000
  Slack Time                   -0.089
= Slack Time(original)         -0.089
     Clock Rise Edge                      0.000
     + Input Delay                        0.000
     = Beginpoint Arrival Time            0.000
     Timing Path:
      -----------------------------------------------------
      Instance  Arc       Cell    Retime  Arrival  Required  
                                  Delay   Time     Time  
      -----------------------------------------------------
      -         in1[5] v  -       -       0.000    0.089  
      X_reg[5]  -         DFFQX1  0.000   0.000    0.089  
      -----------------------------------------------------
     Clock Rise Edge                      0.000
     = Beginpoint Arrival Time            0.000
     Other End Path:
      --------------------------------------------------
      Instance  Arc    Cell    Retime  Arrival  Required  
                               Delay   Time     Time  
      --------------------------------------------------
      -         clk ^  -       -       0.000    -0.089  
      X_reg[5]  -      DFFQX1  0.000   0.000    -0.089  
      --------------------------------------------------
Path 16: VIOLATED Hold Check with Pin X_reg[4]/CK 
Endpoint:   X_reg[4]/D (v) checked with  leading edge of 'clk'
Beginpoint: in1[4]     (v) triggered by  leading edge of '@'
Path Groups: {clk}
Retime Analysis { Data Path-Slew }
Other End Arrival Time          0.000
+ Hold                          0.089
+ Phase Shift                   0.000
= Required Time                 0.089
  Arrival Time                  0.000
  Slack Time                   -0.089
= Slack Time(original)         -0.089
     Clock Rise Edge                      0.000
     + Input Delay                        0.000
     = Beginpoint Arrival Time            0.000
     Timing Path:
      -----------------------------------------------------
      Instance  Arc       Cell    Retime  Arrival  Required  
                                  Delay   Time     Time  
      -----------------------------------------------------
      -         in1[4] v  -       -       0.000    0.089  
      X_reg[4]  -         DFFQX1  0.000   0.000    0.089  
      -----------------------------------------------------
     Clock Rise Edge                      0.000
     = Beginpoint Arrival Time            0.000
     Other End Path:
      --------------------------------------------------
      Instance  Arc    Cell    Retime  Arrival  Required  
                               Delay   Time     Time  
      --------------------------------------------------
      -         clk ^  -       -       0.000    -0.089  
      X_reg[4]  -      DFFQX1  0.000   0.000    -0.089  
      --------------------------------------------------
Path 17: VIOLATED Hold Check with Pin X_reg[3]/CK 
Endpoint:   X_reg[3]/D (v) checked with  leading edge of 'clk'
Beginpoint: in1[3]     (v) triggered by  leading edge of '@'
Path Groups: {clk}
Retime Analysis { Data Path-Slew }
Other End Arrival Time          0.000
+ Hold                          0.089
+ Phase Shift                   0.000
= Required Time                 0.089
  Arrival Time                  0.000
  Slack Time                   -0.089
= Slack Time(original)         -0.089
     Clock Rise Edge                      0.000
     + Input Delay                        0.000
     = Beginpoint Arrival Time            0.000
     Timing Path:
      -----------------------------------------------------
      Instance  Arc       Cell    Retime  Arrival  Required  
                                  Delay   Time     Time  
      -----------------------------------------------------
      -         in1[3] v  -       -       0.000    0.089  
      X_reg[3]  -         DFFQX1  0.000   0.000    0.089  
      -----------------------------------------------------
     Clock Rise Edge                      0.000
     = Beginpoint Arrival Time            0.000
     Other End Path:
      --------------------------------------------------
      Instance  Arc    Cell    Retime  Arrival  Required  
                               Delay   Time     Time  
      --------------------------------------------------
      -         clk ^  -       -       0.000    -0.089  
      X_reg[3]  -      DFFQX1  0.000   0.000    -0.089  
      --------------------------------------------------
Path 18: VIOLATED Hold Check with Pin X_reg[2]/CK 
Endpoint:   X_reg[2]/D (v) checked with  leading edge of 'clk'
Beginpoint: in1[2]     (v) triggered by  leading edge of '@'
Path Groups: {clk}
Retime Analysis { Data Path-Slew }
Other End Arrival Time          0.000
+ Hold                          0.089
+ Phase Shift                   0.000
= Required Time                 0.089
  Arrival Time                  0.000
  Slack Time                   -0.089
= Slack Time(original)         -0.089
     Clock Rise Edge                      0.000
     + Input Delay                        0.000
     = Beginpoint Arrival Time            0.000
     Timing Path:
      -----------------------------------------------------
      Instance  Arc       Cell    Retime  Arrival  Required  
                                  Delay   Time     Time  
      -----------------------------------------------------
      -         in1[2] v  -       -       0.000    0.089  
      X_reg[2]  -         DFFQX1  0.000   0.000    0.089  
      -----------------------------------------------------
     Clock Rise Edge                      0.000
     = Beginpoint Arrival Time            0.000
     Other End Path:
      --------------------------------------------------
      Instance  Arc    Cell    Retime  Arrival  Required  
                               Delay   Time     Time  
      --------------------------------------------------
      -         clk ^  -       -       0.000    -0.089  
      X_reg[2]  -      DFFQX1  0.000   0.000    -0.089  
      --------------------------------------------------
Path 19: VIOLATED Hold Check with Pin X_reg[1]/CK 
Endpoint:   X_reg[1]/D (v) checked with  leading edge of 'clk'
Beginpoint: in1[1]     (v) triggered by  leading edge of '@'
Path Groups: {clk}
Retime Analysis { Data Path-Slew }
Other End Arrival Time          0.000
+ Hold                          0.089
+ Phase Shift                   0.000
= Required Time                 0.089
  Arrival Time                  0.000
  Slack Time                   -0.089
= Slack Time(original)         -0.089
     Clock Rise Edge                      0.000
     + Input Delay                        0.000
     = Beginpoint Arrival Time            0.000
     Timing Path:
      -----------------------------------------------------
      Instance  Arc       Cell    Retime  Arrival  Required  
                                  Delay   Time     Time  
      -----------------------------------------------------
      -         in1[1] v  -       -       0.000    0.089  
      X_reg[1]  -         DFFQX2  0.000   0.000    0.089  
      -----------------------------------------------------
     Clock Rise Edge                      0.000
     = Beginpoint Arrival Time            0.000
     Other End Path:
      --------------------------------------------------
      Instance  Arc    Cell    Retime  Arrival  Required  
                               Delay   Time     Time  
      --------------------------------------------------
      -         clk ^  -       -       0.000    -0.089  
      X_reg[1]  -      DFFQX2  0.000   0.000    -0.089  
      --------------------------------------------------
Path 20: VIOLATED Hold Check with Pin X_reg[0]/CK 
Endpoint:   X_reg[0]/D (v) checked with  leading edge of 'clk'
Beginpoint: in1[0]     (v) triggered by  leading edge of '@'
Path Groups: {clk}
Retime Analysis { Data Path-Slew }
Other End Arrival Time          0.000
+ Hold                          0.089
+ Phase Shift                   0.000
= Required Time                 0.089
  Arrival Time                  0.000
  Slack Time                   -0.089
= Slack Time(original)         -0.089
     Clock Rise Edge                      0.000
     + Input Delay                        0.000
     = Beginpoint Arrival Time            0.000
     Timing Path:
      -----------------------------------------------------
      Instance  Arc       Cell    Retime  Arrival  Required  
                                  Delay   Time     Time  
      -----------------------------------------------------
      -         in1[0] v  -       -       0.000    0.089  
      X_reg[0]  -         DFFQX1  0.000   0.000    0.089  
      -----------------------------------------------------
     Clock Rise Edge                      0.000
     = Beginpoint Arrival Time            0.000
     Other End Path:
      --------------------------------------------------
      Instance  Arc    Cell    Retime  Arrival  Required  
                               Delay   Time     Time  
      --------------------------------------------------
      -         clk ^  -       -       0.000    -0.089  
      X_reg[0]  -      DFFQX1  0.000   0.000    -0.089  
      --------------------------------------------------
Path 21: MET Hold Check with Pin sel_ff_reg[3]/CK 
Endpoint:   sel_ff_reg[3]/D (^) checked with  leading edge of 'clk'
Beginpoint: sel[3]          (^) triggered by  leading edge of '@'
Path Groups: {clk}
Retime Analysis { Data Path-Slew }
Other End Arrival Time          0.000
+ Hold                         -0.014
+ Phase Shift                   0.000
= Required Time                -0.014
  Arrival Time                  0.000
  Slack Time                    0.014
= Slack Time(original)          0.014
     Clock Rise Edge                      0.000
     + Input Delay                        0.000
     = Beginpoint Arrival Time            0.000
     Timing Path:
      ----------------------------------------------------------
      Instance       Arc       Cell    Retime  Arrival  Required  
                                       Delay   Time     Time  
      ----------------------------------------------------------
      -              sel[3] ^  -       -       0.000    -0.014  
      sel_ff_reg[3]  -         DFFQX1  0.000   0.000    -0.014  
      ----------------------------------------------------------
     Clock Rise Edge                      0.000
     = Beginpoint Arrival Time            0.000
     Other End Path:
      -------------------------------------------------------
      Instance       Arc    Cell    Retime  Arrival  Required  
                                    Delay   Time     Time  
      -------------------------------------------------------
      -              clk ^  -       -       0.000    0.014  
      sel_ff_reg[3]  -      DFFQX1  0.000   0.000    0.014  
      -------------------------------------------------------
Path 22: MET Hold Check with Pin sel_ff_reg[2]/CK 
Endpoint:   sel_ff_reg[2]/D (^) checked with  leading edge of 'clk'
Beginpoint: sel[2]          (^) triggered by  leading edge of '@'
Path Groups: {clk}
Retime Analysis { Data Path-Slew }
Other End Arrival Time          0.000
+ Hold                         -0.014
+ Phase Shift                   0.000
= Required Time                -0.014
  Arrival Time                  0.000
  Slack Time                    0.014
= Slack Time(original)          0.014
     Clock Rise Edge                      0.000
     + Input Delay                        0.000
     = Beginpoint Arrival Time            0.000
     Timing Path:
      ----------------------------------------------------------
      Instance       Arc       Cell    Retime  Arrival  Required  
                                       Delay   Time     Time  
      ----------------------------------------------------------
      -              sel[2] ^  -       -       0.000    -0.014  
      sel_ff_reg[2]  -         DFFQX1  0.000   0.000    -0.014  
      ----------------------------------------------------------
     Clock Rise Edge                      0.000
     = Beginpoint Arrival Time            0.000
     Other End Path:
      -------------------------------------------------------
      Instance       Arc    Cell    Retime  Arrival  Required  
                                    Delay   Time     Time  
      -------------------------------------------------------
      -              clk ^  -       -       0.000    0.014  
      sel_ff_reg[2]  -      DFFQX1  0.000   0.000    0.014  
      -------------------------------------------------------
Path 23: MET Hold Check with Pin sel_ff_reg[1]/CK 
Endpoint:   sel_ff_reg[1]/D (^) checked with  leading edge of 'clk'
Beginpoint: sel[1]          (^) triggered by  leading edge of '@'
Path Groups: {clk}
Retime Analysis { Data Path-Slew }
Other End Arrival Time          0.000
+ Hold                         -0.014
+ Phase Shift                   0.000
= Required Time                -0.014
  Arrival Time                  0.000
  Slack Time                    0.014
= Slack Time(original)          0.014
     Clock Rise Edge                      0.000
     + Input Delay                        0.000
     = Beginpoint Arrival Time            0.000
     Timing Path:
      ----------------------------------------------------------
      Instance       Arc       Cell    Retime  Arrival  Required  
                                       Delay   Time     Time  
      ----------------------------------------------------------
      -              sel[1] ^  -       -       0.000    -0.014  
      sel_ff_reg[1]  -         DFFQX1  0.000   0.000    -0.014  
      ----------------------------------------------------------
     Clock Rise Edge                      0.000
     = Beginpoint Arrival Time            0.000
     Other End Path:
      -------------------------------------------------------
      Instance       Arc    Cell    Retime  Arrival  Required  
                                    Delay   Time     Time  
      -------------------------------------------------------
      -              clk ^  -       -       0.000    0.014  
      sel_ff_reg[1]  -      DFFQX1  0.000   0.000    0.014  
      -------------------------------------------------------
Path 24: MET Hold Check with Pin sel_ff_reg[0]/CK 
Endpoint:   sel_ff_reg[0]/D (^) checked with  leading edge of 'clk'
Beginpoint: sel[0]          (^) triggered by  leading edge of '@'
Path Groups: {clk}
Retime Analysis { Data Path-Slew }
Other End Arrival Time          0.000
+ Hold                         -0.014
+ Phase Shift                   0.000
= Required Time                -0.014
  Arrival Time                  0.000
  Slack Time                    0.014
= Slack Time(original)          0.014
     Clock Rise Edge                      0.000
     + Input Delay                        0.000
     = Beginpoint Arrival Time            0.000
     Timing Path:
      ----------------------------------------------------------
      Instance       Arc       Cell    Retime  Arrival  Required  
                                       Delay   Time     Time  
      ----------------------------------------------------------
      -              sel[0] ^  -       -       0.000    -0.014  
      sel_ff_reg[0]  -         DFFQX1  0.000   0.000    -0.014  
      ----------------------------------------------------------
     Clock Rise Edge                      0.000
     = Beginpoint Arrival Time            0.000
     Other End Path:
      -------------------------------------------------------
      Instance       Arc    Cell    Retime  Arrival  Required  
                                    Delay   Time     Time  
      -------------------------------------------------------
      -              clk ^  -       -       0.000    0.014  
      sel_ff_reg[0]  -      DFFQX1  0.000   0.000    0.014  
      -------------------------------------------------------
Path 25: MET Hold Check with Pin Y_reg[7]/CK 
Endpoint:   Y_reg[7]/D (^) checked with  leading edge of 'clk'
Beginpoint: in2[7]     (^) triggered by  leading edge of '@'
Path Groups: {clk}
Retime Analysis { Data Path-Slew }
Other End Arrival Time          0.000
+ Hold                         -0.014
+ Phase Shift                   0.000
= Required Time                -0.014
  Arrival Time                  0.000
  Slack Time                    0.014
= Slack Time(original)          0.014
     Clock Rise Edge                      0.000
     + Input Delay                        0.000
     = Beginpoint Arrival Time            0.000
     Timing Path:
      -----------------------------------------------------
      Instance  Arc       Cell    Retime  Arrival  Required  
                                  Delay   Time     Time  
      -----------------------------------------------------
      -         in2[7] ^  -       -       0.000    -0.014  
      Y_reg[7]  -         DFFQX1  0.000   0.000    -0.014  
      -----------------------------------------------------
     Clock Rise Edge                      0.000
     = Beginpoint Arrival Time            0.000
     Other End Path:
      --------------------------------------------------
      Instance  Arc    Cell    Retime  Arrival  Required  
                               Delay   Time     Time  
      --------------------------------------------------
      -         clk ^  -       -       0.000    0.014  
      Y_reg[7]  -      DFFQX1  0.000   0.000    0.014  
      --------------------------------------------------
Path 26: MET Hold Check with Pin Y_reg[6]/CK 
Endpoint:   Y_reg[6]/D (^) checked with  leading edge of 'clk'
Beginpoint: in2[6]     (^) triggered by  leading edge of '@'
Path Groups: {clk}
Retime Analysis { Data Path-Slew }
Other End Arrival Time          0.000
+ Hold                         -0.014
+ Phase Shift                   0.000
= Required Time                -0.014
  Arrival Time                  0.000
  Slack Time                    0.014
= Slack Time(original)          0.014
     Clock Rise Edge                      0.000
     + Input Delay                        0.000
     = Beginpoint Arrival Time            0.000
     Timing Path:
      -----------------------------------------------------
      Instance  Arc       Cell    Retime  Arrival  Required  
                                  Delay   Time     Time  
      -----------------------------------------------------
      -         in2[6] ^  -       -       0.000    -0.014  
      Y_reg[6]  -         DFFQX1  0.000   0.000    -0.014  
      -----------------------------------------------------
     Clock Rise Edge                      0.000
     = Beginpoint Arrival Time            0.000
     Other End Path:
      --------------------------------------------------
      Instance  Arc    Cell    Retime  Arrival  Required  
                               Delay   Time     Time  
      --------------------------------------------------
      -         clk ^  -       -       0.000    0.014  
      Y_reg[6]  -      DFFQX1  0.000   0.000    0.014  
      --------------------------------------------------
Path 27: MET Hold Check with Pin Y_reg[5]/CK 
Endpoint:   Y_reg[5]/D (^) checked with  leading edge of 'clk'
Beginpoint: in2[5]     (^) triggered by  leading edge of '@'
Path Groups: {clk}
Retime Analysis { Data Path-Slew }
Other End Arrival Time          0.000
+ Hold                         -0.014
+ Phase Shift                   0.000
= Required Time                -0.014
  Arrival Time                  0.000
  Slack Time                    0.014
= Slack Time(original)          0.014
     Clock Rise Edge                      0.000
     + Input Delay                        0.000
     = Beginpoint Arrival Time            0.000
     Timing Path:
      -----------------------------------------------------
      Instance  Arc       Cell    Retime  Arrival  Required  
                                  Delay   Time     Time  
      -----------------------------------------------------
      -         in2[5] ^  -       -       0.000    -0.014  
      Y_reg[5]  -         DFFQX1  0.000   0.000    -0.014  
      -----------------------------------------------------
     Clock Rise Edge                      0.000
     = Beginpoint Arrival Time            0.000
     Other End Path:
      --------------------------------------------------
      Instance  Arc    Cell    Retime  Arrival  Required  
                               Delay   Time     Time  
      --------------------------------------------------
      -         clk ^  -       -       0.000    0.014  
      Y_reg[5]  -      DFFQX1  0.000   0.000    0.014  
      --------------------------------------------------
Path 28: MET Hold Check with Pin Y_reg[4]/CK 
Endpoint:   Y_reg[4]/D (^) checked with  leading edge of 'clk'
Beginpoint: in2[4]     (^) triggered by  leading edge of '@'
Path Groups: {clk}
Retime Analysis { Data Path-Slew }
Other End Arrival Time          0.000
+ Hold                         -0.014
+ Phase Shift                   0.000
= Required Time                -0.014
  Arrival Time                  0.000
  Slack Time                    0.014
= Slack Time(original)          0.014
     Clock Rise Edge                      0.000
     + Input Delay                        0.000
     = Beginpoint Arrival Time            0.000
     Timing Path:
      -----------------------------------------------------
      Instance  Arc       Cell    Retime  Arrival  Required  
                                  Delay   Time     Time  
      -----------------------------------------------------
      -         in2[4] ^  -       -       0.000    -0.014  
      Y_reg[4]  -         DFFQX1  0.000   0.000    -0.014  
      -----------------------------------------------------
     Clock Rise Edge                      0.000
     = Beginpoint Arrival Time            0.000
     Other End Path:
      --------------------------------------------------
      Instance  Arc    Cell    Retime  Arrival  Required  
                               Delay   Time     Time  
      --------------------------------------------------
      -         clk ^  -       -       0.000    0.014  
      Y_reg[4]  -      DFFQX1  0.000   0.000    0.014  
      --------------------------------------------------
Path 29: MET Hold Check with Pin Y_reg[3]/CK 
Endpoint:   Y_reg[3]/D (^) checked with  leading edge of 'clk'
Beginpoint: in2[3]     (^) triggered by  leading edge of '@'
Path Groups: {clk}
Retime Analysis { Data Path-Slew }
Other End Arrival Time          0.000
+ Hold                         -0.014
+ Phase Shift                   0.000
= Required Time                -0.014
  Arrival Time                  0.000
  Slack Time                    0.014
= Slack Time(original)          0.014
     Clock Rise Edge                      0.000
     + Input Delay                        0.000
     = Beginpoint Arrival Time            0.000
     Timing Path:
      -----------------------------------------------------
      Instance  Arc       Cell    Retime  Arrival  Required  
                                  Delay   Time     Time  
      -----------------------------------------------------
      -         in2[3] ^  -       -       0.000    -0.014  
      Y_reg[3]  -         DFFQX1  0.000   0.000    -0.014  
      -----------------------------------------------------
     Clock Rise Edge                      0.000
     = Beginpoint Arrival Time            0.000
     Other End Path:
      --------------------------------------------------
      Instance  Arc    Cell    Retime  Arrival  Required  
                               Delay   Time     Time  
      --------------------------------------------------
      -         clk ^  -       -       0.000    0.014  
      Y_reg[3]  -      DFFQX1  0.000   0.000    0.014  
      --------------------------------------------------
Path 30: MET Hold Check with Pin Y_reg[2]/CK 
Endpoint:   Y_reg[2]/D (^) checked with  leading edge of 'clk'
Beginpoint: in2[2]     (^) triggered by  leading edge of '@'
Path Groups: {clk}
Retime Analysis { Data Path-Slew }
Other End Arrival Time          0.000
+ Hold                         -0.014
+ Phase Shift                   0.000
= Required Time                -0.014
  Arrival Time                  0.000
  Slack Time                    0.014
= Slack Time(original)          0.014
     Clock Rise Edge                      0.000
     + Input Delay                        0.000
     = Beginpoint Arrival Time            0.000
     Timing Path:
      -----------------------------------------------------
      Instance  Arc       Cell    Retime  Arrival  Required  
                                  Delay   Time     Time  
      -----------------------------------------------------
      -         in2[2] ^  -       -       0.000    -0.014  
      Y_reg[2]  -         DFFQX1  0.000   0.000    -0.014  
      -----------------------------------------------------
     Clock Rise Edge                      0.000
     = Beginpoint Arrival Time            0.000
     Other End Path:
      --------------------------------------------------
      Instance  Arc    Cell    Retime  Arrival  Required  
                               Delay   Time     Time  
      --------------------------------------------------
      -         clk ^  -       -       0.000    0.014  
      Y_reg[2]  -      DFFQX1  0.000   0.000    0.014  
      --------------------------------------------------
Path 31: MET Hold Check with Pin Y_reg[1]/CK 
Endpoint:   Y_reg[1]/D (^) checked with  leading edge of 'clk'
Beginpoint: in2[1]     (^) triggered by  leading edge of '@'
Path Groups: {clk}
Retime Analysis { Data Path-Slew }
Other End Arrival Time          0.000
+ Hold                         -0.014
+ Phase Shift                   0.000
= Required Time                -0.014
  Arrival Time                  0.000
  Slack Time                    0.014
= Slack Time(original)          0.014
     Clock Rise Edge                      0.000
     + Input Delay                        0.000
     = Beginpoint Arrival Time            0.000
     Timing Path:
      -----------------------------------------------------
      Instance  Arc       Cell    Retime  Arrival  Required  
                                  Delay   Time     Time  
      -----------------------------------------------------
      -         in2[1] ^  -       -       0.000    -0.014  
      Y_reg[1]  -         DFFQX1  0.000   0.000    -0.014  
      -----------------------------------------------------
     Clock Rise Edge                      0.000
     = Beginpoint Arrival Time            0.000
     Other End Path:
      --------------------------------------------------
      Instance  Arc    Cell    Retime  Arrival  Required  
                               Delay   Time     Time  
      --------------------------------------------------
      -         clk ^  -       -       0.000    0.014  
      Y_reg[1]  -      DFFQX1  0.000   0.000    0.014  
      --------------------------------------------------
Path 32: MET Hold Check with Pin Y_reg[0]/CK 
Endpoint:   Y_reg[0]/D (^) checked with  leading edge of 'clk'
Beginpoint: in2[0]     (^) triggered by  leading edge of '@'
Path Groups: {clk}
Retime Analysis { Data Path-Slew }
Other End Arrival Time          0.000
+ Hold                         -0.014
+ Phase Shift                   0.000
= Required Time                -0.014
  Arrival Time                  0.000
  Slack Time                    0.014
= Slack Time(original)          0.014
     Clock Rise Edge                      0.000
     + Input Delay                        0.000
     = Beginpoint Arrival Time            0.000
     Timing Path:
      -----------------------------------------------------
      Instance  Arc       Cell    Retime  Arrival  Required  
                                  Delay   Time     Time  
      -----------------------------------------------------
      -         in2[0] ^  -       -       0.000    -0.014  
      Y_reg[0]  -         DFFQX1  0.000   0.000    -0.014  
      -----------------------------------------------------
     Clock Rise Edge                      0.000
     = Beginpoint Arrival Time            0.000
     Other End Path:
      --------------------------------------------------
      Instance  Arc    Cell    Retime  Arrival  Required  
                               Delay   Time     Time  
      --------------------------------------------------
      -         clk ^  -       -       0.000    0.014  
      Y_reg[0]  -      DFFQX1  0.000   0.000    0.014  
      --------------------------------------------------
Path 33: MET Hold Check with Pin X_reg[7]/CK 
Endpoint:   X_reg[7]/D (^) checked with  leading edge of 'clk'
Beginpoint: in1[7]     (^) triggered by  leading edge of '@'
Path Groups: {clk}
Retime Analysis { Data Path-Slew }
Other End Arrival Time          0.000
+ Hold                         -0.014
+ Phase Shift                   0.000
= Required Time                -0.014
  Arrival Time                  0.000
  Slack Time                    0.014
= Slack Time(original)          0.014
     Clock Rise Edge                      0.000
     + Input Delay                        0.000
     = Beginpoint Arrival Time            0.000
     Timing Path:
      -----------------------------------------------------
      Instance  Arc       Cell    Retime  Arrival  Required  
                                  Delay   Time     Time  
      -----------------------------------------------------
      -         in1[7] ^  -       -       0.000    -0.014  
      X_reg[7]  -         DFFQX1  0.000   0.000    -0.014  
      -----------------------------------------------------
     Clock Rise Edge                      0.000
     = Beginpoint Arrival Time            0.000
     Other End Path:
      --------------------------------------------------
      Instance  Arc    Cell    Retime  Arrival  Required  
                               Delay   Time     Time  
      --------------------------------------------------
      -         clk ^  -       -       0.000    0.014  
      X_reg[7]  -      DFFQX1  0.000   0.000    0.014  
      --------------------------------------------------
Path 34: MET Hold Check with Pin X_reg[6]/CK 
Endpoint:   X_reg[6]/D (^) checked with  leading edge of 'clk'
Beginpoint: in1[6]     (^) triggered by  leading edge of '@'
Path Groups: {clk}
Retime Analysis { Data Path-Slew }
Other End Arrival Time          0.000
+ Hold                         -0.014
+ Phase Shift                   0.000
= Required Time                -0.014
  Arrival Time                  0.000
  Slack Time                    0.014
= Slack Time(original)          0.014
     Clock Rise Edge                      0.000
     + Input Delay                        0.000
     = Beginpoint Arrival Time            0.000
     Timing Path:
      -----------------------------------------------------
      Instance  Arc       Cell    Retime  Arrival  Required  
                                  Delay   Time     Time  
      -----------------------------------------------------
      -         in1[6] ^  -       -       0.000    -0.014  
      X_reg[6]  -         DFFQX1  0.000   0.000    -0.014  
      -----------------------------------------------------
     Clock Rise Edge                      0.000
     = Beginpoint Arrival Time            0.000
     Other End Path:
      --------------------------------------------------
      Instance  Arc    Cell    Retime  Arrival  Required  
                               Delay   Time     Time  
      --------------------------------------------------
      -         clk ^  -       -       0.000    0.014  
      X_reg[6]  -      DFFQX1  0.000   0.000    0.014  
      --------------------------------------------------
Path 35: MET Hold Check with Pin X_reg[5]/CK 
Endpoint:   X_reg[5]/D (^) checked with  leading edge of 'clk'
Beginpoint: in1[5]     (^) triggered by  leading edge of '@'
Path Groups: {clk}
Retime Analysis { Data Path-Slew }
Other End Arrival Time          0.000
+ Hold                         -0.014
+ Phase Shift                   0.000
= Required Time                -0.014
  Arrival Time                  0.000
  Slack Time                    0.014
= Slack Time(original)          0.014
     Clock Rise Edge                      0.000
     + Input Delay                        0.000
     = Beginpoint Arrival Time            0.000
     Timing Path:
      -----------------------------------------------------
      Instance  Arc       Cell    Retime  Arrival  Required  
                                  Delay   Time     Time  
      -----------------------------------------------------
      -         in1[5] ^  -       -       0.000    -0.014  
      X_reg[5]  -         DFFQX1  0.000   0.000    -0.014  
      -----------------------------------------------------
     Clock Rise Edge                      0.000
     = Beginpoint Arrival Time            0.000
     Other End Path:
      --------------------------------------------------
      Instance  Arc    Cell    Retime  Arrival  Required  
                               Delay   Time     Time  
      --------------------------------------------------
      -         clk ^  -       -       0.000    0.014  
      X_reg[5]  -      DFFQX1  0.000   0.000    0.014  
      --------------------------------------------------
Path 36: MET Hold Check with Pin X_reg[4]/CK 
Endpoint:   X_reg[4]/D (^) checked with  leading edge of 'clk'
Beginpoint: in1[4]     (^) triggered by  leading edge of '@'
Path Groups: {clk}
Retime Analysis { Data Path-Slew }
Other End Arrival Time          0.000
+ Hold                         -0.014
+ Phase Shift                   0.000
= Required Time                -0.014
  Arrival Time                  0.000
  Slack Time                    0.014
= Slack Time(original)          0.014
     Clock Rise Edge                      0.000
     + Input Delay                        0.000
     = Beginpoint Arrival Time            0.000
     Timing Path:
      -----------------------------------------------------
      Instance  Arc       Cell    Retime  Arrival  Required  
                                  Delay   Time     Time  
      -----------------------------------------------------
      -         in1[4] ^  -       -       0.000    -0.014  
      X_reg[4]  -         DFFQX1  0.000   0.000    -0.014  
      -----------------------------------------------------
     Clock Rise Edge                      0.000
     = Beginpoint Arrival Time            0.000
     Other End Path:
      --------------------------------------------------
      Instance  Arc    Cell    Retime  Arrival  Required  
                               Delay   Time     Time  
      --------------------------------------------------
      -         clk ^  -       -       0.000    0.014  
      X_reg[4]  -      DFFQX1  0.000   0.000    0.014  
      --------------------------------------------------
Path 37: MET Hold Check with Pin X_reg[3]/CK 
Endpoint:   X_reg[3]/D (^) checked with  leading edge of 'clk'
Beginpoint: in1[3]     (^) triggered by  leading edge of '@'
Path Groups: {clk}
Retime Analysis { Data Path-Slew }
Other End Arrival Time          0.000
+ Hold                         -0.014
+ Phase Shift                   0.000
= Required Time                -0.014
  Arrival Time                  0.000
  Slack Time                    0.014
= Slack Time(original)          0.014
     Clock Rise Edge                      0.000
     + Input Delay                        0.000
     = Beginpoint Arrival Time            0.000
     Timing Path:
      -----------------------------------------------------
      Instance  Arc       Cell    Retime  Arrival  Required  
                                  Delay   Time     Time  
      -----------------------------------------------------
      -         in1[3] ^  -       -       0.000    -0.014  
      X_reg[3]  -         DFFQX1  0.000   0.000    -0.014  
      -----------------------------------------------------
     Clock Rise Edge                      0.000
     = Beginpoint Arrival Time            0.000
     Other End Path:
      --------------------------------------------------
      Instance  Arc    Cell    Retime  Arrival  Required  
                               Delay   Time     Time  
      --------------------------------------------------
      -         clk ^  -       -       0.000    0.014  
      X_reg[3]  -      DFFQX1  0.000   0.000    0.014  
      --------------------------------------------------
Path 38: MET Hold Check with Pin X_reg[2]/CK 
Endpoint:   X_reg[2]/D (^) checked with  leading edge of 'clk'
Beginpoint: in1[2]     (^) triggered by  leading edge of '@'
Path Groups: {clk}
Retime Analysis { Data Path-Slew }
Other End Arrival Time          0.000
+ Hold                         -0.014
+ Phase Shift                   0.000
= Required Time                -0.014
  Arrival Time                  0.000
  Slack Time                    0.014
= Slack Time(original)          0.014
     Clock Rise Edge                      0.000
     + Input Delay                        0.000
     = Beginpoint Arrival Time            0.000
     Timing Path:
      -----------------------------------------------------
      Instance  Arc       Cell    Retime  Arrival  Required  
                                  Delay   Time     Time  
      -----------------------------------------------------
      -         in1[2] ^  -       -       0.000    -0.014  
      X_reg[2]  -         DFFQX1  0.000   0.000    -0.014  
      -----------------------------------------------------
     Clock Rise Edge                      0.000
     = Beginpoint Arrival Time            0.000
     Other End Path:
      --------------------------------------------------
      Instance  Arc    Cell    Retime  Arrival  Required  
                               Delay   Time     Time  
      --------------------------------------------------
      -         clk ^  -       -       0.000    0.014  
      X_reg[2]  -      DFFQX1  0.000   0.000    0.014  
      --------------------------------------------------
Path 39: MET Hold Check with Pin X_reg[1]/CK 
Endpoint:   X_reg[1]/D (^) checked with  leading edge of 'clk'
Beginpoint: in1[1]     (^) triggered by  leading edge of '@'
Path Groups: {clk}
Retime Analysis { Data Path-Slew }
Other End Arrival Time          0.000
+ Hold                         -0.014
+ Phase Shift                   0.000
= Required Time                -0.014
  Arrival Time                  0.000
  Slack Time                    0.014
= Slack Time(original)          0.014
     Clock Rise Edge                      0.000
     + Input Delay                        0.000
     = Beginpoint Arrival Time            0.000
     Timing Path:
      -----------------------------------------------------
      Instance  Arc       Cell    Retime  Arrival  Required  
                                  Delay   Time     Time  
      -----------------------------------------------------
      -         in1[1] ^  -       -       0.000    -0.014  
      X_reg[1]  -         DFFQX2  0.000   0.000    -0.014  
      -----------------------------------------------------
     Clock Rise Edge                      0.000
     = Beginpoint Arrival Time            0.000
     Other End Path:
      --------------------------------------------------
      Instance  Arc    Cell    Retime  Arrival  Required  
                               Delay   Time     Time  
      --------------------------------------------------
      -         clk ^  -       -       0.000    0.014  
      X_reg[1]  -      DFFQX2  0.000   0.000    0.014  
      --------------------------------------------------
Path 40: MET Hold Check with Pin X_reg[0]/CK 
Endpoint:   X_reg[0]/D (^) checked with  leading edge of 'clk'
Beginpoint: in1[0]     (^) triggered by  leading edge of '@'
Path Groups: {clk}
Retime Analysis { Data Path-Slew }
Other End Arrival Time          0.000
+ Hold                         -0.014
+ Phase Shift                   0.000
= Required Time                -0.014
  Arrival Time                  0.000
  Slack Time                    0.014
= Slack Time(original)          0.014
     Clock Rise Edge                      0.000
     + Input Delay                        0.000
     = Beginpoint Arrival Time            0.000
     Timing Path:
      -----------------------------------------------------
      Instance  Arc       Cell    Retime  Arrival  Required  
                                  Delay   Time     Time  
      -----------------------------------------------------
      -         in1[0] ^  -       -       0.000    -0.014  
      X_reg[0]  -         DFFQX1  0.000   0.000    -0.014  
      -----------------------------------------------------
     Clock Rise Edge                      0.000
     = Beginpoint Arrival Time            0.000
     Other End Path:
      --------------------------------------------------
      Instance  Arc    Cell    Retime  Arrival  Required  
                               Delay   Time     Time  
      --------------------------------------------------
      -         clk ^  -       -       0.000    0.014  
      X_reg[0]  -      DFFQX1  0.000   0.000    0.014  
      --------------------------------------------------
Path 41: MET Hold Check with Pin out1_reg[0]/CK 
Endpoint:   out1_reg[0]/D (v) checked with  leading edge of 'clk'
Beginpoint: rst           (^) triggered by  leading edge of '@'
Path Groups: {clk}
Retime Analysis { Data Path-Slew }
Other End Arrival Time          0.000
+ Hold                          0.163
+ Phase Shift                   0.000
= Required Time                 0.163
  Arrival Time                  0.428
  Slack Time                    0.265
= Slack Time(original)          0.265
     Clock Rise Edge                      0.000
     + Input Delay                        0.000
     = Beginpoint Arrival Time            0.000
     Timing Path:
      -------------------------------------------------------------
      Instance     Arc          Cell      Retime  Arrival  Required  
                                          Delay   Time     Time  
      -------------------------------------------------------------
      -            rst ^        -         -       0.000    -0.265  
      g7755__1881  -            NOR2BX1   0.000   0.000    -0.265  
      g7755__1881  B ^ -> Y v   NOR2BX1   0.032   0.032    -0.233  
      g7745__1617  -            NAND2XL   0.000   0.032    -0.233  
      g7745__1617  B v -> Y ^   NAND2XL   0.073   0.105    -0.160  
      g7663__5115  -            OAI22X1   0.000   0.105    -0.160  
      g7663__5115  A0 ^ -> Y v  OAI22X1   0.079   0.184    -0.081  
      g7661__6131  -            AOI211X1  0.000   0.184    -0.081  
      g7661__6131  C0 v -> Y ^  AOI211X1  0.075   0.259    -0.005  
      g7659__8246  -            NAND4XL   0.000   0.259    -0.005  
      g7659__8246  B ^ -> Y v   NAND4XL   0.169   0.428    0.163  
      out1_reg[0]  -            DFFHQX8   0.000   0.428    0.163  
      -------------------------------------------------------------
     Clock Rise Edge                      0.000
     = Beginpoint Arrival Time            0.000
     Other End Path:
      ------------------------------------------------------
      Instance     Arc    Cell     Retime  Arrival  Required  
                                   Delay   Time     Time  
      ------------------------------------------------------
      -            clk ^  -        -       0.000    0.265  
      out1_reg[0]  -      DFFHQX8  0.000   0.000    0.265  
      ------------------------------------------------------
Path 42: MET Hold Check with Pin out1_reg[5]/CK 
Endpoint:   out1_reg[5]/D (v) checked with  leading edge of 'clk'
Beginpoint: rst           (^) triggered by  leading edge of '@'
Path Groups: {clk}
Retime Analysis { Data Path-Slew }
Other End Arrival Time          0.000
+ Hold                          0.135
+ Phase Shift                   0.000
= Required Time                 0.135
  Arrival Time                  0.465
  Slack Time                    0.330
= Slack Time(original)          0.336
     Clock Rise Edge                      0.000
     + Input Delay                        0.000
     = Beginpoint Arrival Time            0.000
     Timing Path:
      -------------------------------------------------------------
      Instance     Arc          Cell      Retime  Arrival  Required  
                                          Delay   Time     Time  
      -------------------------------------------------------------
      -            rst ^        -         -       0.000    -0.330  
      g7755__1881  -            NOR2BX1   0.000   0.000    -0.330  
      g7755__1881  B ^ -> Y v   NOR2BX1   0.032   0.032    -0.298  
      g7753__6131  -            NAND2XL   0.000   0.032    -0.298  
      g7753__6131  B v -> Y ^   NAND2XL   0.098   0.130    -0.200  
      g7724__4733  -            OR2X1     0.000   0.130    -0.200  
      g7724__4733  B ^ -> Y ^   OR2X1     0.211   0.340    0.010  
      g7617__4319  -            OAI221X1  0.000   0.340    0.010  
      g7617__4319  B0 ^ -> Y v  OAI221X1  0.125   0.465    0.135  
      out1_reg[5]  -            DFFHQX8   0.000   0.465    0.135  
      -------------------------------------------------------------
     Clock Rise Edge                      0.000
     = Beginpoint Arrival Time            0.000
     Other End Path:
      ------------------------------------------------------
      Instance     Arc    Cell     Retime  Arrival  Required  
                                   Delay   Time     Time  
      ------------------------------------------------------
      -            clk ^  -        -       0.000    0.330  
      out1_reg[5]  -      DFFHQX8  0.000   0.000    0.330  
      ------------------------------------------------------
Path 43: MET Hold Check with Pin out1_reg[4]/CK 
Endpoint:   out1_reg[4]/D (v) checked with  leading edge of 'clk'
Beginpoint: rst           (^) triggered by  leading edge of '@'
Path Groups: {clk}
Retime Analysis { Data Path-Slew }
Other End Arrival Time          0.000
+ Hold                          0.135
+ Phase Shift                   0.000
= Required Time                 0.135
  Arrival Time                  0.465
  Slack Time                    0.330
= Slack Time(original)          0.336
     Clock Rise Edge                      0.000
     + Input Delay                        0.000
     = Beginpoint Arrival Time            0.000
     Timing Path:
      -------------------------------------------------------------
      Instance     Arc          Cell      Retime  Arrival  Required  
                                          Delay   Time     Time  
      -------------------------------------------------------------
      -            rst ^        -         -       0.000    -0.330  
      g7755__1881  -            NOR2BX1   0.000   0.000    -0.330  
      g7755__1881  B ^ -> Y v   NOR2BX1   0.032   0.032    -0.298  
      g7753__6131  -            NAND2XL   0.000   0.032    -0.298  
      g7753__6131  B v -> Y ^   NAND2XL   0.098   0.130    -0.200  
      g7724__4733  -            OR2X1     0.000   0.130    -0.200  
      g7724__4733  B ^ -> Y ^   OR2X1     0.211   0.340    0.010  
      g7633__4733  -            OAI221X1  0.000   0.340    0.010  
      g7633__4733  B0 ^ -> Y v  OAI221X1  0.125   0.465    0.135  
      out1_reg[4]  -            DFFHQX8   0.000   0.465    0.135  
      -------------------------------------------------------------
     Clock Rise Edge                      0.000
     = Beginpoint Arrival Time            0.000
     Other End Path:
      ------------------------------------------------------
      Instance     Arc    Cell     Retime  Arrival  Required  
                                   Delay   Time     Time  
      ------------------------------------------------------
      -            clk ^  -        -       0.000    0.330  
      out1_reg[4]  -      DFFHQX8  0.000   0.000    0.330  
      ------------------------------------------------------
Path 44: MET Hold Check with Pin out1_reg[2]/CK 
Endpoint:   out1_reg[2]/D (v) checked with  leading edge of 'clk'
Beginpoint: rst           (^) triggered by  leading edge of '@'
Path Groups: {clk}
Retime Analysis { Data Path-Slew }
Other End Arrival Time          0.000
+ Hold                          0.135
+ Phase Shift                   0.000
= Required Time                 0.135
  Arrival Time                  0.465
  Slack Time                    0.330
= Slack Time(original)          0.336
     Clock Rise Edge                      0.000
     + Input Delay                        0.000
     = Beginpoint Arrival Time            0.000
     Timing Path:
      -------------------------------------------------------------
      Instance     Arc          Cell      Retime  Arrival  Required  
                                          Delay   Time     Time  
      -------------------------------------------------------------
      -            rst ^        -         -       0.000    -0.330  
      g7755__1881  -            NOR2BX1   0.000   0.000    -0.330  
      g7755__1881  B ^ -> Y v   NOR2BX1   0.032   0.032    -0.298  
      g7753__6131  -            NAND2XL   0.000   0.032    -0.298  
      g7753__6131  B v -> Y ^   NAND2XL   0.098   0.130    -0.200  
      g7724__4733  -            OR2X1     0.000   0.130    -0.200  
      g7724__4733  B ^ -> Y ^   OR2X1     0.211   0.340    0.010  
      g7648__4319  -            OAI221X1  0.000   0.340    0.010  
      g7648__4319  B0 ^ -> Y v  OAI221X1  0.125   0.465    0.135  
      out1_reg[2]  -            DFFHQX8   0.000   0.465    0.135  
      -------------------------------------------------------------
     Clock Rise Edge                      0.000
     = Beginpoint Arrival Time            0.000
     Other End Path:
      ------------------------------------------------------
      Instance     Arc    Cell     Retime  Arrival  Required  
                                   Delay   Time     Time  
      ------------------------------------------------------
      -            clk ^  -        -       0.000    0.330  
      out1_reg[2]  -      DFFHQX8  0.000   0.000    0.330  
      ------------------------------------------------------
Path 45: MET Hold Check with Pin out1_reg[1]/CK 
Endpoint:   out1_reg[1]/D (v) checked with  leading edge of 'clk'
Beginpoint: rst           (^) triggered by  leading edge of '@'
Path Groups: {clk}
Retime Analysis { Data Path-Slew }
Other End Arrival Time          0.000
+ Hold                          0.135
+ Phase Shift                   0.000
= Required Time                 0.135
  Arrival Time                  0.465
  Slack Time                    0.330
= Slack Time(original)          0.336
     Clock Rise Edge                      0.000
     + Input Delay                        0.000
     = Beginpoint Arrival Time            0.000
     Timing Path:
      -------------------------------------------------------------
      Instance     Arc          Cell      Retime  Arrival  Required  
                                          Delay   Time     Time  
      -------------------------------------------------------------
      -            rst ^        -         -       0.000    -0.330  
      g7755__1881  -            NOR2BX1   0.000   0.000    -0.330  
      g7755__1881  B ^ -> Y v   NOR2BX1   0.032   0.032    -0.298  
      g7753__6131  -            NAND2XL   0.000   0.032    -0.298  
      g7753__6131  B v -> Y ^   NAND2XL   0.098   0.130    -0.200  
      g7724__4733  -            OR2X1     0.000   0.130    -0.200  
      g7724__4733  B ^ -> Y ^   OR2X1     0.211   0.340    0.010  
      g7654__1617  -            OAI221X1  0.000   0.340    0.010  
      g7654__1617  B0 ^ -> Y v  OAI221X1  0.125   0.465    0.135  
      out1_reg[1]  -            DFFHQX8   0.000   0.465    0.135  
      -------------------------------------------------------------
     Clock Rise Edge                      0.000
     = Beginpoint Arrival Time            0.000
     Other End Path:
      ------------------------------------------------------
      Instance     Arc    Cell     Retime  Arrival  Required  
                                   Delay   Time     Time  
      ------------------------------------------------------
      -            clk ^  -        -       0.000    0.330  
      out1_reg[1]  -      DFFHQX8  0.000   0.000    0.330  
      ------------------------------------------------------
Path 46: MET Hold Check with Pin out1_reg[7]/CK 
Endpoint:   out1_reg[7]/D (v) checked with  leading edge of 'clk'
Beginpoint: rst           (^) triggered by  leading edge of '@'
Path Groups: {clk}
Retime Analysis { Data Path-Slew }
Other End Arrival Time          0.000
+ Hold                          0.148
+ Phase Shift                   0.000
= Required Time                 0.148
  Arrival Time                  0.518
  Slack Time                    0.370
= Slack Time(original)          0.358
     Clock Rise Edge                      0.000
     + Input Delay                        0.000
     = Beginpoint Arrival Time            0.000
     Timing Path:
      -------------------------------------------------------------
      Instance     Arc          Cell      Retime  Arrival  Required  
                                          Delay   Time     Time  
      -------------------------------------------------------------
      -            rst ^        -         -       0.000    -0.370  
      g7756__5115  -            NOR2XL    0.000   0.000    -0.370  
      g7756__5115  A ^ -> Y v   NOR2XL    0.048   0.048    -0.323  
      g7747__1705  -            NAND2XL   0.000   0.048    -0.323  
      g7747__1705  B v -> Y ^   NAND2XL   0.155   0.203    -0.168  
      g7683__6783  -            OAI32X1   0.000   0.203    -0.168  
      g7683__6783  A0 ^ -> Y v  OAI32X1   0.109   0.312    -0.058  
      g7626__8246  -            AOI211X1  0.000   0.312    -0.058  
      g7626__8246  C0 v -> Y ^  AOI211X1  0.085   0.397    0.027  
      g7615__5107  -            NAND3XL   0.000   0.397    0.027  
      g7615__5107  B ^ -> Y v   NAND3XL   0.121   0.518    0.148  
      out1_reg[7]  -            DFFHQX8   0.000   0.518    0.148  
      -------------------------------------------------------------
     Clock Rise Edge                      0.000
     = Beginpoint Arrival Time            0.000
     Other End Path:
      ------------------------------------------------------
      Instance     Arc    Cell     Retime  Arrival  Required  
                                   Delay   Time     Time  
      ------------------------------------------------------
      -            clk ^  -        -       0.000    0.370  
      out1_reg[7]  -      DFFHQX8  0.000   0.000    0.370  
      ------------------------------------------------------
Path 47: MET Hold Check with Pin out1_reg[0]/CK 
Endpoint:   out1_reg[0]/D (^) checked with  leading edge of 'clk'
Beginpoint: rst           (v) triggered by  leading edge of '@'
Path Groups: {clk}
Retime Analysis { Data Path-Slew }
Other End Arrival Time          0.000
+ Hold                          0.031
+ Phase Shift                   0.000
= Required Time                 0.031
  Arrival Time                  0.410
  Slack Time                    0.379
= Slack Time(original)          0.371
     Clock Rise Edge                      0.000
     + Input Delay                        0.000
     = Beginpoint Arrival Time            0.000
     Timing Path:
      -------------------------------------------------------------
      Instance     Arc          Cell      Retime  Arrival  Required  
                                          Delay   Time     Time  
      -------------------------------------------------------------
      -            rst v        -         -       0.000    -0.379  
      g7755__1881  -            NOR2BX1   0.000   0.000    -0.379  
      g7755__1881  B v -> Y ^   NOR2BX1   0.068   0.068    -0.312  
      g7745__1617  -            NAND2XL   0.000   0.068    -0.312  
      g7745__1617  B ^ -> Y v   NAND2XL   0.114   0.182    -0.198  
      g7663__5115  -            OAI22X1   0.000   0.182    -0.198  
      g7663__5115  A0 v -> Y ^  OAI22X1   0.117   0.299    -0.081  
      g7661__6131  -            AOI211X1  0.000   0.299    -0.081  
      g7661__6131  C0 ^ -> Y v  AOI211X1  0.044   0.343    -0.037  
      g7659__8246  -            NAND4XL   0.000   0.343    -0.037  
      g7659__8246  B v -> Y ^   NAND4XL   0.067   0.410    0.031  
      out1_reg[0]  -            DFFHQX8   0.000   0.410    0.031  
      -------------------------------------------------------------
     Clock Rise Edge                      0.000
     = Beginpoint Arrival Time            0.000
     Other End Path:
      ------------------------------------------------------
      Instance     Arc    Cell     Retime  Arrival  Required  
                                   Delay   Time     Time  
      ------------------------------------------------------
      -            clk ^  -        -       0.000    0.379  
      out1_reg[0]  -      DFFHQX8  0.000   0.000    0.379  
      ------------------------------------------------------
Path 48: MET Hold Check with Pin out1_reg[6]/CK 
Endpoint:   out1_reg[6]/D (v) checked with  leading edge of 'clk'
Beginpoint: rst           (^) triggered by  leading edge of '@'
Path Groups: {clk}
Retime Analysis { Data Path-Slew }
Other End Arrival Time          0.000
+ Hold                          0.113
+ Phase Shift                   0.000
= Required Time                 0.113
  Arrival Time                  0.510
  Slack Time                    0.398
= Slack Time(original)          0.379
     Clock Rise Edge                      0.000
     + Input Delay                        0.000
     = Beginpoint Arrival Time            0.000
     Timing Path:
      -------------------------------------------------------------
      Instance     Arc          Cell      Retime  Arrival  Required  
                                          Delay   Time     Time  
      -------------------------------------------------------------
      -            rst ^        -         -       0.000    -0.398  
      g7755__1881  -            NOR2BX1   0.000   0.000    -0.398  
      g7755__1881  B ^ -> Y v   NOR2BX1   0.032   0.032    -0.366  
      g7745__1617  -            NAND2XL   0.000   0.032    -0.366  
      g7745__1617  B v -> Y ^   NAND2XL   0.073   0.105    -0.293  
      g7723__7482  -            NOR2XL    0.000   0.105    -0.293  
      g7723__7482  B ^ -> Y v   NOR2XL    0.187   0.292    -0.106  
      g7623__2802  -            AOI21X1   0.000   0.292    -0.106  
      g7623__2802  A0 v -> Y ^  AOI21X1   0.133   0.424    0.027  
      g7616__6260  -            OAI211X1  0.000   0.424    0.027  
      g7616__6260  C0 ^ -> Y v  OAI211X1  0.086   0.510    0.113  
      out1_reg[6]  -            DFFHQX8   0.000   0.510    0.113  
      -------------------------------------------------------------
     Clock Rise Edge                      0.000
     = Beginpoint Arrival Time            0.000
     Other End Path:
      ------------------------------------------------------
      Instance     Arc    Cell     Retime  Arrival  Required  
                                   Delay   Time     Time  
      ------------------------------------------------------
      -            clk ^  -        -       0.000    0.398  
      out1_reg[6]  -      DFFHQX8  0.000   0.000    0.398  
      ------------------------------------------------------
Path 49: MET Hold Check with Pin out1_reg[7]/CK 
Endpoint:   out1_reg[7]/D (v) checked with  leading edge of 'clk'
Beginpoint: rst           (^) triggered by  leading edge of '@'
Path Groups: {clk}
Retime Analysis { Data Path-Slew }
Other End Arrival Time          0.000
+ Hold                          0.149
+ Phase Shift                   0.000
= Required Time                 0.149
  Arrival Time                  0.558
  Slack Time                    0.409
= Slack Time(original)          0.402
     Clock Rise Edge                      0.000
     + Input Delay                        0.000
     = Beginpoint Arrival Time            0.000
     Timing Path:
      ------------------------------------------------------------
      Instance     Arc          Cell     Retime  Arrival  Required  
                                         Delay   Time     Time  
      ------------------------------------------------------------
      -            rst ^        -        -       0.000    -0.409  
      g7756__5115  -            NOR2XL   0.000   0.000    -0.409  
      g7756__5115  A ^ -> Y v   NOR2XL   0.048   0.048    -0.361  
      g7746__2802  -            NAND2XL  0.000   0.048    -0.361  
      g7746__2802  B v -> Y ^   NAND2XL  0.089   0.137    -0.272  
      g7726__6161  -            NOR2XL   0.000   0.137    -0.272  
      g7726__6161  B ^ -> Y v   NOR2XL   0.199   0.336    -0.073  
      g7693__5115  -            AOI22X1  0.000   0.336    -0.073  
      g7693__5115  B0 v -> Y ^  AOI22X1  0.098   0.434    0.025  
      g7615__5107  -            NAND3XL  0.000   0.434    0.025  
      g7615__5107  A ^ -> Y v   NAND3XL  0.124   0.558    0.149  
      out1_reg[7]  -            DFFHQX8  0.000   0.558    0.149  
      ------------------------------------------------------------
     Clock Rise Edge                      0.000
     = Beginpoint Arrival Time            0.000
     Other End Path:
      ------------------------------------------------------
      Instance     Arc    Cell     Retime  Arrival  Required  
                                   Delay   Time     Time  
      ------------------------------------------------------
      -            clk ^  -        -       0.000    0.409  
      out1_reg[7]  -      DFFHQX8  0.000   0.000    0.409  
      ------------------------------------------------------
Path 50: MET Hold Check with Pin out1_reg[0]/CK 
Endpoint:   out1_reg[0]/D (v) checked with  leading edge of 'clk'
Beginpoint: rst           (^) triggered by  leading edge of '@'
Path Groups: {clk}
Retime Analysis { Data Path-Slew }
Other End Arrival Time          0.000
+ Hold                          0.163
+ Phase Shift                   0.000
= Required Time                 0.163
  Arrival Time                  0.575
  Slack Time                    0.412
= Slack Time(original)          0.407
     Clock Rise Edge                      0.000
     + Input Delay                        0.000
     = Beginpoint Arrival Time            0.000
     Timing Path:
      -------------------------------------------------------------
      Instance     Arc          Cell      Retime  Arrival  Required  
                                          Delay   Time     Time  
      -------------------------------------------------------------
      -            rst ^        -         -       0.000    -0.412  
      g7756__5115  -            NOR2XL    0.000   0.000    -0.412  
      g7756__5115  A ^ -> Y v   NOR2XL    0.048   0.048    -0.364  
      g7747__1705  -            NAND2XL   0.000   0.048    -0.364  
      g7747__1705  B v -> Y ^   NAND2XL   0.155   0.203    -0.209  
      g7743        -            CLKINVX1  0.000   0.203    -0.209  
      g7743        A ^ -> Y v   CLKINVX1  0.068   0.271    -0.141  
      g7661__6131  -            AOI211X1  0.000   0.271    -0.141  
      g7661__6131  A0 v -> Y ^  AOI211X1  0.132   0.403    -0.009  
      g7659__8246  -            NAND4XL   0.000   0.403    -0.009  
      g7659__8246  B ^ -> Y v   NAND4XL   0.172   0.575    0.163  
      out1_reg[0]  -            DFFHQX8   0.000   0.575    0.163  
      -------------------------------------------------------------
     Clock Rise Edge                      0.000
     = Beginpoint Arrival Time            0.000
     Other End Path:
      ------------------------------------------------------
      Instance     Arc    Cell     Retime  Arrival  Required  
                                   Delay   Time     Time  
      ------------------------------------------------------
      -            clk ^  -        -       0.000    0.412  
      out1_reg[0]  -      DFFHQX8  0.000   0.000    0.412  
      ------------------------------------------------------

