*----------------------------------------------------------------------------------------
*	Innovus 20.10-p004_1 (64bit) 05/07/2020 20:02 (Linux 2.6.32-431.11.2.el6.x86_64)
*	
*
* 	Date & Time:	2026-Jun-30 01:16:05 (2026-Jun-29 19:46:05 GMT)
*
*----------------------------------------------------------------------------------------
*
*	Design: ALU
*
*	Liberty Libraries used: 
*	        view1: /home/arpit23132/Desktop/RTL_to_GDS_ALU/pd_snapshots/alu_floorplan_05.enc.dat/libs/mmmc/slow.lib
*
*	Power Domain used: 
*              Rail:        VDD      Voltage:        0.9 
*
*       Power View : view1
*
*       User-Defined Activity : N.A.
*
*       Activity File: N.A.
*
*       Hierarchical Global Activity: N.A.
*
*       Global Activity: N.A.
*
*       Sequential Element Activity: 0.200000
*
*       Primary Input Activity: 0.200000
*
*       Default icg ratio: N.A.
*
*       Global Comb ClockGate Ratio: N.A.
*
*	Power Units = 1mW
*
*	Time Units = 1e-09 secs 
*
*       Temperature = 125 
*
*       report_power -outfile pd_reports/post_route_reports/routeafteranalysis.rpt -rail_analysis_format VS
*
-----------------------------------------------------------------------------------------
Cell                            Internal   Switching       Total     Leakage   Cell
                                   Power       Power       Power       Power   Name
--------------------------------------------------------------------------------------
FE_OFC1_out2_0                   0.00105     0.01032     0.01159   0.0002199  CLKBUFX12
FE_OFC3_out1_6                  0.001049     0.01019     0.01146   0.0002199  CLKBUFX12
FE_OFC8_out1_0                   0.00105     0.01019     0.01146   0.0002199  CLKBUFX12
FE_OFC6_out1_1                   0.00105     0.01018     0.01145   0.0002199  CLKBUFX12
FE_OFC2_out1_3                  0.001049     0.01018     0.01145   0.0002199  CLKBUFX12
FE_OFC10_out2_6                  0.00105     0.01018     0.01145   0.0002199  CLKBUFX12
FE_OFC5_out2_2                  0.001051     0.01018     0.01145   0.0002199  CLKBUFX12
FE_OFC9_out1_4                  0.001049     0.01018     0.01145   0.0002199  CLKBUFX12
FE_OFC4_out1_7                   0.00105     0.01017     0.01144   0.0002199  CLKBUFX12
FE_OFC14_out2_3                  0.00105     0.01017     0.01144   0.0002199  CLKBUFX12
FE_OFC13_out1_5                 0.001049     0.01017     0.01144   0.0002199  CLKBUFX12
FE_OFC7_out2_1                   0.00105     0.01017     0.01144   0.0002199  CLKBUFX12
FE_OFC11_out2_4                  0.00105     0.01017     0.01144   0.0002199  CLKBUFX12
FE_OFC12_out2_7                  0.00105     0.01016     0.01143   0.0002199  CLKBUFX12
FE_OFC15_out1_2                 0.001049     0.01016     0.01143   0.0002199  CLKBUFX12
FE_OFC16_out2_5                  0.00105     0.01015     0.01142   0.0002199  CLKBUFX12
out1_reg[2]                     0.003102    0.000107    0.003426   0.0002172  SDFFQX4
out1_reg[3]                     0.003111   8.892e-05    0.003417   0.0002172  SDFFQX4
out1_reg[6]                      0.00311   8.916e-05    0.003416   0.0002172  SDFFQX4
out1_reg[5]                     0.003109   8.916e-05    0.003415   0.0002172  SDFFQX4
out1_reg[4]                     0.003106   8.851e-05    0.003411   0.0002172  SDFFQX4
out1_reg[1]                      0.00308   9.846e-05    0.003339   0.0001605  SDFFHQX1
X_reg[2]                        0.002234   0.0007492    0.003119   0.0001363  SDFFQX1
Y_reg[4]                        0.002392   0.0005115    0.003064     0.00016  SDFFQX2
X_reg[0]                        0.002221   0.0006873    0.003044   0.0001363  SDFFQX1
X_reg[3]                        0.002226   0.0006613    0.003024   0.0001363  SDFFQX1
X_reg[1]                        0.002237   0.0006492    0.003022   0.0001363  SDFFQX1
Y_reg[0]                        0.002405   0.0003276    0.002892     0.00016  SDFFQX2
X_reg[4]                        0.002223   0.0004359    0.002795   0.0001363  SDFFQX1
X_reg[6]                        0.002222    0.000412     0.00277   0.0001363  SDFFQX1
Y_reg[5]                        0.002222    0.000306    0.002664   0.0001363  SDFFQX1
Y_reg[6]                        0.002223   0.0003022    0.002662   0.0001363  SDFFQX1
X_reg[7]                        0.002226   0.0002733    0.002635   0.0001363  SDFFQX1
out1_reg[0]                     0.002398   8.849e-05    0.002623   0.0001363  SDFFQX1
X_reg[5]                        0.002241   0.0002263    0.002604   0.0001363  SDFFQX1
out1_reg[7]                     0.002366   9.189e-05    0.002594   0.0001363  SDFFQX1
sel_ff_reg[3]                   0.002161   0.0002463    0.002537   0.0001296  SDFFQXL
Y_reg[3]                         0.00222   0.0001792    0.002536   0.0001363  SDFFQX1
Y_reg[7]                        0.002223   0.0001753    0.002534   0.0001363  SDFFQX1
Y_reg[2]                         0.00222   0.0001582    0.002515   0.0001363  SDFFQX1
Y_reg[1]                        0.002234   0.0001437    0.002514   0.0001363  SDFFQX1
sel_ff_reg[0]                   0.002163   0.0001994    0.002492   0.0001296  SDFFQXL
sel_ff_reg[1]                   0.002163   0.0001906    0.002483   0.0001296  SDFFQXL
sel_ff_reg[2]                   0.002179   0.0001503    0.002459   0.0001296  SDFFQXL
out2_reg[2]                     0.002186   0.0001004    0.002423   0.0001363  SDFFQX1
out2_reg[0]                     0.002185   9.521e-05    0.002417   0.0001363  SDFFQX1
out2_reg[1]                     0.002184   9.387e-05    0.002414   0.0001363  SDFFQX1
out2_reg[3]                     0.002186   8.888e-05    0.002411   0.0001363  SDFFQX1
out2_reg[4]                     0.002183   8.925e-05    0.002408   0.0001363  SDFFQX1
out2_reg[5]                     0.002178   9.256e-05    0.002407   0.0001363  SDFFQX1
out2_reg[6]                      0.00217   9.325e-05      0.0024   0.0001363  SDFFQX1
out2_reg[7]                     0.002129   9.218e-05    0.002357   0.0001363  SDFFQX1
rem_96_35_Y_div_84_31_g3696__9945  0.0008625     0.00138    0.002278   3.541e-05  AOI31X2
mul_78_39_cdnfadd_10__2398      0.001186   0.0003725    0.001643   8.448e-05  ADDFX1
mul_78_39_cdnfadd_11__8428      0.001145   0.0003968    0.001626   8.448e-05  ADDFX1
mul_78_39_cdnfadd_9__2346       0.001108   0.0004202    0.001613   8.448e-05  ADDFX1
FE_OFC26_Y_1                   0.0005337   0.0009125    0.001567   0.0001212  BUFX6
FE_OFC42_rem_96_35_Y_div_84_31_n_238  0.0006121   0.0008577    0.001511   4.129e-05  BUFX2
mul_78_39_cdnfadd_7__5122      0.0008259   0.0005441    0.001454   8.448e-05  ADDFX1
mul_78_39_cdnfadd_12__3680      0.001014   0.0003155    0.001414   8.448e-05  ADDFX1
mul_78_39_cdnfadd_8__7482      0.0009728    0.000352    0.001409   8.448e-05  ADDFX1
mul_78_39_cdnfadd_13__2802     0.0008701   0.0002776    0.001232   8.448e-05  ADDFX1
rem_96_35_Y_div_84_31_g3738__6260  0.0003975    0.000737    0.001207   7.254e-05  CLKXOR2X1
mul_78_39_cdnfadd_6__5526      0.0006972    0.000351    0.001133   8.448e-05  ADDFX1
g7661__4733                    0.0006894   0.0003451    0.001119   8.448e-05  ADDFX1
g7667__2346                     0.000681   0.0003515    0.001117   8.448e-05  ADDFX1
FE_OFC33_Y_3                   0.0001803   0.0008776    0.001099   4.129e-05  BUFX2
g7671__6417                    0.0006723   0.0003212    0.001078   8.448e-05  ADDFX1
g7676__6260                    0.0006505   0.0003259    0.001061   8.448e-05  ADDFX1
rem_96_35_Y_div_84_31_g3668__2883  0.0005749   0.0004303    0.001038   3.263e-05  MXI2X1
FE_OFC43_Y_2                   0.0001799   0.0007873    0.001009   4.129e-05  BUFX2
g7684__2802                    0.0006177   0.0003016    0.001004   8.448e-05  ADDFX1
mul_78_39_cdnfadd_5__2398      0.0006139   0.0002988   0.0009973   8.448e-05  ADDFX1
rem_96_35_Y_div_84_31_g3713__6783  0.0005654   0.0004027   0.0009863   1.815e-05  AOI21X1
rem_96_35_Y_div_84_31_g3681__3680  0.0008086   0.0001344   0.0009626    1.95e-05  AOI221X1
g7690__6131                    0.0005359   0.0003327   0.0009531   8.448e-05  ADDFX1
rem_96_35_Y_div_84_31_g3653__3680  0.0005792   0.0003427   0.0009349   1.299e-05  OAI21X1
rem_96_35_Y_div_84_31_g3744__5526  0.0003312   0.0005266   0.0009304   7.254e-05  CLKXOR2X1
rem_96_35_Y_div_84_31_g3715__1617  0.0006542    0.000241   0.0009266   3.144e-05  AOI2BB1X1
rem_96_35_Y_div_84_31_g3719__8246  0.0007805    0.000125   0.0009255   1.995e-05  AOI211X1
g45                            0.0006676   0.0001885   0.0009243   6.826e-05  XOR2XL
mul_78_39_cdnfadd_008_4__5115  0.0004672   0.0003877   0.0009219   6.704e-05  ADDFXL
rem_96_35_Y_div_84_31_g3678__8428   0.000583   0.0002999    0.000901   1.815e-05  AOI21X1
FE_OFC39_Y_7                     0.00018   0.0006795   0.0009008   4.129e-05  BUFX2
rem_96_35_Y_div_84_31_g3679__5526  0.0005738   0.0002897   0.0008817   1.815e-05  AOI21X1
rem_96_35_Y_div_84_31_g3742__8428  0.0002996   0.0005374   0.0008551   1.815e-05  AOI21X1
mul_78_39_cdnfadd_009_4__2883  0.0004455   0.0003347   0.0008472   6.704e-05  ADDFXL
FE_OFC20_rem_96_35_Y_div_84_31_n_240  0.0002747   0.0005457   0.0008464   2.599e-05  INVX2
rem_96_35_Y_div_84_31_g3654__1617  0.0005774   0.0002537   0.0008441   1.299e-05  OAI21X1
rem_96_35_Y_div_84_31_g3680__6783   0.000548   0.0002671   0.0008332   1.815e-05  AOI21X1
rem_96_35_Y_div_84_31_g3712__5526  0.0004469   0.0003671   0.0008326   1.851e-05  AOI32X1
g7694__4733                    0.0004342   0.0003106   0.0008293   8.448e-05  ADDFX1
rem_96_35_Y_div_84_31_g3709__4319  0.0004961   0.0003056    0.000814   1.224e-05  OAI222XL
rem_96_35_Y_div_84_31_g3705__5477  0.0001938   0.0005899   0.0008117   2.802e-05  NAND2X2
mul_78_39_cdnfadd_007_4__1705  0.0003928   0.0003441   0.0008039   6.704e-05  ADDFXL
mul_78_39_cdnfadd_011_2__4319  0.0004068    0.000326   0.0007998   6.704e-05  ADDFXL
FE_OFC24_rem_96_35_Y_div_84_31_n_240  0.0001424   0.0006379   0.0007933   1.301e-05  INVX1
rem_96_35_Y_div_84_31_g3890__1617  0.0002346   0.0004873   0.0007924   7.055e-05  XNOR2X1
FE_OFC45_X_7                   0.0001832    0.000567   0.0007914   4.129e-05  BUFX2
rem_96_35_Y_div_84_31_g3682__1617  0.0005175   0.0002389   0.0007746   1.819e-05  OAI222X1
rem_96_35_Y_div_84_31_g3655__2802  0.0005543   0.0002012   0.0007684   1.299e-05  OAI21X1
mul_78_39_cdnfadd_4__1666      0.0004874   0.0001966   0.0007684   8.448e-05  ADDFX1
rem_96_35_Y_div_84_31_g3677__4319  0.0005101   0.0002386   0.0007668   1.815e-05  AOI21X1
mul_78_39_cdnfadd_005_2__5477  0.0003838   0.0003086   0.0007595   6.704e-05  ADDFXL
rem_96_35_Y_div_84_31_g3722__1881   0.000376   0.0003648   0.0007589   1.815e-05  AOI21X1
rem_96_35_Y_div_84_31_g3671__7410  0.0003837   0.0003412   0.0007519   2.704e-05  MXI2XL
FE_OFC47_Y_5                   0.0001844   0.0005228   0.0007484   4.129e-05  BUFX2
FE_OFC48_Y_6                   0.0001842   0.0005207   0.0007462   4.129e-05  BUFX2
FE_OFC49_X_5                   0.0001815   0.0005193    0.000742   4.129e-05  BUFX2
rem_96_35_Y_div_84_31_g3707__5107  0.0003631   0.0003652   0.0007405   1.224e-05  OAI222XL
mul_78_39_cdnfadd_010_3__5477  0.0003617    0.000301   0.0007297   6.704e-05  ADDFXL
mul_78_39_cdnfadd_006_3__8428  0.0003746    0.000286   0.0007276   6.704e-05  ADDFXL
g40                             0.000435   0.0002543   0.0007119   2.258e-05  NOR4BX1
rem_96_35_Y_div_84_31_g3711__8428  0.0004333   0.0002516   0.0007033   1.833e-05  AOI22X1
FE_OFC46_Y_4                   0.0001826   0.0004731   0.0006969   4.129e-05  BUFX2
mul_78_39_cdnfadd_012_1__6783  0.0003267   0.0002922   0.0006859   6.704e-05  ADDFXL
FE_OFC35_Y_0                   0.0001147   0.0005406   0.0006813   2.599e-05  CLKINVX2
rem_96_35_Y_div_84_31_g3701__1666   0.000453   0.0002031    0.000674   1.791e-05  OAI22X1
rem_96_35_Y_div_84_31_g3687__7098  0.0004369   0.0002213   0.0006712     1.3e-05  AOI222XL
rem_96_35_Y_div_84_31_g3695     0.000294   0.0003621   0.0006691   1.301e-05  INVX1
rem_96_35_Y_div_84_31_g3657__5122  0.0005156   0.0001333   0.0006619   1.299e-05  OAI21X1
mul_78_39_cdnfadd_010_2__6417  0.0003522    0.000241   0.0006602   6.704e-05  ADDFXL
rem_96_35_Y_div_84_31_g3669__2346  0.0003631   0.0002672   0.0006573   2.704e-05  MXI2XL
rem_96_35_Y_div_84_31_g3708__6260  0.0004353   0.0002031   0.0006566   1.815e-05  AOI21X1
mul_78_39_cdnfadd_008_3__1881  0.0003752    0.000214   0.0006563   6.704e-05  ADDFXL
rem_96_35_Y_div_84_31_g3666__9315  0.0004375   0.0001996   0.0006552   1.815e-05  AOI21X1
FE_OFC44_Y_2                   0.0001286   0.0004939   0.0006485   2.599e-05  CLKINVX2
mul_78_39_cdnfadd_3__9945      0.0004079   0.0001521   0.0006445   8.448e-05  ADDFX1
rem_96_35_Y_div_84_31_g3683__2802  0.0004198   0.0002077   0.0006405     1.3e-05  AOI222XL
rem_96_35_Y_div_84_31_g3686__8246  0.0004235   0.0001987   0.0006351     1.3e-05  AOI222XL
rem_96_35_Y_div_84_31_g3684__1705    0.00042   0.0001948   0.0006277     1.3e-05  AOI222XL
rem_96_35_Y_div_84_31_g3863__6131  0.0002837   0.0003254   0.0006273   1.815e-05  AOI21X1
mul_78_39_cdnfadd_006_2__4319  0.0003141   0.0002394   0.0006206   6.704e-05  ADDFXL
rem_96_35_Y_div_84_31_g3811__5526  0.0002176   0.0003826   0.0006183   1.815e-05  AOI21X1
rem_96_35_Y_div_84_31_g3706__2398  0.0005076   8.848e-05   0.0006164   2.034e-05  NOR3X1
mul_78_39_cdnfadd_14__1705     0.0004411   0.0001083   0.0006164   6.704e-05  ADDFXL
rem_96_35_Y_div_84_31_g3718__5122  0.0003758   0.0002207   0.0006146   1.815e-05  AOI21X1
rem_96_35_Y_div_84_31_g3739    0.0003214   0.0002636    0.000611   2.599e-05  CLKINVX2
rem_96_35_Y_div_84_31_g3883__4319  0.0001924   0.0003637   0.0006102   5.418e-05  MX2X1
rem_96_35_Y_div_84_31_g3851__5526  0.0002324   0.0003581   0.0006035   1.299e-05  OAI21X1
rem_96_35_Y_div_84_31_g3691__7482  0.0004369    0.000149    0.000599   1.314e-05  OAI221X1
mul_78_39_cdnfadd_003_0__9315   0.000296   0.0002329   0.0005959   6.704e-05  ADDFXL
mul_78_39_cdnfadd_004_1__2346  0.0002913   0.0002359   0.0005943   6.704e-05  ADDFXL
rem_96_35_Y_div_84_31_g3740__4319  0.0001619   0.0004191    0.000594   1.299e-05  OAI21X1
rem_96_35_Y_div_84_31_g3693__6161    0.00043   0.0001492   0.0005923   1.314e-05  OAI221X1
rem_96_35_Y_div_84_31_g3685__5122  0.0004185   0.0001529   0.0005844     1.3e-05  AOI222XL
FE_OFC27_Y_1                   0.0001146   0.0004411   0.0005817   2.599e-05  CLKINVX2
rem_96_35_Y_div_84_31_g3670__1666  0.0003725   0.0001808   0.0005804   2.704e-05  MXI2XL
mul_78_39_cdnfadd_007_3__2802   0.000307    0.000201    0.000575   6.704e-05  ADDFXL
rem_96_35_Y_div_84_31_g3749__1705  0.0003643   0.0001778   0.0005735   3.144e-05  AOI2BB1X1
rem_96_35_Y_div_84_31_g3694__9315  0.0004103   0.0001496   0.0005731   1.314e-05  OAI221X1
mul_78_39_cdnfadd_011_1__6260  0.0002975   0.0002075    0.000572   6.704e-05  ADDFXL
mul_78_39_cdnfadd_008_1__7098  0.0002961   0.0002084   0.0005715   6.704e-05  ADDFXL
rem_96_35_Y_div_84_31_g3665__6161  0.0003428   0.0002145   0.0005703   1.299e-05  OAI21X1
mul_78_39_cdnfadd_2__6161      0.0003557   0.0001289   0.0005691   8.448e-05  ADDFX1
rem_96_35_Y_div_84_31_g3714__3680   0.000382   0.0001594   0.0005595   1.815e-05  AOI21X1
mul_78_39_cdnfadd_009_2__9315  0.0002568   0.0002304   0.0005542   6.704e-05  ADDFXL
mul_78_39_cdnfadd_009_3__9945  0.0002923   0.0001948   0.0005541   6.704e-05  ADDFXL
rem_96_35_Y_div_84_31_g3794__6161   0.000413   0.0001145   0.0005454   1.791e-05  OAI22X1
g7801__6417                    0.0001346   0.0003924   0.0005452   1.816e-05  NOR2X1
rem_96_35_Y_div_84_31_g3716__2802  0.0002731    0.000259   0.0005451   1.299e-05  OAI21X1
rem_96_35_Y_div_84_31_g3690__5115  0.0003995   0.0001302   0.0005429   1.314e-05  OAI221X1
rem_96_35_Y_div_84_31_g3876__7410  0.0002343   0.0002878   0.0005403   1.815e-05  AOI21X1
mul_78_39_cdnfadd_007_2__1617  0.0002528   0.0002171    0.000537   6.704e-05  ADDFXL
FE_OFC50_X_6                   0.0001895   0.0003054   0.0005361   4.129e-05  BUFX2
rem_96_35_Y_div_84_31_g3912__2398  0.0001123   0.0004074   0.0005328   1.299e-05  OAI21X1
rem_96_35_Y_div_84_31_g3702__7410  0.0002539    0.000248   0.0005291   2.717e-05  AND2X1
rem_96_35_Y_div_84_31_g3721__6131  0.0002935   0.0001982     0.00051   1.833e-05  AOI22X1
mul_78_39_cdnfadd_010_1__7410    0.00025   0.0001925   0.0005096   6.704e-05  ADDFXL
mul_78_39_cdnfadd_005_1__6417  0.0002586   0.0001832   0.0005089   6.704e-05  ADDFXL
FE_OFC51_X_4                   0.0001909   0.0002758   0.0005079   4.129e-05  BUFX2
mul_78_39_cdnfadd_005_0__7410  0.0002389   0.0002019   0.0005078   6.704e-05  ADDFXL
mul_78_39_cdnfadd_013_0__1617    0.00025   0.0001906   0.0005076   6.704e-05  ADDFXL
rem_96_35_Y_div_84_31_g3688__6131    0.00018    0.000316   0.0005053   9.289e-06  NAND2XL
FE_OFC36_Y_0                   6.179e-05    0.000429   0.0005038   1.301e-05  INVX1
g7666__2883                    0.0003143   0.0001685   0.0005022    1.95e-05  AOI221X1
mul_78_39_cdnfadd_008_0__8246  0.0002389    0.000189   0.0004949   6.704e-05  ADDFXL
mul_78_39_cdnfadd_009_0__4733   0.000239   0.0001877   0.0004937   6.704e-05  ADDFXL
g39                            7.504e-05    0.000408   0.0004923   9.289e-06  NAND2XL
g7678__8428                    0.0003155   0.0001553   0.0004904    1.95e-05  AOI221X1
g7692__5115                    0.0003996   7.022e-05   0.0004894    1.95e-05  AOI221X1
mul_78_39_cdnfadd_011_0__5107   0.000239   0.0001766   0.0004827   6.704e-05  ADDFXL
mul_78_39_cdnfadd_007_0__6783  0.0002389   0.0001762   0.0004822   6.704e-05  ADDFXL
g7660__7482                    0.0003175   0.0001412   0.0004782    1.95e-05  AOI221X1
mul_78_39_cdnfadd_004_0__2883   0.000239   0.0001706   0.0004766   6.704e-05  ADDFXL
g38                             0.000342   0.0001173   0.0004744   1.511e-05  NAND3X1
mul_78_39_cdnfadd_010_0__1666   0.000239    0.000166   0.0004721   6.704e-05  ADDFXL
rem_96_35_Y_div_84_31_g3703__6417  0.0003252   0.0001306   0.0004682   1.236e-05  NOR2XL
mul_78_39_cdnfadd_012_0__5526  0.0002391   0.0001591   0.0004652   6.704e-05  ADDFXL
mul_78_39_cdnfadd_007_1__3680   0.000239   0.0001568   0.0004628   6.704e-05  ADDFXL
rem_96_35_Y_div_84_31_g3658__8246  0.0003157   0.0001271   0.0004558   1.299e-05  OAI21X1
rem_96_35_Y_div_84_31_g3727__9315   0.000341    9.39e-05   0.0004531   1.815e-05  AOI21X1
g7683__1617                    0.0003118   0.0001183   0.0004496    1.95e-05  AOI221X1
mul_78_39_cdnfadd_006_0__5107   0.000239   0.0001413   0.0004474   6.704e-05  ADDFXL
rem_96_35_Y_div_84_31_g3791__7482  0.0003308   9.771e-05   0.0004464   1.791e-05  OAI22X1
mul_78_39_cdnfadd_009_1__6161  0.0002391   0.0001391   0.0004453   6.704e-05  ADDFXL
rem_96_35_Y_div_84_31_g3816__2802  0.0002615   0.0001589   0.0004383   1.791e-05  OAI22X1
FE_OFC34_Y_3                   6.712e-05   0.0003556   0.0004357   1.301e-05  CLKINVX1
rem_96_35_Y_div_84_31_g3741    0.0002006   0.0002214    0.000435   1.301e-05  INVX1
rem_96_35_Y_div_84_31_g3862    0.0001561   0.0002659   0.0004349   1.301e-05  CLKINVX1
g7673__2398                    0.0003159   9.677e-05   0.0004322    1.95e-05  AOI221X1
g7689__7098                      0.00034   7.214e-05   0.0004316    1.95e-05  AOI221X1
FE_OFC41_rem_96_35_Y_div_84_31_n_238  0.0002246   0.0001928   0.0004304   1.301e-05  INVX1
g43                            0.0002025   0.0001545   0.0004275   7.055e-05  XNOR2X1
rem_96_35_Y_div_84_31_g3720__7098  0.0002257   0.0001876   0.0004262   1.299e-05  OAI21X1
mul_78_39_cdnfadd_008_2__6131  0.0002007   0.0001578   0.0004256   6.704e-05  ADDFXL
rem_96_35_Y_div_84_31_g3697__2883  0.0002811   0.0001257   0.0004198   1.299e-05  OAI21X1
rem_96_35_Y_div_84_31_g3857__1705  0.0002978   8.816e-05   0.0004174   3.144e-05  AOI2BB1X1
g7645__4319                    0.0002869   0.0001104   0.0004168    1.95e-05  AOI221X1
rem_96_35_Y_div_84_31_g3937    6.246e-05   0.0003345     0.00041   1.301e-05  CLKINVX1
mul_78_39_cdnfadd_006_1__6260  0.0002021   0.0001376   0.0004067   6.704e-05  ADDFXL
g7669__7410                     0.000314   7.199e-05    0.000406   1.995e-05  AOI211X1
g7792                          7.612e-05   0.0003102   0.0003993   1.301e-05  CLKINVX1
rem_96_35_Y_div_84_31_g3737    0.0001792    0.000206   0.0003983   1.301e-05  INVX1
rem_96_35_Y_div_84_31_g3817__1705  0.0002216   0.0001576   0.0003974   1.815e-05  AOI21X1
rem_96_35_Y_div_84_31_g3798__2883  0.0002576   0.0001194   0.0003951   1.815e-05  AOI21X1
g7674__5107                    0.0003113   6.341e-05   0.0003946   1.995e-05  AOI211X1
rem_96_35_Y_div_84_31_g3795__9315   0.000288   8.301e-05   0.0003892   1.815e-05  AOI21X1
rem_96_35_Y_div_84_31_g3870__9315  0.0002137   0.0001565   0.0003884   1.815e-05  AOI21X1
g37                            0.0002277   0.0001448   0.0003848   1.236e-05  NOR2XL
FE_OFC60_rem_96_35_Y_div_84_31_n_158  0.0001437   0.0002134   0.0003831   2.599e-05  INVX2
rem_96_35_Y_div_84_31_g3751__8246  0.0002606   0.0001024   0.0003825    1.95e-05  AOI221X1
rem_96_35_Y_div_84_31_g3726__6161  0.0002536   0.0001151   0.0003817   1.299e-05  OAI21X1
g7688__8246                    0.0003037   5.538e-05    0.000379   1.995e-05  AOI211X1
g7672__5477                    0.0001702   0.0001941   0.0003784    1.41e-05  OAI211X1
g7693__7482                    0.0003002   5.758e-05   0.0003777   1.995e-05  AOI211X1
rem_96_35_Y_div_84_31_g3757__4733   0.000226   0.0001325   0.0003767   1.815e-05  AOI21X1
rem_96_35_Y_div_84_31_g3787__6131  0.0002434   9.071e-05   0.0003732   3.913e-05  AOI221X2
rem_96_35_Y_div_84_31_g3800__1666  0.0002121   0.0001476   0.0003727   1.299e-05  OAI21X1
g7665__9945                    0.0003136   3.877e-05   0.0003724   1.995e-05  AOI211X1
rem_96_35_Y_div_84_31_g3850    0.0001679   0.0001897   0.0003706   1.301e-05  INVX1
rem_96_35_Y_div_84_31_g3888__6783  0.0002001   0.0001523   0.0003705   1.815e-05  AOI21X1
rem_96_35_Y_div_84_31_g3735__2398  0.0002155    0.000142   0.0003699   1.236e-05  NOR2XL
rem_96_35_Y_div_84_31_g3873__2346  0.0001774   0.0001704    0.000369   2.127e-05  OAI2BB1X1
rem_96_35_Y_div_84_31_g3723__5115  0.0002194   0.0001107    0.000365   3.499e-05  NAND2BX1
rem_96_35_Y_div_84_31_g3768__2398  0.0002581   8.687e-05   0.0003649   1.995e-05  AOI211X1
rem_96_35_Y_div_84_31_g3801__7410  0.0002506   9.566e-05   0.0003644   1.815e-05  AOI21X1
g7864__4733                    0.0002106   7.969e-05   0.0003628   7.254e-05  CLKXOR2X1
rem_96_35_Y_div_84_31_g3868__6161  0.0002329   9.646e-05   0.0003608   3.144e-05  AOI2BB1X1
g7698__9945                    0.0002813   5.841e-05   0.0003596   1.995e-05  AOI211X1
rem_96_35_Y_div_84_31_g3887__5526  0.0002006   0.0001409   0.0003596   1.815e-05  AOI21X1
rem_96_35_Y_div_84_31_g3894__5122  0.0001631   0.0001494   0.0003552   4.264e-05  AO21X1
rem_96_35_Y_div_84_31_g3763__2346  0.0001706   0.0001633    0.000352   1.815e-05  AOI21X1
g7720__1881                    0.0001542   0.0001697    0.000351   2.704e-05  MXI2XL
rem_96_35_Y_div_84_31_g3875    0.0001317    0.000202   0.0003467   1.301e-05  INVX1
rem_96_35_Y_div_84_31_g3896__7098  0.0001601   0.0001432   0.0003459   4.264e-05  AO21X1
g7642__6260                     0.000209   0.0001174   0.0003393   1.288e-05  AOI221XL
g7696__9315                    0.0002358   8.312e-05   0.0003388   1.995e-05  AOI211X1
g7695__6161                     0.000237   8.133e-05   0.0003383   1.995e-05  AOI211X1
rem_96_35_Y_div_84_31_g3895__8246  0.0001632   0.0001317   0.0003376   4.264e-05  AO21X1
g7783__7098                    0.0002014   0.0001134   0.0003349   2.004e-05  NOR2BX1
rem_96_35_Y_div_84_31_g3672__6417  0.0002301    8.59e-05   0.0003284   1.236e-05  NOR2XL
rem_96_35_Y_div_84_31_g3796__9945  0.0001765   0.0001368   0.0003274    1.41e-05  OAI211X1
rem_96_35_Y_div_84_31_g3828__7482  0.0001336   0.0001802   0.0003268   1.299e-05  OAI21X1
rem_96_35_Y_div_84_31_g3760__9945  0.0002455   5.975e-05   0.0003234   1.816e-05  NOR2X1
rem_96_35_Y_div_84_31_g3854__1617  9.993e-05   0.0002133   0.0003225   9.289e-06  NAND2XL
rem_96_35_Y_div_84_31_g3772__8428  0.0001969   0.0001065   0.0003216   1.819e-05  OAI222X1
rem_96_35_Y_div_84_31_g3790__5115  0.0002163   9.209e-05   0.0003214   1.299e-05  OAI21X1
g7770__6260                    0.0001769   0.0001254   0.0003201   1.791e-05  OAI22X1
rem_96_35_Y_div_84_31_g3821__7098  0.0002381   5.019e-05   0.0003197   3.144e-05  AOI2BB1X1
g7699__2883                    0.0002088   9.728e-05   0.0003191   1.299e-05  OAI21X1
g7798__1666                    0.0001955   0.0001027   0.0003183   2.004e-05  NOR2BX1
rem_96_35_Y_div_84_31_g3943__9945  0.0001926   5.274e-05   0.0003179   7.254e-05  CLKXOR2X1
rem_96_35_Y_div_84_31_g3754__1881  0.0002309   6.727e-05   0.0003163   1.815e-05  AOI21X1
rem_96_35_Y_div_84_31_g3750__5122  0.0001584   0.0001362   0.0003159   2.127e-05  OAI2BB1X1
rem_96_35_Y_div_84_31_g3725__4733  0.0002165   8.415e-05   0.0003136   1.299e-05  OAI21X1
g7771__4319                    0.0001771   0.0001165   0.0003115   1.791e-05  OAI22X1
rem_96_35_Y_div_84_31_g3786__7098   7.56e-05   0.0002204     0.00031   1.403e-05  NAND2X1
rem_96_35_Y_div_84_31_g3736__5107  0.0001802   0.0001168   0.0003094   1.236e-05  NOR2XL
FE_OFC17_rem_96_35_Y_div_84_31_n_234   9.84e-05   0.0001969   0.0003084   1.301e-05  INVX1
rem_96_35_Y_div_84_31_g3667__9945  0.0002379   5.634e-05   0.0003072   1.299e-05  OAI21X1
g7769__5107                    0.0001799    0.000109   0.0003068   1.791e-05  OAI22X1
rem_96_35_Y_div_84_31_g3660__6131  0.0001655   0.0001319   0.0003067   9.289e-06  NAND2XL
rem_96_35_Y_div_84_31_g3724__7482  0.0002077   8.595e-05   0.0003066   1.299e-05  OAI21X1
rem_96_35_Y_div_84_31_g3699__2346  0.0001556    0.000136   0.0003056   1.403e-05  NAND2X1
g7785__1881                    0.0001366   0.0001224   0.0003015   4.256e-05  OR2X1
g7767__5477                    0.0001797   0.0001015   0.0002992   1.791e-05  OAI22X1
rem_96_35_Y_div_84_31_g3802__6417  0.0001684   0.0001164   0.0002978   1.299e-05  OAI21X1
mul_78_39_g413__6131           0.0001706   0.0001089   0.0002976   1.815e-05  AOI21X1
rem_96_35_Y_div_84_31_g3662__5115  0.0001484   0.0001394   0.0002971   9.289e-06  NAND2XL
rem_96_35_Y_div_84_31_g3803__5477  0.0002012   8.206e-05   0.0002963   1.299e-05  OAI21X1
rem_96_35_Y_div_84_31_g3663__7482  0.0001503   0.0001352   0.0002947   9.289e-06  NAND2XL
rem_96_35_Y_div_84_31_g3746__3680  0.0002037   7.849e-05   0.0002945   1.236e-05  NOR2XL
rem_96_35_Y_div_84_31_g3867__4733  0.0001508   0.0001301   0.0002931    1.22e-05  AOI21XL
rem_96_35_Y_div_84_31_g3661__1881  0.0001602   0.0001222   0.0002918   9.289e-06  NAND2XL
rem_96_35_Y_div_84_31_g3748__2802    0.00015    0.000128   0.0002909   1.299e-05  OAI21X1
FE_OFC52_n_315                 8.288e-05   0.0001933   0.0002891   1.301e-05  CLKINVX1
g7768__2398                    0.0001822   8.887e-05    0.000289   1.791e-05  OAI22X1
g7762__2883                    0.0002143   5.546e-05   0.0002877   1.791e-05  OAI22X1
rem_96_35_Y_div_84_31_g3743    0.0001442   0.0001296   0.0002868   1.301e-05  CLKINVX1
FE_OFC58_rem_96_35_Y_div_84_31_n_158  7.484e-05   0.0001976   0.0002855   1.301e-05  INVX1
rem_96_35_Y_div_84_31_g3759__9315   0.000152   0.0001059   0.0002849   2.704e-05  MXI2XL
rem_96_35_Y_div_84_31_g3945__2346  0.0001504   9.853e-05   0.0002831   3.419e-05  NAND3BX1
g7765__7410                    0.0001785    8.58e-05   0.0002822   1.791e-05  OAI22X1
mul_78_39_g417__4733           0.0001707   9.287e-05   0.0002817   1.815e-05  AOI21X1
mul_78_39_g412__7098           0.0001707   9.216e-05    0.000281   1.815e-05  AOI21X1
rem_96_35_Y_div_84_31_g3747__1617  0.0002312   2.899e-05   0.0002803   2.004e-05  NOR2BX1
mul_78_39_g414__1881           0.0001701   9.079e-05    0.000279   1.815e-05  AOI21X1
rem_96_35_Y_div_84_31_g3734__5477  0.0002084   5.749e-05   0.0002783   1.236e-05  NOR2XL
g7784__6131                    0.0001141   0.0001287   0.0002778   3.499e-05  NAND2BX1
g44                            6.693e-05   0.0001895   0.0002777   2.127e-05  OAI2BB1X1
mul_78_39_g410__5122           0.0001725   8.648e-05   0.0002771   1.815e-05  AOI21X1
rem_96_35_Y_div_84_31_g3822__6131  0.0001764   8.185e-05   0.0002764   1.815e-05  AOI21X1
rem_96_35_Y_div_84_31_g3792__4733   0.000101   0.0001655   0.0002758   9.289e-06  NAND2XL
g7756__5115                    6.575e-05   0.0001918   0.0002757   1.816e-05  NOR2X1
rem_96_35_Y_div_84_31_g3881__6260  0.0001444   0.0001176   0.0002751   1.299e-05  OAI21X1
rem_96_35_Y_div_84_31_g3756__7482  0.0001711   9.048e-05   0.0002745   1.299e-05  OAI21X1
mul_78_39_g411__8246           0.0001709   8.318e-05   0.0002723   1.815e-05  AOI21X1
rem_96_35_Y_div_84_31_g3865__5115  0.0001473   8.976e-05    0.000272   3.499e-05  NAND2BX1
rem_96_35_Y_div_84_31_g3771__4319  0.0001758   8.304e-05   0.0002718     1.3e-05  AOI222XL
g7797__2346                    0.0001082    0.000128   0.0002712   3.499e-05  NAND2BX1
FE_PHC61_scan_en                0.000178   5.121e-05   0.0002705   4.129e-05  CLKBUFX2
rem_96_35_Y_div_84_31_g3728__9945  0.0001616   9.566e-05   0.0002696   1.236e-05  NOR2XL
g7786__5115                    0.0001098   0.0001242    0.000269   3.499e-05  NAND2BX1
g7787__7482                    0.0001091   0.0001248   0.0002689   3.499e-05  NAND2BX1
rem_96_35_Y_div_84_31_g3909__7410  0.0001918   5.632e-05   0.0002682   2.004e-05  NOR2BX1
g7855                          8.203e-05   0.0001721   0.0002672   1.301e-05  INVX1
rem_96_35_Y_div_84_31_g3908__1666  0.0001934   5.287e-05   0.0002663   2.004e-05  NOR2BX1
rem_96_35_Y_div_84_31_g3717__1705  0.0001296   0.0001261    0.000265   9.289e-06  NAND2XL
rem_96_35_Y_div_84_31_g3921__1617   0.000136   0.0001105   0.0002647   1.816e-05  NOR2X1
rem_96_35_Y_div_84_31_g3676__6260  0.0001108   0.0001426   0.0002626   9.289e-06  NAND2XL
rem_96_35_Y_div_84_31_g3710    0.0001404   0.0001132   0.0002624   8.757e-06  INVXL
g7691__1881                    0.0001424   0.0001065   0.0002619   1.299e-05  OAI21X1
mul_78_39_g415__5115           0.0001729   7.066e-05   0.0002617   1.815e-05  AOI21X1
g7796__2883                    0.0001725   7.003e-05   0.0002605   1.791e-05  OAI22X1
FE_PHC62_in2_4                 0.0001888   2.801e-05   0.0002581   4.129e-05  CLKBUFX2
rem_96_35_Y_div_84_31_g3762    0.0001024   0.0001412   0.0002566   1.301e-05  CLKINVX1
FE_OFC40_Y_7                   6.084e-05   0.0001808   0.0002547   1.301e-05  INVX1
rem_96_35_Y_div_84_31_g3824    0.0001156    0.000126   0.0002546   1.301e-05  INVX1
g7860                          8.358e-05   0.0001579   0.0002545   1.301e-05  CLKINVX1
FE_PHC63_in2_0                 0.0001895   2.354e-05   0.0002544   4.129e-05  CLKBUFX2
rem_96_35_Y_div_84_31_g3889__3680  0.0002006   3.509e-05   0.0002538   1.815e-05  AOI21X1
g7760__9315                     0.000184   4.948e-05   0.0002514   1.791e-05  OAI22X1
g7788__4733                    8.683e-05     0.00015   0.0002492   1.236e-05  NOR2XL
rem_96_35_Y_div_84_31_g2__9315  0.0001599   4.623e-05   0.0002488   4.264e-05  AO21X1
rem_96_35_Y_div_84_31_g3769__5107  0.0001701   6.551e-05   0.0002486     1.3e-05  AOI222XL
rem_96_35_Y_div_84_31_g3779__2802  0.0001294   0.0001056   0.0002473   1.236e-05  NOR2XL
rem_96_35_Y_div_84_31_g3770__6260  0.0001725   6.129e-05   0.0002468     1.3e-05  AOI222XL
g7763__2346                    0.0001426   9.087e-05   0.0002465   1.299e-05  OAI21X1
rem_96_35_Y_div_84_31_g3923    6.261e-05   0.0001698   0.0002454   1.301e-05  CLKINVX1
rem_96_35_Y_div_84_31_g3861__7098  0.0001502   5.053e-05   0.0002433   4.256e-05  OR2X1
rem_96_35_Y_div_84_31_g3758__6161  0.0001395   7.515e-05   0.0002416   2.704e-05  MXI2XL
rem_96_35_Y_div_84_31_g3815__1617  0.0001389   8.844e-05   0.0002403   1.299e-05  OAI21X1
rem_96_35_Y_div_84_31_g3730__2346  0.0001605   6.619e-05   0.0002391   1.236e-05  NOR2XL
mul_78_39_g416__7482           0.0001735   4.708e-05   0.0002387   1.815e-05  AOI21X1
rem_96_35_Y_div_84_31_g3882    0.0001014   0.0001235    0.000238   1.301e-05  INVX1
rem_96_35_Y_div_84_31_g3918__5526  0.0001105   8.468e-05   0.0002377   4.256e-05  OR2X1
rem_96_35_Y_div_84_31_g3807__4319  0.0001652   5.952e-05   0.0002371   1.236e-05  NOR2XL
g7863__7482                    8.886e-05    0.000113   0.0002369   3.499e-05  NAND2BX1
FE_OFC32_n_315                 8.308e-05   0.0001394   0.0002355   1.301e-05  CLKINVX1
g7758__4733                    4.145e-05   0.0001756   0.0002352   1.816e-05  NOR2X1
rem_96_35_Y_div_84_31_g3674__2398   0.000124   0.0001016   0.0002349   9.289e-06  NAND2XL
g7766__6417                    0.0001065   0.0001005   0.0002341   2.704e-05  MXI2XL
rem_96_35_Y_div_84_31_g3902__4733  0.0001299   7.699e-05    0.000234   2.717e-05  AND2X1
rem_96_35_Y_div_84_31_g3745__6783  0.0001473   7.176e-05   0.0002331   1.403e-05  NAND2X1
rem_96_35_Y_div_84_31_g3810    0.0001276   9.219e-05   0.0002328   1.301e-05  CLKINVX1
FE_OFC37_rem_96_35_Y_div_84_31_n_26  6.196e-05   0.0001557   0.0002307   1.301e-05  INVX1
g7825__5477                    9.107e-05   0.0001267   0.0002301   1.236e-05  NOR2XL
mul_78_39_g458__4319           0.0001182   8.451e-05   0.0002299   2.717e-05  AND2X1
rem_96_35_Y_div_84_31_g3880__5107  0.0001556   4.651e-05   0.0002293   2.717e-05  AND2X1
rem_96_35_Y_div_84_31_g3659__7098  0.0001205   9.871e-05   0.0002285   9.289e-06  NAND2XL
rem_96_35_Y_div_84_31_g3755__5115  0.0001586   5.662e-05   0.0002282   1.299e-05  OAI21X1
g7747__1617                    0.0001207   9.268e-05   0.0002263   1.299e-05  OAI21X1
g7668__1666                    0.0001167    8.62e-05   0.0002242   2.127e-05  OAI2BB1X1
g41                            7.492e-05   0.0001341   0.0002241   1.511e-05  NAND3X1
mul_78_39_g428__5107           0.0001096    8.73e-05   0.0002241   2.717e-05  AND2X1
mul_78_39_g429__6260           0.0001061   9.078e-05    0.000224   2.717e-05  AND2X1
mul_78_39_g433__6783            0.000116   8.059e-05   0.0002237   2.717e-05  AND2X1
rem_96_35_Y_div_84_31_g3872__2883  0.0001546   5.094e-05   0.0002236   1.815e-05  AOI21X1
mul_78_39_g444__7482           0.0001207   7.553e-05   0.0002234   2.717e-05  AND2X1
mul_78_39_g471__5115           0.0001152   8.101e-05   0.0002234   2.717e-05  AND2X1
mul_78_39_g479__1666           0.0001165   7.893e-05   0.0002226   2.717e-05  AND2X1
g7764__1666                    0.0001288   6.654e-05   0.0002224   2.704e-05  MXI2XL
g7686__1705                    0.0001112   8.927e-05   0.0002217   2.127e-05  OAI2BB1X1
mul_78_39_g432__5526           0.0001176   7.658e-05   0.0002213   2.717e-05  AND2X1
g7793__9315                    0.0001456   5.671e-05   0.0002207   1.833e-05  AOI22X1
rem_96_35_Y_div_84_31_g3753__6131  0.0001297   6.948e-05   0.0002204   2.127e-05  OAI2BB1X1
mul_78_39_g446__6161           0.0001163   7.648e-05     0.00022   2.717e-05  AND2X1
mul_78_39_g431__8428           0.0001193   7.319e-05   0.0002196   2.717e-05  AND2X1
rem_96_35_Y_div_84_31_g3752__7098  6.637e-05   0.0001436   0.0002193   9.289e-06  NAND2XL
mul_78_39_g476__9945           0.0001088    8.21e-05    0.000218   2.717e-05  AND2X1
mul_78_39_g447__9315           0.0001083   8.199e-05   0.0002175   2.717e-05  AND2X1
mul_78_39_g483__2398           0.0001087   8.155e-05   0.0002174   2.717e-05  AND2X1
g7781__5122                    0.0001083   9.662e-05   0.0002173   1.236e-05  NOR2XL
rem_96_35_Y_div_84_31_g3860__8246  8.306e-05   0.0001249   0.0002172   9.289e-06  NAND2XL
mul_78_39_g462__3680           0.0001128   7.717e-05   0.0002171   2.717e-05  AND2X1
mul_78_39_g430__4319           0.0001174   7.245e-05   0.0002171   2.717e-05  AND2X1
mul_78_39_g468__7098           0.0001136   7.621e-05    0.000217   2.717e-05  AND2X1
rem_96_35_Y_div_84_31_g3874__1666  0.0001419   4.461e-05    0.000217   3.044e-05  AOI2BB1XL
mul_78_39_g477__2883           0.0001177   7.183e-05   0.0002167   2.717e-05  AND2X1
mul_78_39_g475__9315           0.0001184   7.051e-05   0.0002161   2.717e-05  AND2X1
mul_78_39_g482__5477           0.0001152   7.278e-05   0.0002151   2.717e-05  AND2X1
mul_78_39_g469__6131           0.0001066   8.122e-05    0.000215   2.717e-05  AND2X1
mul_78_39_g464__2802           0.0001093   7.802e-05   0.0002144   2.717e-05  AND2X1
mul_78_39_g439__8246           0.0001158   7.099e-05    0.000214   2.717e-05  AND2X1
rem_96_35_Y_div_84_31_g3731__1666  7.637e-05   0.0001282   0.0002138   9.289e-06  NAND2XL
mul_78_39_g470__1881           0.0001155   7.029e-05   0.0002129   2.717e-05  AND2X1
g7657__6131                    0.0001153   7.635e-05   0.0002129   2.127e-05  OAI2BB1X1
g7780                          6.582e-05   0.0001336   0.0002125   1.301e-05  CLKINVX1
mul_78_39_g445__4733           0.0001175   6.769e-05   0.0002124   2.717e-05  AND2X1
mul_78_39_g435__1617           0.0001174     6.7e-05   0.0002116   2.717e-05  AND2X1
g7829__4319                    8.529e-05   0.0001139   0.0002115   1.236e-05  NOR2XL
mul_78_39_g436__2802           0.0001079   7.637e-05   0.0002114   2.717e-05  AND2X1
mul_78_39_g427__2398           0.0001163   6.785e-05   0.0002113   2.717e-05  AND2X1
mul_78_39_g474__6161           0.0001066   7.681e-05   0.0002106   2.717e-05  AND2X1
rem_96_35_Y_div_84_31_g3853__3680  0.0001412   5.598e-05   0.0002102   1.299e-05  OAI21X1
g7800__7410                    3.992e-05   0.0001608     0.00021   9.289e-06  NAND2XL
mul_78_39_g434__3680           0.0001063   7.608e-05   0.0002095   2.717e-05  AND2X1
rem_96_35_Y_div_84_31_g3866__7482  0.0001391   5.798e-05   0.0002094   1.236e-05  NOR2XL
mul_78_39_g480__7410           0.0001149   6.699e-05   0.0002091   2.717e-05  AND2X1
g7840__6131                    4.477e-05   0.0001539    0.000208   9.289e-06  NAND2XL
mul_78_39_g459__8428           0.0001125   6.712e-05   0.0002068   2.717e-05  AND2X1
mul_78_39_g437__1705           0.0001092    7.02e-05   0.0002066   2.717e-05  AND2X1
g7839__7098                    8.948e-05   0.0001048   0.0002066   1.236e-05  NOR2XL
mul_78_39_g443__5115           0.0001154   6.402e-05   0.0002065   2.717e-05  AND2X1
g7836__1705                     9.24e-05    0.000101   0.0002057   1.236e-05  NOR2XL
rem_96_35_Y_div_84_31_g3901__7482  0.0001071    6.34e-05   0.0002055   3.499e-05  NAND2BX1
mul_78_39_g472__7482           0.0001062   7.194e-05   0.0002053   2.717e-05  AND2X1
rem_96_35_Y_div_84_31_g3930__5115  9.026e-05   0.0001026   0.0002052   1.236e-05  NOR2XL
mul_78_39_g465__1705           0.0001093   6.786e-05   0.0002043   2.717e-05  AND2X1
mul_78_39_g461__6783           0.0001204   5.663e-05   0.0002042   2.717e-05  AND2X1
rem_96_35_Y_div_84_31_g3929__1881  9.019e-05   0.0001013   0.0002038   1.236e-05  NOR2XL
rem_96_35_Y_div_84_31_g3904__9315  0.0001103   8.098e-05   0.0002036   1.236e-05  NOR2XL
mul_78_39_g473__4733           0.0001059    6.98e-05   0.0002028   2.717e-05  AND2X1
g7828__6260                     8.55e-05    0.000105   0.0002028   1.236e-05  NOR2XL
rem_96_35_Y_div_84_31_g3784__8246  0.0001381   4.618e-05   0.0002025   1.815e-05  AOI21X1
g7757__7482                    2.964e-05   0.0001377   0.0002023   3.499e-05  NAND2BX1
mul_78_39_g481__6417           0.0001195   5.522e-05   0.0002019   2.717e-05  AND2X1
rem_96_35_Y_div_84_31_g3903__6161  0.0001104   7.882e-05   0.0002015   1.236e-05  NOR2XL
mul_78_39_g426__5477           0.0001058   6.832e-05   0.0002013   2.717e-05  AND2X1
mul_78_39_g460__5526           0.0001098   6.406e-05   0.0002011   2.717e-05  AND2X1
g7832__6783                    8.612e-05   0.0001022   0.0002007   1.236e-05  NOR2XL
mul_78_39_g478__2346           0.0001182   5.522e-05   0.0002005   2.717e-05  AND2X1
g7687__5122                    9.258e-05   8.867e-05   0.0002005    1.92e-05  OAI2BB1XL
g7680__5526                    0.0001141   6.409e-05   0.0001995   2.127e-05  OAI2BB1X1
rem_96_35_Y_div_84_31_g3928__6131  8.586e-05   0.0001005   0.0001987   1.236e-05  NOR2XL
mul_78_39_g441__6131           0.0001099   6.053e-05   0.0001976   2.717e-05  AND2X1
g7761__9945                    0.0001491   2.945e-05   0.0001969   1.833e-05  AOI22X1
mul_78_39_g463__1617           0.0001123   5.689e-05   0.0001963   2.717e-05  AND2X1
rem_96_35_Y_div_84_31_g3920__3680  8.677e-05   9.635e-05   0.0001955   1.236e-05  NOR2XL
rem_96_35_Y_div_84_31_g3766__6417   0.000145   3.215e-05   0.0001953   1.815e-05  AOI21X1
mul_78_39_g442__1881           0.0001113   5.675e-05   0.0001952   2.717e-05  AND2X1
mul_78_39_g438__5122           0.0001096   5.802e-05   0.0001948   2.717e-05  AND2X1
mul_78_39_g467__8246           0.0001155    5.13e-05    0.000194   2.717e-05  AND2X1
rem_96_35_Y_div_84_31_g3919__6783  9.119e-05   8.922e-05   0.0001928   1.236e-05  NOR2XL
rem_96_35_Y_div_84_31_g3917__8428  9.204e-05   8.792e-05   0.0001923   1.236e-05  NOR2XL
rem_96_35_Y_div_84_31_g3878__5477  0.0001285   5.135e-05   0.0001923   1.236e-05  NOR2XL
g7681__6783                    9.374e-05   7.894e-05   0.0001919    1.92e-05  OAI2BB1XL
g7833__3680                    8.703e-05   9.056e-05     0.00019   1.236e-05  NOR2XL
rem_96_35_Y_div_84_31_g3931__7482  8.502e-05   9.253e-05   0.0001899   1.236e-05  NOR2XL
g7826__2398                    9.287e-05   8.376e-05    0.000189   1.236e-05  NOR2XL
rem_96_35_Y_div_84_31_g3689__1881  9.707e-05   7.679e-05    0.000189   1.511e-05  NAND3X1
g7852                          9.768e-05   7.819e-05   0.0001889   1.301e-05  INVX1
mul_78_39_g440__7098           0.0001077   5.277e-05   0.0001876   2.717e-05  AND2X1
g7636__5107                    0.0001054   6.248e-05   0.0001871    1.92e-05  OAI2BB1XL
g7804                           6.93e-05   0.0001044   0.0001867   1.301e-05  CLKINVX1
rem_96_35_Y_div_84_31_g3915__6260  8.764e-05   8.668e-05   0.0001867   1.236e-05  NOR2XL
rem_96_35_Y_div_84_31_g3869    0.0001149   5.786e-05   0.0001858   1.301e-05  INVX1
rem_96_35_Y_div_84_31_g3847__6260  8.982e-05   6.724e-05   0.0001842   2.717e-05  AND2X1
g7663__6161                       0.0001   6.459e-05   0.0001838    1.92e-05  OAI2BB1XL
FE_OFC25_rem_96_35_Y_div_84_31_n_153  7.944e-05   9.116e-05   0.0001836   1.301e-05  INVX1
g7712__3680                    0.0001393   2.604e-05   0.0001832   1.787e-05  OAI32X1
g7774__6783                     3.08e-05   0.0001415   0.0001815   9.289e-06  NAND2XL
mul_78_39_g466__5122           0.0001209   3.336e-05   0.0001815   2.717e-05  AND2X1
g7773__5526                    6.381e-05    0.000103   0.0001792   1.236e-05  NOR2XL
g7682__3680                     7.23e-05     8.7e-05   0.0001785    1.92e-05  OAI2BB1XL
rem_96_35_Y_div_84_31_g3673__5477   9.52e-05   7.276e-05   0.0001773   9.289e-06  NAND2XL
g7655__8246                    9.967e-05   5.822e-05   0.0001771    1.92e-05  OAI2BB1XL
rem_96_35_Y_div_84_31_g3765__7410   0.000122   4.223e-05   0.0001766   1.236e-05  NOR2XL
rem_96_35_Y_div_84_31_g3924__1705  8.496e-05   7.924e-05   0.0001766   1.236e-05  NOR2XL
g7830__8428                    8.629e-05   7.787e-05   0.0001765   1.236e-05  NOR2XL
rem_96_35_Y_div_84_31_g3783__5122  4.642e-05   0.0001157   0.0001761   1.403e-05  NAND2X1
g7664__9315                    7.535e-05    8.14e-05   0.0001759    1.92e-05  OAI2BB1XL
rem_96_35_Y_div_84_31_g3906__2883  0.0001108   4.341e-05   0.0001755   2.127e-05  OAI2BB1X1
rem_96_35_Y_div_84_31_g3927__7098  3.968e-05   0.0001258   0.0001748   9.289e-06  NAND2XL
g7778__1705                     7.68e-05   5.438e-05   0.0001737   4.256e-05  OR2X1
rem_96_35_Y_div_84_31_g3799__2346  8.415e-05   7.881e-05   0.0001723   9.289e-06  NAND2XL
rem_96_35_Y_div_84_31_g3776__3680  0.0001115   4.659e-05   0.0001713   1.314e-05  OAI221X1
rem_96_35_Y_div_84_31_g3891    7.714e-05   7.942e-05   0.0001696   1.301e-05  INVX1
rem_96_35_Y_div_84_31_g3914__5107  8.618e-05    7.05e-05    0.000169   1.236e-05  NOR2XL
g7861                          6.665e-05   8.919e-05   0.0001689   1.301e-05  INVX1
rem_96_35_Y_div_84_31_g3804__2398  0.0001162   3.979e-05   0.0001683   1.236e-05  NOR2XL
rem_96_35_Y_div_84_31_g3767__5477  0.0001176   3.717e-05   0.0001679   1.314e-05  OAI221X1
rem_96_35_Y_div_84_31_g3911__5477  7.722e-05   4.702e-05   0.0001668   4.256e-05  OR2X1
rem_96_35_Y_div_84_31_g3797    8.733e-05   6.935e-05   0.0001654   8.757e-06  INVXL
g7751__8246                    3.479e-05   8.703e-05   0.0001644   4.256e-05  OR2X1
g7677__4319                    9.971e-05   4.526e-05   0.0001642    1.92e-05  OAI2BB1XL
rem_96_35_Y_div_84_31_g3933__6161  8.579e-05   6.569e-05   0.0001638   1.236e-05  NOR2XL
g7755__1881                    2.616e-05   0.0001026   0.0001637   3.499e-05  NAND2BX1
rem_96_35_Y_div_84_31_g3905__9945   3.08e-05    0.000122   0.0001621   9.289e-06  NAND2XL
rem_96_35_Y_div_84_31_g3781__1705  0.0001097   3.959e-05   0.0001617   1.236e-05  NOR2XL
g7782__8246                    8.483e-05   4.111e-05   0.0001609   3.499e-05  NAND2BX1
g7851                          6.454e-05   8.331e-05   0.0001609   1.301e-05  INVX1
g7702__7410                    0.0001161   2.592e-05   0.0001599   1.787e-05  OAI32X1
g7848                          6.586e-05   8.027e-05   0.0001591   1.301e-05  INVX1
g7635__2398                    7.993e-05   5.972e-05   0.0001589    1.92e-05  OAI2BB1XL
rem_96_35_Y_div_84_31_g3846    5.167e-05   9.335e-05    0.000158   1.301e-05  CLKINVX1
g7837__5122                    4.021e-05   0.0001082   0.0001577   9.289e-06  NAND2XL
g7789__6161                    4.127e-05   0.0001058   0.0001563   9.289e-06  NAND2XL
g7834__1617                    3.948e-05   0.0001072   0.0001559   9.289e-06  NAND2XL
rem_96_35_Y_div_84_31_g3922__2802  8.639e-05   5.281e-05   0.0001516   1.236e-05  NOR2XL
rem_96_35_Y_div_84_31_g3761__2883  7.641e-05   6.548e-05   0.0001512   9.289e-06  NAND2XL
rem_96_35_Y_div_84_31_g3814    6.168e-05   8.072e-05   0.0001512   8.757e-06  INVXL
g7838__8246                    4.676e-05   9.496e-05    0.000151   9.289e-06  NAND2XL
rem_96_35_Y_div_84_31_g3819__8246  8.551e-05    5.62e-05    0.000151   9.289e-06  NAND2XL
g7795__9945                    8.606e-05   5.063e-05   0.0001491   1.236e-05  NOR2XL
g7854                          6.612e-05    6.95e-05   0.0001486   1.301e-05  INVX1
g7749__1705                     4.89e-05   7.967e-05   0.0001486   2.004e-05  NOR2BX1
g2                             0.0001103   2.465e-05   0.0001485   1.361e-05  NOR3XL
FE_OFC38_rem_96_35_Y_div_84_31_n_26  6.122e-05   7.283e-05   0.0001471   1.301e-05  INVX1
FE_OFC53_rem_96_35_Y_div_84_31_n_150  3.538e-05   9.824e-05   0.0001466   1.301e-05  CLKINVX1
rem_96_35_Y_div_84_31_g3916__4319  4.056e-05   9.672e-05   0.0001466   9.289e-06  NAND2XL
rem_96_35_Y_div_84_31_g3856    7.221e-05   6.244e-05   0.0001434   8.757e-06  INVXL
rem_96_35_Y_div_84_31_g3773__5526  7.865e-05   5.175e-05   0.0001428   1.236e-05  NOR2XL
g7859                          6.134e-05   6.816e-05   0.0001425   1.301e-05  CLKINVX1
g7827__5107                    4.104e-05   9.196e-05   0.0001423   9.289e-06  NAND2XL
rem_96_35_Y_div_84_31_g3777__1617   7.21e-05    2.94e-05   0.0001403   3.881e-05  AO22XL
g7824                          8.262e-05   4.427e-05   0.0001399   1.301e-05  CLKINVX1
rem_96_35_Y_div_84_31_g3886__8428  7.811e-05   2.021e-05   0.0001397   4.143e-05  NOR4X2
rem_96_35_Y_div_84_31_g3805__5107  5.932e-05   7.057e-05   0.0001392   9.289e-06  NAND2XL
g7831__5526                    4.669e-05   8.236e-05   0.0001383   9.289e-06  NAND2XL
FE_OFC54_rem_96_35_Y_div_84_31_n_150  3.542e-05   8.929e-05   0.0001377   1.301e-05  INVX1
g7713__1617                    8.276e-05   4.158e-05   0.0001375   1.314e-05  OAI221X1
g7835__2802                    3.972e-05   8.702e-05    0.000136   9.289e-06  NAND2XL
g7759__6161                    6.074e-05   4.011e-05    0.000135   3.419e-05  NAND3BX1
g7803                          7.985e-05   4.182e-05   0.0001347   1.301e-05  CLKINVX1
rem_96_35_Y_div_84_31_g3892__2802  4.923e-05   7.407e-05   0.0001326   9.289e-06  NAND2XL
g7656__7098                    7.479e-05   3.672e-05   0.0001307    1.92e-05  OAI2BB1XL
rem_96_35_Y_div_84_31_g3782    4.375e-05   7.355e-05   0.0001303   1.301e-05  CLKINVX1
g7754__6131                    2.643e-05   9.143e-05   0.0001302   1.236e-05  NOR2XL
g7707__6260                    6.672e-05   5.244e-05   0.0001285   9.289e-06  NAND2XL
g7753__7098                    1.282e-05   0.0001063   0.0001284   9.289e-06  NAND2XL
g7704__5477                    8.515e-05   3.008e-05   0.0001284   1.314e-05  OAI221X1
g7711__6783                     8.33e-05   3.156e-05    0.000128   1.314e-05  OAI221X1
rem_96_35_Y_div_84_31_g3733__6417  6.649e-05     5.2e-05   0.0001278   9.289e-06  NAND2XL
rem_96_35_Y_div_84_31_g3932__4733  3.907e-05   7.915e-05   0.0001275   9.289e-06  NAND2XL
rem_96_35_Y_div_84_31_g3732__7410  6.706e-05   5.073e-05   0.0001271   9.289e-06  NAND2XL
rem_96_35_Y_div_84_31_g3907__2346  5.088e-05   6.649e-05   0.0001267   9.289e-06  NAND2XL
rem_96_35_Y_div_84_31_g3806__6260  4.779e-05   6.731e-05   0.0001244   9.289e-06  NAND2XL
rem_96_35_Y_div_84_31_g3729__2883  6.774e-05   4.711e-05   0.0001241   9.289e-06  NAND2XL
rem_96_35_Y_div_84_31_g3778    6.247e-05   5.179e-05    0.000123   8.757e-06  INVXL
rem_96_35_Y_div_84_31_g3944__2883  3.633e-05   5.131e-05   0.0001226   3.499e-05  NAND2BX1
rem_96_35_Y_div_84_31_g3789__1881   6.67e-05   3.715e-05    0.000122   1.815e-05  AOI21X1
g7708__4319                    8.369e-05   2.345e-05   0.0001203   1.314e-05  OAI221X1
g7710__5526                    7.964e-05   2.805e-05   0.0001199   1.224e-05  OAI222XL
g2__1881                       6.384e-05   2.044e-05   0.0001193   3.499e-05  NAND2BX1
g7714__2802                    8.372e-05   2.194e-05   0.0001188   1.314e-05  OAI221X1
g7750__5122                    2.713e-05   7.898e-05   0.0001185   1.236e-05  NOR2XL
mul_78_39_g423__1666           4.251e-05   6.341e-05   0.0001183   1.236e-05  NOR2XL
mul_78_39_g451__1666           4.909e-05   5.893e-05   0.0001173   9.289e-06  NAND2XL
mul_78_39_g421__2883           4.296e-05   6.166e-05    0.000117   1.236e-05  NOR2XL
rem_96_35_Y_div_84_31_g3849__8428  3.585e-05   4.613e-05    0.000117   3.499e-05  NAND2BX1
mul_78_39_g455__2398           4.769e-05   5.902e-05    0.000116   9.289e-06  NAND2XL
FE_OFC59_rem_96_35_Y_div_84_31_n_158  7.707e-05   2.516e-05   0.0001152   1.301e-05  INVX1
mul_78_39_g425__6417           4.251e-05   6.026e-05   0.0001151   1.236e-05  NOR2XL
mul_78_39_g484__5107           4.674e-05   5.898e-05    0.000115   9.289e-06  NAND2XL
mul_78_39_g420__9945           4.251e-05   5.957e-05   0.0001144   1.236e-05  NOR2XL
g7706__5107                    6.486e-05   3.642e-05   0.0001144   1.314e-05  OAI221X1
mul_78_39_g450__2346           4.763e-05   5.709e-05    0.000114   9.289e-06  NAND2XL
g7772__8428                    3.016e-05    7.31e-05   0.0001126   9.289e-06  NAND2XL
rem_96_35_Y_div_84_31_g3897    7.554e-05   2.822e-05   0.0001125   8.757e-06  INVXL
mul_78_39_g488__5526           4.798e-05   5.484e-05   0.0001121   9.289e-06  NAND2XL
rem_96_35_Y_div_84_31_g3845__5107  4.978e-05   4.383e-05   0.0001118   1.816e-05  NOR2X1
rem_96_35_Y_div_84_31_g3837__7410  7.498e-05   1.633e-05   0.0001113   1.995e-05  AOI211X1
mul_78_39_g418__6161            4.31e-05   5.535e-05   0.0001108   1.236e-05  NOR2XL
mul_78_39_g449__2883           4.156e-05   5.979e-05   0.0001106   9.289e-06  NAND2XL
mul_78_39_g457__6260           4.185e-05   5.901e-05   0.0001101   9.289e-06  NAND2XL
mul_78_39_g453__6417           4.359e-05    5.58e-05   0.0001087   9.289e-06  NAND2XL
mul_78_39_g422__2346           4.312e-05   5.305e-05   0.0001085   1.236e-05  NOR2XL
mul_78_39_g456__5107           4.603e-05   5.259e-05   0.0001079   9.289e-06  NAND2XL
mul_78_39_g448__9945           3.959e-05   5.834e-05   0.0001072   9.289e-06  NAND2XL
mul_78_39_g489__6783           4.158e-05   5.621e-05   0.0001071   9.289e-06  NAND2XL
mul_78_39_g485__6260            4.56e-05   5.174e-05   0.0001066   9.289e-06  NAND2XL
g7862__5115                     2.78e-05   4.383e-05   0.0001066   3.499e-05  NAND2BX1
mul_78_39_g454__5477           4.195e-05   5.505e-05   0.0001063   9.289e-06  NAND2XL
mul_78_39_g487__8428           3.956e-05    5.67e-05   0.0001055   9.289e-06  NAND2XL
rem_96_35_Y_div_84_31_g3926__8246  3.915e-05   5.667e-05   0.0001051   9.289e-06  NAND2XL
g7705__2398                    6.504e-05   2.675e-05   0.0001049   1.314e-05  OAI221X1
g7715__1705                    6.774e-05   2.381e-05   0.0001038   1.224e-05  OAI222XL
g7703__6417                    6.508e-05   2.554e-05   0.0001038   1.314e-05  OAI221X1
mul_78_39_g486__4319           4.005e-05   5.317e-05   0.0001025   9.289e-06  NAND2XL
g7701__1666                    6.496e-05   2.419e-05   0.0001023   1.314e-05  OAI221X1
g7709__8428                    6.491e-05   2.421e-05   0.0001023   1.314e-05  OAI221X1
rem_96_35_Y_div_84_31_g3864__1881  5.487e-05   3.774e-05   0.0001019   9.289e-06  NAND2XL
mul_78_39_g452__7410           4.009e-05   5.206e-05   0.0001014   9.289e-06  NAND2XL
mul_78_39_g419__9315           4.258e-05   4.641e-05   0.0001014   1.236e-05  NOR2XL
g7776__1617                    6.692e-05   2.206e-05   0.0001013   1.236e-05  NOR2XL
mul_78_39_g424__7410           4.289e-05   4.431e-05   9.956e-05   1.236e-05  NOR2XL
g7790                          4.904e-05   4.064e-05   9.844e-05   8.757e-06  INVXL
g7748__2802                     2.64e-05   5.938e-05   9.814e-05   1.236e-05  NOR2XL
g7775__3680                    4.683e-05    4.13e-05   9.742e-05   9.289e-06  NAND2XL
rem_96_35_Y_div_84_31_g3843__2398  6.406e-05   9.973e-06   9.661e-05   2.258e-05  NOR4BX1
rem_96_35_Y_div_84_31_g3839__6417  4.178e-05    3.36e-05   9.542e-05   2.004e-05  NOR2BX1
rem_96_35_Y_div_84_31_g3832__9945  5.393e-05   2.807e-05   9.501e-05     1.3e-05  AOI222XL
rem_96_35_Y_div_84_31_g3925__5122  3.901e-05   4.557e-05   9.387e-05   9.289e-06  NAND2XL
rem_96_35_Y_div_84_31_g3818__5122  5.312e-05   2.604e-05   9.326e-05    1.41e-05  OAI211X1
g7697                          2.156e-05   5.734e-05   9.192e-05   1.301e-05  CLKINVX1
g7658__1881                    6.136e-05   1.066e-05   9.053e-05   1.851e-05  AOI32X1
rem_96_35_Y_div_84_31_g3900__5115  3.261e-05   4.849e-05    9.04e-05   9.289e-06  NAND2XL
g7653__1705                    3.472e-05   4.557e-05   8.963e-05   9.336e-06  OAI211XL
rem_96_35_Y_div_84_31_g3852__6783  4.314e-05   3.687e-05    8.93e-05   9.289e-06  NAND2XL
g7744                          1.978e-05    5.62e-05   8.899e-05   1.301e-05  CLKINVX1
g7779                          4.979e-05   3.017e-05   8.872e-05   8.757e-06  INVXL
rem_96_35_Y_div_84_31_g3859__5122  5.773e-05   9.933e-06   8.761e-05   1.995e-05  AOI211X1
g7823                          4.157e-05   3.698e-05    8.73e-05   8.757e-06  INVXL
g7652__2802                    3.498e-05   4.178e-05   8.609e-05   9.336e-06  OAI211XL
g7650__3680                    3.427e-05   4.083e-05   8.443e-05   9.336e-06  OAI211XL
g7651__1617                    3.394e-05   4.057e-05   8.385e-05   9.336e-06  OAI211XL
rem_96_35_Y_div_84_31_g3910__6417  3.266e-05   4.119e-05   8.314e-05   9.289e-06  NAND2XL
g7646__8428                    2.739e-05   4.477e-05   8.209e-05    9.93e-06  NAND3XL
rem_96_35_Y_div_84_31_g3834__2883  5.434e-05   1.285e-05   8.019e-05     1.3e-05  AOI222XL
rem_96_35_Y_div_84_31_g3848__4319  2.497e-05   3.433e-05   7.744e-05   1.815e-05  AOI21X1
g7659__5115                    1.184e-05   3.037e-05    7.64e-05   3.419e-05  NAND3BX1
rem_96_35_Y_div_84_31_g3835__2346  2.877e-05   1.856e-05    7.45e-05   2.717e-05  AND2X1
rem_96_35_Y_div_84_31_g3774__6783  3.065e-05   2.843e-05   7.419e-05   1.511e-05  NAND3X1
rem_96_35_Y_div_84_31_g3842__5477  1.672e-05   3.014e-05   7.404e-05   2.717e-05  AND2X1
g7700__2346                    2.578e-05   3.386e-05   7.374e-05    1.41e-05  OAI211X1
g7724__6161                    3.894e-05   1.098e-05   6.824e-05   1.833e-05  AOI22X1
g7648__6783                    4.021e-05   1.285e-05   6.716e-05    1.41e-05  OAI211X1
g7719__6131                    3.644e-05   1.167e-05   6.644e-05   1.833e-05  AOI22X1
g7742                          3.044e-05   2.188e-05   6.534e-05   1.301e-05  INVX1
g7746                          2.778e-05    2.42e-05   6.499e-05   1.301e-05  INVX1
g7716__5122                    3.674e-05   9.866e-06   6.494e-05   1.833e-05  AOI22X1
g7725__9315                    2.531e-05    1.25e-05   6.484e-05   2.704e-05  MXI2XL
rem_96_35_Y_div_84_31_g3899__1881  2.009e-05   3.546e-05   6.484e-05   9.289e-06  NAND2XL
g7723__4733                    3.656e-05   9.826e-06   6.471e-05   1.833e-05  AOI22X1
g7721__5115                     3.67e-05   9.546e-06   6.457e-05   1.833e-05  AOI22X1
g7722__7482                    3.661e-05   9.279e-06   6.421e-05   1.833e-05  AOI22X1
rem_96_35_Y_div_84_31_g3855__2802  3.844e-05   1.164e-05   6.418e-05    1.41e-05  OAI211X1
rem_96_35_Y_div_84_31_g3830__6161   2.82e-05   2.272e-05   6.391e-05   1.299e-05  OAI21X1
g7654__5122                    3.347e-05   1.925e-05   6.205e-05   9.336e-06  OAI211XL
rem_96_35_Y_div_84_31_g3844    2.488e-05    2.27e-05    6.06e-05   1.301e-05  CLKINVX1
rem_96_35_Y_div_84_31_g3898__6131  3.565e-05   1.072e-05   6.048e-05    1.41e-05  OAI211X1
g7647__5526                    3.075e-05    1.98e-05   5.989e-05   9.336e-06  OAI211XL
g7717__8246                     2.94e-05   8.705e-06   5.625e-05   1.815e-05  AOI21X1
rem_96_35_Y_div_84_31_g3831__9315  2.839e-05   2.627e-06   5.136e-05   2.034e-05  NOR3X1
g7735__6260                    2.786e-05   9.072e-06   4.929e-05   1.236e-05  NOR2XL
rem_96_35_Y_div_84_31_g3826__5115  2.247e-05   8.999e-06   4.382e-05   1.236e-05  NOR2XL
rem_96_35_Y_div_84_31_g3858    1.909e-05   9.292e-06   4.139e-05   1.301e-05  INVX1
rem_96_35_Y_div_84_31_g3812__6783  2.032e-05   8.326e-06     4.1e-05   1.236e-05  NOR2XL
g7718__7098                     8.88e-06   1.936e-05    3.87e-05   1.046e-05  NAND4XL
g7732__5477                    1.303e-05    1.31e-05   3.543e-05   9.289e-06  NAND2XL
g7737__8428                    1.467e-05   1.107e-05   3.503e-05   9.289e-06  NAND2XL
g7731__6417                    1.424e-05   1.085e-05   3.438e-05   9.289e-06  NAND2XL
g7734__5107                    1.526e-05   7.387e-06   3.193e-05   9.289e-06  NAND2XL
g7743                           1.34e-05   9.586e-06   3.174e-05   8.757e-06  INVXL
g7739__6783                    1.422e-05   7.626e-06   3.113e-05   9.289e-06  NAND2XL
rem_96_35_Y_div_84_31_g3893__1705  7.794e-06   1.063e-05   3.078e-05   1.236e-05  NOR2XL
g7733__2398                    1.002e-05   1.046e-05   2.977e-05   9.289e-06  NAND2XL
g7726__9945                    1.007e-05   1.006e-05   2.941e-05   9.289e-06  NAND2XL
g7729__1666                    1.006e-05     9.8e-06   2.915e-05   9.289e-06  NAND2XL
g7727__2883                    1.016e-05   9.185e-06   2.864e-05   9.289e-06  NAND2XL
g7730__7410                    1.337e-05   5.929e-06   2.859e-05   9.289e-06  NAND2XL
FE_OFC28_n_208                 9.211e-06   4.319e-06   2.654e-05   1.301e-05  INVX1
rem_96_35_Y_div_84_31_g3838    9.554e-06   7.263e-06   2.557e-05   8.757e-06  INVXL
g7736__4319                    1.048e-05   5.188e-06   2.496e-05   9.289e-06  NAND2XL
g7741__3680                    6.393e-06   5.521e-06   2.237e-05   1.046e-05  NAND4XL
rem_96_35_Y_div_84_31_g3829__4733  6.522e-06   6.385e-06    2.22e-05   9.289e-06  NAND2XL
g7865                          4.171e-06   2.826e-06   1.575e-05   8.757e-06  INVXL
g7738__5526                    3.022e-06    2.36e-06   1.467e-05   9.289e-06  NAND2XL
g7728__2346                    1.921e-06   1.434e-06   1.264e-05   9.289e-06  NAND2XL

---------------------------------------------------------------------------------------

Total (    661 of    661  )       0.2087       0.252      0.484     0.02331
Total Capacitance                2.274e-11 F
Power Density                   *** No Die Area ***
