###############################################################
#  Generated by:      Cadence Tempus 20.10-p003_1
#  OS:                Linux x86_64(Host ID edatools-server2.iiitd.edu.in)
#  Generated on:      Mon Jun 29 17:16:09 2026
#  Design:            ALU
#  Command:           report_timing -early > $report_dir/hold_slew_0.8ns.rpt
###############################################################
Path 1: VIOLATED Hold Check with Pin X_reg[0]/CK 
Endpoint:   X_reg[0]/D (v) checked with  leading edge of 'clk'
Beginpoint: in1[0]     (v) triggered by  leading edge of '@'
Path Groups: {clk}
Other End Arrival Time          0.000
+ Hold                          0.130
+ Phase Shift                   0.000
= Required Time                 0.130
  Arrival Time                  0.000
  Slack Time                   -0.130
     Clock Rise Edge                      0.000
     + Input Delay                        0.000
     = Beginpoint Arrival Time            0.000
      ----------------------------------------------------
      Instance  Arc       Cell    Delay  Arrival  Required  
                                         Time     Time  
      ----------------------------------------------------
      -         in1[0] v  -       -      0.000    0.130  
      X_reg[0]  D v       DFFQX1  0.000  0.000    0.130  
      ----------------------------------------------------

