###############################################################
#  Generated by:      Cadence Tempus 20.10-p003_1
#  OS:                Linux x86_64(Host ID edatools-server2.iiitd.edu.in)
#  Generated on:      Mon Jun 29 17:16:05 2026
#  Design:            ALU
#  Command:           report_timing > $report_dir/setup_slew_0ns.rpt
###############################################################
Path 1: VIOLATED Setup Check with Pin out1_reg[2]/CK 
Endpoint:   out1_reg[2]/D (v) checked with  leading edge of 'clk'
Beginpoint: Y_reg[7]/Q    (v) triggered by  leading edge of 'clk'
Path Groups: {clk}
Other End Arrival Time          0.000
- Setup                         0.077
+ Phase Shift                   8.000
- Uncertainty                   0.400
= Required Time                 7.523
- Arrival Time                 12.738
= Slack Time                   -5.215
     Clock Rise Edge                 0.000
     + Clock Network Latency (Ideal) 0.000
     = Beginpoint Arrival Time       0.000
      ------------------------------------------------------------------------------------
      Instance                           Arc           Cell       Delay  Arrival  Required  
                                                                         Time     Time  
      ------------------------------------------------------------------------------------
      Y_reg[7]                           CK ^          -          -      0.000    -5.215  
      Y_reg[7]                           CK ^ -> Q v   DFFQX1     0.492  0.492    -4.723  
      rem_96_35_Y_div_84_31_g1710__1666  A v -> Y ^    NOR2XL     0.188  0.680    -4.535  
      rem_96_35_Y_div_84_31_g1702__7482  B ^ -> Y v    NAND2XL    0.141  0.822    -4.394  
      rem_96_35_Y_div_84_31_g1701__5115  B v -> Y v    OR2X1      0.177  0.999    -4.217  
      rem_96_35_Y_div_84_31_g1700__1881  B v -> Y ^    NOR2XL     0.217  1.216    -3.999  
      rem_96_35_Y_div_84_31_g1699__6131  C0 ^ -> Y v   OAI211X1   0.143  1.359    -3.856  
      rem_96_35_Y_div_84_31_g1698__7098  B v -> Y ^    NOR2XL     0.160  1.519    -3.696  
      rem_96_35_Y_div_84_31_g1697__8246  A1N ^ -> Y ^  OAI2BB1X1  0.208  1.727    -3.488  
      rem_96_35_Y_div_84_31_g1696__5122  B ^ -> Y v    NAND2XL    0.102  1.829    -3.387  
      rem_96_35_Y_div_84_31_g1695__1705  C0 v -> Y ^   OAI211X1   0.076  1.904    -3.311  
      rem_96_35_Y_div_84_31_g1694__2802  B ^ -> Y v    NOR2XL     0.106  2.011    -3.205  
      rem_96_35_Y_div_84_31_g1692__3680  A1N v -> Y v  OAI2BB1X1  0.220  2.230    -2.985  
      rem_96_35_Y_div_84_31_g1691__6783  B0 v -> Y ^   AOI21X1    0.096  2.326    -2.889  
      rem_96_35_Y_div_84_31_g1689__8428  B0 ^ -> Y ^   AO21X1     0.132  2.458    -2.757  
      rem_96_35_Y_div_84_31_g1688__4319  B0 ^ -> Y ^   AO21X1     0.104  2.562    -2.653  
      rem_96_35_Y_div_84_31_g1687__6260  C0 ^ -> Y v   OAI211X1   0.149  2.711    -2.504  
      rem_96_35_Y_div_84_31_g1686        A v -> Y ^    CLKINVX1   0.128  2.839    -2.377  
      rem_96_35_Y_div_84_31_g1685__5107  B ^ -> Y v    NAND2XL    0.125  2.964    -2.251  
      rem_96_35_Y_div_84_31_g1681__7410  B v -> Y ^    NOR2XL     0.132  3.096    -2.120  
      rem_96_35_Y_div_84_31_g1680__1666  B0 ^ -> Y v   AOI21X1    0.081  3.177    -2.039  
      rem_96_35_Y_div_84_31_g1678__2883  CI v -> CO v  ADDFX1     0.267  3.444    -1.771  
      rem_96_35_Y_div_84_31_g1677__9945  CI v -> CO v  ADDFX1     0.258  3.702    -1.513  
      rem_96_35_Y_div_84_31_g1676__9315  A1 v -> Y ^   AOI221X1   0.368  4.070    -1.146  
      rem_96_35_Y_div_84_31_g2__7410     AN ^ -> Y ^   NOR2BX1    0.184  4.254    -0.961  
      rem_96_35_Y_div_84_31_g1669__5115  B ^ -> Y v    XNOR2X1    0.187  4.441    -0.775  
      rem_96_35_Y_div_84_31_g1667__1881  CI v -> CO v  ADDFX1     0.248  4.688    -0.527  
      rem_96_35_Y_div_84_31_g1666__6131  CI v -> CO v  ADDFX1     0.252  4.940    -0.276  
      rem_96_35_Y_div_84_31_g1665__7098  CI v -> CO v  ADDFX1     0.257  5.196    -0.019  
      rem_96_35_Y_div_84_31_g1664__8246  A1 v -> Y ^   AOI221X1   0.410  5.607    0.391  
      rem_96_35_Y_div_84_31_g1663__5122  B ^ -> Y v    NAND2XL    0.194  5.801    0.585  
      rem_96_35_Y_div_84_31_g1657__6783  B v -> Y ^    NOR2XL     0.147  5.947    0.732  
      rem_96_35_Y_div_84_31_g1656__5526  B0 ^ -> Y v   AOI21X1    0.083  6.031    0.815  
      rem_96_35_Y_div_84_31_g1655__8428  CI v -> CO v  ADDFX1     0.268  6.299    1.083  
      rem_96_35_Y_div_84_31_g1654__4319  CI v -> CO v  ADDFX1     0.252  6.550    1.335  
      rem_96_35_Y_div_84_31_g1653__6260  CI v -> CO v  ADDFX1     0.252  6.802    1.586  
      rem_96_35_Y_div_84_31_g1652__5107  CI v -> CO v  ADDFX1     0.257  7.059    1.844  
      rem_96_35_Y_div_84_31_g1651__2398  B0 v -> Y ^   OAI21X1    0.067  7.126    1.911  
      rem_96_35_Y_div_84_31_g1650__5477  C0 ^ -> Y v   OAI211X1   0.322  7.448    2.233  
      rem_96_35_Y_div_84_31_g1649        A v -> Y ^    CLKINVX1   0.153  7.601    2.386  
      rem_96_35_Y_div_84_31_g1648__6417  B ^ -> Y v    NAND2XL    0.136  7.737    2.522  
      rem_96_35_Y_div_84_31_g1642__9315  B v -> Y ^    NOR2XL     0.132  7.869    2.653  
      rem_96_35_Y_div_84_31_g1641__6161  B0 ^ -> Y v   AOI21X1    0.082  7.951    2.735  
      rem_96_35_Y_div_84_31_g1638__5115  CI v -> CO v  ADDFX1     0.268  8.219    3.003  
      rem_96_35_Y_div_84_31_g1637__1881  CI v -> CO v  ADDFX1     0.252  8.470    3.255  
      rem_96_35_Y_div_84_31_g1636__6131  CI v -> CO v  ADDFX1     0.252  8.722    3.506  
      rem_96_35_Y_div_84_31_g1635__7098  CI v -> CO v  ADDFX1     0.252  8.973    3.758  
      rem_96_35_Y_div_84_31_g1634__8246  CI v -> CO v  ADDFX1     0.247  9.221    4.005  
      rem_96_35_Y_div_84_31_g1632__5122  A1 v -> Y ^   AOI211X1   0.453  9.674    4.458  
      rem_96_35_Y_div_84_31_g1630__1705  B ^ -> Y v    NAND2XL    0.201  9.875    4.659  
      rem_96_35_Y_div_84_31_g1623__4319  B v -> Y ^    NOR2XL     0.151  10.026   4.810  
      rem_96_35_Y_div_84_31_g1622__6260  B0 ^ -> Y v   AOI21X1    0.083  10.109   4.893  
      rem_96_35_Y_div_84_31_g1620__2398  CI v -> CO v  ADDFX1     0.262  10.371   5.155  
      rem_96_35_Y_div_84_31_g1619__5477  CI v -> CO v  ADDFX1     0.252  10.622   5.407  
      rem_96_35_Y_div_84_31_g1618__6417  CI v -> CO v  ADDFX1     0.252  10.874   5.658  
      rem_96_35_Y_div_84_31_g1617__7410  CI v -> CO v  ADDFX1     0.252  11.125   5.910  
      rem_96_35_Y_div_84_31_g1616__1666  CI v -> CO v  ADDFX1     0.251  11.376   6.161  
      rem_96_35_Y_div_84_31_g1615__2346  CI v -> CO v  ADDFX1     0.257  11.633   6.418  
      rem_96_35_Y_div_84_31_g1614__2883  B1 v -> Y ^   OAI22X1    0.372  12.005   6.790  
      rem_96_35_Y_div_84_31_g1611__6161  S0 ^ -> Y v   MXI2XL     0.126  12.131   6.916  
      g7667__9315                        A1 v -> Y ^   AOI221X1   0.193  12.324   7.109  
      g7651__6783                        C ^ -> Y v    NAND3X1    0.119  12.443   7.228  
      g7649__8428                        C0 v -> Y ^   AOI221X1   0.146  12.589   7.374  
      g7648__4319                        C0 ^ -> Y v   OAI221X1   0.149  12.738   7.523  
      out1_reg[2]                        D v           DFFHQX8    0.000  12.738   7.523  
      ------------------------------------------------------------------------------------

