###############################################################
#  Generated by:      Cadence Tempus 20.10-p003_1
#  OS:                Linux x86_64(Host ID edatools-server2.iiitd.edu.in)
#  Generated on:      Mon Jun 29 17:16:09 2026
#  Design:            ALU
#  Command:           report_timing > $report_dir/setup_slew_0.8ns.rpt
###############################################################
Path 1: VIOLATED Setup Check with Pin out1_reg[2]/CK 
Endpoint:   out1_reg[2]/D (v) checked with  leading edge of 'clk'
Beginpoint: Y_reg[7]/Q    (v) triggered by  leading edge of 'clk'
Path Groups: {clk}
Other End Arrival Time          0.000
- Setup                        -0.030
+ Phase Shift                   8.000
- Uncertainty                   0.400
= Required Time                 7.630
- Arrival Time                 12.847
= Slack Time                   -5.218
     Clock Rise Edge                 0.000
     + Clock Network Latency (Ideal) 0.000
     = Beginpoint Arrival Time       0.000
      ------------------------------------------------------------------------------------
      Instance                           Arc           Cell       Delay  Arrival  Required  
                                                                         Time     Time  
      ------------------------------------------------------------------------------------
      Y_reg[7]                           CK ^          -          -      0.000    -5.218  
      Y_reg[7]                           CK ^ -> Q v   DFFQX1     0.607  0.607    -4.611  
      rem_96_35_Y_div_84_31_g1710__1666  A v -> Y ^    NOR2XL     0.188  0.794    -4.423  
      rem_96_35_Y_div_84_31_g1702__7482  B ^ -> Y v    NAND2XL    0.141  0.935    -4.282  
      rem_96_35_Y_div_84_31_g1701__5115  B v -> Y v    OR2X1      0.177  1.112    -4.105  
      rem_96_35_Y_div_84_31_g1700__1881  B v -> Y ^    NOR2XL     0.217  1.330    -3.888  
      rem_96_35_Y_div_84_31_g1699__6131  C0 ^ -> Y v   OAI211X1   0.143  1.473    -3.745  
      rem_96_35_Y_div_84_31_g1698__7098  B v -> Y ^    NOR2XL     0.160  1.633    -3.585  
      rem_96_35_Y_div_84_31_g1697__8246  A1N ^ -> Y ^  OAI2BB1X1  0.208  1.840    -3.377  
      rem_96_35_Y_div_84_31_g1696__5122  B ^ -> Y v    NAND2XL    0.102  1.942    -3.276  
      rem_96_35_Y_div_84_31_g1695__1705  C0 v -> Y ^   OAI211X1   0.075  2.017    -3.200  
      rem_96_35_Y_div_84_31_g1694__2802  B ^ -> Y v    NOR2XL     0.106  2.124    -3.094  
      rem_96_35_Y_div_84_31_g1692__3680  A1N v -> Y v  OAI2BB1X1  0.219  2.343    -2.875  
      rem_96_35_Y_div_84_31_g1691__6783  B0 v -> Y ^   AOI21X1    0.096  2.439    -2.779  
      rem_96_35_Y_div_84_31_g1689__8428  B0 ^ -> Y ^   AO21X1     0.131  2.570    -2.647  
      rem_96_35_Y_div_84_31_g1688__4319  B0 ^ -> Y ^   AO21X1     0.104  2.675    -2.543  
      rem_96_35_Y_div_84_31_g1687__6260  C0 ^ -> Y v   OAI211X1   0.149  2.823    -2.394  
      rem_96_35_Y_div_84_31_g1686        A v -> Y ^    CLKINVX1   0.128  2.951    -2.267  
      rem_96_35_Y_div_84_31_g1685__5107  B ^ -> Y v    NAND2XL    0.125  3.076    -2.141  
      rem_96_35_Y_div_84_31_g1681__7410  B v -> Y ^    NOR2XL     0.132  3.208    -2.010  
      rem_96_35_Y_div_84_31_g1680__1666  B0 ^ -> Y v   AOI21X1    0.081  3.289    -1.929  
      rem_96_35_Y_div_84_31_g1678__2883  CI v -> CO v  ADDFX1     0.267  3.556    -1.661  
      rem_96_35_Y_div_84_31_g1677__9945  CI v -> CO v  ADDFX1     0.257  3.814    -1.404  
      rem_96_35_Y_div_84_31_g1676__9315  A1 v -> Y ^   AOI221X1   0.368  4.181    -1.036  
      rem_96_35_Y_div_84_31_g2__7410     AN ^ -> Y ^   NOR2BX1    0.184  4.366    -0.852  
      rem_96_35_Y_div_84_31_g1669__5115  B ^ -> Y v    XNOR2X1    0.187  4.552    -0.665  
      rem_96_35_Y_div_84_31_g1667__1881  CI v -> CO v  ADDFX1     0.248  4.800    -0.418  
      rem_96_35_Y_div_84_31_g1666__6131  CI v -> CO v  ADDFX1     0.251  5.051    -0.166  
      rem_96_35_Y_div_84_31_g1665__7098  CI v -> CO v  ADDFX1     0.256  5.308    0.090  
      rem_96_35_Y_div_84_31_g1664__8246  A1 v -> Y ^   AOI221X1   0.410  5.718    0.501  
      rem_96_35_Y_div_84_31_g1663__5122  B ^ -> Y v    NAND2XL    0.194  5.912    0.694  
      rem_96_35_Y_div_84_31_g1657__6783  B v -> Y ^    NOR2XL     0.147  6.058    0.841  
      rem_96_35_Y_div_84_31_g1656__5526  B0 ^ -> Y v   AOI21X1    0.083  6.142    0.924  
      rem_96_35_Y_div_84_31_g1655__8428  CI v -> CO v  ADDFX1     0.268  6.410    1.192  
      rem_96_35_Y_div_84_31_g1654__4319  CI v -> CO v  ADDFX1     0.251  6.661    1.443  
      rem_96_35_Y_div_84_31_g1653__6260  CI v -> CO v  ADDFX1     0.252  6.912    1.695  
      rem_96_35_Y_div_84_31_g1652__5107  CI v -> CO v  ADDFX1     0.257  7.170    1.952  
      rem_96_35_Y_div_84_31_g1651__2398  B0 v -> Y ^   OAI21X1    0.067  7.237    2.019  
      rem_96_35_Y_div_84_31_g1650__5477  C0 ^ -> Y v   OAI211X1   0.322  7.559    2.341  
      rem_96_35_Y_div_84_31_g1649        A v -> Y ^    CLKINVX1   0.153  7.712    2.494  
      rem_96_35_Y_div_84_31_g1648__6417  B ^ -> Y v    NAND2XL    0.136  7.848    2.630  
      rem_96_35_Y_div_84_31_g1642__9315  B v -> Y ^    NOR2XL     0.131  7.979    2.762  
      rem_96_35_Y_div_84_31_g1641__6161  B0 ^ -> Y v   AOI21X1    0.082  8.061    2.843  
      rem_96_35_Y_div_84_31_g1638__5115  CI v -> CO v  ADDFX1     0.268  8.329    3.111  
      rem_96_35_Y_div_84_31_g1637__1881  CI v -> CO v  ADDFX1     0.251  8.580    3.363  
      rem_96_35_Y_div_84_31_g1636__6131  CI v -> CO v  ADDFX1     0.252  8.832    3.614  
      rem_96_35_Y_div_84_31_g1635__7098  CI v -> CO v  ADDFX1     0.251  9.083    3.866  
      rem_96_35_Y_div_84_31_g1634__8246  CI v -> CO v  ADDFX1     0.247  9.330    4.113  
      rem_96_35_Y_div_84_31_g1632__5122  A1 v -> Y ^   AOI211X1   0.453  9.783    4.566  
      rem_96_35_Y_div_84_31_g1630__1705  B ^ -> Y v    NAND2XL    0.201  9.984    4.767  
      rem_96_35_Y_div_84_31_g1623__4319  B v -> Y ^    NOR2XL     0.151  10.135   4.918  
      rem_96_35_Y_div_84_31_g1622__6260  B0 ^ -> Y v   AOI21X1    0.083  10.219   5.001  
      rem_96_35_Y_div_84_31_g1620__2398  CI v -> CO v  ADDFX1     0.262  10.480   5.263  
      rem_96_35_Y_div_84_31_g1619__5477  CI v -> CO v  ADDFX1     0.251  10.732   5.514  
      rem_96_35_Y_div_84_31_g1618__6417  CI v -> CO v  ADDFX1     0.252  10.983   5.766  
      rem_96_35_Y_div_84_31_g1617__7410  CI v -> CO v  ADDFX1     0.251  11.235   6.017  
      rem_96_35_Y_div_84_31_g1616__1666  CI v -> CO v  ADDFX1     0.251  11.486   6.268  
      rem_96_35_Y_div_84_31_g1615__2346  CI v -> CO v  ADDFX1     0.257  11.742   6.525  
      rem_96_35_Y_div_84_31_g1614__2883  B1 v -> Y ^   OAI22X1    0.372  12.115   6.897  
      rem_96_35_Y_div_84_31_g1611__6161  S0 ^ -> Y v   MXI2XL     0.126  12.241   7.023  
      g7667__9315                        A1 v -> Y ^   AOI221X1   0.193  12.433   7.216  
      g7651__6783                        C ^ -> Y v    NAND3X1    0.119  12.552   7.335  
      g7649__8428                        C0 v -> Y ^   AOI221X1   0.146  12.698   7.481  
      g7648__4319                        C0 ^ -> Y v   OAI221X1   0.149  12.847   7.630  
      out1_reg[2]                        D v           DFFHQX8    0.000  12.847   7.630  
      ------------------------------------------------------------------------------------

