###############################################################
#  Generated by:      Cadence Tempus 20.10-p003_1
#  OS:                Linux x86_64(Host ID edatools-server2.iiitd.edu.in)
#  Generated on:      Mon Jun 29 17:16:10 2026
#  Design:            ALU
#  Command:           report_timing > $report_dir/setup_load_2.rpt
###############################################################
Path 1: VIOLATED Setup Check with Pin out1_reg[2]/CK 
Endpoint:   out1_reg[2]/D (v) checked with  leading edge of 'clk'
Beginpoint: Y_reg[7]/Q    (v) triggered by  leading edge of 'clk'
Path Groups: {clk}
Other End Arrival Time          0.000
- Setup                         0.012
+ Phase Shift                   8.000
- Uncertainty                   0.400
= Required Time                 7.588
- Arrival Time                 12.809
= Slack Time                   -5.220
     Clock Rise Edge                 0.000
     + Clock Network Latency (Ideal) 0.000
     = Beginpoint Arrival Time       0.000
      ------------------------------------------------------------------------------------
      Instance                           Arc           Cell       Delay  Arrival  Required  
                                                                         Time     Time  
      ------------------------------------------------------------------------------------
      Y_reg[7]                           CK ^          -          -      0.000    -5.220  
      Y_reg[7]                           CK ^ -> Q v   DFFQX1     0.567  0.567    -4.653  
      rem_96_35_Y_div_84_31_g1710__1666  A v -> Y ^    NOR2XL     0.188  0.755    -4.466  
      rem_96_35_Y_div_84_31_g1702__7482  B ^ -> Y v    NAND2XL    0.141  0.896    -4.324  
      rem_96_35_Y_div_84_31_g1701__5115  B v -> Y v    OR2X1      0.177  1.073    -4.148  
      rem_96_35_Y_div_84_31_g1700__1881  B v -> Y ^    NOR2XL     0.217  1.290    -3.930  
      rem_96_35_Y_div_84_31_g1699__6131  C0 ^ -> Y v   OAI211X1   0.143  1.433    -3.787  
      rem_96_35_Y_div_84_31_g1698__7098  B v -> Y ^    NOR2XL     0.160  1.593    -3.627  
      rem_96_35_Y_div_84_31_g1697__8246  A1N ^ -> Y ^  OAI2BB1X1  0.208  1.801    -3.420  
      rem_96_35_Y_div_84_31_g1696__5122  B ^ -> Y v    NAND2XL    0.102  1.902    -3.318  
      rem_96_35_Y_div_84_31_g1695__1705  C0 v -> Y ^   OAI211X1   0.076  1.978    -3.243  
      rem_96_35_Y_div_84_31_g1694__2802  B ^ -> Y v    NOR2XL     0.106  2.084    -3.136  
      rem_96_35_Y_div_84_31_g1692__3680  A1N v -> Y v  OAI2BB1X1  0.219  2.304    -2.917  
      rem_96_35_Y_div_84_31_g1691__6783  B0 v -> Y ^   AOI21X1    0.096  2.400    -2.821  
      rem_96_35_Y_div_84_31_g1689__8428  B0 ^ -> Y ^   AO21X1     0.132  2.531    -2.689  
      rem_96_35_Y_div_84_31_g1688__4319  B0 ^ -> Y ^   AO21X1     0.104  2.635    -2.585  
      rem_96_35_Y_div_84_31_g1687__6260  C0 ^ -> Y v   OAI211X1   0.149  2.784    -2.436  
      rem_96_35_Y_div_84_31_g1686        A v -> Y ^    CLKINVX1   0.128  2.912    -2.309  
      rem_96_35_Y_div_84_31_g1685__5107  B ^ -> Y v    NAND2XL    0.125  3.037    -2.183  
      rem_96_35_Y_div_84_31_g1681__7410  B v -> Y ^    NOR2XL     0.132  3.169    -2.052  
      rem_96_35_Y_div_84_31_g1680__1666  B0 ^ -> Y v   AOI21X1    0.081  3.250    -1.971  
      rem_96_35_Y_div_84_31_g1678__2883  CI v -> CO v  ADDFX1     0.267  3.517    -1.703  
      rem_96_35_Y_div_84_31_g1677__9945  CI v -> CO v  ADDFX1     0.257  3.775    -1.446  
      rem_96_35_Y_div_84_31_g1676__9315  A1 v -> Y ^   AOI221X1   0.368  4.142    -1.078  
      rem_96_35_Y_div_84_31_g2__7410     AN ^ -> Y ^   NOR2BX1    0.184  4.327    -0.894  
      rem_96_35_Y_div_84_31_g1669__5115  B ^ -> Y v    XNOR2X1    0.187  4.513    -0.707  
      rem_96_35_Y_div_84_31_g1667__1881  CI v -> CO v  ADDFX1     0.248  4.761    -0.460  
      rem_96_35_Y_div_84_31_g1666__6131  CI v -> CO v  ADDFX1     0.251  5.012    -0.208  
      rem_96_35_Y_div_84_31_g1665__7098  CI v -> CO v  ADDFX1     0.256  5.269    0.048  
      rem_96_35_Y_div_84_31_g1664__8246  A1 v -> Y ^   AOI221X1   0.410  5.679    0.459  
      rem_96_35_Y_div_84_31_g1663__5122  B ^ -> Y v    NAND2XL    0.194  5.873    0.653  
      rem_96_35_Y_div_84_31_g1657__6783  B v -> Y ^    NOR2XL     0.147  6.020    0.799  
      rem_96_35_Y_div_84_31_g1656__5526  B0 ^ -> Y v   AOI21X1    0.083  6.103    0.882  
      rem_96_35_Y_div_84_31_g1655__8428  CI v -> CO v  ADDFX1     0.268  6.371    1.150  
      rem_96_35_Y_div_84_31_g1654__4319  CI v -> CO v  ADDFX1     0.251  6.622    1.402  
      rem_96_35_Y_div_84_31_g1653__6260  CI v -> CO v  ADDFX1     0.252  6.874    1.653  
      rem_96_35_Y_div_84_31_g1652__5107  CI v -> CO v  ADDFX1     0.257  7.131    1.911  
      rem_96_35_Y_div_84_31_g1651__2398  B0 v -> Y ^   OAI21X1    0.067  7.198    1.977  
      rem_96_35_Y_div_84_31_g1650__5477  C0 ^ -> Y v   OAI211X1   0.322  7.520    2.299  
      rem_96_35_Y_div_84_31_g1649        A v -> Y ^    CLKINVX1   0.153  7.673    2.452  
      rem_96_35_Y_div_84_31_g1648__6417  B ^ -> Y v    NAND2XL    0.136  7.809    2.588  
      rem_96_35_Y_div_84_31_g1642__9315  B v -> Y ^    NOR2XL     0.132  7.940    2.720  
      rem_96_35_Y_div_84_31_g1641__6161  B0 ^ -> Y v   AOI21X1    0.082  8.022    2.802  
      rem_96_35_Y_div_84_31_g1638__5115  CI v -> CO v  ADDFX1     0.268  8.290    3.070  
      rem_96_35_Y_div_84_31_g1637__1881  CI v -> CO v  ADDFX1     0.251  8.541    3.321  
      rem_96_35_Y_div_84_31_g1636__6131  CI v -> CO v  ADDFX1     0.252  8.793    3.573  
      rem_96_35_Y_div_84_31_g1635__7098  CI v -> CO v  ADDFX1     0.251  9.044    3.824  
      rem_96_35_Y_div_84_31_g1634__8246  CI v -> CO v  ADDFX1     0.247  9.292    4.071  
      rem_96_35_Y_div_84_31_g1632__5122  A1 v -> Y ^   AOI211X1   0.453  9.745    4.524  
      rem_96_35_Y_div_84_31_g1630__1705  B ^ -> Y v    NAND2XL    0.201  9.946    4.725  
      rem_96_35_Y_div_84_31_g1623__4319  B v -> Y ^    NOR2XL     0.151  10.097   4.876  
      rem_96_35_Y_div_84_31_g1622__6260  B0 ^ -> Y v   AOI21X1    0.083  10.180   4.959  
      rem_96_35_Y_div_84_31_g1620__2398  CI v -> CO v  ADDFX1     0.262  10.442   5.221  
      rem_96_35_Y_div_84_31_g1619__5477  CI v -> CO v  ADDFX1     0.251  10.693   5.473  
      rem_96_35_Y_div_84_31_g1618__6417  CI v -> CO v  ADDFX1     0.252  10.945   5.724  
      rem_96_35_Y_div_84_31_g1617__7410  CI v -> CO v  ADDFX1     0.251  11.196   5.976  
      rem_96_35_Y_div_84_31_g1616__1666  CI v -> CO v  ADDFX1     0.251  11.447   6.226  
      rem_96_35_Y_div_84_31_g1615__2346  CI v -> CO v  ADDFX1     0.257  11.703   6.483  
      rem_96_35_Y_div_84_31_g1614__2883  B1 v -> Y ^   OAI22X1    0.372  12.076   6.855  
      rem_96_35_Y_div_84_31_g1611__6161  S0 ^ -> Y v   MXI2XL     0.126  12.202   6.981  
      g7667__9315                        A1 v -> Y ^   AOI221X1   0.193  12.395   7.174  
      g7651__6783                        C ^ -> Y v    NAND3X1    0.119  12.514   7.293  
      g7649__8428                        C0 v -> Y ^   AOI221X1   0.146  12.660   7.439  
      g7648__4319                        C0 ^ -> Y v   OAI221X1   0.149  12.809   7.588  
      out1_reg[2]                        D v           DFFHQX8    0.000  12.809   7.588  
      ------------------------------------------------------------------------------------

