*----------------------------------------------------------------------------------------
*	Innovus 20.10-p004_1 (64bit) 05/07/2020 20:02 (Linux 2.6.32-431.11.2.el6.x86_64)
*	
*
* 	Date & Time:	2026-Jun-30 00:51:32 (2026-Jun-29 19:21:32 GMT)
*
*----------------------------------------------------------------------------------------
*
*	Design: ALU
*
*	Liberty Libraries used: 
*	        view1: /home/arpit23132/Desktop/RTL_to_GDS_ALU/pd_snapshots/alu_floorplan_05.enc.dat/libs/mmmc/slow.lib
*
*	Power Domain used: 
*              Rail:        VDD      Voltage:        0.9 
*
*       Power View : view1
*
*       User-Defined Activity : N.A.
*
*       Activity File: N.A.
*
*       Hierarchical Global Activity: N.A.
*
*       Global Activity: N.A.
*
*       Sequential Element Activity: 0.200000
*
*       Primary Input Activity: 0.200000
*
*       Default icg ratio: N.A.
*
*       Global Comb ClockGate Ratio: N.A.
*
*	Power Units = 1mW
*
*	Time Units = 1e-09 secs 
*
*       Temperature = 125 
*
*       report_power -outfile pd_reports/cts_reports/power_post_cts.rpt -rail_analysis_format VS
*
-----------------------------------------------------------------------------------------
Cell                            Internal   Switching       Total     Leakage   Cell
                                   Power       Power       Power       Power   Name
--------------------------------------------------------------------------------------
FE_OFC1_out2_0                   0.00105     0.01033      0.0116   0.0002199  CLKBUFX12
FE_OFC8_out1_0                   0.00105     0.01019     0.01146   0.0002199  CLKBUFX12
FE_OFC3_out1_6                  0.001049     0.01019     0.01146   0.0002199  CLKBUFX12
FE_OFC2_out1_3                  0.001049     0.01018     0.01145   0.0002199  CLKBUFX12
FE_OFC6_out1_1                   0.00105     0.01018     0.01145   0.0002199  CLKBUFX12
FE_OFC4_out1_7                   0.00105     0.01018     0.01145   0.0002199  CLKBUFX12
FE_OFC10_out2_6                  0.00105     0.01018     0.01145   0.0002199  CLKBUFX12
FE_OFC5_out2_2                  0.001051     0.01018     0.01145   0.0002199  CLKBUFX12
FE_OFC9_out1_4                  0.001049     0.01018     0.01145   0.0002199  CLKBUFX12
FE_OFC7_out2_1                  0.001051     0.01018     0.01145   0.0002199  CLKBUFX12
FE_OFC13_out1_5                 0.001049     0.01017     0.01144   0.0002199  CLKBUFX12
FE_OFC14_out2_3                  0.00105     0.01017     0.01144   0.0002199  CLKBUFX12
FE_OFC12_out2_7                  0.00105     0.01017     0.01144   0.0002199  CLKBUFX12
FE_OFC11_out2_4                  0.00105     0.01017     0.01144   0.0002199  CLKBUFX12
FE_OFC15_out1_2                 0.001049     0.01016     0.01143   0.0002199  CLKBUFX12
FE_OFC16_out2_5                  0.00105     0.01016     0.01143   0.0002199  CLKBUFX12
out1_reg[2]                     0.003102   0.0001087    0.003428   0.0002172  SDFFQX4
out1_reg[3]                     0.003111     8.9e-05    0.003418   0.0002172  SDFFQX4
out1_reg[6]                      0.00311   9.019e-05    0.003417   0.0002172  SDFFQX4
out1_reg[5]                     0.003109   9.019e-05    0.003416   0.0002172  SDFFQX4
out1_reg[4]                     0.003106   8.938e-05    0.003412   0.0002172  SDFFQX4
out1_reg[1]                     0.003081   9.835e-05     0.00334   0.0001605  SDFFHQX1
X_reg[2]                        0.002234    0.000738    0.003108   0.0001363  SDFFQX1
Y_reg[4]                        0.002394   0.0005117    0.003065     0.00016  SDFFQX2
X_reg[0]                        0.002221   0.0006754    0.003032   0.0001363  SDFFQX1
X_reg[1]                        0.002237   0.0006523    0.003025   0.0001363  SDFFQX1
X_reg[3]                        0.002226   0.0006616    0.003024   0.0001363  SDFFQX1
Y_reg[0]                        0.002406   0.0003275    0.002894     0.00016  SDFFQX2
X_reg[4]                        0.002223     0.00043    0.002789   0.0001363  SDFFQX1
X_reg[6]                        0.002222   0.0003987    0.002757   0.0001363  SDFFQX1
Y_reg[6]                        0.002223   0.0002999    0.002659   0.0001363  SDFFQX1
Y_reg[5]                        0.002222   0.0002869    0.002645   0.0001363  SDFFQX1
X_reg[7]                        0.002225   0.0002676    0.002629   0.0001363  SDFFQX1
out1_reg[0]                     0.002398   9.035e-05    0.002624   0.0001363  SDFFQX1
X_reg[5]                        0.002241   0.0002286    0.002606   0.0001363  SDFFQX1
out1_reg[7]                     0.002366   9.344e-05    0.002596   0.0001363  SDFFQX1
sel_ff_reg[3]                   0.002161   0.0002443    0.002535   0.0001296  SDFFQXL
Y_reg[3]                         0.00222   0.0001781    0.002535   0.0001363  SDFFQX1
Y_reg[7]                        0.002223   0.0001745    0.002534   0.0001363  SDFFQX1
Y_reg[1]                        0.002234    0.000142    0.002512   0.0001363  SDFFQX1
Y_reg[2]                         0.00222   0.0001554    0.002512   0.0001363  SDFFQX1
sel_ff_reg[0]                   0.002163   0.0001997    0.002492   0.0001296  SDFFQXL
sel_ff_reg[1]                   0.002163   0.0001883    0.002481   0.0001296  SDFFQXL
sel_ff_reg[2]                   0.002179   0.0001457    0.002455   0.0001296  SDFFQXL
out2_reg[2]                     0.002186   0.0001009    0.002423   0.0001363  SDFFQX1
out2_reg[1]                     0.002184   9.724e-05    0.002417   0.0001363  SDFFQX1
out2_reg[0]                     0.002185    9.54e-05    0.002417   0.0001363  SDFFQX1
out2_reg[3]                     0.002187   8.944e-05    0.002412   0.0001363  SDFFQX1
out2_reg[4]                     0.002183   9.131e-05     0.00241   0.0001363  SDFFQX1
out2_reg[5]                     0.002178   9.401e-05    0.002409   0.0001363  SDFFQX1
out2_reg[6]                      0.00217   9.316e-05      0.0024   0.0001363  SDFFQX1
out2_reg[7]                     0.002129   9.395e-05    0.002359   0.0001363  SDFFQX1
rem_96_35_Y_div_84_31_g3696__9945  0.0008621     0.00136    0.002258   3.541e-05  AOI31X2
mul_78_39_cdnfadd_10__2398      0.001186   0.0003698     0.00164   8.448e-05  ADDFX1
mul_78_39_cdnfadd_11__8428      0.001144   0.0004017     0.00163   8.448e-05  ADDFX1
mul_78_39_cdnfadd_9__2346       0.001108   0.0004096    0.001602   8.448e-05  ADDFX1
FE_OFC26_Y_1                   0.0005334   0.0008796    0.001534   0.0001212  BUFX6
FE_OFC42_rem_96_35_Y_div_84_31_n_238  0.0006116   0.0008513    0.001504   4.129e-05  BUFX2
mul_78_39_cdnfadd_7__5122      0.0008257   0.0005442    0.001454   8.448e-05  ADDFX1
mul_78_39_cdnfadd_8__7482      0.0009718   0.0003646    0.001421   8.448e-05  ADDFX1
mul_78_39_cdnfadd_12__3680      0.001014   0.0003166    0.001415   8.448e-05  ADDFX1
mul_78_39_cdnfadd_13__2802       0.00087   0.0002719    0.001226   8.448e-05  ADDFX1
rem_96_35_Y_div_84_31_g3738__6260  0.0003975   0.0007341    0.001204   7.254e-05  CLKXOR2X1
mul_78_39_cdnfadd_6__5526      0.0006968   0.0003576    0.001139   8.448e-05  ADDFX1
g7661__4733                    0.0006887   0.0003454    0.001119   8.448e-05  ADDFX1
g7667__2346                    0.0006815   0.0003398    0.001106   8.448e-05  ADDFX1
FE_OFC33_Y_3                   0.0001802   0.0008696    0.001091   4.129e-05  BUFX2
g7671__6417                    0.0006718   0.0003257    0.001082   8.448e-05  ADDFX1
g7676__6260                    0.0006505   0.0003267    0.001062   8.448e-05  ADDFX1
rem_96_35_Y_div_84_31_g3668__2883   0.000577   0.0004111    0.001021   3.263e-05  MXI2X1
g7684__2802                    0.0006175   0.0003058    0.001008   8.448e-05  ADDFX1
mul_78_39_cdnfadd_5__2398      0.0006135    0.000306    0.001004   8.448e-05  ADDFX1
rem_96_35_Y_div_84_31_g3713__6783  0.0005653   0.0004048   0.0009883   1.815e-05  AOI21X1
FE_OFC43_Y_2                   0.0001798   0.0007651   0.0009862   4.129e-05  BUFX2
rem_96_35_Y_div_84_31_g3681__3680  0.0008087    0.000136   0.0009642    1.95e-05  AOI221X1
g7690__6131                    0.0005356    0.000335    0.000955   8.448e-05  ADDFX1
rem_96_35_Y_div_84_31_g3715__1617  0.0006542   0.0002515   0.0009371   3.144e-05  AOI2BB1X1
rem_96_35_Y_div_84_31_g3744__5526  0.0003314   0.0005186   0.0009225   7.254e-05  CLKXOR2X1
rem_96_35_Y_div_84_31_g3719__8246  0.0007807   0.0001218   0.0009225   1.995e-05  AOI211X1
g45                            0.0006685   0.0001836   0.0009204   6.826e-05  XOR2XL
rem_96_35_Y_div_84_31_g3653__3680  0.0005789   0.0003229   0.0009147   1.299e-05  OAI21X1
mul_78_39_cdnfadd_008_4__5115  0.0004672   0.0003728   0.0009071   6.704e-05  ADDFXL
rem_96_35_Y_div_84_31_g3678__8428  0.0005826   0.0002994   0.0009001   1.815e-05  AOI21X1
FE_OFC39_Y_7                     0.00018   0.0006628   0.0008841   4.129e-05  BUFX2
rem_96_35_Y_div_84_31_g3679__5526  0.0005738   0.0002813   0.0008733   1.815e-05  AOI21X1
rem_96_35_Y_div_84_31_g3654__1617  0.0005775   0.0002654   0.0008559   1.299e-05  OAI21X1
rem_96_35_Y_div_84_31_g3742__8428  0.0002997   0.0005292   0.0008471   1.815e-05  AOI21X1
FE_OFC20_rem_96_35_Y_div_84_31_n_240  0.0002747   0.0005459   0.0008466   2.599e-05  INVX2
rem_96_35_Y_div_84_31_g3712__5526  0.0004469   0.0003723   0.0008377   1.851e-05  AOI32X1
rem_96_35_Y_div_84_31_g3680__6783  0.0005481   0.0002713   0.0008375   1.815e-05  AOI21X1
g7694__4733                    0.0004342   0.0003137   0.0008324   8.448e-05  ADDFX1
mul_78_39_cdnfadd_009_4__2883  0.0004457   0.0003186   0.0008313   6.704e-05  ADDFXL
rem_96_35_Y_div_84_31_g3705__5477  0.0001941   0.0005961   0.0008182   2.802e-05  NAND2X2
rem_96_35_Y_div_84_31_g3709__4319  0.0004961   0.0003015   0.0008098   1.224e-05  OAI222XL
mul_78_39_cdnfadd_011_2__4319  0.0004069   0.0003257   0.0007997   6.704e-05  ADDFXL
rem_96_35_Y_div_84_31_g3655__2802  0.0005544   0.0002218   0.0007892   1.299e-05  OAI21X1
mul_78_39_cdnfadd_007_4__1705  0.0003927   0.0003285   0.0007882   6.704e-05  ADDFXL
FE_OFC24_rem_96_35_Y_div_84_31_n_240  0.0001424    0.000627   0.0007824   1.301e-05  INVX1
rem_96_35_Y_div_84_31_g3890__1617  0.0002346   0.0004766   0.0007818   7.055e-05  XNOR2X1
FE_OFC45_X_7                    0.000183    0.000546   0.0007703   4.129e-05  BUFX2
mul_78_39_cdnfadd_4__1666      0.0004872   0.0001976   0.0007693   8.448e-05  ADDFX1
rem_96_35_Y_div_84_31_g3722__1881  0.0003761   0.0003653   0.0007596   1.815e-05  AOI21X1
rem_96_35_Y_div_84_31_g3677__4319    0.00051   0.0002306   0.0007588   1.815e-05  AOI21X1
rem_96_35_Y_div_84_31_g3671__7410   0.000383   0.0003444   0.0007545   2.704e-05  MXI2XL
rem_96_35_Y_div_84_31_g3682__1617  0.0005174   0.0002179   0.0007535   1.819e-05  OAI222X1
mul_78_39_cdnfadd_005_2__5477  0.0003837   0.0002918   0.0007426   6.704e-05  ADDFXL
FE_OFC48_Y_6                   0.0001842   0.0005129   0.0007383   4.129e-05  BUFX2
FE_OFC47_Y_5                   0.0001837   0.0005097   0.0007347   4.129e-05  BUFX2
rem_96_35_Y_div_84_31_g3707__5107  0.0003631    0.000354   0.0007294   1.224e-05  OAI222XL
FE_OFC49_X_5                   0.0001816   0.0005019   0.0007248   4.129e-05  BUFX2
mul_78_39_cdnfadd_006_3__8428  0.0003746   0.0002776   0.0007192   6.704e-05  ADDFXL
g40                             0.000435   0.0002569   0.0007145   2.258e-05  NOR4BX1
mul_78_39_cdnfadd_010_3__5477  0.0003617   0.0002736   0.0007023   6.704e-05  ADDFXL
rem_96_35_Y_div_84_31_g3711__8428  0.0004334   0.0002502   0.0007018   1.833e-05  AOI22X1
FE_OFC46_Y_4                   0.0001826   0.0004686   0.0006925   4.129e-05  BUFX2
FE_OFC35_Y_0                   0.0001147   0.0005439   0.0006846   2.599e-05  CLKINVX2
rem_96_35_Y_div_84_31_g3687__7098  0.0004365   0.0002276   0.0006771     1.3e-05  AOI222XL
rem_96_35_Y_div_84_31_g3701__1666  0.0004528   0.0001994   0.0006702   1.791e-05  OAI22X1
rem_96_35_Y_div_84_31_g3657__5122  0.0005157   0.0001372   0.0006659   1.299e-05  OAI21X1
mul_78_39_cdnfadd_008_3__1881  0.0003754   0.0002231   0.0006656   6.704e-05  ADDFXL
mul_78_39_cdnfadd_010_2__6417  0.0003522   0.0002462   0.0006654   6.704e-05  ADDFXL
rem_96_35_Y_div_84_31_g3708__6260   0.000435    0.000211   0.0006642   1.815e-05  AOI21X1
rem_96_35_Y_div_84_31_g3669__2346  0.0003651   0.0002705   0.0006627   2.704e-05  MXI2XL
mul_78_39_cdnfadd_012_1__6783  0.0003267   0.0002673   0.0006611   6.704e-05  ADDFXL
rem_96_35_Y_div_84_31_g3695    0.0002932   0.0003529   0.0006591   1.301e-05  INVX1
rem_96_35_Y_div_84_31_g3666__9315  0.0004376   0.0002007   0.0006565   1.815e-05  AOI21X1
rem_96_35_Y_div_84_31_g3683__2802  0.0004194   0.0002236   0.0006559     1.3e-05  AOI222XL
mul_78_39_cdnfadd_3__9945       0.000408    0.000155   0.0006475   8.448e-05  ADDFX1
rem_96_35_Y_div_84_31_g3686__8246   0.000423   0.0002114   0.0006474     1.3e-05  AOI222XL
rem_96_35_Y_div_84_31_g3684__1705  0.0004194    0.000212   0.0006444     1.3e-05  AOI222XL
FE_OFC44_Y_2                   0.0001278   0.0004887   0.0006425   2.599e-05  CLKINVX2
rem_96_35_Y_div_84_31_g3863__6131  0.0002836   0.0003267   0.0006285   1.815e-05  AOI21X1
mul_78_39_cdnfadd_006_2__4319  0.0003141   0.0002396   0.0006208   6.704e-05  ADDFXL
mul_78_39_cdnfadd_14__1705      0.000441   0.0001107   0.0006187   6.704e-05  ADDFXL
rem_96_35_Y_div_84_31_g3739    0.0003236   0.0002691   0.0006187   2.599e-05  CLKINVX2
rem_96_35_Y_div_84_31_g3718__5122   0.000376   0.0002235   0.0006176   1.815e-05  AOI21X1
rem_96_35_Y_div_84_31_g3706__2398  0.0005077   8.943e-05   0.0006175   2.034e-05  NOR3X1
rem_96_35_Y_div_84_31_g3811__5526  0.0002176   0.0003784   0.0006141   1.815e-05  AOI21X1
rem_96_35_Y_div_84_31_g3851__5526  0.0002324   0.0003639   0.0006093   1.299e-05  OAI21X1
rem_96_35_Y_div_84_31_g3740__4319   0.000162   0.0004287   0.0006037   1.299e-05  OAI21X1
rem_96_35_Y_div_84_31_g3691__7482  0.0004368   0.0001474   0.0005973   1.314e-05  OAI221X1
rem_96_35_Y_div_84_31_g3693__6161  0.0004299   0.0001505   0.0005936   1.314e-05  OAI221X1
rem_96_35_Y_div_84_31_g3670__1666  0.0003741   0.0001886   0.0005897   2.704e-05  MXI2XL
FE_OFC27_Y_1                   0.0001145   0.0004488   0.0005893   2.599e-05  CLKINVX2
rem_96_35_Y_div_84_31_g3883__4319  0.0001923   0.0003406   0.0005871   5.418e-05  MX2X1
mul_78_39_cdnfadd_003_0__9315   0.000296   0.0002231   0.0005861   6.704e-05  ADDFXL
mul_78_39_cdnfadd_004_1__2346  0.0002913   0.0002258   0.0005842   6.704e-05  ADDFXL
rem_96_35_Y_div_84_31_g3685__5122  0.0004183    0.000149   0.0005803     1.3e-05  AOI222XL
rem_96_35_Y_div_84_31_g3694__9315  0.0004103   0.0001567   0.0005801   1.314e-05  OAI221X1
mul_78_39_cdnfadd_008_1__7098   0.000296   0.0002161   0.0005791   6.704e-05  ADDFXL
mul_78_39_cdnfadd_007_3__2802   0.000307   0.0002044   0.0005785   6.704e-05  ADDFXL
mul_78_39_cdnfadd_011_1__6260  0.0002975   0.0002077   0.0005722   6.704e-05  ADDFXL
rem_96_35_Y_div_84_31_g3665__6161   0.000343   0.0002145   0.0005705   1.299e-05  OAI21X1
rem_96_35_Y_div_84_31_g3749__1705  0.0003641   0.0001725   0.0005681   3.144e-05  AOI2BB1X1
mul_78_39_cdnfadd_2__6161      0.0003556   0.0001279    0.000568   8.448e-05  ADDFX1
rem_96_35_Y_div_84_31_g3714__3680  0.0003821   0.0001622   0.0005624   1.815e-05  AOI21X1
mul_78_39_cdnfadd_009_2__9315  0.0002565   0.0002353   0.0005589   6.704e-05  ADDFXL
mul_78_39_cdnfadd_009_3__9945  0.0002922   0.0001975   0.0005567   6.704e-05  ADDFXL
rem_96_35_Y_div_84_31_g3716__2802  0.0002731   0.0002579    0.000544   1.299e-05  OAI21X1
rem_96_35_Y_div_84_31_g3794__6161  0.0004127   0.0001128   0.0005434   1.791e-05  OAI22X1
rem_96_35_Y_div_84_31_g3690__5115  0.0003994   0.0001306   0.0005432   1.314e-05  OAI221X1
g7801__6417                    0.0001346    0.000383   0.0005358   1.816e-05  NOR2X1
mul_78_39_cdnfadd_007_2__1617  0.0002528   0.0002105   0.0005303   6.704e-05  ADDFXL
rem_96_35_Y_div_84_31_g3876__7410  0.0002342   0.0002736    0.000526   1.815e-05  AOI21X1
rem_96_35_Y_div_84_31_g3702__7410  0.0002532   0.0002448   0.0005251   2.717e-05  AND2X1
rem_96_35_Y_div_84_31_g3912__2398  0.0001123   0.0003944   0.0005197   1.299e-05  OAI21X1
mul_78_39_cdnfadd_010_1__7410    0.00025   0.0002002   0.0005173   6.704e-05  ADDFXL
rem_96_35_Y_div_84_31_g3721__6131  0.0002936   0.0002045   0.0005164   1.833e-05  AOI22X1
FE_OFC50_X_6                   0.0001889   0.0002845   0.0005147   4.129e-05  BUFX2
g7666__2883                    0.0003142   0.0001769   0.0005106    1.95e-05  AOI221X1
FE_OFC51_X_4                   0.0001905   0.0002787   0.0005105   4.129e-05  BUFX2
mul_78_39_cdnfadd_008_0__8246  0.0002389   0.0002035   0.0005094   6.704e-05  ADDFXL
mul_78_39_cdnfadd_005_1__6417  0.0002586   0.0001794   0.0005051   6.704e-05  ADDFXL
mul_78_39_cdnfadd_005_0__7410  0.0002389   0.0001959   0.0005018   6.704e-05  ADDFXL
mul_78_39_cdnfadd_013_0__1617  0.0002501   0.0001822   0.0004993   6.704e-05  ADDFXL
FE_OFC36_Y_0                   6.185e-05   0.0004239   0.0004988   1.301e-05  INVX1
rem_96_35_Y_div_84_31_g3688__6131  0.0001799   0.0003089    0.000498   9.289e-06  NAND2XL
mul_78_39_cdnfadd_009_0__4733   0.000239   0.0001894   0.0004954   6.704e-05  ADDFXL
g7692__5115                    0.0003995   7.469e-05   0.0004937    1.95e-05  AOI221X1
g39                            7.512e-05   0.0004054   0.0004898   9.289e-06  NAND2XL
g7678__8428                    0.0003158   0.0001541   0.0004893    1.95e-05  AOI221X1
mul_78_39_cdnfadd_007_0__6783  0.0002389    0.000178    0.000484   6.704e-05  ADDFXL
mul_78_39_cdnfadd_010_0__1666   0.000239   0.0001741   0.0004801   6.704e-05  ADDFXL
g7660__7482                    0.0003176   0.0001403   0.0004774    1.95e-05  AOI221X1
mul_78_39_cdnfadd_011_0__5107   0.000239   0.0001684   0.0004745   6.704e-05  ADDFXL
g38                            0.0003414   0.0001179   0.0004744   1.511e-05  NAND3X1
rem_96_35_Y_div_84_31_g3703__6417  0.0003252   0.0001331   0.0004707   1.236e-05  NOR2XL
mul_78_39_cdnfadd_004_0__2883   0.000239   0.0001604   0.0004664   6.704e-05  ADDFXL
mul_78_39_cdnfadd_007_1__3680   0.000239   0.0001578   0.0004638   6.704e-05  ADDFXL
mul_78_39_cdnfadd_012_0__5526  0.0002391   0.0001572   0.0004633   6.704e-05  ADDFXL
rem_96_35_Y_div_84_31_g3658__8246  0.0003154   0.0001311   0.0004595   1.299e-05  OAI21X1
rem_96_35_Y_div_84_31_g3727__9315  0.0003406    9.45e-05   0.0004533   1.815e-05  AOI21X1
g7683__1617                    0.0003118    0.000119   0.0004503    1.95e-05  AOI221X1
mul_78_39_cdnfadd_006_0__5107   0.000239   0.0001425   0.0004486   6.704e-05  ADDFXL
rem_96_35_Y_div_84_31_g3791__7482  0.0003309   9.911e-05    0.000448   1.791e-05  OAI22X1
mul_78_39_cdnfadd_009_1__6161  0.0002391   0.0001406   0.0004467   6.704e-05  ADDFXL
rem_96_35_Y_div_84_31_g3816__2802  0.0002613   0.0001654   0.0004446   1.791e-05  OAI22X1
rem_96_35_Y_div_84_31_g3741    0.0001989   0.0002321    0.000444   1.301e-05  INVX1
g7673__2398                    0.0003159   0.0001062   0.0004416    1.95e-05  AOI221X1
FE_OFC34_Y_3                   6.691e-05   0.0003591    0.000439   1.301e-05  CLKINVX1
g7689__7098                      0.00034    7.75e-05    0.000437    1.95e-05  AOI221X1
rem_96_35_Y_div_84_31_g3697__2883  0.0002809   0.0001389   0.0004328   1.299e-05  OAI21X1
rem_96_35_Y_div_84_31_g3862    0.0001563   0.0002595   0.0004288   1.301e-05  CLKINVX1
rem_96_35_Y_div_84_31_g3720__7098  0.0002258   0.0001886   0.0004274   1.299e-05  OAI21X1
FE_OFC41_rem_96_35_Y_div_84_31_n_238  0.0002241   0.0001884   0.0004256   1.301e-05  INVX1
g43                            0.0002025   0.0001511   0.0004242   7.055e-05  XNOR2X1
mul_78_39_cdnfadd_008_2__6131  0.0002005   0.0001565   0.0004241   6.704e-05  ADDFXL
rem_96_35_Y_div_84_31_g3857__1705  0.0002978   9.031e-05   0.0004195   3.144e-05  AOI2BB1X1
rem_96_35_Y_div_84_31_g3937    6.224e-05   0.0003423   0.0004176   1.301e-05  CLKINVX1
g7645__4319                    0.0002868   0.0001107   0.0004171    1.95e-05  AOI221X1
mul_78_39_cdnfadd_006_1__6260  0.0002021   0.0001397   0.0004088   6.704e-05  ADDFXL
g7669__7410                    0.0003143   7.286e-05   0.0004071   1.995e-05  AOI211X1
g7674__5107                    0.0003113    6.64e-05   0.0003977   1.995e-05  AOI211X1
rem_96_35_Y_div_84_31_g3817__1705  0.0002216   0.0001575   0.0003973   1.815e-05  AOI21X1
rem_96_35_Y_div_84_31_g3798__2883  0.0002576   0.0001211   0.0003969   1.815e-05  AOI21X1
rem_96_35_Y_div_84_31_g3737    0.0001792   0.0002037   0.0003959   1.301e-05  INVX1
g7792                          7.563e-05    0.000307   0.0003956   1.301e-05  CLKINVX1
rem_96_35_Y_div_84_31_g3870__9315  0.0002139   0.0001604   0.0003925   1.815e-05  AOI21X1
rem_96_35_Y_div_84_31_g3751__8246  0.0002604   0.0001114   0.0003913    1.95e-05  AOI221X1
rem_96_35_Y_div_84_31_g3795__9315   0.000288   8.397e-05   0.0003901   1.815e-05  AOI21X1
rem_96_35_Y_div_84_31_g3726__6161  0.0002531   0.0001185   0.0003845   1.299e-05  OAI21X1
g7693__7482                    0.0003001   6.449e-05   0.0003845   1.995e-05  AOI211X1
FE_OFC60_rem_96_35_Y_div_84_31_n_158  0.0001438   0.0002142    0.000384   2.599e-05  INVX2
g7672__5477                    0.0001705   0.0001984   0.0003831    1.41e-05  OAI211X1
g37                            0.0002276    0.000143    0.000383   1.236e-05  NOR2XL
g7688__8246                     0.000304   5.559e-05   0.0003795   1.995e-05  AOI211X1
rem_96_35_Y_div_84_31_g3800__1666   0.000212   0.0001533   0.0003782   1.299e-05  OAI21X1
rem_96_35_Y_div_84_31_g3757__4733  0.0002259    0.000134   0.0003781   1.815e-05  AOI21X1
rem_96_35_Y_div_84_31_g3850    0.0001681   0.0001958    0.000377   1.301e-05  INVX1
rem_96_35_Y_div_84_31_g3888__6783  0.0001994   0.0001583   0.0003758   1.815e-05  AOI21X1
g7665__9945                    0.0003138   3.844e-05   0.0003722   1.995e-05  AOI211X1
rem_96_35_Y_div_84_31_g3735__2398  0.0002154   0.0001428   0.0003706   1.236e-05  NOR2XL
rem_96_35_Y_div_84_31_g3787__6131  0.0002433   8.796e-05   0.0003704   3.913e-05  AOI221X2
rem_96_35_Y_div_84_31_g3723__5115  0.0002193   0.0001148    0.000369   3.499e-05  NAND2BX1
rem_96_35_Y_div_84_31_g3873__2346  0.0001773   0.0001695   0.0003681   2.127e-05  OAI2BB1X1
rem_96_35_Y_div_84_31_g3768__2398  0.0002578   9.013e-05   0.0003679   1.995e-05  AOI211X1
rem_96_35_Y_div_84_31_g3801__7410  0.0002505   9.785e-05   0.0003665   1.815e-05  AOI21X1
rem_96_35_Y_div_84_31_g3868__6161  0.0002329   0.0001003   0.0003646   3.144e-05  AOI2BB1X1
rem_96_35_Y_div_84_31_g3887__5526     0.0002   0.0001425   0.0003606   1.815e-05  AOI21X1
g7698__9945                    0.0002816   5.871e-05   0.0003603   1.995e-05  AOI211X1
g7864__4733                    0.0002101   7.742e-05     0.00036   7.254e-05  CLKXOR2X1
g7720__1881                    0.0001542   0.0001747   0.0003559   2.704e-05  MXI2XL
rem_96_35_Y_div_84_31_g3894__5122  0.0001631   0.0001448   0.0003505   4.264e-05  AO21X1
rem_96_35_Y_div_84_31_g3875    0.0001305    0.000205   0.0003485   1.301e-05  INVX1
rem_96_35_Y_div_84_31_g3896__7098  0.0001601   0.0001453   0.0003481   4.264e-05  AO21X1
g7642__6260                     0.000209   0.0001248   0.0003466   1.288e-05  AOI221XL
rem_96_35_Y_div_84_31_g3895__8246  0.0001631   0.0001402   0.0003459   4.264e-05  AO21X1
rem_96_35_Y_div_84_31_g3763__2346  0.0001706   0.0001557   0.0003445   1.815e-05  AOI21X1
g7783__7098                    0.0002016   0.0001156   0.0003373   2.004e-05  NOR2BX1
g7696__9315                     0.000236   7.931e-05   0.0003352   1.995e-05  AOI211X1
rem_96_35_Y_div_84_31_g3796__9945  0.0001765   0.0001422   0.0003328    1.41e-05  OAI211X1
rem_96_35_Y_div_84_31_g3672__6417   0.000229   9.125e-05   0.0003326   1.236e-05  NOR2XL
g7695__6161                    0.0002372   7.457e-05   0.0003317   1.995e-05  AOI211X1
rem_96_35_Y_div_84_31_g3828__7482  0.0001335   0.0001796    0.000326   1.299e-05  OAI21X1
rem_96_35_Y_div_84_31_g3854__1617  9.973e-05   0.0002153   0.0003243   9.289e-06  NAND2XL
rem_96_35_Y_div_84_31_g3772__8428  0.0001969   0.0001091   0.0003242   1.819e-05  OAI222X1
rem_96_35_Y_div_84_31_g3790__5115  0.0002164   9.483e-05   0.0003242   1.299e-05  OAI21X1
g7770__6260                    0.0001765   0.0001294   0.0003239   1.791e-05  OAI22X1
rem_96_35_Y_div_84_31_g3760__9945  0.0002456   5.875e-05   0.0003225   1.816e-05  NOR2X1
rem_96_35_Y_div_84_31_g3821__7098  0.0002378    5.32e-05   0.0003225   3.144e-05  AOI2BB1X1
rem_96_35_Y_div_84_31_g3750__5122  0.0001583   0.0001421   0.0003217   2.127e-05  OAI2BB1X1
g7699__2883                    0.0002093   9.932e-05   0.0003216   1.299e-05  OAI21X1
rem_96_35_Y_div_84_31_g3943__9945  0.0001926   5.442e-05   0.0003196   7.254e-05  CLKXOR2X1
rem_96_35_Y_div_84_31_g3725__4733  0.0002168   8.951e-05   0.0003193   1.299e-05  OAI21X1
g7798__1666                    0.0001959   0.0001016   0.0003176   2.004e-05  NOR2BX1
rem_96_35_Y_div_84_31_g3754__1881  0.0002307    6.78e-05   0.0003167   1.815e-05  AOI21X1
rem_96_35_Y_div_84_31_g3724__7482   0.000207   9.203e-05    0.000312   1.299e-05  OAI21X1
g7771__4319                    0.0001768    0.000117   0.0003118   1.791e-05  OAI22X1
rem_96_35_Y_div_84_31_g3667__9945  0.0002376     5.8e-05   0.0003085   1.299e-05  OAI21X1
rem_96_35_Y_div_84_31_g3736__5107    0.00018   0.0001161   0.0003085   1.236e-05  NOR2XL
rem_96_35_Y_div_84_31_g3663__7482  0.0001499   0.0001476   0.0003068   9.289e-06  NAND2XL
rem_96_35_Y_div_84_31_g3699__2346  0.0001555   0.0001353   0.0003048   1.403e-05  NAND2X1
rem_96_35_Y_div_84_31_g3802__6417  0.0001684   0.0001222   0.0003036   1.299e-05  OAI21X1
rem_96_35_Y_div_84_31_g3786__7098  7.558e-05   0.0002129   0.0003025   1.403e-05  NAND2X1
rem_96_35_Y_div_84_31_g3660__6131  0.0001656   0.0001274   0.0003024   9.289e-06  NAND2XL
g7785__1881                    0.0001364   0.0001212   0.0003001   4.256e-05  OR2X1
FE_OFC17_rem_96_35_Y_div_84_31_n_234  9.875e-05   0.0001883   0.0003001   1.301e-05  INVX1
rem_96_35_Y_div_84_31_g3662__5115  0.0001484   0.0001398   0.0002974   9.289e-06  NAND2XL
g7769__5107                    0.0001801   9.927e-05   0.0002973   1.791e-05  OAI22X1
g7767__5477                    0.0001794   9.952e-05   0.0002969   1.791e-05  OAI22X1
rem_96_35_Y_div_84_31_g3803__5477  0.0002016   8.072e-05   0.0002953   1.299e-05  OAI21X1
rem_96_35_Y_div_84_31_g3746__3680   0.000204   7.892e-05   0.0002952   1.236e-05  NOR2XL
FE_OFC52_n_315                  8.28e-05   0.0001978   0.0002936   1.301e-05  CLKINVX1
rem_96_35_Y_div_84_31_g3867__4733  0.0001507   0.0001297   0.0002926    1.22e-05  AOI21XL
rem_96_35_Y_div_84_31_g3748__2802    0.00015   0.0001295   0.0002924   1.299e-05  OAI21X1
rem_96_35_Y_div_84_31_g3661__1881    0.00016   0.0001209   0.0002902   9.289e-06  NAND2XL
g7768__2398                    0.0001818   9.031e-05   0.0002901   1.791e-05  OAI22X1
rem_96_35_Y_div_84_31_g3759__9315  0.0001519   0.0001098   0.0002887   2.704e-05  MXI2XL
FE_OFC58_rem_96_35_Y_div_84_31_n_158   7.48e-05   0.0002001    0.000288   1.301e-05  INVX1
g7762__2883                    0.0002142   5.578e-05   0.0002879   1.791e-05  OAI22X1
mul_78_39_g413__6131           0.0001708   9.819e-05   0.0002871   1.815e-05  AOI21X1
rem_96_35_Y_div_84_31_g3945__2346  0.0001504   0.0001011   0.0002857   3.419e-05  NAND3BX1
rem_96_35_Y_div_84_31_g3743    0.0001438    0.000128   0.0002848   1.301e-05  CLKINVX1
g7765__7410                    0.0001782    8.85e-05   0.0002846   1.791e-05  OAI22X1
rem_96_35_Y_div_84_31_g3734__5477  0.0002085   6.243e-05   0.0002833   1.236e-05  NOR2XL
rem_96_35_Y_div_84_31_g3747__1617  0.0002308   3.032e-05   0.0002812   2.004e-05  NOR2BX1
mul_78_39_g412__7098           0.0001704   9.251e-05   0.0002811   1.815e-05  AOI21X1
rem_96_35_Y_div_84_31_g3865__5115  0.0001472   9.851e-05   0.0002807   3.499e-05  NAND2BX1
mul_78_39_g417__4733           0.0001706   9.182e-05   0.0002806   1.815e-05  AOI21X1
g7784__6131                    0.0001139    0.000131   0.0002799   3.499e-05  NAND2BX1
mul_78_39_g414__1881             0.00017   9.112e-05   0.0002793   1.815e-05  AOI21X1
mul_78_39_g410__5122           0.0001726   8.666e-05   0.0002774   1.815e-05  AOI21X1
mul_78_39_g411__8246           0.0001706   8.785e-05   0.0002766   1.815e-05  AOI21X1
rem_96_35_Y_div_84_31_g3822__6131  0.0001764   8.164e-05   0.0002761   1.815e-05  AOI21X1
rem_96_35_Y_div_84_31_g3881__6260  0.0001444   0.0001186    0.000276   1.299e-05  OAI21X1
g7756__5115                    6.573e-05   0.0001914   0.0002753   1.816e-05  NOR2X1
rem_96_35_Y_div_84_31_g3756__7482  0.0001708   9.007e-05   0.0002738   1.299e-05  OAI21X1
g7786__5115                    0.0001103   0.0001279   0.0002732   3.499e-05  NAND2BX1
g7787__7482                    0.0001088   0.0001285   0.0002723   3.499e-05  NAND2BX1
g7797__2346                    0.0001081   0.0001289    0.000272   3.499e-05  NAND2BX1
rem_96_35_Y_div_84_31_g3771__4319  0.0001757   8.276e-05   0.0002715     1.3e-05  AOI222XL
g44                            6.669e-05   0.0001822   0.0002702   2.127e-05  OAI2BB1X1
rem_96_35_Y_div_84_31_g3728__9945  0.0001613   9.587e-05   0.0002696   1.236e-05  NOR2XL
g7855                           8.19e-05   0.0001745   0.0002694   1.301e-05  INVX1
rem_96_35_Y_div_84_31_g3909__7410  0.0001916   5.731e-05   0.0002689   2.004e-05  NOR2BX1
rem_96_35_Y_div_84_31_g3792__4733  0.0001011   0.0001576   0.0002681   9.289e-06  NAND2XL
rem_96_35_Y_div_84_31_g3710    0.0001402    0.000119   0.0002679   8.757e-06  INVXL
rem_96_35_Y_div_84_31_g3717__1705  0.0001295   0.0001291   0.0002679   9.289e-06  NAND2XL
rem_96_35_Y_div_84_31_g3921__1617  0.0001357   0.0001134   0.0002673   1.816e-05  NOR2X1
g7691__1881                    0.0001424   0.0001098   0.0002652   1.299e-05  OAI21X1
rem_96_35_Y_div_84_31_g3908__1666  0.0001931   5.199e-05   0.0002652   2.004e-05  NOR2BX1
rem_96_35_Y_div_84_31_g3676__6260  0.0001106   0.0001433   0.0002632   9.289e-06  NAND2XL
mul_78_39_g415__5115           0.0001728   7.093e-05   0.0002619   1.815e-05  AOI21X1
g7796__2883                    0.0001723   6.995e-05   0.0002602   1.791e-05  OAI22X1
FE_OFC40_Y_7                    6.08e-05   0.0001849   0.0002587   1.301e-05  INVX1
rem_96_35_Y_div_84_31_g3824    0.0001159   0.0001275   0.0002564   1.301e-05  INVX1
rem_96_35_Y_div_84_31_g3762    0.0001017   0.0001413    0.000256   1.301e-05  CLKINVX1
rem_96_35_Y_div_84_31_g3889__3680     0.0002   3.666e-05   0.0002548   1.815e-05  AOI21X1
rem_96_35_Y_div_84_31_g2__9315  0.0001597   4.964e-05    0.000252   4.264e-05  AO21X1
g7760__9315                    0.0001839    4.87e-05   0.0002505   1.791e-05  OAI22X1
g7860                          8.399e-05   0.0001525   0.0002495   1.301e-05  CLKINVX1
rem_96_35_Y_div_84_31_g3769__5107  0.0001701   6.519e-05   0.0002483     1.3e-05  AOI222XL
g7763__2346                    0.0001426    9.17e-05   0.0002473   1.299e-05  OAI21X1
rem_96_35_Y_div_84_31_g3779__2802  0.0001294   0.0001045   0.0002462   1.236e-05  NOR2XL
rem_96_35_Y_div_84_31_g3770__6260  0.0001725   6.072e-05   0.0002462     1.3e-05  AOI222XL
rem_96_35_Y_div_84_31_g3923    6.257e-05   0.0001704    0.000246   1.301e-05  CLKINVX1
g7788__4733                    8.685e-05    0.000145   0.0002442   1.236e-05  NOR2XL
rem_96_35_Y_div_84_31_g3861__7098  0.0001499   5.038e-05   0.0002429   4.256e-05  OR2X1
rem_96_35_Y_div_84_31_g3758__6161  0.0001394   7.644e-05   0.0002429   2.704e-05  MXI2XL
FE_OFC32_n_315                 8.317e-05   0.0001447   0.0002409   1.301e-05  CLKINVX1
rem_96_35_Y_div_84_31_g3815__1617   0.000139    8.83e-05   0.0002403   1.299e-05  OAI21X1
g7863__7482                    8.876e-05    0.000116   0.0002398   3.499e-05  NAND2BX1
mul_78_39_g416__7482           0.0001733   4.829e-05   0.0002397   1.815e-05  AOI21X1
rem_96_35_Y_div_84_31_g3745__6783  0.0001472   7.732e-05   0.0002385   1.403e-05  NAND2X1
rem_96_35_Y_div_84_31_g3918__5526  0.0001104   8.503e-05    0.000238   4.256e-05  OR2X1
rem_96_35_Y_div_84_31_g3902__4733  0.0001299   8.084e-05   0.0002379   2.717e-05  AND2X1
rem_96_35_Y_div_84_31_g3807__4319   0.000165   6.028e-05   0.0002376   1.236e-05  NOR2XL
rem_96_35_Y_div_84_31_g3730__2346  0.0001607   6.397e-05    0.000237   1.236e-05  NOR2XL
rem_96_35_Y_div_84_31_g3882    0.0001003   0.0001236   0.0002369   1.301e-05  INVX1
rem_96_35_Y_div_84_31_g3659__7098  0.0001202   0.0001064   0.0002359   9.289e-06  NAND2XL
g7758__4733                    4.144e-05   0.0001749   0.0002345   1.816e-05  NOR2X1
rem_96_35_Y_div_84_31_g3674__2398  0.0001244   9.968e-05   0.0002333   9.289e-06  NAND2XL
g41                             7.48e-05   0.0001404   0.0002303   1.511e-05  NAND3X1
g7825__5477                    9.103e-05   0.0001268   0.0002302   1.236e-05  NOR2XL
FE_OFC37_rem_96_35_Y_div_84_31_n_26   6.19e-05    0.000155   0.0002299   1.301e-05  INVX1
rem_96_35_Y_div_84_31_g3880__5107  0.0001555   4.721e-05   0.0002299   2.717e-05  AND2X1
rem_96_35_Y_div_84_31_g3810    0.0001273   8.868e-05    0.000229   1.301e-05  CLKINVX1
g7747__1617                    0.0001202   9.465e-05   0.0002279   1.299e-05  OAI21X1
rem_96_35_Y_div_84_31_g3755__5115  0.0001579   5.679e-05   0.0002277   1.299e-05  OAI21X1
g7764__1666                    0.0001288   6.882e-05   0.0002246   2.704e-05  MXI2XL
rem_96_35_Y_div_84_31_g3874__1666  0.0001416   5.125e-05   0.0002233   3.044e-05  AOI2BB1XL
mul_78_39_g482__5477           0.0001149   8.121e-05   0.0002233   2.717e-05  AND2X1
g7793__9315                    0.0001455   5.939e-05   0.0002233   1.833e-05  AOI22X1
rem_96_35_Y_div_84_31_g3872__2883  0.0001541   5.092e-05   0.0002231   1.815e-05  AOI21X1
mul_78_39_g431__8428           0.0001188   7.717e-05   0.0002231   2.717e-05  AND2X1
mul_78_39_g458__4319           0.0001183   7.747e-05    0.000223   2.717e-05  AND2X1
g7668__1666                    0.0001171   8.456e-05   0.0002229   2.127e-05  OAI2BB1X1
mul_78_39_g444__7482           0.0001204   7.472e-05   0.0002223   2.717e-05  AND2X1
g7686__1705                    0.0001118   8.881e-05   0.0002219   2.127e-05  OAI2BB1X1
g7766__6417                    0.0001065   8.821e-05   0.0002217   2.704e-05  MXI2XL
rem_96_35_Y_div_84_31_g3753__6131   0.000129   7.088e-05   0.0002212   2.127e-05  OAI2BB1X1
mul_78_39_g446__6161           0.0001162   7.717e-05   0.0002205   2.717e-05  AND2X1
rem_96_35_Y_div_84_31_g3752__7098  6.622e-05    0.000145   0.0002205   9.289e-06  NAND2XL
mul_78_39_g434__3680            0.000106   8.661e-05   0.0002197   2.717e-05  AND2X1
mul_78_39_g468__7098           0.0001136   7.859e-05   0.0002193   2.717e-05  AND2X1
mul_78_39_g475__9315           0.0001183   7.233e-05   0.0002178   2.717e-05  AND2X1
mul_78_39_g432__5526           0.0001174   7.275e-05   0.0002173   2.717e-05  AND2X1
mul_78_39_g428__5107           0.0001094   8.057e-05   0.0002172   2.717e-05  AND2X1
mul_78_39_g477__2883           0.0001174   7.202e-05   0.0002166   2.717e-05  AND2X1
mul_78_39_g430__4319            0.000117   7.206e-05   0.0002162   2.717e-05  AND2X1
mul_78_39_g433__6783           0.0001157    7.33e-05   0.0002162   2.717e-05  AND2X1
mul_78_39_g483__2398           0.0001084   8.055e-05   0.0002161   2.717e-05  AND2X1
g7780                          6.569e-05   0.0001372   0.0002159   1.301e-05  CLKINVX1
rem_96_35_Y_div_84_31_g3860__8246   8.29e-05   0.0001234   0.0002155   9.289e-06  NAND2XL
mul_78_39_g471__5115           0.0001154   7.297e-05   0.0002155   2.717e-05  AND2X1
mul_78_39_g429__6260           0.0001059   8.178e-05   0.0002149   2.717e-05  AND2X1
mul_78_39_g479__1666           0.0001166   7.043e-05   0.0002142   2.717e-05  AND2X1
mul_78_39_g439__8246           0.0001154   7.149e-05   0.0002141   2.717e-05  AND2X1
g7829__4319                    8.527e-05   0.0001162   0.0002139   1.236e-05  NOR2XL
g7781__5122                    0.0001083   9.271e-05   0.0002133   1.236e-05  NOR2XL
rem_96_35_Y_div_84_31_g3853__3680  0.0001413   5.899e-05   0.0002133   1.299e-05  OAI21X1
mul_78_39_g480__7410           0.0001148   7.129e-05   0.0002132   2.717e-05  AND2X1
mul_78_39_g470__1881           0.0001154   7.039e-05   0.0002129   2.717e-05  AND2X1
g7657__6131                    0.0001148   7.679e-05   0.0002129   2.127e-05  OAI2BB1X1
mul_78_39_g445__4733           0.0001173   6.794e-05   0.0002124   2.717e-05  AND2X1
mul_78_39_g427__2398           0.0001159    6.88e-05   0.0002118   2.717e-05  AND2X1
mul_78_39_g435__1617           0.0001172    6.71e-05   0.0002114   2.717e-05  AND2X1
rem_96_35_Y_div_84_31_g3731__1666  7.638e-05    0.000125   0.0002107   9.289e-06  NAND2XL
mul_78_39_g462__3680           0.0001127   7.045e-05   0.0002103   2.717e-05  AND2X1
mul_78_39_g447__9315            0.000108   7.484e-05     0.00021   2.717e-05  AND2X1
mul_78_39_g464__2802           0.0001092   7.332e-05   0.0002096   2.717e-05  AND2X1
mul_78_39_g476__9945           0.0001085   7.387e-05   0.0002095   2.717e-05  AND2X1
rem_96_35_Y_div_84_31_g3930__5115  9.015e-05   0.0001056   0.0002081   1.236e-05  NOR2XL
g7800__7410                     3.99e-05   0.0001587   0.0002079   9.289e-06  NAND2XL
g7840__6131                    4.463e-05   0.0001531    0.000207   9.289e-06  NAND2XL
mul_78_39_g436__2802           0.0001076   7.192e-05   0.0002067   2.717e-05  AND2X1
mul_78_39_g459__8428           0.0001121   6.726e-05   0.0002065   2.717e-05  AND2X1
mul_78_39_g474__6161           0.0001064   7.288e-05   0.0002065   2.717e-05  AND2X1
mul_78_39_g437__1705           0.0001088   7.025e-05   0.0002063   2.717e-05  AND2X1
mul_78_39_g426__5477           0.0001056   7.326e-05    0.000206   2.717e-05  AND2X1
mul_78_39_g443__5115           0.0001153   6.328e-05   0.0002058   2.717e-05  AND2X1
rem_96_35_Y_div_84_31_g3866__7482   0.000139   5.435e-05   0.0002058   1.236e-05  NOR2XL
rem_96_35_Y_div_84_31_g3929__1881  9.013e-05   0.0001031   0.0002056   1.236e-05  NOR2XL
mul_78_39_g469__6131           0.0001064   7.192e-05   0.0002055   2.717e-05  AND2X1
mul_78_39_g465__1705           0.0001089   6.846e-05   0.0002045   2.717e-05  AND2X1
rem_96_35_Y_div_84_31_g3901__7482  0.0001067   6.275e-05   0.0002044   3.499e-05  NAND2BX1
g7836__1705                    9.226e-05   9.975e-05   0.0002044   1.236e-05  NOR2XL
mul_78_39_g472__7482            0.000106   7.123e-05   0.0002044   2.717e-05  AND2X1
mul_78_39_g461__6783             0.00012   5.721e-05   0.0002043   2.717e-05  AND2X1
g7839__7098                    8.957e-05   0.0001021    0.000204   1.236e-05  NOR2XL
rem_96_35_Y_div_84_31_g3784__8246  0.0001375   4.725e-05   0.0002029   1.815e-05  AOI21X1
mul_78_39_g473__4733           0.0001056   6.991e-05   0.0002027   2.717e-05  AND2X1
mul_78_39_g481__6417           0.0001191   5.617e-05   0.0002024   2.717e-05  AND2X1
mul_78_39_g460__5526           0.0001096   6.529e-05   0.0002021   2.717e-05  AND2X1
rem_96_35_Y_div_84_31_g3904__9315  0.0001104   7.907e-05   0.0002018   1.236e-05  NOR2XL
rem_96_35_Y_div_84_31_g3903__6161  0.0001101   7.892e-05   0.0002014   1.236e-05  NOR2XL
g7828__6260                    8.546e-05   0.0001035   0.0002013   1.236e-05  NOR2XL
mul_78_39_g478__2346           0.0001179    5.56e-05   0.0002007   2.717e-05  AND2X1
g7680__5526                    0.0001138   6.484e-05   0.0001999   2.127e-05  OAI2BB1X1
g7757__7482                    2.954e-05   0.0001353   0.0001999   3.499e-05  NAND2BX1
rem_96_35_Y_div_84_31_g3928__6131  8.588e-05   0.0001015   0.0001997   1.236e-05  NOR2XL
g7687__5122                    9.288e-05    8.63e-05   0.0001984    1.92e-05  OAI2BB1XL
g7832__6783                    8.605e-05   9.898e-05   0.0001974   1.236e-05  NOR2XL
mul_78_39_g441__6131           0.0001097   6.047e-05   0.0001973   2.717e-05  AND2X1
rem_96_35_Y_div_84_31_g3766__6417  0.0001451   3.404e-05   0.0001973   1.815e-05  AOI21X1
rem_96_35_Y_div_84_31_g3919__6783  9.088e-05   9.294e-05   0.0001962   1.236e-05  NOR2XL
mul_78_39_g463__1617           0.0001119   5.697e-05   0.0001961   2.717e-05  AND2X1
rem_96_35_Y_div_84_31_g3920__3680  8.661e-05   9.665e-05   0.0001956   1.236e-05  NOR2XL
mul_78_39_g442__1881            0.000111   5.704e-05   0.0001952   2.717e-05  AND2X1
g7761__9945                     0.000149   2.762e-05    0.000195   1.833e-05  AOI22X1
mul_78_39_g438__5122           0.0001093   5.809e-05   0.0001946   2.717e-05  AND2X1
mul_78_39_g467__8246           0.0001155   5.132e-05    0.000194   2.717e-05  AND2X1
g7833__3680                    8.684e-05   9.326e-05   0.0001925   1.236e-05  NOR2XL
g7681__6783                    9.372e-05   7.953e-05   0.0001924    1.92e-05  OAI2BB1XL
rem_96_35_Y_div_84_31_g3878__5477  0.0001286   5.047e-05   0.0001914   1.236e-05  NOR2XL
g7663__6161                    0.0001002   7.076e-05   0.0001902    1.92e-05  OAI2BB1XL
rem_96_35_Y_div_84_31_g3689__1881   9.71e-05   7.694e-05   0.0001891   1.511e-05  NAND3X1
g7636__5107                    0.0001062   6.341e-05   0.0001888    1.92e-05  OAI2BB1XL
rem_96_35_Y_div_84_31_g3869    0.0001151   6.009e-05   0.0001882   1.301e-05  INVX1
g7852                          9.713e-05   7.781e-05    0.000188   1.301e-05  INVX1
g7826__2398                    9.269e-05    8.29e-05   0.0001879   1.236e-05  NOR2XL
rem_96_35_Y_div_84_31_g3917__8428  9.215e-05   8.343e-05   0.0001879   1.236e-05  NOR2XL
mul_78_39_g440__7098           0.0001074   5.317e-05   0.0001877   2.717e-05  AND2X1
rem_96_35_Y_div_84_31_g3931__7482  8.501e-05   9.033e-05   0.0001877   1.236e-05  NOR2XL
rem_96_35_Y_div_84_31_g3915__6260   8.75e-05   8.731e-05   0.0001872   1.236e-05  NOR2XL
g7804                          6.933e-05   0.0001042   0.0001866   1.301e-05  CLKINVX1
rem_96_35_Y_div_84_31_g3847__6260  8.982e-05   6.853e-05   0.0001855   2.717e-05  AND2X1
g7712__3680                    0.0001391   2.766e-05   0.0001846   1.787e-05  OAI32X1
g7682__3680                    7.234e-05   9.195e-05   0.0001835    1.92e-05  OAI2BB1XL
FE_OFC25_rem_96_35_Y_div_84_31_n_153  7.891e-05   9.103e-05    0.000183   1.301e-05  INVX1
mul_78_39_g466__5122           0.0001203   3.534e-05   0.0001828   2.717e-05  AND2X1
g7773__5526                    6.378e-05   0.0001056   0.0001817   1.236e-05  NOR2XL
g7664__9315                    7.533e-05   8.544e-05     0.00018    1.92e-05  OAI2BB1XL
rem_96_35_Y_div_84_31_g3799__2346  8.423e-05   8.544e-05    0.000179   9.289e-06  NAND2XL
g7655__8246                    9.952e-05   5.962e-05   0.0001783    1.92e-05  OAI2BB1XL
g7774__6783                    3.081e-05   0.0001379    0.000178   9.289e-06  NAND2XL
rem_96_35_Y_div_84_31_g3673__5477  9.479e-05   7.388e-05    0.000178   9.289e-06  NAND2XL
rem_96_35_Y_div_84_31_g3783__5122  4.632e-05   0.0001176   0.0001779   1.403e-05  NAND2X1
rem_96_35_Y_div_84_31_g3765__7410  0.0001218   4.255e-05   0.0001767   1.236e-05  NOR2XL
g7830__8428                    8.635e-05    7.67e-05   0.0001754   1.236e-05  NOR2XL
rem_96_35_Y_div_84_31_g3906__2883  0.0001101   4.374e-05   0.0001751   2.127e-05  OAI2BB1X1
rem_96_35_Y_div_84_31_g3924__1705  8.493e-05   7.613e-05   0.0001734   1.236e-05  NOR2XL
g7778__1705                    7.679e-05   5.406e-05   0.0001734   4.256e-05  OR2X1
rem_96_35_Y_div_84_31_g3927__7098  3.968e-05   0.0001241    0.000173   9.289e-06  NAND2XL
rem_96_35_Y_div_84_31_g3776__3680  0.0001115   4.758e-05   0.0001722   1.314e-05  OAI221X1
rem_96_35_Y_div_84_31_g3914__5107  8.613e-05   7.313e-05   0.0001716   1.236e-05  NOR2XL
g7861                          6.612e-05   8.966e-05   0.0001688   1.301e-05  INVX1
rem_96_35_Y_div_84_31_g3804__2398   0.000116   3.994e-05   0.0001683   1.236e-05  NOR2XL
rem_96_35_Y_div_84_31_g3767__5477  0.0001176   3.685e-05   0.0001676   1.314e-05  OAI221X1
rem_96_35_Y_div_84_31_g3911__5477  7.724e-05    4.76e-05   0.0001674   4.256e-05  OR2X1
rem_96_35_Y_div_84_31_g3797    8.739e-05   7.009e-05   0.0001662   8.757e-06  INVXL
rem_96_35_Y_div_84_31_g3891    7.707e-05   7.526e-05   0.0001653   1.301e-05  INVX1
g7834__1617                    3.946e-05   0.0001159   0.0001646   9.289e-06  NAND2XL
g7677__4319                    9.953e-05   4.583e-05   0.0001646    1.92e-05  OAI2BB1XL
rem_96_35_Y_div_84_31_g3933__6161  8.578e-05   6.528e-05   0.0001634   1.236e-05  NOR2XL
g7751__8246                    3.471e-05   8.564e-05   0.0001629   4.256e-05  OR2X1
g7755__1881                    2.624e-05   0.0001006   0.0001618   3.499e-05  NAND2BX1
rem_96_35_Y_div_84_31_g3781__1705  0.0001095   3.997e-05   0.0001618   1.236e-05  NOR2XL
g7635__2398                    7.981e-05   6.257e-05   0.0001616    1.92e-05  OAI2BB1XL
g7782__8246                    8.461e-05   4.141e-05    0.000161   3.499e-05  NAND2BX1
g7851                          6.443e-05    8.35e-05   0.0001609   1.301e-05  INVX1
g7848                          6.559e-05   8.231e-05   0.0001609   1.301e-05  INVX1
rem_96_35_Y_div_84_31_g3905__9945   3.08e-05   0.0001204   0.0001605   9.289e-06  NAND2XL
g7702__7410                    0.0001161   2.613e-05   0.0001601   1.787e-05  OAI32X1
g7837__5122                    4.011e-05   0.0001088   0.0001582   9.289e-06  NAND2XL
rem_96_35_Y_div_84_31_g3846    5.169e-05   9.263e-05   0.0001573   1.301e-05  CLKINVX1
g7789__6161                    4.126e-05   0.0001051   0.0001557   9.289e-06  NAND2XL
rem_96_35_Y_div_84_31_g3814     6.17e-05   8.412e-05   0.0001546   8.757e-06  INVXL
rem_96_35_Y_div_84_31_g3819__8246  8.556e-05   5.836e-05   0.0001532   9.289e-06  NAND2XL
g7838__8246                    4.648e-05   9.624e-05    0.000152   9.289e-06  NAND2XL
rem_96_35_Y_div_84_31_g3922__2802  8.637e-05   5.222e-05   0.0001509   1.236e-05  NOR2XL
g7795__9945                    8.597e-05   5.171e-05     0.00015   1.236e-05  NOR2XL
g2                             0.0001102    2.53e-05   0.0001491   1.361e-05  NOR3XL
FE_OFC38_rem_96_35_Y_div_84_31_n_26  6.118e-05   7.442e-05   0.0001486   1.301e-05  INVX1
g7854                          6.566e-05   6.964e-05   0.0001483   1.301e-05  INVX1
rem_96_35_Y_div_84_31_g3761__2883  7.651e-05   6.236e-05   0.0001482   9.289e-06  NAND2XL
g7749__1705                    4.876e-05   7.922e-05    0.000148   2.004e-05  NOR2BX1
g7827__5107                    4.083e-05   9.697e-05   0.0001471   9.289e-06  NAND2XL
FE_OFC53_rem_96_35_Y_div_84_31_n_150  3.537e-05   9.653e-05   0.0001449   1.301e-05  CLKINVX1
rem_96_35_Y_div_84_31_g3773__5526  7.862e-05   5.267e-05   0.0001437   1.236e-05  NOR2XL
rem_96_35_Y_div_84_31_g3856    7.226e-05   6.163e-05   0.0001426   8.757e-06  INVXL
g7831__5526                    4.644e-05   8.642e-05   0.0001422   9.289e-06  NAND2XL
g7859                            6.1e-05   6.744e-05   0.0001415   1.301e-05  CLKINVX1
rem_96_35_Y_div_84_31_g3916__4319  4.048e-05   9.109e-05   0.0001409   9.289e-06  NAND2XL
rem_96_35_Y_div_84_31_g3886__8428  7.812e-05   2.098e-05   0.0001405   4.143e-05  NOR4X2
rem_96_35_Y_div_84_31_g3777__1617   7.21e-05   2.909e-05     0.00014   3.881e-05  AO22XL
FE_OFC54_rem_96_35_Y_div_84_31_n_150  3.537e-05   9.141e-05   0.0001398   1.301e-05  INVX1
g7824                          8.238e-05    4.36e-05    0.000139   1.301e-05  CLKINVX1
g7713__1617                     8.29e-05   4.172e-05   0.0001378   1.314e-05  OAI221X1
g7835__2802                    3.966e-05   8.752e-05   0.0001365   9.289e-06  NAND2XL
rem_96_35_Y_div_84_31_g3805__5107  5.925e-05   6.765e-05   0.0001362   9.289e-06  NAND2XL
g7759__6161                     6.08e-05   4.093e-05   0.0001359   3.419e-05  NAND3BX1
g7803                          7.922e-05   4.352e-05   0.0001357   1.301e-05  CLKINVX1
g7707__6260                    6.678e-05   5.649e-05   0.0001326   9.289e-06  NAND2XL
g7753__7098                    1.283e-05   0.0001097   0.0001318   9.289e-06  NAND2XL
rem_96_35_Y_div_84_31_g3892__2802  4.923e-05   7.298e-05   0.0001315   9.289e-06  NAND2XL
g7656__7098                    7.481e-05   3.719e-05   0.0001312    1.92e-05  OAI2BB1XL
g7754__6131                    2.642e-05   9.188e-05   0.0001307   1.236e-05  NOR2XL
g7711__6783                    8.337e-05   3.395e-05   0.0001305   1.314e-05  OAI221X1
rem_96_35_Y_div_84_31_g3782    4.383e-05   7.294e-05   0.0001298   1.301e-05  CLKINVX1
g7704__5477                    8.544e-05       3e-05   0.0001286   1.314e-05  OAI221X1
rem_96_35_Y_div_84_31_g3907__2346  5.081e-05    6.81e-05   0.0001282   9.289e-06  NAND2XL
rem_96_35_Y_div_84_31_g3733__6417  6.637e-05   5.218e-05   0.0001278   9.289e-06  NAND2XL
rem_96_35_Y_div_84_31_g3806__6260  4.772e-05   7.072e-05   0.0001277   9.289e-06  NAND2XL
rem_96_35_Y_div_84_31_g3932__4733  3.907e-05   7.896e-05   0.0001273   9.289e-06  NAND2XL
rem_96_35_Y_div_84_31_g3729__2883  6.734e-05   4.959e-05   0.0001262   9.289e-06  NAND2XL
rem_96_35_Y_div_84_31_g3732__7410  6.704e-05    4.79e-05   0.0001242   9.289e-06  NAND2XL
rem_96_35_Y_div_84_31_g3944__2883  3.636e-05   5.174e-05   0.0001231   3.499e-05  NAND2BX1
g2__1881                       6.359e-05   2.442e-05    0.000123   3.499e-05  NAND2BX1
rem_96_35_Y_div_84_31_g3778     6.24e-05   5.147e-05   0.0001226   8.757e-06  INVXL
g7708__4319                    8.381e-05   2.514e-05   0.0001221   1.314e-05  OAI221X1
rem_96_35_Y_div_84_31_g3789__1881   6.67e-05   3.649e-05   0.0001213   1.815e-05  AOI21X1
g7710__5526                    7.973e-05   2.865e-05   0.0001206   1.224e-05  OAI222XL
g7750__5122                    2.708e-05   8.029e-05   0.0001197   1.236e-05  NOR2XL
g7714__2802                    8.392e-05   2.231e-05   0.0001194   1.314e-05  OAI221X1
FE_OFC59_rem_96_35_Y_div_84_31_n_158  7.704e-05    2.79e-05    0.000118   1.301e-05  INVX1
rem_96_35_Y_div_84_31_g3849__8428  3.589e-05   4.654e-05   0.0001174   3.499e-05  NAND2BX1
g7706__5107                    6.485e-05   3.935e-05   0.0001173   1.314e-05  OAI221X1
mul_78_39_g451__1666           4.898e-05   5.731e-05   0.0001156   9.289e-06  NAND2XL
mul_78_39_g421__2883           4.295e-05   6.026e-05   0.0001156   1.236e-05  NOR2XL
mul_78_39_g455__2398           4.768e-05   5.816e-05   0.0001151   9.289e-06  NAND2XL
mul_78_39_g484__5107           4.661e-05   5.837e-05   0.0001143   9.289e-06  NAND2XL
mul_78_39_g423__1666           4.251e-05   5.844e-05   0.0001133   1.236e-05  NOR2XL
mul_78_39_g422__2346           4.307e-05   5.725e-05   0.0001127   1.236e-05  NOR2XL
mul_78_39_g420__9945           4.252e-05    5.77e-05   0.0001126   1.236e-05  NOR2XL
mul_78_39_g449__2883           4.136e-05   6.188e-05   0.0001125   9.289e-06  NAND2XL
g7772__8428                    3.017e-05   7.242e-05   0.0001119   9.289e-06  NAND2XL
rem_96_35_Y_div_84_31_g3837__7410  7.499e-05   1.692e-05   0.0001119   1.995e-05  AOI211X1
rem_96_35_Y_div_84_31_g3897    7.408e-05   2.893e-05   0.0001118   8.757e-06  INVXL
mul_78_39_g450__2346           4.771e-05   5.462e-05   0.0001116   9.289e-06  NAND2XL
mul_78_39_g488__5526           4.766e-05   5.454e-05   0.0001115   9.289e-06  NAND2XL
rem_96_35_Y_div_84_31_g3845__5107   4.98e-05   4.352e-05   0.0001115   1.816e-05  NOR2X1
mul_78_39_g418__6161           4.308e-05   5.562e-05   0.0001111   1.236e-05  NOR2XL
mul_78_39_g425__6417           4.252e-05   5.502e-05   0.0001099   1.236e-05  NOR2XL
mul_78_39_g457__6260           4.176e-05   5.821e-05   0.0001093   9.289e-06  NAND2XL
mul_78_39_g453__6417            4.33e-05   5.551e-05   0.0001081   9.289e-06  NAND2XL
mul_78_39_g456__5107            4.58e-05   5.289e-05    0.000108   9.289e-06  NAND2XL
mul_78_39_g448__9945           3.961e-05   5.819e-05   0.0001071   9.289e-06  NAND2XL
g7862__5115                    2.783e-05    4.42e-05    0.000107   3.499e-05  NAND2BX1
mul_78_39_g485__6260           4.557e-05   5.198e-05   0.0001068   9.289e-06  NAND2XL
mul_78_39_g487__8428           3.956e-05   5.783e-05   0.0001067   9.289e-06  NAND2XL
mul_78_39_g454__5477           4.188e-05   5.442e-05   0.0001056   9.289e-06  NAND2XL
mul_78_39_g489__6783           4.141e-05   5.449e-05   0.0001052   9.289e-06  NAND2XL
g7776__1617                    6.669e-05   2.558e-05   0.0001046   1.236e-05  NOR2XL
g7705__2398                    6.502e-05   2.636e-05   0.0001045   1.314e-05  OAI221X1
g7703__6417                    6.506e-05   2.619e-05   0.0001044   1.314e-05  OAI221X1
mul_78_39_g452__7410           4.002e-05     5.5e-05   0.0001043   9.289e-06  NAND2XL
rem_96_35_Y_div_84_31_g3864__1881  5.464e-05   4.019e-05   0.0001041   9.289e-06  NAND2XL
g7709__8428                     6.49e-05   2.596e-05    0.000104   1.314e-05  OAI221X1
g7715__1705                    6.783e-05   2.379e-05   0.0001039   1.224e-05  OAI222XL
rem_96_35_Y_div_84_31_g3926__8246  3.913e-05   5.536e-05   0.0001038   9.289e-06  NAND2XL
mul_78_39_g486__4319           3.996e-05    5.36e-05   0.0001029   9.289e-06  NAND2XL
g7701__1666                    6.499e-05   2.423e-05   0.0001024   1.314e-05  OAI221X1
mul_78_39_g419__9315           4.257e-05   4.676e-05   0.0001017   1.236e-05  NOR2XL
mul_78_39_g424__7410           4.288e-05   4.481e-05   0.0001001   1.236e-05  NOR2XL
g7748__2802                    2.639e-05   6.017e-05   9.892e-05   1.236e-05  NOR2XL
g7775__3680                    4.677e-05   4.275e-05   9.881e-05   9.289e-06  NAND2XL
g7790                          4.902e-05   4.096e-05   9.873e-05   8.757e-06  INVXL
rem_96_35_Y_div_84_31_g3832__9945  5.393e-05   3.005e-05   9.699e-05     1.3e-05  AOI222XL
rem_96_35_Y_div_84_31_g3843__2398  6.405e-05   1.034e-05   9.697e-05   2.258e-05  NOR4BX1
rem_96_35_Y_div_84_31_g3839__6417  4.177e-05   3.473e-05   9.654e-05   2.004e-05  NOR2BX1
rem_96_35_Y_div_84_31_g3925__5122  3.899e-05   4.636e-05   9.464e-05   9.289e-06  NAND2XL
rem_96_35_Y_div_84_31_g3818__5122  5.314e-05   2.556e-05    9.28e-05    1.41e-05  OAI211X1
g7653__1705                    3.467e-05   4.687e-05   9.087e-05   9.336e-06  OAI211XL
g7658__1881                    6.132e-05   1.087e-05    9.07e-05   1.851e-05  AOI32X1
rem_96_35_Y_div_84_31_g3852__6783  4.303e-05   3.791e-05   9.023e-05   9.289e-06  NAND2XL
g7697                          2.167e-05   5.533e-05   9.001e-05   1.301e-05  CLKINVX1
g7652__2802                    3.492e-05   4.521e-05   8.947e-05   9.336e-06  OAI211XL
g7744                           1.98e-05   5.654e-05   8.936e-05   1.301e-05  CLKINVX1
g7779                          4.914e-05   3.094e-05   8.884e-05   8.757e-06  INVXL
rem_96_35_Y_div_84_31_g3859__5122  5.764e-05   1.084e-05   8.842e-05   1.995e-05  AOI211X1
g7823                          4.149e-05   3.708e-05   8.733e-05   8.757e-06  INVXL
rem_96_35_Y_div_84_31_g3900__5115   3.25e-05   4.533e-05   8.712e-05   9.289e-06  NAND2XL
g7651__1617                     3.39e-05   4.272e-05   8.596e-05   9.336e-06  OAI211XL
g7650__3680                    3.425e-05   4.232e-05   8.591e-05   9.336e-06  OAI211XL
rem_96_35_Y_div_84_31_g3910__6417  3.271e-05   4.253e-05   8.454e-05   9.289e-06  NAND2XL
g7646__8428                    2.736e-05   4.506e-05   8.234e-05    9.93e-06  NAND3XL
rem_96_35_Y_div_84_31_g3834__2883  5.435e-05   1.273e-05   8.009e-05     1.3e-05  AOI222XL
rem_96_35_Y_div_84_31_g3848__4319  2.497e-05   3.411e-05   7.723e-05   1.815e-05  AOI21X1
g7659__5115                    1.183e-05   3.063e-05   7.665e-05   3.419e-05  NAND3BX1
rem_96_35_Y_div_84_31_g3842__5477  1.675e-05   3.118e-05    7.51e-05   2.717e-05  AND2X1
rem_96_35_Y_div_84_31_g3774__6783  3.058e-05   2.923e-05   7.492e-05   1.511e-05  NAND3X1
rem_96_35_Y_div_84_31_g3835__2346  2.878e-05    1.76e-05   7.355e-05   2.717e-05  AND2X1
g7700__2346                     2.58e-05   3.347e-05   7.337e-05    1.41e-05  OAI211X1
g7724__6161                    3.889e-05    1.21e-05   6.932e-05   1.833e-05  AOI22X1
g7648__6783                    4.016e-05   1.297e-05   6.723e-05    1.41e-05  OAI211X1
g7742                          3.049e-05   2.288e-05   6.639e-05   1.301e-05  INVX1
rem_96_35_Y_div_84_31_g3899__1881  2.007e-05   3.702e-05   6.637e-05   9.289e-06  NAND2XL
g7719__6131                    3.657e-05   1.092e-05   6.581e-05   1.833e-05  AOI22X1
rem_96_35_Y_div_84_31_g3855__2802  3.845e-05   1.269e-05   6.524e-05    1.41e-05  OAI211X1
g7723__4733                    3.654e-05   1.034e-05   6.521e-05   1.833e-05  AOI22X1
g7746                          2.747e-05   2.468e-05   6.517e-05   1.301e-05  INVX1
g7721__5115                    3.669e-05   1.001e-05   6.503e-05   1.833e-05  AOI22X1
g7716__5122                    3.677e-05   9.914e-06   6.502e-05   1.833e-05  AOI22X1
g7722__7482                    3.658e-05   1.004e-05   6.495e-05   1.833e-05  AOI22X1
g7725__9315                    2.533e-05   1.229e-05   6.466e-05   2.704e-05  MXI2XL
rem_96_35_Y_div_84_31_g3830__6161  2.825e-05   2.259e-05   6.383e-05   1.299e-05  OAI21X1
g7654__5122                    3.342e-05   2.009e-05   6.284e-05   9.336e-06  OAI211XL
rem_96_35_Y_div_84_31_g3844    2.485e-05   2.321e-05   6.107e-05   1.301e-05  CLKINVX1
g7647__5526                    3.069e-05   2.094e-05   6.097e-05   9.336e-06  OAI211XL
rem_96_35_Y_div_84_31_g3898__6131  3.559e-05   1.093e-05   6.063e-05    1.41e-05  OAI211X1
g7717__8246                    2.937e-05   8.729e-06   5.624e-05   1.815e-05  AOI21X1
rem_96_35_Y_div_84_31_g3831__9315  2.839e-05   2.865e-06    5.16e-05   2.034e-05  NOR3X1
g7735__6260                     2.81e-05   8.915e-06   4.938e-05   1.236e-05  NOR2XL
rem_96_35_Y_div_84_31_g3826__5115  2.259e-05    9.11e-06   4.405e-05   1.236e-05  NOR2XL
rem_96_35_Y_div_84_31_g3858    1.915e-05    9.65e-06   4.182e-05   1.301e-05  INVX1
rem_96_35_Y_div_84_31_g3812__6783  2.032e-05    7.99e-06   4.067e-05   1.236e-05  NOR2XL
g7718__7098                    8.881e-06   2.002e-05   3.936e-05   1.046e-05  NAND4XL
g7731__6417                    1.414e-05   1.178e-05   3.521e-05   9.289e-06  NAND2XL
g7737__8428                    1.469e-05   1.063e-05   3.461e-05   9.289e-06  NAND2XL
g7732__5477                    1.316e-05   1.165e-05    3.41e-05   9.289e-06  NAND2XL
g7734__5107                    1.519e-05   7.974e-06   3.245e-05   9.289e-06  NAND2XL
g7743                          1.333e-05    9.82e-06   3.191e-05   8.757e-06  INVXL
g7739__6783                    1.417e-05   7.934e-06   3.139e-05   9.289e-06  NAND2XL
rem_96_35_Y_div_84_31_g3893__1705  7.791e-06   1.066e-05   3.081e-05   1.236e-05  NOR2XL
g7733__2398                    1.002e-05   1.136e-05   3.067e-05   9.289e-06  NAND2XL
g7727__2883                    1.015e-05   1.022e-05   2.966e-05   9.289e-06  NAND2XL
g7729__1666                    1.008e-05   1.012e-05   2.949e-05   9.289e-06  NAND2XL
g7726__9945                    1.007e-05   9.998e-06   2.936e-05   9.289e-06  NAND2XL
g7730__7410                     1.33e-05   6.263e-06   2.886e-05   9.289e-06  NAND2XL
FE_OFC28_n_208                 9.251e-06   4.658e-06   2.692e-05   1.301e-05  INVX1
rem_96_35_Y_div_84_31_g3838    9.601e-06   7.427e-06   2.578e-05   8.757e-06  INVXL
g7736__4319                    1.044e-05   5.439e-06   2.517e-05   9.289e-06  NAND2XL
g7741__3680                    6.402e-06   5.915e-06   2.278e-05   1.046e-05  NAND4XL
rem_96_35_Y_div_84_31_g3829__4733  6.518e-06   6.751e-06   2.256e-05   9.289e-06  NAND2XL
g7865                          4.168e-06   2.851e-06   1.578e-05   8.757e-06  INVXL
g7738__5526                    3.018e-06   2.418e-06   1.473e-05   9.289e-06  NAND2XL
g7728__2346                    1.919e-06   1.452e-06   1.266e-05   9.289e-06  NAND2XL

---------------------------------------------------------------------------------------

Total (    658 of    658  )       0.2081      0.2518     0.4831     0.02319
Total Capacitance                2.272e-11 F
Power Density                   *** No Die Area ***
